#-----------------------------------------------------------
# Vivado v2014.4 (64-bit)
# SW Build 1071353 on Tue Nov 18 18:29:27 MST 2014
# IP Build 1070531 on Tue Nov 18 01:10:18 MST 2014
# Start of session at: Fri Dec 11 00:47:12 2015
# Process ID: 4660
# Log file: C:/Users/rz252/Desktop/tjp79/ece5775-final-master/audio_lab/audio3/vivado.log
# Journal file: C:/Users/rz252/Desktop/tjp79/ece5775-final-master/audio_lab/audio3\vivado.jou
#-----------------------------------------------------------
start_gui
open_project C:/Users/rz252/Desktop/tjp79/ece5775-final-master/audio_lab/audio3/audio.xpr
Scanning sources...
Finished scanning sources
INFO: [IP_Flow 19-234] Refreshing IP repositories
INFO: [IP_Flow 19-1700] Loaded user IP repository 'c:/Users/rz252/Desktop/tjp79/ece5775-final-master/audio_lab/ip_repo'.
INFO: [IP_Flow 19-1700] Loaded user IP repository 'c:/Users/rz252/Desktop/tjp79/ece5775-final-master/audio_lab/fir.prj/solution1/impl/ip'.
INFO: [IP_Flow 19-1700] Loaded user IP repository 'c:/Users/rz252/Desktop/tjp79/ece5775-final-master/combined/voicerec.prj/solution1/impl/ip'.
INFO: [IP_Flow 19-2313] Loaded Vivado IP repository 'C:/Xilinx/Vivado/2014.4/data/ip'.
open_project: Time (s): cpu = 00:01:01 ; elapsed = 00:00:37 . Memory (MB): peak = 735.680 ; gain = 188.156
launch_sdk -workspace C:/Users/rz252/Desktop/tjp79/ece5775-final-master/audio_lab/audio3/audio.sdk -hwspec C:/Users/rz252/Desktop/tjp79/ece5775-final-master/audio_lab/audio3/audio.sdk/system_wrapper.hdf
INFO: [Vivado 12-393] Launching SDK...
INFO: [Vivado 12-417] Running xsdk -workspace C:/Users/rz252/Desktop/tjp79/ece5775-final-master/audio_lab/audio3/audio.sdk -hwspec C:/Users/rz252/Desktop/tjp79/ece5775-final-master/audio_lab/audio3/audio.sdk/system_wrapper.hdf
INFO: [Vivado 12-3157] SDK launch initiated. Please check console for any further messages.
launch_sdk -workspace C:/Users/rz252/Desktop/tjp79/ece5775-final-master/audio_lab/audio3/audio.sdk -hwspec C:/Users/rz252/Desktop/tjp79/ece5775-final-master/audio_lab/audio3/audio.sdk/system_wrapper.hdf
INFO: [Vivado 12-393] Launching SDK...
INFO: [Vivado 12-417] Running xsdk -workspace C:/Users/rz252/Desktop/tjp79/ece5775-final-master/audio_lab/audio3/audio.sdk -hwspec C:/Users/rz252/Desktop/tjp79/ece5775-final-master/audio_lab/audio3/audio.sdk/system_wrapper.hdf
INFO: [Vivado 12-3157] SDK launch initiated. Please check console for any further messages.
file copy -force C:/Users/rz252/Desktop/tjp79/ece5775-final-master/audio_lab/audio3/audio.runs/impl_1/system_wrapper.sysdef C:/Users/rz252/Desktop/tjp79/ece5775-final-master/audio_lab/audio3/audio.sdk/system_wrapper.hdf

launch_sdk -workspace C:/Users/rz252/Desktop/tjp79/ece5775-final-master/audio_lab/audio3/audio.sdk -hwspec C:/Users/rz252/Desktop/tjp79/ece5775-final-master/audio_lab/audio3/audio.sdk/system_wrapper.hdf
INFO: [Vivado 12-393] Launching SDK...
INFO: [Vivado 12-417] Running xsdk -workspace C:/Users/rz252/Desktop/tjp79/ece5775-final-master/audio_lab/audio3/audio.sdk -hwspec C:/Users/rz252/Desktop/tjp79/ece5775-final-master/audio_lab/audio3/audio.sdk/system_wrapper.hdf
INFO: [Vivado 12-3157] SDK launch initiated. Please check console for any further messages.
file copy -force C:/Users/rz252/Desktop/tjp79/ece5775-final-master/audio_lab/audio3/audio.runs/impl_1/system_wrapper.sysdef C:/Users/rz252/Desktop/tjp79/ece5775-final-master/audio_lab/audio3/audio.sdk/system_wrapper.hdf

launch_sdk -workspace C:/Users/rz252/Desktop/tjp79/ece5775-final-master/audio_lab/audio3/audio.sdk -hwspec C:/Users/rz252/Desktop/tjp79/ece5775-final-master/audio_lab/audio3/audio.sdk/system_wrapper.hdf
INFO: [Vivado 12-393] Launching SDK...
INFO: [Vivado 12-417] Running xsdk -workspace C:/Users/rz252/Desktop/tjp79/ece5775-final-master/audio_lab/audio3/audio.sdk -hwspec C:/Users/rz252/Desktop/tjp79/ece5775-final-master/audio_lab/audio3/audio.sdk/system_wrapper.hdf
INFO: [Vivado 12-3157] SDK launch initiated. Please check console for any further messages.
open_bd_design {C:/Users/rz252/Desktop/tjp79/ece5775-final-master/audio_lab/audio3/audio.srcs/sources_1/bd/system/system.bd}
Adding component instance block -- xilinx.com:user:zed_audio_ctrl:1.0 - zed_audio_ctrl_0
Adding component instance block -- xilinx.com:hls:voicerec:1.0 - voicerec_0
Adding component instance block -- xilinx.com:ip:axi_gpio:2.0 - axi_gpio_0
Adding component instance block -- xilinx.com:ip:processing_system7:5.5 - processing_system7_0
Adding component instance block -- xilinx.com:ip:proc_sys_reset:5.0 - rst_processing_system7_0_100M
Adding component instance block -- xilinx.com:ip:axi_bram_ctrl:4.0 - axi_bram_ctrl_0
Adding component instance block -- xilinx.com:ip:blk_mem_gen:8.2 - axi_bram_ctrl_0_bram
Adding component instance block -- xilinx.com:ip:axi_crossbar:2.1 - xbar
Adding component instance block -- xilinx.com:ip:axi_dwidth_converter:2.1 - auto_ds
Adding component instance block -- xilinx.com:ip:axi_protocol_converter:2.1 - auto_pc
Adding component instance block -- xilinx.com:ip:axi_dwidth_converter:2.1 - auto_ds
Adding component instance block -- xilinx.com:ip:axi_protocol_converter:2.1 - auto_pc
Adding component instance block -- xilinx.com:ip:axi_dwidth_converter:2.1 - auto_ds
Adding component instance block -- xilinx.com:ip:axi_protocol_converter:2.1 - auto_pc
Adding component instance block -- xilinx.com:ip:axi_protocol_converter:2.1 - auto_pc
Adding component instance block -- xilinx.com:ip:axi_dwidth_converter:2.1 - auto_us
Excluding </voicerec_0/s_axi_voicerec_ctrl/Reg> from </voicerec_0/Data_m_axi_voicerec_inSound>
Excluding </zed_audio_ctrl_0/S_AXI/reg0> from </voicerec_0/Data_m_axi_voicerec_inSound>
Excluding </axi_gpio_0/S_AXI/Reg> from </voicerec_0/Data_m_axi_voicerec_inSound>
Successfully read diagram <system> from BD file <C:/Users/rz252/Desktop/tjp79/ece5775-final-master/audio_lab/audio3/audio.srcs/sources_1/bd/system/system.bd>
open_bd_design: Time (s): cpu = 00:00:27 ; elapsed = 00:00:24 . Memory (MB): peak = 838.480 ; gain = 92.258
add_files -fileset constrs_1 -norecurse {C:/Users/rz252/Desktop/tjp79/ece5775-final-master/audio_lab/zed_audio_constraints.xdc C:/Users/rz252/Desktop/tjp79/ece5775-final-master/combined/voicerec.prj/solution1/impl/ip/constraints/voicerec_ooc.xdc}
remove_files -fileset constrs_1 C:/Users/rz252/Desktop/tjp79/ece5775-final-master/audio_lab/zed_audio_constraints.xdc
set_property target_constrs_file C:/Users/rz252/Desktop/tjp79/ece5775-final-master/audio_lab/audio3/audio.srcs/constrs_1/imports/audio_lab/zed_audio_constraints.xdc [current_fileset -constrset]
set_property target_constrs_file C:/Users/rz252/Desktop/tjp79/ece5775-final-master/combined/voicerec.prj/solution1/impl/ip/constraints/voicerec_ooc.xdc [current_fileset -constrset]
set_property target_constrs_file C:/Users/rz252/Desktop/tjp79/ece5775-final-master/audio_lab/audio3/audio.srcs/constrs_1/imports/audio_lab/zed_audio_constraints.xdc [current_fileset -constrset]
undo
INFO: [Common 17-17] undo 'set_property target_constrs_file C:/Users/rz252/Desktop/tjp79/ece5775-final-master/audio_lab/audio3/audio.srcs/constrs_1/imports/audio_lab/zed_audio_constraints.xdc [current_fileset -constrset]'
CRITICAL WARNING: [filemgmt 20-598] Invalid file type ( UCF ) is associated with the XDC constraint fileset.
undo
INFO: [Common 17-17] undo 'set_property target_constrs_file C:/Users/rz252/Desktop/tjp79/ece5775-final-master/combined/voicerec.prj/solution1/impl/ip/constraints/voicerec_ooc.xdc [current_fileset -constrset]'
CRITICAL WARNING: [filemgmt 20-598] Invalid file type ( UCF ) is associated with the XDC constraint fileset.
undo
INFO: [Common 17-17] undo 'set_property target_constrs_file C:/Users/rz252/Desktop/tjp79/ece5775-final-master/audio_lab/audio3/audio.srcs/constrs_1/imports/audio_lab/zed_audio_constraints.xdc [current_fileset -constrset]'
INFO: [Vivado 12-4158] Exported Hardware file is out of date. Exported hardware information may be inconsistent with respect to the current state of the design. It is recommended that you re-export the design and launch SDK otherwise SDK is launched with out of date hardware system file.
launch_sdk -workspace C:/Users/rz252/Desktop/tjp79/ece5775-final-master/audio_lab/audio3/audio.sdk -hwspec C:/Users/rz252/Desktop/tjp79/ece5775-final-master/audio_lab/audio3/audio.sdk/system_wrapper.hdf
INFO: [Vivado 12-393] Launching SDK...
INFO: [Vivado 12-417] Running xsdk -workspace C:/Users/rz252/Desktop/tjp79/ece5775-final-master/audio_lab/audio3/audio.sdk -hwspec C:/Users/rz252/Desktop/tjp79/ece5775-final-master/audio_lab/audio3/audio.sdk/system_wrapper.hdf
INFO: [Vivado 12-3157] SDK launch initiated. Please check console for any further messages.
reset_run synth_1
launch_runs impl_1 -to_step write_bitstream
[Fri Dec 11 01:28:02 2015] Launched synth_1...
Run output will be captured here: C:/Users/rz252/Desktop/tjp79/ece5775-final-master/audio_lab/audio3/audio.runs/synth_1/runme.log
[Fri Dec 11 01:28:02 2015] Launched impl_1...
Run output will be captured here: C:/Users/rz252/Desktop/tjp79/ece5775-final-master/audio_lab/audio3/audio.runs/impl_1/runme.log
reset_run impl_1
open_bd_design {C:/Users/rz252/Desktop/tjp79/ece5775-final-master/audio_lab/audio3/audio.srcs/sources_1/bd/system/system.bd}
exit
INFO: [Common 17-206] Exiting Vivado at Fri Dec 11 06:19:19 2015...
