#-----------------------------------------------------------
# Vivado v2014.4 (64-bit)
# SW Build 1071353 on Tue Nov 18 18:29:27 MST 2014
# IP Build 1070531 on Tue Nov 18 01:10:18 MST 2014
# Start of session at: Fri Dec 11 16:43:58 2015
# Process ID: 2572
# Log file: C:/Users/rz252/Desktop/tjp79/ece5775-final-master/audio_lab/audio3/vivado.log
# Journal file: C:/Users/rz252/Desktop/tjp79/ece5775-final-master/audio_lab/audio3\vivado.jou
#-----------------------------------------------------------
start_gui
open_project C:/Users/rz252/Desktop/tjp79/ece5775-final-master/audio_lab/audio3/audio.xpr
Scanning sources...
Finished scanning sources
INFO: [IP_Flow 19-234] Refreshing IP repositories
INFO: [IP_Flow 19-1700] Loaded user IP repository 'c:/Users/rz252/Desktop/tjp79/ece5775-final-master/audio_lab/ip_repo'.
INFO: [IP_Flow 19-1700] Loaded user IP repository 'c:/Users/rz252/Desktop/tjp79/ece5775-final-master/audio_lab/fir.prj/solution1/impl/ip'.
INFO: [IP_Flow 19-1700] Loaded user IP repository 'c:/Users/rz252/Desktop/tjp79/ece5775-final-master/combined/voicerec.prj/solution1/impl/ip'.
INFO: [IP_Flow 19-2313] Loaded Vivado IP repository 'C:/Xilinx/Vivado/2014.4/data/ip'.
open_project: Time (s): cpu = 00:01:02 ; elapsed = 00:00:33 . Memory (MB): peak = 719.652 ; gain = 175.957
open_bd_design {C:/Users/rz252/Desktop/tjp79/ece5775-final-master/audio_lab/audio3/audio.srcs/sources_1/bd/system/system.bd}
Adding component instance block -- xilinx.com:user:zed_audio_ctrl:1.0 - zed_audio_ctrl_0
Adding component instance block -- xilinx.com:hls:voicerec:1.0 - voicerec_0
Adding component instance block -- xilinx.com:ip:axi_gpio:2.0 - axi_gpio_0
Adding component instance block -- xilinx.com:ip:processing_system7:5.5 - processing_system7_0
Adding component instance block -- xilinx.com:ip:proc_sys_reset:5.0 - rst_processing_system7_0_100M
Adding component instance block -- xilinx.com:ip:axi_bram_ctrl:4.0 - axi_bram_ctrl_0
Adding component instance block -- xilinx.com:ip:blk_mem_gen:8.2 - axi_bram_ctrl_0_bram
Adding component instance block -- xilinx.com:ip:axi_crossbar:2.1 - xbar
Adding component instance block -- xilinx.com:ip:axi_dwidth_converter:2.1 - auto_ds
Adding component instance block -- xilinx.com:ip:axi_protocol_converter:2.1 - auto_pc
Adding component instance block -- xilinx.com:ip:axi_dwidth_converter:2.1 - auto_ds
Adding component instance block -- xilinx.com:ip:axi_protocol_converter:2.1 - auto_pc
Adding component instance block -- xilinx.com:ip:axi_dwidth_converter:2.1 - auto_ds
Adding component instance block -- xilinx.com:ip:axi_protocol_converter:2.1 - auto_pc
Adding component instance block -- xilinx.com:ip:axi_protocol_converter:2.1 - auto_pc
Adding component instance block -- xilinx.com:ip:axi_dwidth_converter:2.1 - auto_us
Successfully read diagram <system> from BD file <C:/Users/rz252/Desktop/tjp79/ece5775-final-master/audio_lab/audio3/audio.srcs/sources_1/bd/system/system.bd>
open_bd_design: Time (s): cpu = 00:00:27 ; elapsed = 00:00:24 . Memory (MB): peak = 804.543 ; gain = 84.891
launch_sdk -workspace C:/Users/rz252/Desktop/tjp79/ece5775-final-master/audio_lab/audio3/audio.sdk -hwspec C:/Users/rz252/Desktop/tjp79/ece5775-final-master/audio_lab/audio3/audio.sdk/system_wrapper.hdf
INFO: [Vivado 12-393] Launching SDK...
INFO: [Vivado 12-417] Running xsdk -workspace C:/Users/rz252/Desktop/tjp79/ece5775-final-master/audio_lab/audio3/audio.sdk -hwspec C:/Users/rz252/Desktop/tjp79/ece5775-final-master/audio_lab/audio3/audio.sdk/system_wrapper.hdf
INFO: [Vivado 12-3157] SDK launch initiated. Please check console for any further messages.
set_property location {3 1199 660} [get_bd_cells axi_bram_ctrl_0_bram]
set_property location {3.5 1274 637} [get_bd_cells axi_bram_ctrl_0_bram]
set_property location {3.5 1338 638} [get_bd_cells axi_bram_ctrl_0_bram]
undo
INFO: [Common 17-17] undo 'set_property location {3.5 1338 638} [get_bd_cells axi_bram_ctrl_0_bram]'
undo
INFO: [Common 17-17] undo 'set_property location {3.5 1274 637} [get_bd_cells axi_bram_ctrl_0_bram]'
undo
INFO: [Common 17-17] undo 'set_property location {3 1199 660} [get_bd_cells axi_bram_ctrl_0_bram]'
exit
INFO: [Common 17-206] Exiting Vivado at Fri Dec 11 17:58:01 2015...
