#-----------------------------------------------------------
# Vivado v2014.4 (64-bit)
# SW Build 1071353 on Tue Nov 18 18:29:27 MST 2014
# IP Build 1070531 on Tue Nov 18 01:10:18 MST 2014
# Start of session at: Sun Dec 13 19:35:32 2015
# Process ID: 6056
# Log file: C:/Users/rz252/Desktop/tjp79/ece5775-final/audio_lab/audio4/vivado.log
# Journal file: C:/Users/rz252/Desktop/tjp79/ece5775-final/audio_lab/audio4\vivado.jou
#-----------------------------------------------------------
start_gui
open_project C:/Users/rz252/Desktop/tjp79/ece5775-final/audio_lab/audio4/audio.xpr
Scanning sources...
Finished scanning sources
INFO: [IP_Flow 19-234] Refreshing IP repositories
INFO: [IP_Flow 19-1700] Loaded user IP repository 'c:/Users/rz252/Desktop/tjp79/ece5775-final/audio_lab/ip_repo'.
INFO: [IP_Flow 19-1700] Loaded user IP repository 'c:/Users/rz252/Desktop/tjp79/ece5775-final/audio_lab/fir.prj/solution1/impl/ip'.
INFO: [IP_Flow 19-1700] Loaded user IP repository 'c:/Users/rz252/Desktop/tjp79/ece5775-final/combined/float/voicerec.prj/solution1/impl/ip'.
INFO: [IP_Flow 19-2313] Loaded Vivado IP repository 'C:/Xilinx/Vivado/2014.4/data/ip'.
open_project: Time (s): cpu = 00:00:59 ; elapsed = 00:00:36 . Memory (MB): peak = 703.746 ; gain = 162.203
launch_sdk -workspace C:/Users/rz252/Desktop/tjp79/ece5775-final/audio_lab/audio4/audio.sdk -hwspec C:/Users/rz252/Desktop/tjp79/ece5775-final/audio_lab/audio4/audio.sdk/system_wrapper.hdf
INFO: [Vivado 12-393] Launching SDK...
INFO: [Vivado 12-417] Running xsdk -workspace C:/Users/rz252/Desktop/tjp79/ece5775-final/audio_lab/audio4/audio.sdk -hwspec C:/Users/rz252/Desktop/tjp79/ece5775-final/audio_lab/audio4/audio.sdk/system_wrapper.hdf
INFO: [Vivado 12-3157] SDK launch initiated. Please check console for any further messages.
exit
INFO: [Common 17-206] Exiting Vivado at Sun Dec 13 20:06:21 2015...
