

================================================================
== Vivado HLS Report for 'voicerec_classifySound'
================================================================
* Date:           Sun Dec  6 17:20:15 2015

* Version:        2015.2 (Build 1266856 on Fri Jun 26 16:57:37 PM 2015)
* Project:        voicerec.prj
* Solution:       solution1
* Product family: zynq
* Target device:  xc7z020clg484-1


================================================================
== Performance Estimates
================================================================
+ Timing (ns): 
    * Summary: 
    +--------+-------+----------+------------+
    |  Clock | Target| Estimated| Uncertainty|
    +--------+-------+----------+------------+
    |ap_clk  |  10.00|      8.62|        1.25|
    +--------+-------+----------+------------+

+ Latency (clock cycles): 
    * Summary: 
    +--------+--------+--------+--------+---------+
    |     Latency     |     Interval    | Pipeline|
    |   min  |   max  |   min  |   max  |   Type  |
    +--------+--------+--------+--------+---------+
    |  251091|  251091|  251091|  251091|   none  |
    +--------+--------+--------+--------+---------+

    + Detail: 
        * Instance: 
        +---------------------------------+----------------------+--------+--------+--------+--------+---------+
        |                                 |                      |     Latency     |     Interval    | Pipeline|
        |             Instance            |        Module        |   min  |   max  |   min  |   max  |   Type  |
        +---------------------------------+----------------------+--------+--------+--------+--------+---------+
        |grp_voicerec_feedForward_fu_160  |voicerec_feedForward  |  247418|  247418|  247418|  247418|   none  |
        +---------------------------------+----------------------+--------+--------+--------+--------+---------+

        * Loop: 
        +-------------+------+------+----------+-----------+-----------+------+----------+
        |             |   Latency   | Iteration|  Initiation Interval  | Trip |          |
        |  Loop Name  |  min |  max |  Latency |  achieved |   target  | Count| Pipelined|
        +-------------+------+------+----------+-----------+-----------+------+----------+
        |- Loop 1     |  3654|  3654|        58|          -|          -|    63|    no    |
        | + Loop 1.1  |    56|    56|         4|          -|          -|    14|    no    |
        |- Loop 2     |    16|    16|         4|          -|          -|     4|    no    |
        +-------------+------+------+----------+-----------+-----------+------+----------+



================================================================
== Utilization Estimates
================================================================
* Summary: 
+-----------------+---------+-------+--------+-------+
|       Name      | BRAM_18K| DSP48E|   FF   |  LUT  |
+-----------------+---------+-------+--------+-------+
|Expression       |        -|      -|       0|    144|
|FIFO             |        -|      -|       -|      -|
|Instance         |       67|     34|    6715|   9917|
|Memory           |        2|      -|      64|      2|
|Multiplexer      |        -|      -|       -|     98|
|Register         |        -|      -|     298|      -|
+-----------------+---------+-------+--------+-------+
|Total            |       69|     34|    7077|  10161|
+-----------------+---------+-------+--------+-------+
|Available        |      280|    220|  106400|  53200|
+-----------------+---------+-------+--------+-------+
|Utilization (%)  |       24|     15|       6|     19|
+-----------------+---------+-------+--------+-------+

+ Detail: 
    * Instance: 
    +---------------------------------+-----------------------------+---------+-------+------+------+
    |             Instance            |            Module           | BRAM_18K| DSP48E|  FF  |  LUT |
    +---------------------------------+-----------------------------+---------+-------+------+------+
    |voicerec_fcmp_32ns_32ns_1_1_U47  |voicerec_fcmp_32ns_32ns_1_1  |        0|      0|    66|   239|
    |grp_voicerec_feedForward_fu_160  |voicerec_feedForward         |       67|     34|  6521|  9401|
    |voicerec_fptrunc_64ns_32_1_U46   |voicerec_fptrunc_64ns_32_1   |        0|      0|   128|   277|
    +---------------------------------+-----------------------------+---------+-------+------+------+
    |Total                            |                             |       67|     34|  6715|  9917|
    +---------------------------------+-----------------------------+---------+-------+------+------+

    * Memory: 
    +-------------+----------------------------------+---------+----+----+------+-----+------+-------------+
    |    Memory   |              Module              | BRAM_18K| FF | LUT| Words| Bits| Banks| W*Bits*Banks|
    +-------------+----------------------------------+---------+----+----+------+-----+------+-------------+
    |flatInput_U  |voicerec_classifySound_flatInput  |        2|   0|   0|   882|   32|     1|        28224|
    |output_r_U   |voicerec_classifySound_output_r   |        0|  64|   2|     4|   32|     1|          128|
    +-------------+----------------------------------+---------+----+----+------+-----+------+-------------+
    |Total        |                                  |        2|  64|   2|   886|   64|     2|        28352|
    +-------------+----------------------------------+---------+----+----+------+-----+------+-------------+

    * FIFO: 
    N/A

    * Expression: 
    +------------------------+----------+-------+---+----+------------+------------+
    |      Variable Name     | Operation| DSP48E| FF| LUT| Bitwidth P0| Bitwidth P1|
    +------------------------+----------+-------+---+----+------------+------------+
    |i_1_fu_189_p2           |     +    |      0|  0|   6|           6|           1|
    |j_1_fu_239_p2           |     +    |      0|  0|   4|           4|           1|
    |j_2_fu_286_p2           |     +    |      0|  0|   3|           3|           1|
    |result_addr2_fu_249_p2  |     +    |      0|  0|  12|          12|          12|
    |tmp_2_fu_263_p2         |     +    |      0|  0|  11|          11|          11|
    |tmp_8_fu_219_p2         |     -    |      0|  0|  11|          11|          11|
    |guess_1_fu_379_p3       |  Select  |      0|  0|  32|           1|          32|
    |max_1_fu_386_p3         |  Select  |      0|  0|  32|           1|          32|
    |tmp_11_fu_374_p2        |    and   |      0|  0|   1|           1|           1|
    |tmp_9_fu_368_p2         |    and   |      0|  0|   1|           1|           1|
    |exitcond1_fu_183_p2     |   icmp   |      0|  0|   3|           6|           2|
    |exitcond_fu_233_p2      |   icmp   |      0|  0|   2|           4|           3|
    |exitcond_i_fu_280_p2    |   icmp   |      0|  0|   2|           3|           4|
    |notlhs6_fu_350_p2       |   icmp   |      0|  0|   3|           8|           2|
    |notlhs_fu_332_p2        |   icmp   |      0|  0|   3|           8|           2|
    |notrhs7_fu_356_p2       |   icmp   |      0|  0|   8|          23|           1|
    |notrhs_fu_338_p2        |   icmp   |      0|  0|   8|          23|           1|
    |tmp_7_fu_344_p2         |    or    |      0|  0|   1|           1|           1|
    |tmp_s_fu_362_p2         |    or    |      0|  0|   1|           1|           1|
    +------------------------+----------+-------+---+----+------------+------------+
    |Total                   |          |      0|  0| 144|         128|         120|
    +------------------------+----------+-------+---+----+------------+------------+

    * Multiplexer: 
    +--------------------+----+-----------+-----+-----------+
    |        Name        | LUT| Input Size| Bits| Total Bits|
    +--------------------+----+-----------+-----+-----------+
    |ap_NS_fsm           |   6|         12|    1|         12|
    |ap_return           |  32|          2|   32|         64|
    |flatInput_address0  |  10|          3|   10|         30|
    |flatInput_ce0       |   1|          3|    1|          3|
    |guess_reg_125       |   3|          2|    3|          6|
    |i_reg_103           |   6|          2|    6|         12|
    |j_reg_114           |   4|          2|    4|          8|
    |max_i_reg_148       |  32|          2|   32|         64|
    |output_r_address0   |   2|          3|    2|          6|
    |output_r_ce0        |   1|          3|    1|          3|
    |output_r_we0        |   1|          2|    1|          2|
    +--------------------+----+-----------+-----+-----------+
    |Total               |  98|         36|   93|        210|
    +--------------------+----+-----------+-----+-----------+

    * Register: 
    +-------------------------------------------------------+----+----+-----+-----------+
    |                          Name                         | FF | LUT| Bits| Const Bits|
    +-------------------------------------------------------+----+----+-----+-----------+
    |ap_CS_fsm                                              |  11|   0|   11|          0|
    |ap_return_preg                                         |  32|   0|   32|          0|
    |grp_voicerec_feedForward_fu_160_ap_start_ap_start_reg  |   1|   0|    1|          0|
    |guess_cast1_reg_439                                    |   3|   0|   32|         29|
    |guess_i_reg_136                                        |  32|   0|   32|          0|
    |guess_reg_125                                          |   3|   0|    3|          0|
    |i_1_reg_396                                            |   6|   0|    6|          0|
    |i_reg_103                                              |   6|   0|    6|          0|
    |j_1_reg_414                                            |   4|   0|    4|          0|
    |j_2_reg_447                                            |   3|   0|    3|          0|
    |j_reg_114                                              |   4|   0|    4|          0|
    |max_i_reg_148                                          |  32|   0|   32|          0|
    |max_reg_457                                            |  32|   0|   32|          0|
    |result_addr1_cast_reg_406                              |  11|   0|   12|          1|
    |result_load_reg_429                                    |  64|   0|   64|          0|
    |tmp_10_reg_464                                         |   1|   0|    1|          0|
    |tmp_1_reg_434                                          |  32|   0|   32|          0|
    |tmp_2_reg_424                                          |  11|   0|   11|          0|
    |tmp_8_reg_401                                          |  10|   0|   11|          1|
    +-------------------------------------------------------+----+----+-----+-----------+
    |Total                                                  | 298|   0|  329|         31|
    +-------------------------------------------------------+----+----+-----+-----------+



================================================================
== Interface
================================================================
* Summary: 
+-----------------+-----+-----+------------+------------------------+--------------+
|    RTL Ports    | Dir | Bits|  Protocol  |      Source Object     |    C Type    |
+-----------------+-----+-----+------------+------------------------+--------------+
|ap_clk           |  in |    1| ap_ctrl_hs | voicerec_classifySound | return value |
|ap_rst           |  in |    1| ap_ctrl_hs | voicerec_classifySound | return value |
|ap_start         |  in |    1| ap_ctrl_hs | voicerec_classifySound | return value |
|ap_done          | out |    1| ap_ctrl_hs | voicerec_classifySound | return value |
|ap_idle          | out |    1| ap_ctrl_hs | voicerec_classifySound | return value |
|ap_ready         | out |    1| ap_ctrl_hs | voicerec_classifySound | return value |
|ap_return        | out |   32| ap_ctrl_hs | voicerec_classifySound | return value |
|result_address0  | out |   10|  ap_memory |         result         |     array    |
|result_ce0       | out |    1|  ap_memory |         result         |     array    |
|result_q0        |  in |   64|  ap_memory |         result         |     array    |
+-----------------+-----+-----+------------+------------------------+--------------+

============================================================
+ Verbose Summary: Synthesis Manager
============================================================
InlineROM: 1
ExposeGlobal: 0
============================================================
+ Verbose Summary: CDFG Model
============================================================
IsTopModel: 0
ResetActiveHigh: 1
IsCombinational: 2
IsDatapathOnly: 2
HasWiredReturn: 1
HasMFsm: 0
HasVarLatency: 1
IsPipeline: 0
IsRtlPipelined: 0
IsInstanceOverlapped: 0
IsDontTouch: 0
HasImplIP: 0
IsGatedGlobalClock: 0


============================================================
+ Verbose Summary: Schedule
============================================================
* Number of FSM states: 11
* Pipeline: 0
* Dataflow Pipeline: 0

* FSM state transitions: 
1 --> 
	2  / true
2 --> 
	7  / (exitcond1)
	3  / (!exitcond1)
3 --> 
	2  / (exitcond)
	4  / (!exitcond)
4 --> 
	5  / true
5 --> 
	6  / true
6 --> 
	3  / true
7 --> 
	8  / true
8 --> 
	9  / (!exitcond_i)
9 --> 
	10  / true
10 --> 
	11  / true
11 --> 
	8  / true
* FSM state operations: 

 <State 1>: 2.71ns
ST_1: flatInput [1/1] 2.71ns
:0  %flatInput = alloca [882 x float], align 16

ST_1: stg_13 [1/1] 1.57ns
:1  br label %.loopexit


 <State 2>: 1.94ns
ST_2: i [1/1] 0.00ns
.loopexit:0  %i = phi i6 [ 0, %0 ], [ %i_1, %.preheader ]

ST_2: exitcond1 [1/1] 1.94ns
.loopexit:1  %exitcond1 = icmp eq i6 %i, -1

ST_2: empty [1/1] 0.00ns
.loopexit:2  %empty = call i32 (...)* @_ssdm_op_SpecLoopTripCount(i64 63, i64 63, i64 63)

ST_2: i_1 [1/1] 1.72ns
.loopexit:3  %i_1 = add i6 %i, 1

ST_2: stg_18 [1/1] 0.00ns
.loopexit:4  br i1 %exitcond1, label %2, label %.preheader.preheader

ST_2: p_shl [1/1] 0.00ns
.preheader.preheader:0  %p_shl = call i10 @_ssdm_op_BitConcatenate.i10.i6.i4(i6 %i, i4 0)

ST_2: p_shl_cast [1/1] 0.00ns
.preheader.preheader:1  %p_shl_cast = zext i10 %p_shl to i11

ST_2: p_shl2 [1/1] 0.00ns
.preheader.preheader:2  %p_shl2 = call i7 @_ssdm_op_BitConcatenate.i7.i6.i1(i6 %i, i1 false)

ST_2: p_shl2_cast [1/1] 0.00ns
.preheader.preheader:3  %p_shl2_cast = zext i7 %p_shl2 to i11

ST_2: tmp_8 [1/1] 1.84ns
.preheader.preheader:4  %tmp_8 = sub i11 %p_shl_cast, %p_shl2_cast

ST_2: result_addr1_cast [1/1] 0.00ns
.preheader.preheader:5  %result_addr1_cast = sext i11 %tmp_8 to i12

ST_2: stg_25 [1/1] 1.57ns
.preheader.preheader:6  br label %.preheader

ST_2: stg_26 [2/2] 0.00ns
:0  call fastcc void @voicerec_feedForward([882 x float]* %flatInput)


 <State 3>: 4.55ns
ST_3: j [1/1] 0.00ns
.preheader:0  %j = phi i4 [ %j_1, %1 ], [ 0, %.preheader.preheader ]

ST_3: j_cast3 [1/1] 0.00ns
.preheader:1  %j_cast3 = zext i4 %j to i11

ST_3: exitcond [1/1] 1.88ns
.preheader:2  %exitcond = icmp eq i4 %j, -2

ST_3: empty_7 [1/1] 0.00ns
.preheader:3  %empty_7 = call i32 (...)* @_ssdm_op_SpecLoopTripCount(i64 14, i64 14, i64 14)

ST_3: j_1 [1/1] 0.80ns
.preheader:4  %j_1 = add i4 %j, 1

ST_3: stg_32 [1/1] 0.00ns
.preheader:5  br i1 %exitcond, label %.loopexit, label %1

ST_3: tmp_9_trn_cast [1/1] 0.00ns
:0  %tmp_9_trn_cast = zext i4 %j to i12

ST_3: result_addr2 [1/1] 1.84ns
:1  %result_addr2 = add i12 %tmp_9_trn_cast, %result_addr1_cast

ST_3: result_addr2_cast [1/1] 0.00ns
:2  %result_addr2_cast = sext i12 %result_addr2 to i32

ST_3: tmp_12 [1/1] 0.00ns
:3  %tmp_12 = zext i32 %result_addr2_cast to i64

ST_3: result_addr [1/1] 0.00ns
:4  %result_addr = getelementptr [882 x double]* @result, i64 0, i64 %tmp_12

ST_3: result_load [2/2] 2.71ns
:5  %result_load = load double* %result_addr, align 8

ST_3: tmp_2 [1/1] 1.84ns
:7  %tmp_2 = add i11 %tmp_8, %j_cast3


 <State 4>: 2.71ns
ST_4: result_load [1/2] 2.71ns
:5  %result_load = load double* %result_addr, align 8


 <State 5>: 6.50ns
ST_5: tmp_1 [1/1] 6.50ns
:6  %tmp_1 = fptrunc double %result_load to float


 <State 6>: 2.71ns
ST_6: tmp_2_cast [1/1] 0.00ns
:8  %tmp_2_cast = sext i11 %tmp_2 to i32

ST_6: tmp_3 [1/1] 0.00ns
:9  %tmp_3 = zext i32 %tmp_2_cast to i64

ST_6: flatInput_addr [1/1] 0.00ns
:10  %flatInput_addr = getelementptr inbounds [882 x float]* %flatInput, i64 0, i64 %tmp_3

ST_6: stg_45 [1/1] 2.71ns
:11  store float %tmp_1, float* %flatInput_addr, align 4

ST_6: stg_46 [1/1] 0.00ns
:12  br label %.preheader


 <State 7>: 1.57ns
ST_7: stg_47 [1/2] 0.00ns
:0  call fastcc void @voicerec_feedForward([882 x float]* %flatInput)

ST_7: stg_48 [1/1] 1.57ns
:1  br label %3


 <State 8>: 2.39ns
ST_8: guess [1/1] 0.00ns
:0  %guess = phi i3 [ 0, %2 ], [ %j_2, %._crit_edge.i ]

ST_8: guess_i [1/1] 0.00ns
:1  %guess_i = phi i32 [ undef, %2 ], [ %guess_1, %._crit_edge.i ]

ST_8: max_i [1/1] 0.00ns
:2  %max_i = phi float [ 0.000000e+00, %2 ], [ %max_1, %._crit_edge.i ]

ST_8: guess_cast1 [1/1] 0.00ns
:3  %guess_cast1 = zext i3 %guess to i32

ST_8: exitcond_i [1/1] 1.62ns
:4  %exitcond_i = icmp eq i3 %guess, -4

ST_8: empty_8 [1/1] 0.00ns
:5  %empty_8 = call i32 (...)* @_ssdm_op_SpecLoopTripCount(i64 4, i64 4, i64 4) nounwind

ST_8: j_2 [1/1] 0.80ns
:6  %j_2 = add i3 %guess, 1

ST_8: stg_56 [1/1] 0.00ns
:7  br i1 %exitcond_i, label %guessClassification.exit, label %._crit_edge.i

ST_8: tmp_i [1/1] 0.00ns
._crit_edge.i:0  %tmp_i = zext i3 %guess to i64

ST_8: output_addr [1/1] 0.00ns
._crit_edge.i:1  %output_addr = getelementptr inbounds [4 x float]* @output_r, i64 0, i64 %tmp_i

ST_8: max [2/2] 2.39ns
._crit_edge.i:2  %max = load float* %output_addr, align 4

ST_8: stg_60 [1/1] 0.00ns
guessClassification.exit:0  ret i32 %guess_i


 <State 9>: 2.39ns
ST_9: max [1/2] 2.39ns
._crit_edge.i:2  %max = load float* %output_addr, align 4


 <State 10>: 6.79ns
ST_10: tmp_10 [1/1] 6.79ns
._crit_edge.i:16  %tmp_10 = fcmp ogt float %max, %max_i


 <State 11>: 7.87ns
ST_11: max_to_int [1/1] 0.00ns
._crit_edge.i:3  %max_to_int = bitcast float %max to i32

ST_11: tmp [1/1] 0.00ns
._crit_edge.i:4  %tmp = call i8 @_ssdm_op_PartSelect.i8.i32.i32.i32(i32 %max_to_int, i32 23, i32 30)

ST_11: tmp_4 [1/1] 0.00ns
._crit_edge.i:5  %tmp_4 = trunc i32 %max_to_int to i23

ST_11: max_i_to_int [1/1] 0.00ns
._crit_edge.i:6  %max_i_to_int = bitcast float %max_i to i32

ST_11: tmp_5 [1/1] 0.00ns
._crit_edge.i:7  %tmp_5 = call i8 @_ssdm_op_PartSelect.i8.i32.i32.i32(i32 %max_i_to_int, i32 23, i32 30)

ST_11: tmp_6 [1/1] 0.00ns
._crit_edge.i:8  %tmp_6 = trunc i32 %max_i_to_int to i23

ST_11: notlhs [1/1] 2.00ns
._crit_edge.i:9  %notlhs = icmp ne i8 %tmp, -1

ST_11: notrhs [1/1] 2.39ns
._crit_edge.i:10  %notrhs = icmp eq i23 %tmp_4, 0

ST_11: tmp_7 [1/1] 1.37ns
._crit_edge.i:11  %tmp_7 = or i1 %notrhs, %notlhs

ST_11: notlhs6 [1/1] 2.00ns
._crit_edge.i:12  %notlhs6 = icmp ne i8 %tmp_5, -1

ST_11: notrhs7 [1/1] 2.39ns
._crit_edge.i:13  %notrhs7 = icmp eq i23 %tmp_6, 0

ST_11: tmp_s [1/1] 1.37ns
._crit_edge.i:14  %tmp_s = or i1 %notrhs7, %notlhs6

ST_11: tmp_9 [1/1] 1.37ns
._crit_edge.i:15  %tmp_9 = and i1 %tmp_7, %tmp_s

ST_11: tmp_11 [1/1] 1.37ns
._crit_edge.i:17  %tmp_11 = and i1 %tmp_9, %tmp_10

ST_11: guess_1 [1/1] 1.37ns
._crit_edge.i:18  %guess_1 = select i1 %tmp_11, i32 %guess_cast1, i32 %guess_i

ST_11: max_1 [1/1] 1.37ns
._crit_edge.i:19  %max_1 = select i1 %tmp_11, float %max, float %max_i

ST_11: stg_79 [1/1] 0.00ns
._crit_edge.i:20  br label %3



============================================================
+ Verbose Summary: Binding
============================================================
STG Binding: 
---------------- STG Properties BEGIN ----------------
- Is combinational: 0
- Is one-state seq: 0
- Is datapath-only: 0
- Is clock enabled: 0
- Is pipelined: 0
- Is top level: 0
Port [ Return ] is wired: 1; IO mode=ap_ctrl_hs:ce=0
Port [ result]:  wired=1; compound=1; hidden=0; nouse=0; global=1; static=0; extern=0; dir=0; type=1; mode=0x2fc7a520; pingpong=0; private_global=0; linkage=0; visibility=0; MemPort=[13]; IO mode=ap_memory:ce=0
Port [ input_r]:  wired=0; compound=1; hidden=1; nouse=1; global=1; static=0; extern=0; dir=2; type=1; mode=0x2fc7aaf0; pingpong=0; private_global=0; linkage=0; visibility=0; MemPort=[23]; IO mode=ap_memory:ce=0
Port [ hidden]:  wired=0; compound=1; hidden=1; nouse=1; global=1; static=0; extern=0; dir=2; type=1; mode=0x2fc7b0c0; pingpong=0; private_global=0; linkage=0; visibility=0; MemPort=[23]; IO mode=ap_memory:ce=0
Port [ weightIH]:  wired=0; compound=1; hidden=1; nouse=1; global=1; static=0; extern=0; dir=0; type=1; mode=0x2fc7b690; pingpong=0; private_global=0; linkage=0; visibility=0; MemPort=[1]; IO mode=ap_memory:ce=0
Port [ output_r]:  wired=0; compound=1; hidden=1; nouse=0; global=1; static=0; extern=0; dir=2; type=1; mode=0x2fc7bc60; pingpong=0; private_global=1; linkage=0; visibility=0; MemPort=[23]; IO mode=ap_memory:ce=0
Port [ weightHO]:  wired=0; compound=1; hidden=1; nouse=1; global=1; static=0; extern=0; dir=0; type=1; mode=0x2fc7c230; pingpong=0; private_global=0; linkage=0; visibility=0; MemPort=[1]; IO mode=ap_memory:ce=0
---------------- STG Properties END ------------------

---------------- Datapath Model BEGIN ----------------

<LifeTime>
<method=bitvector/>
flatInput         (alloca           ) [ 001111110000]
stg_13            (br               ) [ 011111100000]
i                 (phi              ) [ 001000000000]
exitcond1         (icmp             ) [ 001111100000]
empty             (speclooptripcount) [ 000000000000]
i_1               (add              ) [ 011111100000]
stg_18            (br               ) [ 000000000000]
p_shl             (bitconcatenate   ) [ 000000000000]
p_shl_cast        (zext             ) [ 000000000000]
p_shl2            (bitconcatenate   ) [ 000000000000]
p_shl2_cast       (zext             ) [ 000000000000]
tmp_8             (sub              ) [ 000111100000]
result_addr1_cast (sext             ) [ 000111100000]
stg_25            (br               ) [ 001111100000]
j                 (phi              ) [ 000100000000]
j_cast3           (zext             ) [ 000000000000]
exitcond          (icmp             ) [ 001111100000]
empty_7           (speclooptripcount) [ 000000000000]
j_1               (add              ) [ 001111100000]
stg_32            (br               ) [ 011111100000]
tmp_9_trn_cast    (zext             ) [ 000000000000]
result_addr2      (add              ) [ 000000000000]
result_addr2_cast (sext             ) [ 000000000000]
tmp_12            (zext             ) [ 000000000000]
result_addr       (getelementptr    ) [ 000010000000]
tmp_2             (add              ) [ 000011100000]
result_load       (load             ) [ 000001000000]
tmp_1             (fptrunc          ) [ 000000100000]
tmp_2_cast        (sext             ) [ 000000000000]
tmp_3             (zext             ) [ 000000000000]
flatInput_addr    (getelementptr    ) [ 000000000000]
stg_45            (store            ) [ 000000000000]
stg_46            (br               ) [ 001111100000]
stg_47            (call             ) [ 000000000000]
stg_48            (br               ) [ 000000011111]
guess             (phi              ) [ 000000001000]
guess_i           (phi              ) [ 000000001111]
max_i             (phi              ) [ 000000001111]
guess_cast1       (zext             ) [ 000000000111]
exitcond_i        (icmp             ) [ 000000001111]
empty_8           (speclooptripcount) [ 000000000000]
j_2               (add              ) [ 000000011111]
stg_56            (br               ) [ 000000000000]
tmp_i             (zext             ) [ 000000000000]
output_addr       (getelementptr    ) [ 000000000100]
stg_60            (ret              ) [ 000000000000]
max               (load             ) [ 000000000011]
tmp_10            (fcmp             ) [ 000000000001]
max_to_int        (bitcast          ) [ 000000000000]
tmp               (partselect       ) [ 000000000000]
tmp_4             (trunc            ) [ 000000000000]
max_i_to_int      (bitcast          ) [ 000000000000]
tmp_5             (partselect       ) [ 000000000000]
tmp_6             (trunc            ) [ 000000000000]
notlhs            (icmp             ) [ 000000000000]
notrhs            (icmp             ) [ 000000000000]
tmp_7             (or               ) [ 000000000000]
notlhs6           (icmp             ) [ 000000000000]
notrhs7           (icmp             ) [ 000000000000]
tmp_s             (or               ) [ 000000000000]
tmp_9             (and              ) [ 000000000000]
tmp_11            (and              ) [ 000000000000]
guess_1           (select           ) [ 000000011111]
max_1             (select           ) [ 000000011111]
stg_79            (br               ) [ 000000011111]
</LifeTime>

<model>

<comp_list>
<comp id="0" class="1000" name="result">
<pin_list>
<pin id="1" dir="1" index="0" bw="1" slack="0"/>
</pin_list>
<bind>
<StgValue><ssdm name="result"/><MemPortTyVec>1 3 </MemPortTyVec>
</StgValue>
</bind>
</comp>

<comp id="2" class="1000" name="input_r">
<pin_list>
<pin id="3" dir="1" index="0" bw="1" slack="0"/>
</pin_list>
<bind>
<StgValue><ssdm name="input_r"/><MemPortTyVec>2 3 </MemPortTyVec>
</StgValue>
</bind>
</comp>

<comp id="4" class="1000" name="hidden">
<pin_list>
<pin id="5" dir="1" index="0" bw="1" slack="0"/>
</pin_list>
<bind>
<StgValue><ssdm name="hidden"/><MemPortTyVec>2 3 </MemPortTyVec>
</StgValue>
</bind>
</comp>

<comp id="6" class="1000" name="weightIH">
<pin_list>
<pin id="7" dir="1" index="0" bw="1" slack="0"/>
</pin_list>
<bind>
<StgValue><ssdm name="weightIH"/><MemPortTyVec>1 </MemPortTyVec>
</StgValue>
</bind>
</comp>

<comp id="8" class="1000" name="output_r">
<pin_list>
<pin id="9" dir="1" index="0" bw="1" slack="0"/>
</pin_list>
<bind>
<StgValue><ssdm name="output_r"/><MemPortTyVec>2 3 </MemPortTyVec>
</StgValue>
</bind>
</comp>

<comp id="10" class="1000" name="weightHO">
<pin_list>
<pin id="11" dir="1" index="0" bw="1" slack="0"/>
</pin_list>
<bind>
<StgValue><ssdm name="weightHO"/><MemPortTyVec>1 </MemPortTyVec>
</StgValue>
</bind>
</comp>

<comp id="12" class="1001" name="const_12">
<pin_list>
<pin id="13" dir="1" index="0" bw="1" slack="0"/>
</pin_list>
<bind>
<StgValue><ssdm name=""/></StgValue>
</bind>
</comp>

<comp id="14" class="1001" name="const_14">
<pin_list>
<pin id="15" dir="1" index="0" bw="1" slack="1"/>
</pin_list>
<bind>
<StgValue><ssdm name=""/></StgValue>
</bind>
</comp>

<comp id="16" class="1001" name="const_16">
<pin_list>
<pin id="17" dir="1" index="0" bw="1" slack="0"/>
</pin_list>
<bind>
<StgValue><ssdm name=""/></StgValue>
</bind>
</comp>

<comp id="18" class="1001" name="const_18">
<pin_list>
<pin id="19" dir="1" index="0" bw="1" slack="2147483647"/>
</pin_list>
<bind>
<StgValue><ssdm name="_ssdm_op_SpecLoopTripCount"/></StgValue>
</bind>
</comp>

<comp id="20" class="1001" name="const_20">
<pin_list>
<pin id="21" dir="1" index="0" bw="1" slack="2147483647"/>
</pin_list>
<bind>
<StgValue><ssdm name=""/></StgValue>
</bind>
</comp>

<comp id="22" class="1001" name="const_22">
<pin_list>
<pin id="23" dir="1" index="0" bw="1" slack="0"/>
</pin_list>
<bind>
<StgValue><ssdm name=""/></StgValue>
</bind>
</comp>

<comp id="24" class="1001" name="const_24">
<pin_list>
<pin id="25" dir="1" index="0" bw="1" slack="0"/>
</pin_list>
<bind>
<StgValue><ssdm name="_ssdm_op_BitConcatenate.i10.i6.i4"/></StgValue>
</bind>
</comp>

<comp id="26" class="1001" name="const_26">
<pin_list>
<pin id="27" dir="1" index="0" bw="1" slack="0"/>
</pin_list>
<bind>
<StgValue><ssdm name=""/></StgValue>
</bind>
</comp>

<comp id="28" class="1001" name="const_28">
<pin_list>
<pin id="29" dir="1" index="0" bw="1" slack="0"/>
</pin_list>
<bind>
<StgValue><ssdm name="_ssdm_op_BitConcatenate.i7.i6.i1"/></StgValue>
</bind>
</comp>

<comp id="30" class="1001" name="const_30">
<pin_list>
<pin id="31" dir="1" index="0" bw="1" slack="0"/>
</pin_list>
<bind>
<StgValue><ssdm name=""/></StgValue>
</bind>
</comp>

<comp id="32" class="1001" name="const_32">
<pin_list>
<pin id="33" dir="1" index="0" bw="1" slack="0"/>
</pin_list>
<bind>
<StgValue><ssdm name="voicerec_feedForward"/></StgValue>
</bind>
</comp>

<comp id="34" class="1001" name="const_34">
<pin_list>
<pin id="35" dir="1" index="0" bw="1" slack="0"/>
</pin_list>
<bind>
<StgValue><ssdm name=""/></StgValue>
</bind>
</comp>

<comp id="36" class="1001" name="const_36">
<pin_list>
<pin id="37" dir="1" index="0" bw="1" slack="2147483647"/>
</pin_list>
<bind>
<StgValue><ssdm name=""/></StgValue>
</bind>
</comp>

<comp id="38" class="1001" name="const_38">
<pin_list>
<pin id="39" dir="1" index="0" bw="1" slack="0"/>
</pin_list>
<bind>
<StgValue><ssdm name=""/></StgValue>
</bind>
</comp>

<comp id="40" class="1001" name="const_40">
<pin_list>
<pin id="41" dir="1" index="0" bw="1" slack="0"/>
</pin_list>
<bind>
<StgValue><ssdm name=""/></StgValue>
</bind>
</comp>

<comp id="42" class="1001" name="const_42">
<pin_list>
<pin id="43" dir="1" index="0" bw="1" slack="1"/>
</pin_list>
<bind>
<StgValue><ssdm name=""/></StgValue>
</bind>
</comp>

<comp id="44" class="1001" name="const_44">
<pin_list>
<pin id="45" dir="1" index="0" bw="1" slack="1"/>
</pin_list>
<bind>
<StgValue><ssdm name=""/></StgValue>
</bind>
</comp>

<comp id="46" class="1001" name="const_46">
<pin_list>
<pin id="47" dir="1" index="0" bw="1" slack="1"/>
</pin_list>
<bind>
<StgValue><ssdm name=""/></StgValue>
</bind>
</comp>

<comp id="48" class="1001" name="const_48">
<pin_list>
<pin id="49" dir="1" index="0" bw="1" slack="0"/>
</pin_list>
<bind>
<StgValue><ssdm name=""/></StgValue>
</bind>
</comp>

<comp id="50" class="1001" name="const_50">
<pin_list>
<pin id="51" dir="1" index="0" bw="1" slack="2147483647"/>
</pin_list>
<bind>
<StgValue><ssdm name=""/></StgValue>
</bind>
</comp>

<comp id="52" class="1001" name="const_52">
<pin_list>
<pin id="53" dir="1" index="0" bw="1" slack="0"/>
</pin_list>
<bind>
<StgValue><ssdm name=""/></StgValue>
</bind>
</comp>

<comp id="54" class="1001" name="const_54">
<pin_list>
<pin id="55" dir="1" index="0" bw="1" slack="0"/>
</pin_list>
<bind>
<StgValue><ssdm name="_ssdm_op_PartSelect.i8.i32.i32.i32"/></StgValue>
</bind>
</comp>

<comp id="56" class="1001" name="const_56">
<pin_list>
<pin id="57" dir="1" index="0" bw="1" slack="0"/>
</pin_list>
<bind>
<StgValue><ssdm name=""/></StgValue>
</bind>
</comp>

<comp id="58" class="1001" name="const_58">
<pin_list>
<pin id="59" dir="1" index="0" bw="1" slack="0"/>
</pin_list>
<bind>
<StgValue><ssdm name=""/></StgValue>
</bind>
</comp>

<comp id="60" class="1001" name="const_60">
<pin_list>
<pin id="61" dir="1" index="0" bw="1" slack="0"/>
</pin_list>
<bind>
<StgValue><ssdm name=""/></StgValue>
</bind>
</comp>

<comp id="62" class="1001" name="const_62">
<pin_list>
<pin id="63" dir="1" index="0" bw="1" slack="0"/>
</pin_list>
<bind>
<StgValue><ssdm name=""/></StgValue>
</bind>
</comp>

<comp id="64" class="1004" name="flatInput_alloca_fu_64">
<pin_list>
<pin id="65" dir="0" index="0" bw="1" slack="0"/>
<pin id="66" dir="1" index="1" bw="32" slack="2147483647"/>
</pin_list>
<bind>
<opcode="alloca(26) " fcode="alloca"/>
<opset="flatInput/1 "/>
</bind>
</comp>

<comp id="68" class="1004" name="result_addr_gep_fu_68">
<pin_list>
<pin id="69" dir="0" index="0" bw="64" slack="0"/>
<pin id="70" dir="0" index="1" bw="1" slack="0"/>
<pin id="71" dir="0" index="2" bw="32" slack="0"/>
<pin id="72" dir="1" index="3" bw="10" slack="0"/>
</pin_list>
<bind>
<opcode="getelementptr(29) " fcode="getelementptr"/>
<opset="result_addr/3 "/>
</bind>
</comp>

<comp id="75" class="1004" name="grp_access_fu_75">
<pin_list>
<pin id="76" dir="0" index="0" bw="10" slack="0"/>
<pin id="77" dir="0" index="1" bw="64" slack="2147483647"/>
<pin id="78" dir="1" index="2" bw="64" slack="1"/>
</pin_list>
<bind>
<opcode="load(27) " fcode="load"/>
<opset="result_load/3 "/>
</bind>
</comp>

<comp id="80" class="1004" name="flatInput_addr_gep_fu_80">
<pin_list>
<pin id="81" dir="0" index="0" bw="32" slack="2147483647"/>
<pin id="82" dir="0" index="1" bw="1" slack="0"/>
<pin id="83" dir="0" index="2" bw="32" slack="0"/>
<pin id="84" dir="1" index="3" bw="10" slack="0"/>
</pin_list>
<bind>
<opcode="getelementptr(29) " fcode="getelementptr"/>
<opset="flatInput_addr/6 "/>
</bind>
</comp>

<comp id="86" class="1004" name="stg_45_access_fu_86">
<pin_list>
<pin id="87" dir="0" index="0" bw="10" slack="0"/>
<pin id="88" dir="0" index="1" bw="32" slack="1"/>
<pin id="89" dir="1" index="2" bw="32" slack="2147483647"/>
</pin_list>
<bind>
<opcode="store(28) " fcode="store"/>
<opset="stg_45/6 "/>
</bind>
</comp>

<comp id="91" class="1004" name="output_addr_gep_fu_91">
<pin_list>
<pin id="92" dir="0" index="0" bw="32" slack="0"/>
<pin id="93" dir="0" index="1" bw="1" slack="0"/>
<pin id="94" dir="0" index="2" bw="3" slack="0"/>
<pin id="95" dir="1" index="3" bw="2" slack="0"/>
</pin_list>
<bind>
<opcode="getelementptr(29) " fcode="getelementptr"/>
<opset="output_addr/8 "/>
</bind>
</comp>

<comp id="98" class="1004" name="grp_access_fu_98">
<pin_list>
<pin id="99" dir="0" index="0" bw="2" slack="0"/>
<pin id="100" dir="0" index="1" bw="32" slack="2147483647"/>
<pin id="101" dir="1" index="2" bw="32" slack="1"/>
</pin_list>
<bind>
<opcode="load(27) " fcode="load"/>
<opset="max/8 "/>
</bind>
</comp>

<comp id="103" class="1005" name="i_reg_103">
<pin_list>
<pin id="104" dir="0" index="0" bw="6" slack="1"/>
<pin id="105" dir="1" index="1" bw="6" slack="1"/>
</pin_list>
<bind>
<opset="i (phireg) "/>
</bind>
</comp>

<comp id="107" class="1004" name="i_phi_fu_107">
<pin_list>
<pin id="108" dir="0" index="0" bw="1" slack="1"/>
<pin id="109" dir="0" index="1" bw="0" slack="2147483647"/>
<pin id="110" dir="0" index="2" bw="6" slack="0"/>
<pin id="111" dir="0" index="3" bw="0" slack="2147483647"/>
<pin id="112" dir="1" index="4" bw="6" slack="0"/>
</pin_list>
<bind>
<opcode="phi(47) " fcode="phi"/>
<opset="i/2 "/>
</bind>
</comp>

<comp id="114" class="1005" name="j_reg_114">
<pin_list>
<pin id="115" dir="0" index="0" bw="4" slack="1"/>
<pin id="116" dir="1" index="1" bw="4" slack="1"/>
</pin_list>
<bind>
<opset="j (phireg) "/>
</bind>
</comp>

<comp id="118" class="1004" name="j_phi_fu_118">
<pin_list>
<pin id="119" dir="0" index="0" bw="4" slack="0"/>
<pin id="120" dir="0" index="1" bw="0" slack="2147483647"/>
<pin id="121" dir="0" index="2" bw="1" slack="1"/>
<pin id="122" dir="0" index="3" bw="0" slack="2147483647"/>
<pin id="123" dir="1" index="4" bw="4" slack="0"/>
</pin_list>
<bind>
<opcode="phi(47) " fcode="phi"/>
<opset="j/3 "/>
</bind>
</comp>

<comp id="125" class="1005" name="guess_reg_125">
<pin_list>
<pin id="126" dir="0" index="0" bw="3" slack="1"/>
<pin id="127" dir="1" index="1" bw="3" slack="1"/>
</pin_list>
<bind>
<opset="guess (phireg) "/>
</bind>
</comp>

<comp id="129" class="1004" name="guess_phi_fu_129">
<pin_list>
<pin id="130" dir="0" index="0" bw="1" slack="1"/>
<pin id="131" dir="0" index="1" bw="0" slack="2147483647"/>
<pin id="132" dir="0" index="2" bw="3" slack="0"/>
<pin id="133" dir="0" index="3" bw="0" slack="2147483647"/>
<pin id="134" dir="1" index="4" bw="3" slack="0"/>
</pin_list>
<bind>
<opcode="phi(47) " fcode="phi"/>
<opset="guess/8 "/>
</bind>
</comp>

<comp id="136" class="1005" name="guess_i_reg_136">
<pin_list>
<pin id="137" dir="0" index="0" bw="32" slack="1"/>
<pin id="138" dir="1" index="1" bw="32" slack="1"/>
</pin_list>
<bind>
<opset="guess_i (phireg) "/>
</bind>
</comp>

<comp id="140" class="1004" name="guess_i_phi_fu_140">
<pin_list>
<pin id="141" dir="0" index="0" bw="1" slack="1"/>
<pin id="142" dir="0" index="1" bw="0" slack="2147483647"/>
<pin id="143" dir="0" index="2" bw="32" slack="1"/>
<pin id="144" dir="0" index="3" bw="0" slack="2147483647"/>
<pin id="145" dir="1" index="4" bw="32" slack="3"/>
</pin_list>
<bind>
<opcode="phi(47) " fcode="phi"/>
<opset="guess_i/8 "/>
</bind>
</comp>

<comp id="148" class="1005" name="max_i_reg_148">
<pin_list>
<pin id="149" dir="0" index="0" bw="32" slack="1"/>
<pin id="150" dir="1" index="1" bw="32" slack="1"/>
</pin_list>
<bind>
<opset="max_i (phireg) "/>
</bind>
</comp>

<comp id="152" class="1004" name="max_i_phi_fu_152">
<pin_list>
<pin id="153" dir="0" index="0" bw="32" slack="1"/>
<pin id="154" dir="0" index="1" bw="0" slack="2147483647"/>
<pin id="155" dir="0" index="2" bw="32" slack="1"/>
<pin id="156" dir="0" index="3" bw="0" slack="2147483647"/>
<pin id="157" dir="1" index="4" bw="32" slack="2"/>
</pin_list>
<bind>
<opcode="phi(47) " fcode="phi"/>
<opset="max_i/8 "/>
</bind>
</comp>

<comp id="160" class="1004" name="grp_voicerec_feedForward_fu_160">
<pin_list>
<pin id="161" dir="0" index="0" bw="0" slack="0"/>
<pin id="162" dir="0" index="1" bw="32" slack="2147483647"/>
<pin id="163" dir="0" index="2" bw="32" slack="0"/>
<pin id="164" dir="0" index="3" bw="32" slack="0"/>
<pin id="165" dir="0" index="4" bw="32" slack="0"/>
<pin id="166" dir="0" index="5" bw="32" slack="0"/>
<pin id="167" dir="0" index="6" bw="32" slack="0"/>
<pin id="168" dir="1" index="7" bw="0" slack="2147483647"/>
</pin_list>
<bind>
<opcode="call(48) " fcode="call"/>
<opset="stg_26/2 "/>
</bind>
</comp>

<comp id="175" class="1004" name="tmp_1_fu_175">
<pin_list>
<pin id="176" dir="0" index="0" bw="64" slack="1"/>
<pin id="177" dir="1" index="1" bw="32" slack="1"/>
</pin_list>
<bind>
<opcode="fptrunc(40) " fcode="fptrunc"/>
<opset="tmp_1/5 "/>
</bind>
</comp>

<comp id="178" class="1004" name="tmp_10_fu_178">
<pin_list>
<pin id="179" dir="0" index="0" bw="32" slack="1"/>
<pin id="180" dir="0" index="1" bw="32" slack="2"/>
<pin id="181" dir="1" index="2" bw="1" slack="1"/>
</pin_list>
<bind>
<opcode="fcmp(46) " fcode="fcmp"/>
<opset="tmp_10/10 "/>
</bind>
</comp>

<comp id="183" class="1004" name="exitcond1_fu_183">
<pin_list>
<pin id="184" dir="0" index="0" bw="6" slack="0"/>
<pin id="185" dir="0" index="1" bw="6" slack="0"/>
<pin id="186" dir="1" index="2" bw="1" slack="2147483647"/>
</pin_list>
<bind>
<opcode="icmp(45) " fcode="icmp"/>
<opset="exitcond1/2 "/>
</bind>
</comp>

<comp id="189" class="1004" name="i_1_fu_189">
<pin_list>
<pin id="190" dir="0" index="0" bw="6" slack="0"/>
<pin id="191" dir="0" index="1" bw="1" slack="0"/>
<pin id="192" dir="1" index="2" bw="6" slack="0"/>
</pin_list>
<bind>
<opcode="add(8) " fcode="add"/>
<opset="i_1/2 "/>
</bind>
</comp>

<comp id="195" class="1004" name="p_shl_fu_195">
<pin_list>
<pin id="196" dir="0" index="0" bw="10" slack="0"/>
<pin id="197" dir="0" index="1" bw="6" slack="0"/>
<pin id="198" dir="0" index="2" bw="1" slack="0"/>
<pin id="199" dir="1" index="3" bw="10" slack="0"/>
</pin_list>
<bind>
<opcode="bitconcatenate(1004) " fcode="bitconcatenate"/>
<opset="p_shl/2 "/>
</bind>
</comp>

<comp id="203" class="1004" name="p_shl_cast_fu_203">
<pin_list>
<pin id="204" dir="0" index="0" bw="10" slack="0"/>
<pin id="205" dir="1" index="1" bw="11" slack="0"/>
</pin_list>
<bind>
<opcode="zext(34) " fcode="zext"/>
<opset="p_shl_cast/2 "/>
</bind>
</comp>

<comp id="207" class="1004" name="p_shl2_fu_207">
<pin_list>
<pin id="208" dir="0" index="0" bw="7" slack="0"/>
<pin id="209" dir="0" index="1" bw="6" slack="0"/>
<pin id="210" dir="0" index="2" bw="1" slack="0"/>
<pin id="211" dir="1" index="3" bw="7" slack="0"/>
</pin_list>
<bind>
<opcode="bitconcatenate(1004) " fcode="bitconcatenate"/>
<opset="p_shl2/2 "/>
</bind>
</comp>

<comp id="215" class="1004" name="p_shl2_cast_fu_215">
<pin_list>
<pin id="216" dir="0" index="0" bw="7" slack="0"/>
<pin id="217" dir="1" index="1" bw="11" slack="0"/>
</pin_list>
<bind>
<opcode="zext(34) " fcode="zext"/>
<opset="p_shl2_cast/2 "/>
</bind>
</comp>

<comp id="219" class="1004" name="tmp_8_fu_219">
<pin_list>
<pin id="220" dir="0" index="0" bw="10" slack="0"/>
<pin id="221" dir="0" index="1" bw="7" slack="0"/>
<pin id="222" dir="1" index="2" bw="11" slack="0"/>
</pin_list>
<bind>
<opcode="sub(10) " fcode="sub"/>
<opset="tmp_8/2 "/>
</bind>
</comp>

<comp id="225" class="1004" name="result_addr1_cast_fu_225">
<pin_list>
<pin id="226" dir="0" index="0" bw="11" slack="0"/>
<pin id="227" dir="1" index="1" bw="12" slack="1"/>
</pin_list>
<bind>
<opcode="sext(35) " fcode="sext"/>
<opset="result_addr1_cast/2 "/>
</bind>
</comp>

<comp id="229" class="1004" name="j_cast3_fu_229">
<pin_list>
<pin id="230" dir="0" index="0" bw="4" slack="0"/>
<pin id="231" dir="1" index="1" bw="11" slack="0"/>
</pin_list>
<bind>
<opcode="zext(34) " fcode="zext"/>
<opset="j_cast3/3 "/>
</bind>
</comp>

<comp id="233" class="1004" name="exitcond_fu_233">
<pin_list>
<pin id="234" dir="0" index="0" bw="4" slack="0"/>
<pin id="235" dir="0" index="1" bw="4" slack="0"/>
<pin id="236" dir="1" index="2" bw="1" slack="2147483647"/>
</pin_list>
<bind>
<opcode="icmp(45) " fcode="icmp"/>
<opset="exitcond/3 "/>
</bind>
</comp>

<comp id="239" class="1004" name="j_1_fu_239">
<pin_list>
<pin id="240" dir="0" index="0" bw="4" slack="0"/>
<pin id="241" dir="0" index="1" bw="1" slack="0"/>
<pin id="242" dir="1" index="2" bw="4" slack="0"/>
</pin_list>
<bind>
<opcode="add(8) " fcode="add"/>
<opset="j_1/3 "/>
</bind>
</comp>

<comp id="245" class="1004" name="tmp_9_trn_cast_fu_245">
<pin_list>
<pin id="246" dir="0" index="0" bw="4" slack="0"/>
<pin id="247" dir="1" index="1" bw="12" slack="0"/>
</pin_list>
<bind>
<opcode="zext(34) " fcode="zext"/>
<opset="tmp_9_trn_cast/3 "/>
</bind>
</comp>

<comp id="249" class="1004" name="result_addr2_fu_249">
<pin_list>
<pin id="250" dir="0" index="0" bw="4" slack="0"/>
<pin id="251" dir="0" index="1" bw="11" slack="1"/>
<pin id="252" dir="1" index="2" bw="12" slack="0"/>
</pin_list>
<bind>
<opcode="add(8) " fcode="add"/>
<opset="result_addr2/3 "/>
</bind>
</comp>

<comp id="254" class="1004" name="result_addr2_cast_fu_254">
<pin_list>
<pin id="255" dir="0" index="0" bw="12" slack="0"/>
<pin id="256" dir="1" index="1" bw="32" slack="0"/>
</pin_list>
<bind>
<opcode="sext(35) " fcode="sext"/>
<opset="result_addr2_cast/3 "/>
</bind>
</comp>

<comp id="258" class="1004" name="tmp_12_fu_258">
<pin_list>
<pin id="259" dir="0" index="0" bw="12" slack="0"/>
<pin id="260" dir="1" index="1" bw="64" slack="0"/>
</pin_list>
<bind>
<opcode="zext(34) " fcode="zext"/>
<opset="tmp_12/3 "/>
</bind>
</comp>

<comp id="263" class="1004" name="tmp_2_fu_263">
<pin_list>
<pin id="264" dir="0" index="0" bw="11" slack="1"/>
<pin id="265" dir="0" index="1" bw="4" slack="0"/>
<pin id="266" dir="1" index="2" bw="11" slack="3"/>
</pin_list>
<bind>
<opcode="add(8) " fcode="add"/>
<opset="tmp_2/3 "/>
</bind>
</comp>

<comp id="268" class="1004" name="tmp_2_cast_fu_268">
<pin_list>
<pin id="269" dir="0" index="0" bw="11" slack="3"/>
<pin id="270" dir="1" index="1" bw="32" slack="0"/>
</pin_list>
<bind>
<opcode="sext(35) " fcode="sext"/>
<opset="tmp_2_cast/6 "/>
</bind>
</comp>

<comp id="271" class="1004" name="tmp_3_fu_271">
<pin_list>
<pin id="272" dir="0" index="0" bw="11" slack="0"/>
<pin id="273" dir="1" index="1" bw="64" slack="0"/>
</pin_list>
<bind>
<opcode="zext(34) " fcode="zext"/>
<opset="tmp_3/6 "/>
</bind>
</comp>

<comp id="276" class="1004" name="guess_cast1_fu_276">
<pin_list>
<pin id="277" dir="0" index="0" bw="3" slack="0"/>
<pin id="278" dir="1" index="1" bw="32" slack="3"/>
</pin_list>
<bind>
<opcode="zext(34) " fcode="zext"/>
<opset="guess_cast1/8 "/>
</bind>
</comp>

<comp id="280" class="1004" name="exitcond_i_fu_280">
<pin_list>
<pin id="281" dir="0" index="0" bw="3" slack="0"/>
<pin id="282" dir="0" index="1" bw="3" slack="0"/>
<pin id="283" dir="1" index="2" bw="1" slack="2147483647"/>
</pin_list>
<bind>
<opcode="icmp(45) " fcode="icmp"/>
<opset="exitcond_i/8 "/>
</bind>
</comp>

<comp id="286" class="1004" name="j_2_fu_286">
<pin_list>
<pin id="287" dir="0" index="0" bw="3" slack="0"/>
<pin id="288" dir="0" index="1" bw="1" slack="0"/>
<pin id="289" dir="1" index="2" bw="3" slack="0"/>
</pin_list>
<bind>
<opcode="add(8) " fcode="add"/>
<opset="j_2/8 "/>
</bind>
</comp>

<comp id="292" class="1004" name="tmp_i_fu_292">
<pin_list>
<pin id="293" dir="0" index="0" bw="3" slack="0"/>
<pin id="294" dir="1" index="1" bw="64" slack="0"/>
</pin_list>
<bind>
<opcode="zext(34) " fcode="zext"/>
<opset="tmp_i/8 "/>
</bind>
</comp>

<comp id="297" class="1004" name="max_to_int_fu_297">
<pin_list>
<pin id="298" dir="0" index="0" bw="32" slack="2"/>
<pin id="299" dir="1" index="1" bw="32" slack="0"/>
</pin_list>
<bind>
<opcode="bitcast(44) " fcode="bitcast"/>
<opset="max_to_int/11 "/>
</bind>
</comp>

<comp id="300" class="1004" name="tmp_fu_300">
<pin_list>
<pin id="301" dir="0" index="0" bw="8" slack="0"/>
<pin id="302" dir="0" index="1" bw="32" slack="0"/>
<pin id="303" dir="0" index="2" bw="6" slack="0"/>
<pin id="304" dir="0" index="3" bw="6" slack="0"/>
<pin id="305" dir="1" index="4" bw="8" slack="0"/>
</pin_list>
<bind>
<opcode="partselect(1002) " fcode="partselect"/>
<opset="tmp/11 "/>
</bind>
</comp>

<comp id="310" class="1004" name="tmp_4_fu_310">
<pin_list>
<pin id="311" dir="0" index="0" bw="32" slack="0"/>
<pin id="312" dir="1" index="1" bw="23" slack="0"/>
</pin_list>
<bind>
<opcode="trunc(33) " fcode="trunc"/>
<opset="tmp_4/11 "/>
</bind>
</comp>

<comp id="314" class="1004" name="max_i_to_int_fu_314">
<pin_list>
<pin id="315" dir="0" index="0" bw="32" slack="3"/>
<pin id="316" dir="1" index="1" bw="32" slack="0"/>
</pin_list>
<bind>
<opcode="bitcast(44) " fcode="bitcast"/>
<opset="max_i_to_int/11 "/>
</bind>
</comp>

<comp id="318" class="1004" name="tmp_5_fu_318">
<pin_list>
<pin id="319" dir="0" index="0" bw="8" slack="0"/>
<pin id="320" dir="0" index="1" bw="32" slack="0"/>
<pin id="321" dir="0" index="2" bw="6" slack="0"/>
<pin id="322" dir="0" index="3" bw="6" slack="0"/>
<pin id="323" dir="1" index="4" bw="8" slack="0"/>
</pin_list>
<bind>
<opcode="partselect(1002) " fcode="partselect"/>
<opset="tmp_5/11 "/>
</bind>
</comp>

<comp id="328" class="1004" name="tmp_6_fu_328">
<pin_list>
<pin id="329" dir="0" index="0" bw="32" slack="0"/>
<pin id="330" dir="1" index="1" bw="23" slack="0"/>
</pin_list>
<bind>
<opcode="trunc(33) " fcode="trunc"/>
<opset="tmp_6/11 "/>
</bind>
</comp>

<comp id="332" class="1004" name="notlhs_fu_332">
<pin_list>
<pin id="333" dir="0" index="0" bw="8" slack="0"/>
<pin id="334" dir="0" index="1" bw="8" slack="0"/>
<pin id="335" dir="1" index="2" bw="1" slack="0"/>
</pin_list>
<bind>
<opcode="icmp(45) " fcode="icmp"/>
<opset="notlhs/11 "/>
</bind>
</comp>

<comp id="338" class="1004" name="notrhs_fu_338">
<pin_list>
<pin id="339" dir="0" index="0" bw="23" slack="0"/>
<pin id="340" dir="0" index="1" bw="23" slack="0"/>
<pin id="341" dir="1" index="2" bw="1" slack="0"/>
</pin_list>
<bind>
<opcode="icmp(45) " fcode="icmp"/>
<opset="notrhs/11 "/>
</bind>
</comp>

<comp id="344" class="1004" name="tmp_7_fu_344">
<pin_list>
<pin id="345" dir="0" index="0" bw="1" slack="0"/>
<pin id="346" dir="0" index="1" bw="1" slack="0"/>
<pin id="347" dir="1" index="2" bw="1" slack="0"/>
</pin_list>
<bind>
<opcode="or(24) " fcode="or"/>
<opset="tmp_7/11 "/>
</bind>
</comp>

<comp id="350" class="1004" name="notlhs6_fu_350">
<pin_list>
<pin id="351" dir="0" index="0" bw="8" slack="0"/>
<pin id="352" dir="0" index="1" bw="8" slack="0"/>
<pin id="353" dir="1" index="2" bw="1" slack="0"/>
</pin_list>
<bind>
<opcode="icmp(45) " fcode="icmp"/>
<opset="notlhs6/11 "/>
</bind>
</comp>

<comp id="356" class="1004" name="notrhs7_fu_356">
<pin_list>
<pin id="357" dir="0" index="0" bw="23" slack="0"/>
<pin id="358" dir="0" index="1" bw="23" slack="0"/>
<pin id="359" dir="1" index="2" bw="1" slack="0"/>
</pin_list>
<bind>
<opcode="icmp(45) " fcode="icmp"/>
<opset="notrhs7/11 "/>
</bind>
</comp>

<comp id="362" class="1004" name="tmp_s_fu_362">
<pin_list>
<pin id="363" dir="0" index="0" bw="1" slack="0"/>
<pin id="364" dir="0" index="1" bw="1" slack="0"/>
<pin id="365" dir="1" index="2" bw="1" slack="0"/>
</pin_list>
<bind>
<opcode="or(24) " fcode="or"/>
<opset="tmp_s/11 "/>
</bind>
</comp>

<comp id="368" class="1004" name="tmp_9_fu_368">
<pin_list>
<pin id="369" dir="0" index="0" bw="1" slack="0"/>
<pin id="370" dir="0" index="1" bw="1" slack="0"/>
<pin id="371" dir="1" index="2" bw="1" slack="0"/>
</pin_list>
<bind>
<opcode="and(23) " fcode="and"/>
<opset="tmp_9/11 "/>
</bind>
</comp>

<comp id="374" class="1004" name="tmp_11_fu_374">
<pin_list>
<pin id="375" dir="0" index="0" bw="1" slack="0"/>
<pin id="376" dir="0" index="1" bw="1" slack="1"/>
<pin id="377" dir="1" index="2" bw="1" slack="0"/>
</pin_list>
<bind>
<opcode="and(23) " fcode="and"/>
<opset="tmp_11/11 "/>
</bind>
</comp>

<comp id="379" class="1004" name="guess_1_fu_379">
<pin_list>
<pin id="380" dir="0" index="0" bw="1" slack="0"/>
<pin id="381" dir="0" index="1" bw="32" slack="3"/>
<pin id="382" dir="0" index="2" bw="32" slack="3"/>
<pin id="383" dir="1" index="3" bw="32" slack="1"/>
</pin_list>
<bind>
<opcode="select(49) " fcode="select"/>
<opset="guess_1/11 "/>
</bind>
</comp>

<comp id="386" class="1004" name="max_1_fu_386">
<pin_list>
<pin id="387" dir="0" index="0" bw="1" slack="0"/>
<pin id="388" dir="0" index="1" bw="32" slack="2"/>
<pin id="389" dir="0" index="2" bw="32" slack="3"/>
<pin id="390" dir="1" index="3" bw="32" slack="1"/>
</pin_list>
<bind>
<opcode="select(49) " fcode="select"/>
<opset="max_1/11 "/>
</bind>
</comp>

<comp id="396" class="1005" name="i_1_reg_396">
<pin_list>
<pin id="397" dir="0" index="0" bw="6" slack="0"/>
<pin id="398" dir="1" index="1" bw="6" slack="0"/>
</pin_list>
<bind>
<opset="i_1 "/>
</bind>
</comp>

<comp id="401" class="1005" name="tmp_8_reg_401">
<pin_list>
<pin id="402" dir="0" index="0" bw="11" slack="1"/>
<pin id="403" dir="1" index="1" bw="11" slack="1"/>
</pin_list>
<bind>
<opset="tmp_8 "/>
</bind>
</comp>

<comp id="406" class="1005" name="result_addr1_cast_reg_406">
<pin_list>
<pin id="407" dir="0" index="0" bw="12" slack="1"/>
<pin id="408" dir="1" index="1" bw="12" slack="1"/>
</pin_list>
<bind>
<opset="result_addr1_cast "/>
</bind>
</comp>

<comp id="414" class="1005" name="j_1_reg_414">
<pin_list>
<pin id="415" dir="0" index="0" bw="4" slack="0"/>
<pin id="416" dir="1" index="1" bw="4" slack="0"/>
</pin_list>
<bind>
<opset="j_1 "/>
</bind>
</comp>

<comp id="419" class="1005" name="result_addr_reg_419">
<pin_list>
<pin id="420" dir="0" index="0" bw="10" slack="1"/>
<pin id="421" dir="1" index="1" bw="10" slack="1"/>
</pin_list>
<bind>
<opset="result_addr "/>
</bind>
</comp>

<comp id="424" class="1005" name="tmp_2_reg_424">
<pin_list>
<pin id="425" dir="0" index="0" bw="11" slack="3"/>
<pin id="426" dir="1" index="1" bw="11" slack="3"/>
</pin_list>
<bind>
<opset="tmp_2 "/>
</bind>
</comp>

<comp id="429" class="1005" name="result_load_reg_429">
<pin_list>
<pin id="430" dir="0" index="0" bw="64" slack="1"/>
<pin id="431" dir="1" index="1" bw="64" slack="1"/>
</pin_list>
<bind>
<opset="result_load "/>
</bind>
</comp>

<comp id="434" class="1005" name="tmp_1_reg_434">
<pin_list>
<pin id="435" dir="0" index="0" bw="32" slack="1"/>
<pin id="436" dir="1" index="1" bw="32" slack="1"/>
</pin_list>
<bind>
<opset="tmp_1 "/>
</bind>
</comp>

<comp id="439" class="1005" name="guess_cast1_reg_439">
<pin_list>
<pin id="440" dir="0" index="0" bw="32" slack="3"/>
<pin id="441" dir="1" index="1" bw="32" slack="3"/>
</pin_list>
<bind>
<opset="guess_cast1 "/>
</bind>
</comp>

<comp id="447" class="1005" name="j_2_reg_447">
<pin_list>
<pin id="448" dir="0" index="0" bw="3" slack="0"/>
<pin id="449" dir="1" index="1" bw="3" slack="0"/>
</pin_list>
<bind>
<opset="j_2 "/>
</bind>
</comp>

<comp id="452" class="1005" name="output_addr_reg_452">
<pin_list>
<pin id="453" dir="0" index="0" bw="2" slack="1"/>
<pin id="454" dir="1" index="1" bw="2" slack="1"/>
</pin_list>
<bind>
<opset="output_addr "/>
</bind>
</comp>

<comp id="457" class="1005" name="max_reg_457">
<pin_list>
<pin id="458" dir="0" index="0" bw="32" slack="1"/>
<pin id="459" dir="1" index="1" bw="32" slack="1"/>
</pin_list>
<bind>
<opset="max "/>
</bind>
</comp>

<comp id="464" class="1005" name="tmp_10_reg_464">
<pin_list>
<pin id="465" dir="0" index="0" bw="1" slack="1"/>
<pin id="466" dir="1" index="1" bw="1" slack="1"/>
</pin_list>
<bind>
<opset="tmp_10 "/>
</bind>
</comp>

<comp id="469" class="1005" name="guess_1_reg_469">
<pin_list>
<pin id="470" dir="0" index="0" bw="32" slack="1"/>
<pin id="471" dir="1" index="1" bw="32" slack="1"/>
</pin_list>
<bind>
<opset="guess_1 "/>
</bind>
</comp>

<comp id="474" class="1005" name="max_1_reg_474">
<pin_list>
<pin id="475" dir="0" index="0" bw="32" slack="1"/>
<pin id="476" dir="1" index="1" bw="32" slack="1"/>
</pin_list>
<bind>
<opset="max_1 "/>
</bind>
</comp>

</comp_list>

<net_list>
<net id="67"><net_src comp="12" pin="0"/><net_sink comp="64" pin=0"/></net>

<net id="73"><net_src comp="0" pin="0"/><net_sink comp="68" pin=0"/></net>

<net id="74"><net_src comp="40" pin="0"/><net_sink comp="68" pin=1"/></net>

<net id="79"><net_src comp="68" pin="3"/><net_sink comp="75" pin=0"/></net>

<net id="85"><net_src comp="40" pin="0"/><net_sink comp="80" pin=1"/></net>

<net id="90"><net_src comp="80" pin="3"/><net_sink comp="86" pin=0"/></net>

<net id="96"><net_src comp="8" pin="0"/><net_sink comp="91" pin=0"/></net>

<net id="97"><net_src comp="40" pin="0"/><net_sink comp="91" pin=1"/></net>

<net id="102"><net_src comp="91" pin="3"/><net_sink comp="98" pin=0"/></net>

<net id="106"><net_src comp="14" pin="0"/><net_sink comp="103" pin=0"/></net>

<net id="113"><net_src comp="103" pin="1"/><net_sink comp="107" pin=0"/></net>

<net id="117"><net_src comp="26" pin="0"/><net_sink comp="114" pin=0"/></net>

<net id="124"><net_src comp="114" pin="1"/><net_sink comp="118" pin=2"/></net>

<net id="128"><net_src comp="42" pin="0"/><net_sink comp="125" pin=0"/></net>

<net id="135"><net_src comp="125" pin="1"/><net_sink comp="129" pin=0"/></net>

<net id="139"><net_src comp="44" pin="0"/><net_sink comp="136" pin=0"/></net>

<net id="146"><net_src comp="136" pin="1"/><net_sink comp="140" pin=0"/></net>

<net id="147"><net_src comp="140" pin="4"/><net_sink comp="136" pin=0"/></net>

<net id="151"><net_src comp="46" pin="0"/><net_sink comp="148" pin=0"/></net>

<net id="158"><net_src comp="148" pin="1"/><net_sink comp="152" pin=0"/></net>

<net id="159"><net_src comp="152" pin="4"/><net_sink comp="148" pin=0"/></net>

<net id="169"><net_src comp="32" pin="0"/><net_sink comp="160" pin=0"/></net>

<net id="170"><net_src comp="2" pin="0"/><net_sink comp="160" pin=2"/></net>

<net id="171"><net_src comp="4" pin="0"/><net_sink comp="160" pin=3"/></net>

<net id="172"><net_src comp="6" pin="0"/><net_sink comp="160" pin=4"/></net>

<net id="173"><net_src comp="8" pin="0"/><net_sink comp="160" pin=5"/></net>

<net id="174"><net_src comp="10" pin="0"/><net_sink comp="160" pin=6"/></net>

<net id="182"><net_src comp="148" pin="1"/><net_sink comp="178" pin=1"/></net>

<net id="187"><net_src comp="107" pin="4"/><net_sink comp="183" pin=0"/></net>

<net id="188"><net_src comp="16" pin="0"/><net_sink comp="183" pin=1"/></net>

<net id="193"><net_src comp="107" pin="4"/><net_sink comp="189" pin=0"/></net>

<net id="194"><net_src comp="22" pin="0"/><net_sink comp="189" pin=1"/></net>

<net id="200"><net_src comp="24" pin="0"/><net_sink comp="195" pin=0"/></net>

<net id="201"><net_src comp="107" pin="4"/><net_sink comp="195" pin=1"/></net>

<net id="202"><net_src comp="26" pin="0"/><net_sink comp="195" pin=2"/></net>

<net id="206"><net_src comp="195" pin="3"/><net_sink comp="203" pin=0"/></net>

<net id="212"><net_src comp="28" pin="0"/><net_sink comp="207" pin=0"/></net>

<net id="213"><net_src comp="107" pin="4"/><net_sink comp="207" pin=1"/></net>

<net id="214"><net_src comp="30" pin="0"/><net_sink comp="207" pin=2"/></net>

<net id="218"><net_src comp="207" pin="3"/><net_sink comp="215" pin=0"/></net>

<net id="223"><net_src comp="203" pin="1"/><net_sink comp="219" pin=0"/></net>

<net id="224"><net_src comp="215" pin="1"/><net_sink comp="219" pin=1"/></net>

<net id="228"><net_src comp="219" pin="2"/><net_sink comp="225" pin=0"/></net>

<net id="232"><net_src comp="118" pin="4"/><net_sink comp="229" pin=0"/></net>

<net id="237"><net_src comp="118" pin="4"/><net_sink comp="233" pin=0"/></net>

<net id="238"><net_src comp="34" pin="0"/><net_sink comp="233" pin=1"/></net>

<net id="243"><net_src comp="118" pin="4"/><net_sink comp="239" pin=0"/></net>

<net id="244"><net_src comp="38" pin="0"/><net_sink comp="239" pin=1"/></net>

<net id="248"><net_src comp="118" pin="4"/><net_sink comp="245" pin=0"/></net>

<net id="253"><net_src comp="245" pin="1"/><net_sink comp="249" pin=0"/></net>

<net id="257"><net_src comp="249" pin="2"/><net_sink comp="254" pin=0"/></net>

<net id="261"><net_src comp="254" pin="1"/><net_sink comp="258" pin=0"/></net>

<net id="262"><net_src comp="258" pin="1"/><net_sink comp="68" pin=2"/></net>

<net id="267"><net_src comp="229" pin="1"/><net_sink comp="263" pin=1"/></net>

<net id="274"><net_src comp="268" pin="1"/><net_sink comp="271" pin=0"/></net>

<net id="275"><net_src comp="271" pin="1"/><net_sink comp="80" pin=2"/></net>

<net id="279"><net_src comp="129" pin="4"/><net_sink comp="276" pin=0"/></net>

<net id="284"><net_src comp="129" pin="4"/><net_sink comp="280" pin=0"/></net>

<net id="285"><net_src comp="48" pin="0"/><net_sink comp="280" pin=1"/></net>

<net id="290"><net_src comp="129" pin="4"/><net_sink comp="286" pin=0"/></net>

<net id="291"><net_src comp="52" pin="0"/><net_sink comp="286" pin=1"/></net>

<net id="295"><net_src comp="129" pin="4"/><net_sink comp="292" pin=0"/></net>

<net id="296"><net_src comp="292" pin="1"/><net_sink comp="91" pin=2"/></net>

<net id="306"><net_src comp="54" pin="0"/><net_sink comp="300" pin=0"/></net>

<net id="307"><net_src comp="297" pin="1"/><net_sink comp="300" pin=1"/></net>

<net id="308"><net_src comp="56" pin="0"/><net_sink comp="300" pin=2"/></net>

<net id="309"><net_src comp="58" pin="0"/><net_sink comp="300" pin=3"/></net>

<net id="313"><net_src comp="297" pin="1"/><net_sink comp="310" pin=0"/></net>

<net id="317"><net_src comp="148" pin="1"/><net_sink comp="314" pin=0"/></net>

<net id="324"><net_src comp="54" pin="0"/><net_sink comp="318" pin=0"/></net>

<net id="325"><net_src comp="314" pin="1"/><net_sink comp="318" pin=1"/></net>

<net id="326"><net_src comp="56" pin="0"/><net_sink comp="318" pin=2"/></net>

<net id="327"><net_src comp="58" pin="0"/><net_sink comp="318" pin=3"/></net>

<net id="331"><net_src comp="314" pin="1"/><net_sink comp="328" pin=0"/></net>

<net id="336"><net_src comp="300" pin="4"/><net_sink comp="332" pin=0"/></net>

<net id="337"><net_src comp="60" pin="0"/><net_sink comp="332" pin=1"/></net>

<net id="342"><net_src comp="310" pin="1"/><net_sink comp="338" pin=0"/></net>

<net id="343"><net_src comp="62" pin="0"/><net_sink comp="338" pin=1"/></net>

<net id="348"><net_src comp="338" pin="2"/><net_sink comp="344" pin=0"/></net>

<net id="349"><net_src comp="332" pin="2"/><net_sink comp="344" pin=1"/></net>

<net id="354"><net_src comp="318" pin="4"/><net_sink comp="350" pin=0"/></net>

<net id="355"><net_src comp="60" pin="0"/><net_sink comp="350" pin=1"/></net>

<net id="360"><net_src comp="328" pin="1"/><net_sink comp="356" pin=0"/></net>

<net id="361"><net_src comp="62" pin="0"/><net_sink comp="356" pin=1"/></net>

<net id="366"><net_src comp="356" pin="2"/><net_sink comp="362" pin=0"/></net>

<net id="367"><net_src comp="350" pin="2"/><net_sink comp="362" pin=1"/></net>

<net id="372"><net_src comp="344" pin="2"/><net_sink comp="368" pin=0"/></net>

<net id="373"><net_src comp="362" pin="2"/><net_sink comp="368" pin=1"/></net>

<net id="378"><net_src comp="368" pin="2"/><net_sink comp="374" pin=0"/></net>

<net id="384"><net_src comp="374" pin="2"/><net_sink comp="379" pin=0"/></net>

<net id="385"><net_src comp="136" pin="1"/><net_sink comp="379" pin=2"/></net>

<net id="391"><net_src comp="374" pin="2"/><net_sink comp="386" pin=0"/></net>

<net id="392"><net_src comp="148" pin="1"/><net_sink comp="386" pin=2"/></net>

<net id="399"><net_src comp="189" pin="2"/><net_sink comp="396" pin=0"/></net>

<net id="400"><net_src comp="396" pin="1"/><net_sink comp="107" pin=2"/></net>

<net id="404"><net_src comp="219" pin="2"/><net_sink comp="401" pin=0"/></net>

<net id="405"><net_src comp="401" pin="1"/><net_sink comp="263" pin=0"/></net>

<net id="409"><net_src comp="225" pin="1"/><net_sink comp="406" pin=0"/></net>

<net id="410"><net_src comp="406" pin="1"/><net_sink comp="249" pin=1"/></net>

<net id="417"><net_src comp="239" pin="2"/><net_sink comp="414" pin=0"/></net>

<net id="418"><net_src comp="414" pin="1"/><net_sink comp="118" pin=0"/></net>

<net id="422"><net_src comp="68" pin="3"/><net_sink comp="419" pin=0"/></net>

<net id="423"><net_src comp="419" pin="1"/><net_sink comp="75" pin=0"/></net>

<net id="427"><net_src comp="263" pin="2"/><net_sink comp="424" pin=0"/></net>

<net id="428"><net_src comp="424" pin="1"/><net_sink comp="268" pin=0"/></net>

<net id="432"><net_src comp="75" pin="2"/><net_sink comp="429" pin=0"/></net>

<net id="433"><net_src comp="429" pin="1"/><net_sink comp="175" pin=0"/></net>

<net id="437"><net_src comp="175" pin="1"/><net_sink comp="434" pin=0"/></net>

<net id="438"><net_src comp="434" pin="1"/><net_sink comp="86" pin=1"/></net>

<net id="442"><net_src comp="276" pin="1"/><net_sink comp="439" pin=0"/></net>

<net id="443"><net_src comp="439" pin="1"/><net_sink comp="379" pin=1"/></net>

<net id="450"><net_src comp="286" pin="2"/><net_sink comp="447" pin=0"/></net>

<net id="451"><net_src comp="447" pin="1"/><net_sink comp="129" pin=2"/></net>

<net id="455"><net_src comp="91" pin="3"/><net_sink comp="452" pin=0"/></net>

<net id="456"><net_src comp="452" pin="1"/><net_sink comp="98" pin=0"/></net>

<net id="460"><net_src comp="98" pin="2"/><net_sink comp="457" pin=0"/></net>

<net id="461"><net_src comp="457" pin="1"/><net_sink comp="178" pin=0"/></net>

<net id="462"><net_src comp="457" pin="1"/><net_sink comp="297" pin=0"/></net>

<net id="463"><net_src comp="457" pin="1"/><net_sink comp="386" pin=1"/></net>

<net id="467"><net_src comp="178" pin="2"/><net_sink comp="464" pin=0"/></net>

<net id="468"><net_src comp="464" pin="1"/><net_sink comp="374" pin=1"/></net>

<net id="472"><net_src comp="379" pin="3"/><net_sink comp="469" pin=0"/></net>

<net id="473"><net_src comp="469" pin="1"/><net_sink comp="140" pin=2"/></net>

<net id="477"><net_src comp="386" pin="3"/><net_sink comp="474" pin=0"/></net>

<net id="478"><net_src comp="474" pin="1"/><net_sink comp="152" pin=2"/></net>

</net_list>

</model> 
---------------- Datapath Model END ------------------

* FSMD analyzer results:
  - Output states:
	Port: result | {}
	Port: input_r | {}
	Port: hidden | {}
	Port: weightIH | {}
	Port: output_r | {}
	Port: weightHO | {}
  - Chain level:
	State 1
	State 2
		exitcond1 : 1
		i_1 : 1
		stg_18 : 2
		p_shl : 1
		p_shl_cast : 2
		p_shl2 : 1
		p_shl2_cast : 2
		tmp_8 : 3
		result_addr1_cast : 4
	State 3
		j_cast3 : 1
		exitcond : 1
		j_1 : 1
		stg_32 : 2
		tmp_9_trn_cast : 1
		result_addr2 : 2
		result_addr2_cast : 3
		tmp_12 : 4
		result_addr : 5
		result_load : 6
		tmp_2 : 2
	State 4
	State 5
	State 6
		tmp_3 : 1
		flatInput_addr : 2
		stg_45 : 3
	State 7
	State 8
		guess_cast1 : 1
		exitcond_i : 1
		j_2 : 1
		stg_56 : 2
		tmp_i : 1
		output_addr : 2
		max : 3
		stg_60 : 1
	State 9
	State 10
	State 11
		tmp : 1
		tmp_4 : 1
		tmp_5 : 1
		tmp_6 : 1
		notlhs : 2
		notrhs : 2
		tmp_7 : 3
		notlhs6 : 2
		notrhs7 : 2
		tmp_s : 3
		tmp_9 : 3
		tmp_11 : 3
		guess_1 : 3
		max_1 : 3


============================================================
+ Verbose Summary: Datapath Resource usage 
============================================================

* Functional unit list:
|----------|---------------------------------|---------|---------|---------|---------|
| Operation|         Functional Unit         |  DSP48E |  Delay  |    FF   |   LUT   |
|----------|---------------------------------|---------|---------|---------|---------|
|   call   | grp_voicerec_feedForward_fu_160 |    34   |  21.994 |   6562  |   9009  |
|----------|---------------------------------|---------|---------|---------|---------|
|  fptrunc |           tmp_1_fu_175          |    0    |    0    |   128   |   277   |
|----------|---------------------------------|---------|---------|---------|---------|
|   fcmp   |          tmp_10_fu_178          |    0    |    0    |    66   |   239   |
|----------|---------------------------------|---------|---------|---------|---------|
|  select  |          guess_1_fu_379         |    0    |    0    |    0    |    32   |
|          |           max_1_fu_386          |    0    |    0    |    0    |    32   |
|----------|---------------------------------|---------|---------|---------|---------|
|          |            i_1_fu_189           |    0    |    0    |    0    |    6    |
|          |            j_1_fu_239           |    0    |    0    |    0    |    4    |
|    add   |       result_addr2_fu_249       |    0    |    0    |    0    |    11   |
|          |           tmp_2_fu_263          |    0    |    0    |    0    |    11   |
|          |            j_2_fu_286           |    0    |    0    |    0    |    3    |
|----------|---------------------------------|---------|---------|---------|---------|
|          |         exitcond1_fu_183        |    0    |    0    |    0    |    3    |
|          |         exitcond_fu_233         |    0    |    0    |    0    |    2    |
|          |        exitcond_i_fu_280        |    0    |    0    |    0    |    2    |
|   icmp   |          notlhs_fu_332          |    0    |    0    |    0    |    3    |
|          |          notrhs_fu_338          |    0    |    0    |    0    |    8    |
|          |          notlhs6_fu_350         |    0    |    0    |    0    |    3    |
|          |          notrhs7_fu_356         |    0    |    0    |    0    |    8    |
|----------|---------------------------------|---------|---------|---------|---------|
|    sub   |           tmp_8_fu_219          |    0    |    0    |    0    |    10   |
|----------|---------------------------------|---------|---------|---------|---------|
|    or    |           tmp_7_fu_344          |    0    |    0    |    0    |    1    |
|          |           tmp_s_fu_362          |    0    |    0    |    0    |    1    |
|----------|---------------------------------|---------|---------|---------|---------|
|    and   |           tmp_9_fu_368          |    0    |    0    |    0    |    1    |
|          |          tmp_11_fu_374          |    0    |    0    |    0    |    1    |
|----------|---------------------------------|---------|---------|---------|---------|
|bitconcatenate|           p_shl_fu_195          |    0    |    0    |    0    |    0    |
|          |          p_shl2_fu_207          |    0    |    0    |    0    |    0    |
|----------|---------------------------------|---------|---------|---------|---------|
|          |        p_shl_cast_fu_203        |    0    |    0    |    0    |    0    |
|          |        p_shl2_cast_fu_215       |    0    |    0    |    0    |    0    |
|          |          j_cast3_fu_229         |    0    |    0    |    0    |    0    |
|   zext   |      tmp_9_trn_cast_fu_245      |    0    |    0    |    0    |    0    |
|          |          tmp_12_fu_258          |    0    |    0    |    0    |    0    |
|          |           tmp_3_fu_271          |    0    |    0    |    0    |    0    |
|          |        guess_cast1_fu_276       |    0    |    0    |    0    |    0    |
|          |           tmp_i_fu_292          |    0    |    0    |    0    |    0    |
|----------|---------------------------------|---------|---------|---------|---------|
|          |     result_addr1_cast_fu_225    |    0    |    0    |    0    |    0    |
|   sext   |     result_addr2_cast_fu_254    |    0    |    0    |    0    |    0    |
|          |        tmp_2_cast_fu_268        |    0    |    0    |    0    |    0    |
|----------|---------------------------------|---------|---------|---------|---------|
|partselect|            tmp_fu_300           |    0    |    0    |    0    |    0    |
|          |           tmp_5_fu_318          |    0    |    0    |    0    |    0    |
|----------|---------------------------------|---------|---------|---------|---------|
|   trunc  |           tmp_4_fu_310          |    0    |    0    |    0    |    0    |
|          |           tmp_6_fu_328          |    0    |    0    |    0    |    0    |
|----------|---------------------------------|---------|---------|---------|---------|
|   Total  |                                 |    34   |  21.994 |   6756  |   9667  |
|----------|---------------------------------|---------|---------|---------|---------|

Memories:
+---------+--------+--------+--------+
|         |  BRAM  |   FF   |   LUT  |
+---------+--------+--------+--------+
|flatInput|    2   |    0   |    0   |
+---------+--------+--------+--------+
|  Total  |    2   |    0   |    0   |
+---------+--------+--------+--------+

* Register list:
+-------------------------+--------+
|                         |   FF   |
+-------------------------+--------+
|     guess_1_reg_469     |   32   |
|   guess_cast1_reg_439   |   32   |
|     guess_i_reg_136     |   32   |
|      guess_reg_125      |    3   |
|       i_1_reg_396       |    6   |
|        i_reg_103        |    6   |
|       j_1_reg_414       |    4   |
|       j_2_reg_447       |    3   |
|        j_reg_114        |    4   |
|      max_1_reg_474      |   32   |
|      max_i_reg_148      |   32   |
|       max_reg_457       |   32   |
|   output_addr_reg_452   |    2   |
|result_addr1_cast_reg_406|   12   |
|   result_addr_reg_419   |   10   |
|   result_load_reg_429   |   64   |
|      tmp_10_reg_464     |    1   |
|      tmp_1_reg_434      |   32   |
|      tmp_2_reg_424      |   11   |
|      tmp_8_reg_401      |   11   |
+-------------------------+--------+
|          Total          |   361  |
+-------------------------+--------+

* Multiplexer (MUX) list: 
|------------------|------|------|------|--------||---------||---------|
|       Comp       |  Pin | Size |  BW  | S x BW ||  Delay  ||   LUT   |
|------------------|------|------|------|--------||---------||---------|
| grp_access_fu_75 |  p0  |   2  |  10  |   20   ||    10   |
| grp_access_fu_98 |  p0  |   2  |   2  |    4   ||    2    |
|  guess_i_reg_136 |  p0  |   2  |  32  |   64   ||    32   |
|   max_i_reg_148  |  p0  |   2  |  32  |   64   ||    32   |
|------------------|------|------|------|--------||---------||---------|
|       Total      |      |      |      |   152  ||  6.284  ||    76   |
|------------------|------|------|------|--------||---------||---------|



* Summary:
+-----------+--------+--------+--------+--------+--------+
|           |  BRAM  | DSP48E |  Delay |   FF   |   LUT  |
+-----------+--------+--------+--------+--------+--------+
|  Function |    -   |   34   |   21   |  6756  |  9667  |
|   Memory  |    2   |    -   |    -   |    0   |    0   |
|Multiplexer|    -   |    -   |    6   |    -   |   76   |
|  Register |    -   |    -   |    -   |   361  |    -   |
+-----------+--------+--------+--------+--------+--------+
|   Total   |    2   |   34   |   28   |  7117  |  9743  |
+-----------+--------+--------+--------+--------+--------+
