

================================================================
== Vivado HLS Report for 'voicerec'
================================================================
* Date:           Sun Dec  6 17:20:15 2015

* Version:        2015.2 (Build 1266856 on Fri Jun 26 16:57:37 PM 2015)
* Project:        voicerec.prj
* Solution:       solution1
* Product family: zynq
* Target device:  xc7z020clg484-1


================================================================
== Performance Estimates
================================================================
+ Timing (ns): 
    * Summary: 
    +--------+-------+----------+------------+
    |  Clock | Target| Estimated| Uncertainty|
    +--------+-------+----------+------------+
    |ap_clk  |  10.00|      8.95|        1.25|
    +--------+-------+----------+------------+

+ Latency (clock cycles): 
    * Summary: 
    +---------+-----------+---------+-----------+---------+
    |       Latency       |       Interval      | Pipeline|
    |   min   |    max    |   min   |    max    |   Type  |
    +---------+-----------+---------+-----------+---------+
    |  1464529|  433885023|  1464530|  433885024|   none  |
    +---------+-----------+---------+-----------+---------+

    + Detail: 
        * Instance: 
        +-------------------------------------+--------------------------+--------+-----------+--------+-----------+---------+
        |                                     |                          |       Latency      |      Interval      | Pipeline|
        |               Instance              |          Module          |   min  |    max    |   min  |    max    |   Type  |
        +-------------------------------------+--------------------------+--------+-----------+--------+-----------+---------+
        |grp_voicerec_processChunk_fu_86      |voicerec_processChunk     |   18841|    2908095|   18841|    2908095|   none  |
        |grp_voicerec_classifySound_fu_111    |voicerec_classifySound    |  251091|     251091|  251091|     251091|   none  |
        |grp_voicerec_preprocessSound_fu_127  |voicerec_preprocessSound  |   64012|  256240012|   64012|  256240012|   none  |
        +-------------------------------------+--------------------------+--------+-----------+--------+-----------+---------+

        * Loop: 
        +----------+---------+-----------+-----------------+-----------+-----------+------+----------+
        |          |       Latency       |    Iteration    |  Initiation Interval  | Trip |          |
        | Loop Name|   min   |    max    |     Latency     |  achieved |   target  | Count| Pipelined|
        +----------+---------+-----------+-----------------+-----------+-----------+------+----------+
        |- Loop 1  |  1149423|  177393917| 18843 ~ 2908097 |          -|          -|    61|    no    |
        +----------+---------+-----------+-----------------+-----------+-----------+------+----------+



================================================================
== Utilization Estimates
================================================================
* Summary: 
+-----------------+---------+-------+--------+-------+
|       Name      | BRAM_18K| DSP48E|   FF   |  LUT  |
+-----------------+---------+-------+--------+-------+
|Expression       |        -|      -|       0|     22|
|FIFO             |        -|      -|       -|      -|
|Instance         |       85|    114|   15753|  24910|
|Memory           |       36|      -|       0|      0|
|Multiplexer      |        -|      -|       -|     49|
|Register         |        -|      -|      46|      -|
+-----------------+---------+-------+--------+-------+
|Total            |      121|    114|   15799|  24981|
+-----------------+---------+-------+--------+-------+
|Available        |      280|    220|  106400|  53200|
+-----------------+---------+-------+--------+-------+
|Utilization (%)  |       43|     51|      14|     46|
+-----------------+---------+-------+--------+-------+

+ Detail: 
    * Instance: 
    +-------------------------------------+--------------------------+---------+-------+------+-------+
    |               Instance              |          Module          | BRAM_18K| DSP48E|  FF  |  LUT  |
    +-------------------------------------+--------------------------+---------+-------+------+-------+
    |grp_voicerec_classifySound_fu_111    |voicerec_classifySound    |       69|     34|  7077|  10161|
    |grp_voicerec_preprocessSound_fu_127  |voicerec_preprocessSound  |        0|      0|   499|   1318|
    |grp_voicerec_processChunk_fu_86      |voicerec_processChunk     |       16|     80|  8177|  13431|
    +-------------------------------------+--------------------------+---------+-------+------+-------+
    |Total                                |                          |       85|    114| 15753|  24910|
    +-------------------------------------+--------------------------+---------+-------+------+-------+

    * Memory: 
    +------------+-------------------+---------+---+----+------+-----+------+-------------+
    |   Memory   |       Module      | BRAM_18K| FF| LUT| Words| Bits| Banks| W*Bits*Banks|
    +------------+-------------------+---------+---+----+------+-----+------+-------------+
    |outSound_U  |voicerec_outSound  |       32|  0|   0|  8000|   64|     1|       512000|
    |result_U    |voicerec_result    |        4|  0|   0|   882|   64|     1|        56448|
    +------------+-------------------+---------+---+----+------+-----+------+-------------+
    |Total       |                   |       36|  0|   0|  8882|  128|     2|       568448|
    +------------+-------------------+---------+---+----+------+-----+------+-------------+

    * FIFO: 
    N/A

    * Expression: 
    +---------------------+----------+-------+---+----+------------+------------+
    |    Variable Name    | Operation| DSP48E| FF| LUT| Bitwidth P0| Bitwidth P1|
    +---------------------+----------+-------+---+----+------------+------------+
    |i_1_fu_147_p2        |     +    |      0|  0|  13|          13|           8|
    |index_1_fu_141_p2    |     +    |      0|  0|   6|           6|           1|
    |exitcond1_fu_135_p2  |   icmp   |      0|  0|   3|           6|           3|
    +---------------------+----------+-------+---+----+------------+------------+
    |Total                |          |      0|  0|  22|          25|          12|
    +---------------------+----------+-------+---+----+------------+------------+

    * Multiplexer: 
    +-------------------+----+-----------+-----+-----------+
    |        Name       | LUT| Input Size| Bits| Total Bits|
    +-------------------+----+-----------+-----+-----------+
    |ap_NS_fsm          |   1|          6|    1|          6|
    |i_reg_62           |  13|          2|   13|         26|
    |inSound_ce0        |   1|          2|    1|          2|
    |inSound_we0        |   1|          2|    1|          2|
    |index_reg_74       |   6|          2|    6|         12|
    |outSound_address0  |  13|          3|   13|         39|
    |outSound_ce0       |   1|          3|    1|          3|
    |outSound_we0       |   1|          2|    1|          2|
    |result_address0    |  10|          3|   10|         30|
    |result_ce0         |   1|          3|    1|          3|
    |result_we0         |   1|          2|    1|          2|
    +-------------------+----+-----------+-----+-----------+
    |Total              |  49|         30|   49|        127|
    +-------------------+----+-----------+-----+-----------+

    * Register: 
    +-----------------------------------------------------------+----+----+-----+-----------+
    |                            Name                           | FF | LUT| Bits| Const Bits|
    +-----------------------------------------------------------+----+----+-----+-----------+
    |ap_CS_fsm                                                  |   5|   0|    5|          0|
    |grp_voicerec_classifySound_fu_111_ap_start_ap_start_reg    |   1|   0|    1|          0|
    |grp_voicerec_preprocessSound_fu_127_ap_start_ap_start_reg  |   1|   0|    1|          0|
    |grp_voicerec_processChunk_fu_86_ap_start_ap_start_reg      |   1|   0|    1|          0|
    |i_1_reg_161                                                |  13|   0|   13|          0|
    |i_reg_62                                                   |  13|   0|   13|          0|
    |index_1_reg_156                                            |   6|   0|    6|          0|
    |index_reg_74                                               |   6|   0|    6|          0|
    +-----------------------------------------------------------+----+----+-----+-----------+
    |Total                                                      |  46|   0|   46|          0|
    +-----------------------------------------------------------+----+----+-----+-----------+



================================================================
== Interface
================================================================
* Summary: 
+------------------+-----+-----+------------+--------------+--------------+
|     RTL Ports    | Dir | Bits|  Protocol  | Source Object|    C Type    |
+------------------+-----+-----+------------+--------------+--------------+
|ap_clk            |  in |    1| ap_ctrl_hs |   voicerec   | return value |
|ap_rst            |  in |    1| ap_ctrl_hs |   voicerec   | return value |
|ap_start          |  in |    1| ap_ctrl_hs |   voicerec   | return value |
|ap_done           | out |    1| ap_ctrl_hs |   voicerec   | return value |
|ap_idle           | out |    1| ap_ctrl_hs |   voicerec   | return value |
|ap_ready          | out |    1| ap_ctrl_hs |   voicerec   | return value |
|ap_return         | out |   32| ap_ctrl_hs |   voicerec   | return value |
|inSound_address0  | out |   14|  ap_memory |    inSound   |     array    |
|inSound_ce0       | out |    1|  ap_memory |    inSound   |     array    |
|inSound_we0       | out |    1|  ap_memory |    inSound   |     array    |
|inSound_d0        | out |   64|  ap_memory |    inSound   |     array    |
|inSound_q0        |  in |   64|  ap_memory |    inSound   |     array    |
+------------------+-----+-----+------------+--------------+--------------+

============================================================
+ Verbose Summary: Synthesis Manager
============================================================
InlineROM: 1
ExposeGlobal: 0
============================================================
+ Verbose Summary: CDFG Model
============================================================
IsTopModel: 1
ResetActiveHigh: 1
IsCombinational: 2
IsDatapathOnly: 2
HasWiredReturn: 1
HasMFsm: 0
HasVarLatency: 1
IsPipeline: 0
IsRtlPipelined: 0
IsInstanceOverlapped: 0
IsDontTouch: 0
HasImplIP: 0
IsGatedGlobalClock: 0


============================================================
+ Verbose Summary: Schedule
============================================================
* Number of FSM states: 5
* Pipeline: 0
* Dataflow Pipeline: 0

* FSM state transitions: 
1 --> 
	2  / true
2 --> 
	3  / true
3 --> 
	4  / (!exitcond1)
	5  / (exitcond1)
4 --> 
	3  / true
5 --> 
* FSM state operations: 

 <State 1>: 2.71ns
ST_1: outSound [1/1] 2.71ns
:3  %outSound = alloca [8000 x double], align 16

ST_1: stg_7 [2/2] 0.00ns
:4  call fastcc void @voicerec_preprocessSound([16000 x double]* %inSound, [8000 x double]* %outSound) nounwind


 <State 2>: 1.57ns
ST_2: stg_8 [1/1] 0.00ns
:0  call void (...)* @_ssdm_op_SpecBitsMap([16000 x double]* %inSound) nounwind, !map !56

ST_2: stg_9 [1/1] 0.00ns
:1  call void (...)* @_ssdm_op_SpecBitsMap(i32 0) nounwind, !map !62

ST_2: stg_10 [1/1] 0.00ns
:2  call void (...)* @_ssdm_op_SpecTopModule([9 x i8]* @voicerec_str) nounwind

ST_2: stg_11 [1/2] 0.00ns
:4  call fastcc void @voicerec_preprocessSound([16000 x double]* %inSound, [8000 x double]* %outSound) nounwind

ST_2: stg_12 [1/1] 1.57ns
:5  br label %1


 <State 3>: 1.96ns
ST_3: i [1/1] 0.00ns
:0  %i = phi i13 [ 0, %0 ], [ %i_1, %2 ]

ST_3: index [1/1] 0.00ns
:1  %index = phi i6 [ 0, %0 ], [ %index_1, %2 ]

ST_3: exitcond1 [1/1] 1.94ns
:2  %exitcond1 = icmp eq i6 %index, -3

ST_3: empty [1/1] 0.00ns
:3  %empty = call i32 (...)* @_ssdm_op_SpecLoopTripCount(i64 61, i64 61, i64 61) nounwind

ST_3: index_1 [1/1] 1.72ns
:4  %index_1 = add i6 %index, 1

ST_3: stg_18 [1/1] 0.00ns
:5  br i1 %exitcond1, label %3, label %2

ST_3: stg_19 [2/2] 0.00ns
:0  call fastcc void @voicerec_processChunk(i13 %i, [882 x double]* nocapture @result, i6 %index, [8000 x double]* nocapture %outSound) nounwind

ST_3: i_1 [1/1] 1.96ns
:1  %i_1 = add i13 %i, 128

ST_3: classification [2/2] 0.00ns
:0  %classification = call fastcc i32 @voicerec_classifySound() nounwind


 <State 4>: 0.00ns
ST_4: stg_22 [1/2] 0.00ns
:0  call fastcc void @voicerec_processChunk(i13 %i, [882 x double]* nocapture @result, i6 %index, [8000 x double]* nocapture %outSound) nounwind

ST_4: stg_23 [1/1] 0.00ns
:2  br label %1


 <State 5>: 0.00ns
ST_5: classification [1/2] 0.00ns
:0  %classification = call fastcc i32 @voicerec_classifySound() nounwind

ST_5: stg_25 [1/1] 0.00ns
:1  ret i32 %classification



============================================================
+ Verbose Summary: Binding
============================================================
STG Binding: 
---------------- STG Properties BEGIN ----------------
- Is combinational: 0
- Is one-state seq: 0
- Is datapath-only: 0
- Is clock enabled: 0
- Is pipelined: 0
- Is top level: 1
Port [ Return ] is wired: 1; IO mode=ap_ctrl_hs:ce=0
Port [ inSound]:  wired=1; compound=1; hidden=0; nouse=0; global=0; static=0; extern=0; dir=2; type=1; mode=0x29a47ad0; pingpong=0; private_global=0; MemPort=[23]; IO mode=ap_memory:ce=0
Port [ c]:  wired=0; compound=1; hidden=1; nouse=1; global=1; static=0; extern=0; dir=2; type=1; mode=0x29a43290; pingpong=0; private_global=0; linkage=0; visibility=0; MemPort=[22]; IO mode=ap_memory:ce=0
Port [ cosVec]:  wired=0; compound=1; hidden=1; nouse=1; global=1; static=1; extern=0; dir=0; type=1; mode=0x1d9659f0; pingpong=0; private_global=0; linkage=7; visibility=0; MemPort=[1]; IO mode=ap_memory:ce=0
Port [ sinVec]:  wired=0; compound=1; hidden=1; nouse=1; global=1; static=1; extern=0; dir=0; type=1; mode=0x2fc673d0; pingpong=0; private_global=0; linkage=7; visibility=0; MemPort=[1]; IO mode=ap_memory:ce=0
Port [ d]:  wired=0; compound=1; hidden=1; nouse=1; global=1; static=0; extern=0; dir=2; type=1; mode=0x2fc679a0; pingpong=0; private_global=0; linkage=0; visibility=0; MemPort=[23]; IO mode=ap_memory:ce=0
Port [ e]:  wired=0; compound=1; hidden=1; nouse=1; global=1; static=0; extern=0; dir=2; type=1; mode=0x2fc67f70; pingpong=0; private_global=0; linkage=0; visibility=0; MemPort=[23]; IO mode=ap_memory:ce=0
Port [ mell]:  wired=0; compound=1; hidden=1; nouse=1; global=1; static=1; extern=0; dir=0; type=1; mode=0x2fc68540; pingpong=0; private_global=0; linkage=7; visibility=0; MemPort=[1]; IO mode=ap_memory:ce=0
Port [ dctMatrix]:  wired=0; compound=1; hidden=1; nouse=1; global=1; static=1; extern=0; dir=0; type=1; mode=0x2fc68b10; pingpong=0; private_global=0; linkage=7; visibility=0; MemPort=[1]; IO mode=ap_memory:ce=0
Port [ result]:  wired=0; compound=1; hidden=1; nouse=0; global=1; static=0; extern=0; dir=2; type=1; mode=0x2fc6dfe0; pingpong=0; private_global=1; linkage=0; visibility=0; MemPort=[23]; IO mode=ap_memory:ce=0
Port [ input_r]:  wired=0; compound=1; hidden=1; nouse=1; global=1; static=0; extern=0; dir=2; type=1; mode=0x2fc6fcc0; pingpong=0; private_global=0; linkage=0; visibility=0; MemPort=[23]; IO mode=ap_memory:ce=0
Port [ hidden]:  wired=0; compound=1; hidden=1; nouse=1; global=1; static=0; extern=0; dir=2; type=1; mode=0x2fc72420; pingpong=0; private_global=0; linkage=0; visibility=0; MemPort=[23]; IO mode=ap_memory:ce=0
Port [ weightIH]:  wired=0; compound=1; hidden=1; nouse=1; global=1; static=0; extern=0; dir=0; type=1; mode=0x2fc74010; pingpong=0; private_global=0; linkage=0; visibility=0; MemPort=[1]; IO mode=ap_memory:ce=0
Port [ output_r]:  wired=0; compound=1; hidden=1; nouse=1; global=1; static=0; extern=0; dir=2; type=1; mode=0x2fc78840; pingpong=0; private_global=0; linkage=0; visibility=0; MemPort=[23]; IO mode=ap_memory:ce=0
Port [ weightHO]:  wired=0; compound=1; hidden=1; nouse=1; global=1; static=0; extern=0; dir=0; type=1; mode=0x2fc79f50; pingpong=0; private_global=0; linkage=0; visibility=0; MemPort=[1]; IO mode=ap_memory:ce=0
---------------- STG Properties END ------------------

---------------- Datapath Model BEGIN ----------------

<LifeTime>
<method=bitvector/>
outSound       (alloca           ) [ 001110]
stg_8          (specbitsmap      ) [ 000000]
stg_9          (specbitsmap      ) [ 000000]
stg_10         (spectopmodule    ) [ 000000]
stg_11         (call             ) [ 000000]
stg_12         (br               ) [ 001110]
i              (phi              ) [ 000110]
index          (phi              ) [ 000110]
exitcond1      (icmp             ) [ 000110]
empty          (speclooptripcount) [ 000000]
index_1        (add              ) [ 001110]
stg_18         (br               ) [ 000000]
i_1            (add              ) [ 001110]
stg_22         (call             ) [ 000000]
stg_23         (br               ) [ 001110]
classification (call             ) [ 000000]
stg_25         (ret              ) [ 000000]
</LifeTime>

<model>

<comp_list>
<comp id="0" class="1000" name="inSound">
<pin_list>
<pin id="1" dir="1" index="0" bw="1" slack="0"/>
</pin_list>
<bind>
<StgValue><ssdm name="inSound"/><MemPortTyVec>2 3 </MemPortTyVec>
</StgValue>
</bind>
</comp>

<comp id="2" class="1000" name="c">
<pin_list>
<pin id="3" dir="1" index="0" bw="1" slack="0"/>
</pin_list>
<bind>
<StgValue><ssdm name="c"/><MemPortTyVec>2 2 </MemPortTyVec>
</StgValue>
</bind>
</comp>

<comp id="4" class="1000" name="cosVec">
<pin_list>
<pin id="5" dir="1" index="0" bw="1" slack="0"/>
</pin_list>
<bind>
<StgValue><ssdm name="cosVec"/><MemPortTyVec>1 </MemPortTyVec>
</StgValue>
</bind>
</comp>

<comp id="6" class="1000" name="sinVec">
<pin_list>
<pin id="7" dir="1" index="0" bw="1" slack="0"/>
</pin_list>
<bind>
<StgValue><ssdm name="sinVec"/><MemPortTyVec>1 </MemPortTyVec>
</StgValue>
</bind>
</comp>

<comp id="8" class="1000" name="d">
<pin_list>
<pin id="9" dir="1" index="0" bw="1" slack="0"/>
</pin_list>
<bind>
<StgValue><ssdm name="d"/><MemPortTyVec>2 3 </MemPortTyVec>
</StgValue>
</bind>
</comp>

<comp id="10" class="1000" name="e">
<pin_list>
<pin id="11" dir="1" index="0" bw="1" slack="0"/>
</pin_list>
<bind>
<StgValue><ssdm name="e"/><MemPortTyVec>2 3 </MemPortTyVec>
</StgValue>
</bind>
</comp>

<comp id="12" class="1000" name="mell">
<pin_list>
<pin id="13" dir="1" index="0" bw="1" slack="0"/>
</pin_list>
<bind>
<StgValue><ssdm name="mell"/><MemPortTyVec>1 </MemPortTyVec>
</StgValue>
</bind>
</comp>

<comp id="14" class="1000" name="dctMatrix">
<pin_list>
<pin id="15" dir="1" index="0" bw="1" slack="0"/>
</pin_list>
<bind>
<StgValue><ssdm name="dctMatrix"/><MemPortTyVec>1 </MemPortTyVec>
</StgValue>
</bind>
</comp>

<comp id="16" class="1000" name="result">
<pin_list>
<pin id="17" dir="1" index="0" bw="1" slack="0"/>
</pin_list>
<bind>
<StgValue><ssdm name="result"/><MemPortTyVec>2 3 </MemPortTyVec>
</StgValue>
</bind>
</comp>

<comp id="18" class="1000" name="input_r">
<pin_list>
<pin id="19" dir="1" index="0" bw="1" slack="0"/>
</pin_list>
<bind>
<StgValue><ssdm name="input_r"/><MemPortTyVec>2 3 </MemPortTyVec>
</StgValue>
</bind>
</comp>

<comp id="20" class="1000" name="hidden">
<pin_list>
<pin id="21" dir="1" index="0" bw="1" slack="0"/>
</pin_list>
<bind>
<StgValue><ssdm name="hidden"/><MemPortTyVec>2 3 </MemPortTyVec>
</StgValue>
</bind>
</comp>

<comp id="22" class="1000" name="weightIH">
<pin_list>
<pin id="23" dir="1" index="0" bw="1" slack="0"/>
</pin_list>
<bind>
<StgValue><ssdm name="weightIH"/><MemPortTyVec>1 </MemPortTyVec>
</StgValue>
</bind>
</comp>

<comp id="24" class="1000" name="output_r">
<pin_list>
<pin id="25" dir="1" index="0" bw="1" slack="0"/>
</pin_list>
<bind>
<StgValue><ssdm name="output_r"/><MemPortTyVec>2 3 </MemPortTyVec>
</StgValue>
</bind>
</comp>

<comp id="26" class="1000" name="weightHO">
<pin_list>
<pin id="27" dir="1" index="0" bw="1" slack="0"/>
</pin_list>
<bind>
<StgValue><ssdm name="weightHO"/><MemPortTyVec>1 </MemPortTyVec>
</StgValue>
</bind>
</comp>

<comp id="28" class="1001" name="const_28">
<pin_list>
<pin id="29" dir="1" index="0" bw="1" slack="0"/>
</pin_list>
<bind>
<StgValue><ssdm name=""/></StgValue>
</bind>
</comp>

<comp id="30" class="1001" name="const_30">
<pin_list>
<pin id="31" dir="1" index="0" bw="1" slack="0"/>
</pin_list>
<bind>
<StgValue><ssdm name="voicerec_preprocessSound"/></StgValue>
</bind>
</comp>

<comp id="32" class="1001" name="const_32">
<pin_list>
<pin id="33" dir="1" index="0" bw="1" slack="2147483647"/>
</pin_list>
<bind>
<StgValue><ssdm name="_ssdm_op_SpecBitsMap"/></StgValue>
</bind>
</comp>

<comp id="34" class="1001" name="const_34">
<pin_list>
<pin id="35" dir="1" index="0" bw="1" slack="2147483647"/>
</pin_list>
<bind>
<StgValue><ssdm name=""/></StgValue>
</bind>
</comp>

<comp id="36" class="1001" name="const_36">
<pin_list>
<pin id="37" dir="1" index="0" bw="1" slack="2147483647"/>
</pin_list>
<bind>
<StgValue><ssdm name="_ssdm_op_SpecTopModule"/></StgValue>
</bind>
</comp>

<comp id="38" class="1001" name="const_38">
<pin_list>
<pin id="39" dir="1" index="0" bw="1" slack="2147483647"/>
</pin_list>
<bind>
<StgValue><ssdm name="voicerec_str"/></StgValue>
</bind>
</comp>

<comp id="40" class="1001" name="const_40">
<pin_list>
<pin id="41" dir="1" index="0" bw="1" slack="1"/>
</pin_list>
<bind>
<StgValue><ssdm name=""/></StgValue>
</bind>
</comp>

<comp id="42" class="1001" name="const_42">
<pin_list>
<pin id="43" dir="1" index="0" bw="1" slack="1"/>
</pin_list>
<bind>
<StgValue><ssdm name=""/></StgValue>
</bind>
</comp>

<comp id="44" class="1001" name="const_44">
<pin_list>
<pin id="45" dir="1" index="0" bw="1" slack="0"/>
</pin_list>
<bind>
<StgValue><ssdm name=""/></StgValue>
</bind>
</comp>

<comp id="46" class="1001" name="const_46">
<pin_list>
<pin id="47" dir="1" index="0" bw="1" slack="2147483647"/>
</pin_list>
<bind>
<StgValue><ssdm name="_ssdm_op_SpecLoopTripCount"/></StgValue>
</bind>
</comp>

<comp id="48" class="1001" name="const_48">
<pin_list>
<pin id="49" dir="1" index="0" bw="1" slack="2147483647"/>
</pin_list>
<bind>
<StgValue><ssdm name=""/></StgValue>
</bind>
</comp>

<comp id="50" class="1001" name="const_50">
<pin_list>
<pin id="51" dir="1" index="0" bw="1" slack="0"/>
</pin_list>
<bind>
<StgValue><ssdm name=""/></StgValue>
</bind>
</comp>

<comp id="52" class="1001" name="const_52">
<pin_list>
<pin id="53" dir="1" index="0" bw="1" slack="0"/>
</pin_list>
<bind>
<StgValue><ssdm name="voicerec_processChunk"/></StgValue>
</bind>
</comp>

<comp id="54" class="1001" name="const_54">
<pin_list>
<pin id="55" dir="1" index="0" bw="1" slack="0"/>
</pin_list>
<bind>
<StgValue><ssdm name=""/></StgValue>
</bind>
</comp>

<comp id="56" class="1001" name="const_56">
<pin_list>
<pin id="57" dir="1" index="0" bw="1" slack="0"/>
</pin_list>
<bind>
<StgValue><ssdm name="voicerec_classifySound"/></StgValue>
</bind>
</comp>

<comp id="58" class="1004" name="outSound_alloca_fu_58">
<pin_list>
<pin id="59" dir="0" index="0" bw="1" slack="0"/>
<pin id="60" dir="1" index="1" bw="64" slack="0"/>
</pin_list>
<bind>
<opcode="alloca(26) " fcode="alloca"/>
<opset="outSound/1 "/>
</bind>
</comp>

<comp id="62" class="1005" name="i_reg_62">
<pin_list>
<pin id="63" dir="0" index="0" bw="13" slack="1"/>
<pin id="64" dir="1" index="1" bw="13" slack="1"/>
</pin_list>
<bind>
<opset="i (phireg) "/>
</bind>
</comp>

<comp id="66" class="1004" name="i_phi_fu_66">
<pin_list>
<pin id="67" dir="0" index="0" bw="1" slack="1"/>
<pin id="68" dir="0" index="1" bw="0" slack="2147483647"/>
<pin id="69" dir="0" index="2" bw="13" slack="0"/>
<pin id="70" dir="0" index="3" bw="0" slack="2147483647"/>
<pin id="71" dir="1" index="4" bw="13" slack="0"/>
</pin_list>
<bind>
<opcode="phi(47) " fcode="phi"/>
<opset="i/3 "/>
</bind>
</comp>

<comp id="74" class="1005" name="index_reg_74">
<pin_list>
<pin id="75" dir="0" index="0" bw="6" slack="1"/>
<pin id="76" dir="1" index="1" bw="6" slack="1"/>
</pin_list>
<bind>
<opset="index (phireg) "/>
</bind>
</comp>

<comp id="78" class="1004" name="index_phi_fu_78">
<pin_list>
<pin id="79" dir="0" index="0" bw="1" slack="1"/>
<pin id="80" dir="0" index="1" bw="0" slack="2147483647"/>
<pin id="81" dir="0" index="2" bw="6" slack="0"/>
<pin id="82" dir="0" index="3" bw="0" slack="2147483647"/>
<pin id="83" dir="1" index="4" bw="6" slack="0"/>
</pin_list>
<bind>
<opcode="phi(47) " fcode="phi"/>
<opset="index/3 "/>
</bind>
</comp>

<comp id="86" class="1004" name="grp_voicerec_processChunk_fu_86">
<pin_list>
<pin id="87" dir="0" index="0" bw="0" slack="0"/>
<pin id="88" dir="0" index="1" bw="13" slack="0"/>
<pin id="89" dir="0" index="2" bw="64" slack="0"/>
<pin id="90" dir="0" index="3" bw="6" slack="0"/>
<pin id="91" dir="0" index="4" bw="64" slack="2147483647"/>
<pin id="92" dir="0" index="5" bw="64" slack="0"/>
<pin id="93" dir="0" index="6" bw="64" slack="0"/>
<pin id="94" dir="0" index="7" bw="64" slack="0"/>
<pin id="95" dir="0" index="8" bw="64" slack="0"/>
<pin id="96" dir="0" index="9" bw="64" slack="0"/>
<pin id="97" dir="0" index="10" bw="8" slack="0"/>
<pin id="98" dir="0" index="11" bw="64" slack="0"/>
<pin id="99" dir="1" index="12" bw="0" slack="2147483647"/>
</pin_list>
<bind>
<opcode="call(48) " fcode="call"/>
<opset="stg_19/3 "/>
</bind>
</comp>

<comp id="111" class="1004" name="grp_voicerec_classifySound_fu_111">
<pin_list>
<pin id="112" dir="0" index="0" bw="32" slack="0"/>
<pin id="113" dir="0" index="1" bw="64" slack="0"/>
<pin id="114" dir="0" index="2" bw="32" slack="0"/>
<pin id="115" dir="0" index="3" bw="32" slack="0"/>
<pin id="116" dir="0" index="4" bw="32" slack="0"/>
<pin id="117" dir="0" index="5" bw="32" slack="0"/>
<pin id="118" dir="0" index="6" bw="32" slack="0"/>
<pin id="119" dir="1" index="7" bw="32" slack="2147483647"/>
</pin_list>
<bind>
<opcode="call(48) " fcode="call"/>
<opset="classification/3 "/>
</bind>
</comp>

<comp id="127" class="1004" name="grp_voicerec_preprocessSound_fu_127">
<pin_list>
<pin id="128" dir="0" index="0" bw="0" slack="0"/>
<pin id="129" dir="0" index="1" bw="64" slack="0"/>
<pin id="130" dir="0" index="2" bw="64" slack="0"/>
<pin id="131" dir="1" index="3" bw="0" slack="2147483647"/>
</pin_list>
<bind>
<opcode="call(48) " fcode="call"/>
<opset="stg_7/1 "/>
</bind>
</comp>

<comp id="135" class="1004" name="exitcond1_fu_135">
<pin_list>
<pin id="136" dir="0" index="0" bw="6" slack="0"/>
<pin id="137" dir="0" index="1" bw="6" slack="0"/>
<pin id="138" dir="1" index="2" bw="1" slack="2147483647"/>
</pin_list>
<bind>
<opcode="icmp(45) " fcode="icmp"/>
<opset="exitcond1/3 "/>
</bind>
</comp>

<comp id="141" class="1004" name="index_1_fu_141">
<pin_list>
<pin id="142" dir="0" index="0" bw="6" slack="0"/>
<pin id="143" dir="0" index="1" bw="1" slack="0"/>
<pin id="144" dir="1" index="2" bw="6" slack="0"/>
</pin_list>
<bind>
<opcode="add(8) " fcode="add"/>
<opset="index_1/3 "/>
</bind>
</comp>

<comp id="147" class="1004" name="i_1_fu_147">
<pin_list>
<pin id="148" dir="0" index="0" bw="13" slack="0"/>
<pin id="149" dir="0" index="1" bw="9" slack="0"/>
<pin id="150" dir="1" index="2" bw="13" slack="0"/>
</pin_list>
<bind>
<opcode="add(8) " fcode="add"/>
<opset="i_1/3 "/>
</bind>
</comp>

<comp id="156" class="1005" name="index_1_reg_156">
<pin_list>
<pin id="157" dir="0" index="0" bw="6" slack="0"/>
<pin id="158" dir="1" index="1" bw="6" slack="0"/>
</pin_list>
<bind>
<opset="index_1 "/>
</bind>
</comp>

<comp id="161" class="1005" name="i_1_reg_161">
<pin_list>
<pin id="162" dir="0" index="0" bw="13" slack="0"/>
<pin id="163" dir="1" index="1" bw="13" slack="0"/>
</pin_list>
<bind>
<opset="i_1 "/>
</bind>
</comp>

</comp_list>

<net_list>
<net id="61"><net_src comp="28" pin="0"/><net_sink comp="58" pin=0"/></net>

<net id="65"><net_src comp="40" pin="0"/><net_sink comp="62" pin=0"/></net>

<net id="72"><net_src comp="62" pin="1"/><net_sink comp="66" pin=0"/></net>

<net id="73"><net_src comp="66" pin="4"/><net_sink comp="62" pin=0"/></net>

<net id="77"><net_src comp="42" pin="0"/><net_sink comp="74" pin=0"/></net>

<net id="84"><net_src comp="74" pin="1"/><net_sink comp="78" pin=0"/></net>

<net id="85"><net_src comp="78" pin="4"/><net_sink comp="74" pin=0"/></net>

<net id="100"><net_src comp="52" pin="0"/><net_sink comp="86" pin=0"/></net>

<net id="101"><net_src comp="66" pin="4"/><net_sink comp="86" pin=1"/></net>

<net id="102"><net_src comp="16" pin="0"/><net_sink comp="86" pin=2"/></net>

<net id="103"><net_src comp="78" pin="4"/><net_sink comp="86" pin=3"/></net>

<net id="104"><net_src comp="2" pin="0"/><net_sink comp="86" pin=5"/></net>

<net id="105"><net_src comp="4" pin="0"/><net_sink comp="86" pin=6"/></net>

<net id="106"><net_src comp="6" pin="0"/><net_sink comp="86" pin=7"/></net>

<net id="107"><net_src comp="8" pin="0"/><net_sink comp="86" pin=8"/></net>

<net id="108"><net_src comp="10" pin="0"/><net_sink comp="86" pin=9"/></net>

<net id="109"><net_src comp="12" pin="0"/><net_sink comp="86" pin=10"/></net>

<net id="110"><net_src comp="14" pin="0"/><net_sink comp="86" pin=11"/></net>

<net id="120"><net_src comp="56" pin="0"/><net_sink comp="111" pin=0"/></net>

<net id="121"><net_src comp="16" pin="0"/><net_sink comp="111" pin=1"/></net>

<net id="122"><net_src comp="18" pin="0"/><net_sink comp="111" pin=2"/></net>

<net id="123"><net_src comp="20" pin="0"/><net_sink comp="111" pin=3"/></net>

<net id="124"><net_src comp="22" pin="0"/><net_sink comp="111" pin=4"/></net>

<net id="125"><net_src comp="24" pin="0"/><net_sink comp="111" pin=5"/></net>

<net id="126"><net_src comp="26" pin="0"/><net_sink comp="111" pin=6"/></net>

<net id="132"><net_src comp="30" pin="0"/><net_sink comp="127" pin=0"/></net>

<net id="133"><net_src comp="0" pin="0"/><net_sink comp="127" pin=1"/></net>

<net id="134"><net_src comp="58" pin="1"/><net_sink comp="127" pin=2"/></net>

<net id="139"><net_src comp="78" pin="4"/><net_sink comp="135" pin=0"/></net>

<net id="140"><net_src comp="44" pin="0"/><net_sink comp="135" pin=1"/></net>

<net id="145"><net_src comp="78" pin="4"/><net_sink comp="141" pin=0"/></net>

<net id="146"><net_src comp="50" pin="0"/><net_sink comp="141" pin=1"/></net>

<net id="151"><net_src comp="66" pin="4"/><net_sink comp="147" pin=0"/></net>

<net id="152"><net_src comp="54" pin="0"/><net_sink comp="147" pin=1"/></net>

<net id="159"><net_src comp="141" pin="2"/><net_sink comp="156" pin=0"/></net>

<net id="160"><net_src comp="156" pin="1"/><net_sink comp="78" pin=2"/></net>

<net id="164"><net_src comp="147" pin="2"/><net_sink comp="161" pin=0"/></net>

<net id="165"><net_src comp="161" pin="1"/><net_sink comp="66" pin=2"/></net>

</net_list>

</model> 
---------------- Datapath Model END ------------------

* FSMD analyzer results:
  - Output states:
  - Chain level:
	State 1
		stg_7 : 1
	State 2
	State 3
		exitcond1 : 1
		index_1 : 1
		stg_18 : 2
		stg_19 : 1
		i_1 : 1
	State 4
	State 5
		stg_25 : 1


============================================================
+ Verbose Summary: Datapath Resource usage 
============================================================

* Functional unit list:
|----------|-------------------------------------|---------|---------|---------|---------|---------|
| Operation|           Functional Unit           |   BRAM  |  DSP48E |  Delay  |    FF   |   LUT   |
|----------|-------------------------------------|---------|---------|---------|---------|---------|
|          |   grp_voicerec_processChunk_fu_86   |    0    |    80   |  74.842 |   8497  |  12696  |
|   call   |  grp_voicerec_classifySound_fu_111  |    2    |    34   |  28.278 |   7117  |   9743  |
|          | grp_voicerec_preprocessSound_fu_127 |    0    |    0    |  14.803 |   571   |   1094  |
|----------|-------------------------------------|---------|---------|---------|---------|---------|
|    add   |            index_1_fu_141           |    0    |    0    |    0    |    0    |    6    |
|          |              i_1_fu_147             |    0    |    0    |    0    |    0    |    13   |
|----------|-------------------------------------|---------|---------|---------|---------|---------|
|   icmp   |           exitcond1_fu_135          |    0    |    0    |    0    |    0    |    3    |
|----------|-------------------------------------|---------|---------|---------|---------|---------|
|   Total  |                                     |    2    |   114   | 117.923 |  16185  |  23555  |
|----------|-------------------------------------|---------|---------|---------|---------|---------|

Memories:
+---------+--------+--------+--------+
|         |  BRAM  |   FF   |   LUT  |
+---------+--------+--------+--------+
|    c    |    4   |    0   |    0   |
|  cosVec |    2   |    0   |    0   |
|    d    |    2   |    0   |    0   |
|dctMatrix|    4   |    0   |    0   |
|    e    |    2   |    0   |    0   |
|  hidden |    0   |   64   |   13   |
| input_r |    2   |    0   |    0   |
|   mell  |    0   |    8   |    4   |
| outSound|   32   |    0   |    0   |
| output_r|    0   |   64   |    2   |
|  result |    4   |    0   |    0   |
|  sinVec |    2   |    0   |    0   |
| weightHO|    1   |    0   |    0   |
| weightIH|   64   |    0   |    0   |
+---------+--------+--------+--------+
|  Total  |   119  |   136  |   19   |
+---------+--------+--------+--------+

* Register list:
+---------------+--------+
|               |   FF   |
+---------------+--------+
|  i_1_reg_161  |   13   |
|    i_reg_62   |   13   |
|index_1_reg_156|    6   |
|  index_reg_74 |    6   |
+---------------+--------+
|     Total     |   38   |
+---------------+--------+

* Multiplexer (MUX) list: 
|--------------|------|------|------|--------||---------||---------|
|     Comp     |  Pin | Size |  BW  | S x BW ||  Delay  ||   LUT   |
|--------------|------|------|------|--------||---------||---------|
|   i_reg_62   |  p0  |   2  |  13  |   26   ||    13   |
| index_reg_74 |  p0  |   2  |   6  |   12   ||    6    |
|--------------|------|------|------|--------||---------||---------|
|     Total    |      |      |      |   38   ||  3.142  ||    19   |
|--------------|------|------|------|--------||---------||---------|



* Summary:
+-----------+--------+--------+--------+--------+--------+
|           |  BRAM  | DSP48E |  Delay |   FF   |   LUT  |
+-----------+--------+--------+--------+--------+--------+
|  Function |    2   |   114  |   117  |  16185 |  23555 |
|   Memory  |   119  |    -   |    -   |   136  |   19   |
|Multiplexer|    -   |    -   |    3   |    -   |   19   |
|  Register |    -   |    -   |    -   |   38   |    -   |
+-----------+--------+--------+--------+--------+--------+
|   Total   |   121  |   114  |   121  |  16359 |  23593 |
+-----------+--------+--------+--------+--------+--------+
