

================================================================
== Vivado HLS Report for 'voicerec_FFT'
================================================================
* Date:           Sun Dec  6 14:07:50 2015

* Version:        2015.2 (Build 1266856 on Fri Jun 26 16:57:37 PM 2015)
* Project:        voicerec.prj
* Solution:       solution1
* Product family: zynq
* Target device:  xc7z020clg484-1


================================================================
== Performance Estimates
================================================================
+ Timing (ns): 
    * Summary: 
    +--------+-------+----------+------------+
    |  Clock | Target| Estimated| Uncertainty|
    +--------+-------+----------+------------+
    |ap_clk  |  10.00|      8.23|        1.25|
    +--------+-------+----------+------------+

+ Latency (clock cycles): 
    * Summary: 
    +-----+-----+-----+-----+---------+
    |  Latency  |  Interval | Pipeline|
    | min | max | min | max |   Type  |
    +-----+-----+-----+-----+---------+
    |    ?|    ?|    ?|    ?|   none  |
    +-----+-----+-----+-----+---------+

    + Detail: 
        * Instance: 
        N/A

        * Loop: 
        +-----------------+-----+-------------+-----------------+-----------+-----------+----------------+----------+
        |                 |      Latency      |    Iteration    |  Initiation Interval  |      Trip      |          |
        |    Loop Name    | min |     max     |     Latency     |  achieved |   target  |      Count     | Pipelined|
        +-----------------+-----+-------------+-----------------+-----------+-----------+----------------+----------+
        |- Loop 1         |    ?|            ?|                ?|          -|          -|               ?|    no    |
        | + Loop 1.1      |    ?|            ?|                1|          -|          -|               ?|    no    |
        |- Loop 2         |    ?|            ?|                ?|          -|          -|               ?|    no    |
        | + Loop 2.1      |    ?|            ?| 2 ~ 23622320108 |          -|          -|               ?|    no    |
        |  ++ Loop 2.1.1  |    0|  23622320106|               22|          -|          -| 0 ~ 1073741823 |    no    |
        +-----------------+-----+-------------+-----------------+-----------+-----------+----------------+----------+



================================================================
== Utilization Estimates
================================================================
* Summary: 
+-----------------+---------+-------+--------+-------+
|       Name      | BRAM_18K| DSP48E|   FF   |  LUT  |
+-----------------+---------+-------+--------+-------+
|Expression       |        -|      -|       0|    588|
|FIFO             |        -|      -|       -|      -|
|Instance         |        -|     50|    2446|   4930|
|Memory           |        4|      -|       0|      0|
|Multiplexer      |        -|      -|       -|   1493|
|Register         |        -|      -|    1888|      -|
+-----------------+---------+-------+--------+-------+
|Total            |        4|     50|    4334|   7011|
+-----------------+---------+-------+--------+-------+
|Available        |      280|    220|  106400|  53200|
+-----------------+---------+-------+--------+-------+
|Utilization (%)  |        1|     22|       4|     13|
+-----------------+---------+-------+--------+-------+

+ Detail: 
    * Instance: 
    +----------------------------------------------+-------------------------------------------+---------+-------+-----+------+
    |                   Instance                   |                   Module                  | BRAM_18K| DSP48E|  FF |  LUT |
    +----------------------------------------------+-------------------------------------------+---------+-------+-----+------+
    |voicerec_dadddsub_64ns_64ns_64_5_full_dsp_U4  |voicerec_dadddsub_64ns_64ns_64_5_full_dsp  |        0|      3|  445|  1149|
    |voicerec_dadddsub_64ns_64ns_64_5_full_dsp_U5  |voicerec_dadddsub_64ns_64ns_64_5_full_dsp  |        0|      3|  445|  1149|
    |voicerec_dmul_64ns_64ns_64_6_max_dsp_U6       |voicerec_dmul_64ns_64ns_64_6_max_dsp       |        0|     11|  317|   578|
    |voicerec_dmul_64ns_64ns_64_6_max_dsp_U7       |voicerec_dmul_64ns_64ns_64_6_max_dsp       |        0|     11|  317|   578|
    |voicerec_dmul_64ns_64ns_64_6_max_dsp_U8       |voicerec_dmul_64ns_64ns_64_6_max_dsp       |        0|     11|  317|   578|
    |voicerec_dmul_64ns_64ns_64_6_max_dsp_U9       |voicerec_dmul_64ns_64ns_64_6_max_dsp       |        0|     11|  317|   578|
    |voicerec_sdiv_32ns_32ns_32_36_seq_U10         |voicerec_sdiv_32ns_32ns_32_36_seq          |        0|      0|  288|   320|
    +----------------------------------------------+-------------------------------------------+---------+-------+-----+------+
    |Total                                         |                                           |        0|     50| 2446|  4930|
    +----------------------------------------------+-------------------------------------------+---------+-------+-----+------+

    * Memory: 
    +----------+---------------------+---------+---+----+------+-----+------+-------------+
    |  Memory  |        Module       | BRAM_18K| FF| LUT| Words| Bits| Banks| W*Bits*Banks|
    +----------+---------------------+---------+---+----+------+-----+------+-------------+
    |cosVec_U  |voicerec_FFT_cosVec  |        2|  0|   0|   256|   64|     1|        16384|
    |sinVec_U  |voicerec_FFT_sinVec  |        2|  0|   0|   256|   64|     1|        16384|
    +----------+---------------------+---------+---+----+------+-----+------+-------------+
    |Total     |                     |        4|  0|   0|   512|  128|     2|        32768|
    +----------+---------------------+---------+---+----+------+-----+------+-------------+

    * FIFO: 
    N/A

    * Expression: 
    +-----------------------+----------+-------+---+----+------------+------------+
    |     Variable Name     | Operation| DSP48E| FF| LUT| Bitwidth P0| Bitwidth P1|
    +-----------------------+----------+-------+---+----+------------+------------+
    |j_5_fu_455_p2          |     +    |      0|  0|  32|          32|          32|
    |j_6_fu_530_p2          |     +    |      0|  0|  31|          31|           1|
    |k_3_fu_343_p2          |     +    |      0|  0|  31|          31|           1|
    |k_4_fu_545_p2          |     +    |      0|  0|  30|          30|           1|
    |p_rec_fu_628_p2        |     +    |      0|  0|  63|          63|          63|
    |sum1_fu_600_p2         |     +    |      0|  0|  11|          11|          11|
    |sum2_fu_617_p2         |     +    |      0|  0|  11|          11|          11|
    |sum8_fu_567_p2         |     +    |      0|  0|  11|          11|          11|
    |sum_fu_584_p2          |     +    |      0|  0|  11|          11|          11|
    |tmp_29_fu_471_p2       |     +    |      0|  0|  32|           2|          32|
    |tmp_40_cast_fu_595_p2  |     +    |      0|  0|  11|          11|          11|
    |j_4_fu_449_p2          |     -    |      0|  0|  32|          32|          32|
    |tmp_31_fu_443_p2       |    and   |      0|  0|   1|           1|           1|
    |icmp_fu_425_p2         |   icmp   |      0|  0|  10|          30|           1|
    |slt_fu_431_p2          |   icmp   |      0|  0|  11|          32|          32|
    |tmp_22_fu_461_p2       |   icmp   |      0|  0|  11|          32|          32|
    |tmp_32_fu_525_p2       |   icmp   |      0|  0|  11|          32|          32|
    |tmp_33_fu_540_p2       |   icmp   |      0|  0|  11|          31|          31|
    |tmp_fu_338_p2          |   icmp   |      0|  0|  11|          32|          32|
    |tmp_s_fu_349_p2        |   icmp   |      0|  0|  11|          32|          32|
    |tmp_24_fu_368_p2       |    or    |      0|  0|  44|          32|           1|
    |tmp_27_fu_390_p2       |    or    |      0|  0|  44|          32|           1|
    |tmp_39_cast_fu_578_p2  |    or    |      0|  0|  13|          11|           1|
    |tmp_42_cast_fu_611_p2  |    or    |      0|  0|  13|          11|           1|
    |rev6_fu_437_p2         |    xor   |      0|  0|   2|           1|           2|
    |wi_1_neg_fu_487_p2     |    xor   |      0|  0|  89|          64|          65|
    +-----------------------+----------+-------+---+----+------------+------------+
    |Total                  |          |      0|  0| 588|         649|         481|
    +-----------------------+----------+-------+---+----+------------+------------+

    * Multiplexer: 
    +-------------------+-----+-----------+-----+-----------+
    |        Name       | LUT | Input Size| Bits| Total Bits|
    +-------------------+-----+-----------+-----+-----------+
    |ap_NS_fsm          |  147|         66|    1|         66|
    |c_address0         |   18|          8|    9|         72|
    |c_address1         |   18|          8|    9|         72|
    |c_d0               |   64|          5|   64|        320|
    |c_d1               |   64|          5|   64|        320|
    |cp_0_rec_reg_222   |   63|          2|   63|        126|
    |d_1_reg_234        |   64|          2|   64|        128|
    |grp_fu_269_opcode  |    2|          3|    2|          6|
    |grp_fu_269_p0      |   64|          5|   64|        320|
    |grp_fu_269_p1      |   64|          5|   64|        320|
    |grp_fu_273_opcode  |    2|          3|    2|          6|
    |grp_fu_273_p0      |   64|          5|   64|        320|
    |grp_fu_273_p1      |   64|          5|   64|        320|
    |grp_fu_277_p0      |   64|          3|   64|        192|
    |grp_fu_277_p1      |   64|          3|   64|        192|
    |grp_fu_282_p0      |   64|          3|   64|        192|
    |grp_fu_282_p1      |   64|          3|   64|        192|
    |grp_fu_287_p0      |   64|          3|   64|        192|
    |grp_fu_287_p1      |   64|          3|   64|        192|
    |grp_fu_292_p0      |   64|          3|   64|        192|
    |grp_fu_292_p1      |   64|          3|   64|        192|
    |j_1_reg_180        |   32|          2|   32|         64|
    |j_2_reg_211        |   31|          2|   31|         62|
    |j_reg_168          |   32|          2|   32|         64|
    |k_1_reg_246        |   30|          2|   30|         60|
    |k_reg_157          |   31|          2|   31|         62|
    |n_0_in_reg_190     |   32|          2|   32|         64|
    |n_1_reg_199        |   31|          2|   31|         62|
    |wik_reg_257        |   64|          2|   64|        128|
    +-------------------+-----+-----------+-----+-----------+
    |Total              | 1493|        162| 1329|       4498|
    +-------------------+-----+-----------+-----+-----------+

    * Register: 
    +---------------------+----+----+-----+-----------+
    |         Name        | FF | LUT| Bits| Const Bits|
    +---------------------+----+----+-----+-----------+
    |ap_CS_fsm            |  65|   0|   65|          0|
    |c_addr_1_reg_658     |   8|   0|    9|          1|
    |c_addr_2_reg_663     |   8|   0|    9|          1|
    |c_addr_3_reg_668     |   8|   0|    9|          1|
    |c_addr_4_reg_757     |   9|   0|    9|          0|
    |c_addr_5_reg_762     |   9|   0|    9|          0|
    |c_addr_6_reg_767     |   9|   0|    9|          0|
    |c_addr_7_reg_772     |   9|   0|    9|          0|
    |c_addr_reg_653       |   8|   0|    9|          1|
    |cp_0_rec_reg_222     |  63|   0|   63|          0|
    |d_1_reg_234          |  64|   0|   64|          0|
    |j_1_reg_180          |  32|   0|   32|          0|
    |j_2_reg_211          |  31|   0|   31|          0|
    |j_6_reg_744          |  31|   0|   31|          0|
    |j_reg_168            |  32|   0|   32|          0|
    |k_1_reg_246          |  30|   0|   30|          0|
    |k_3_reg_644          |  31|   0|   31|          0|
    |k_4_reg_752          |  30|   0|   30|          0|
    |k_reg_157            |  31|   0|   31|          0|
    |n_0_in_reg_190       |  32|   0|   32|          0|
    |n_1_reg_199          |  31|   0|   32|          1|
    |n_2_reg_726          |  30|   0|   32|          2|
    |nb_reg_716           |  32|   0|   32|          0|
    |reg_301              |  64|   0|   64|          0|
    |reg_310              |  64|   0|   64|          0|
    |reg_319              |  64|   0|   64|          0|
    |reg_327              |  64|   0|   64|          0|
    |tmp_10_reg_736       |  10|   0|   11|          1|
    |tmp_31_cast_reg_731  |  61|   0|   63|          2|
    |tmp_35_reg_802       |  64|   0|   64|          0|
    |tmp_36_reg_807       |  64|   0|   64|          0|
    |tmp_37_reg_812       |  64|   0|   64|          0|
    |tmp_38_reg_817       |  64|   0|   64|          0|
    |tmp_3_reg_721        |  31|   0|   31|          0|
    |tmp_41_reg_832       |  64|   0|   64|          0|
    |tmp_43_reg_782       |  64|   0|   64|          0|
    |tmp_44_reg_787       |  64|   0|   64|          0|
    |tmp_45_reg_792       |  64|   0|   64|          0|
    |tmp_46_reg_797       |  64|   0|   64|          0|
    |tmp_s_reg_649        |   1|   0|    1|          0|
    |wi_1_reg_710         |  64|   0|   64|          0|
    |wik_1_reg_827        |  64|   0|   64|          0|
    |wik_reg_257          |  64|   0|   64|          0|
    |wr_reg_704           |  64|   0|   64|          0|
    |wrk_reg_822          |  64|   0|   64|          0|
    +---------------------+----+----+-----+-----------+
    |Total                |1888|   0| 1898|         10|
    +---------------------+----+----+-----+-----------+



================================================================
== Interface
================================================================
* Summary: 
+------------+-----+-----+------------+--------------+--------------+
|  RTL Ports | Dir | Bits|  Protocol  | Source Object|    C Type    |
+------------+-----+-----+------------+--------------+--------------+
|ap_clk      |  in |    1| ap_ctrl_hs | voicerec_FFT | return value |
|ap_rst      |  in |    1| ap_ctrl_hs | voicerec_FFT | return value |
|ap_start    |  in |    1| ap_ctrl_hs | voicerec_FFT | return value |
|ap_done     | out |    1| ap_ctrl_hs | voicerec_FFT | return value |
|ap_idle     | out |    1| ap_ctrl_hs | voicerec_FFT | return value |
|ap_ready    | out |    1| ap_ctrl_hs | voicerec_FFT | return value |
|c_address0  | out |    9|  ap_memory |       c      |     array    |
|c_ce0       | out |    1|  ap_memory |       c      |     array    |
|c_we0       | out |    1|  ap_memory |       c      |     array    |
|c_d0        | out |   64|  ap_memory |       c      |     array    |
|c_q0        |  in |   64|  ap_memory |       c      |     array    |
|c_address1  | out |    9|  ap_memory |       c      |     array    |
|c_ce1       | out |    1|  ap_memory |       c      |     array    |
|c_we1       | out |    1|  ap_memory |       c      |     array    |
|c_d1        | out |   64|  ap_memory |       c      |     array    |
|c_q1        |  in |   64|  ap_memory |       c      |     array    |
|N           |  in |   32|   ap_none  |       N      |    scalar    |
+------------+-----+-----+------------+--------------+--------------+

