

================================================================
== Vivado HLS Report for 'voicerec_preprocessSound'
================================================================
* Date:           Sun Dec  6 14:07:49 2015

* Version:        2015.2 (Build 1266856 on Fri Jun 26 16:57:37 PM 2015)
* Project:        voicerec.prj
* Solution:       solution1
* Product family: zynq
* Target device:  xc7z020clg484-1


================================================================
== Performance Estimates
================================================================
+ Timing (ns): 
    * Summary: 
    +--------+-------+----------+------------+
    |  Clock | Target| Estimated| Uncertainty|
    +--------+-------+----------+------------+
    |ap_clk  |  10.00|      8.20|        1.25|
    +--------+-------+----------+------------+

+ Latency (clock cycles): 
    * Summary: 
    +-----+-----+-----+-----+---------+
    |  Latency  |  Interval | Pipeline|
    | min | max | min | max |   Type  |
    +-----+-----+-----+-----+---------+
    |    ?|    ?|    ?|    ?|   none  |
    +-----+-----+-----+-----+---------+

    + Detail: 
        * Instance: 
        N/A

        * Loop: 
        +-------------+-----+-------+----------+-----------+-----------+-----------+----------+
        |             |   Latency   | Iteration|  Initiation Interval  |    Trip   |          |
        |  Loop Name  | min |  max  |  Latency |  achieved |   target  |   Count   | Pipelined|
        +-------------+-----+-------+----------+-----------+-----------+-----------+----------+
        |- Loop 1     |    4|  64003|         4|          -|          -| 1 ~ 16000 |    no    |
        |- Loop 2     |    4|  64003|         4|          -|          -| 1 ~ 16000 |    no    |
        |- Loop 3     |    ?|      ?|         ?|          -|          -|          ?|    no    |
        | + Loop 3.1  |    ?|      ?|         1|          -|          -|          ?|    no    |
        |- Loop 4     |    ?|      ?|         3|          -|          -|          ?|    no    |
        +-------------+-----+-------+----------+-----------+-----------+-----------+----------+



================================================================
== Utilization Estimates
================================================================
* Summary: 
+-----------------+---------+-------+--------+-------+
|       Name      | BRAM_18K| DSP48E|   FF   |  LUT  |
+-----------------+---------+-------+--------+-------+
|Expression       |        -|      -|       0|    437|
|FIFO             |        -|      -|       -|      -|
|Instance         |        -|      0|     130|    469|
|Memory           |        -|      -|       -|      -|
|Multiplexer      |        -|      -|       -|    472|
|Register         |        -|      -|     521|      -|
+-----------------+---------+-------+--------+-------+
|Total            |        0|      0|     651|   1378|
+-----------------+---------+-------+--------+-------+
|Available        |      280|    220|  106400|  53200|
+-----------------+---------+-------+--------+-------+
|Utilization (%)  |        0|      0|   ~0   |      2|
+-----------------+---------+-------+--------+-------+

+ Detail: 
    * Instance: 
    +--------------------------------+-----------------------------+---------+-------+-----+-----+
    |            Instance            |            Module           | BRAM_18K| DSP48E|  FF | LUT |
    +--------------------------------+-----------------------------+---------+-------+-----+-----+
    |voicerec_dcmp_64ns_64ns_1_1_U1  |voicerec_dcmp_64ns_64ns_1_1  |        0|      0|  130|  469|
    +--------------------------------+-----------------------------+---------+-------+-----+-----+
    |Total                           |                             |        0|      0|  130|  469|
    +--------------------------------+-----------------------------+---------+-------+-----+-----+

    * Memory: 
    N/A

    * FIFO: 
    N/A

    * Expression: 
    +------------------------+----------+-------+---+----+------------+------------+
    |      Variable Name     | Operation| DSP48E| FF| LUT| Bitwidth P0| Bitwidth P1|
    +------------------------+----------+-------+---+----+------------+------------+
    |count_1_fu_457_p2       |     +    |      0|  0|  32|          32|           1|
    |i_2_fu_231_p2           |     +    |      0|  0|  14|          14|           1|
    |i_5_fu_620_p2           |     +    |      0|  0|  32|          32|           1|
    |i_6_fu_516_p2           |     +    |      0|  0|  32|          32|           1|
    |j_7_fu_610_p2           |     +    |      0|  0|  32|          32|           1|
    |j_8_fu_498_p2           |     +    |      0|  0|  32|          32|           1|
    |last_2_fu_292_p2        |     +    |      0|  0|  15|           2|          15|
    |markBegin_1_fu_504_p3   |  Select  |      0|  0|  32|           1|          32|
    |p_deleteFlag_fu_469_p3  |  Select  |      0|  0|  32|           1|           1|
    |tmp_20_fu_278_p2        |    and   |      0|  0|   1|           1|           1|
    |tmp_25_fu_353_p2        |    and   |      0|  0|   1|           1|           1|
    |tmp_31_fu_600_p2        |    and   |      0|  0|   1|           1|           1|
    |tmp_37_fu_439_p2        |    and   |      0|  0|   1|           1|           1|
    |notlhs1_fu_260_p2       |   icmp   |      0|  0|   4|          11|           2|
    |notlhs2_fu_335_p2       |   icmp   |      0|  0|   4|          11|           2|
    |notlhs7_fu_421_p2       |   icmp   |      0|  0|   4|          11|           2|
    |notlhs9_fu_582_p2       |   icmp   |      0|  0|   4|          11|           2|
    |notrhs1_fu_266_p2       |   icmp   |      0|  0|  18|          52|           1|
    |notrhs2_fu_341_p2       |   icmp   |      0|  0|  18|          52|           1|
    |notrhs3_fu_588_p2       |   icmp   |      0|  0|  18|          52|           1|
    |notrhs8_fu_427_p2       |   icmp   |      0|  0|  18|          52|           1|
    |slt_fu_531_p2           |   icmp   |      0|  0|  11|          32|          32|
    |tmp_47_fu_306_p2        |   icmp   |      0|  0|   5|          14|           1|
    |tmp_49_fu_366_p2        |   icmp   |      0|  0|  11|          32|          32|
    |tmp_50_fu_381_p2        |   icmp   |      0|  0|  11|          32|           1|
    |tmp_51_fu_525_p2        |   icmp   |      0|  0|  11|          32|          13|
    |tmp_54_fu_463_p2        |   icmp   |      0|  0|  11|          32|           8|
    |tmp_55_fu_448_p2        |   icmp   |      0|  0|  11|          32|           1|
    |tmp_57_fu_487_p2        |   icmp   |      0|  0|  11|          32|          32|
    |tmp_fu_225_p2           |   icmp   |      0|  0|   5|          14|          10|
    |demorgan_fu_536_p2      |    or    |      0|  0|   1|           1|           1|
    |tmp_18_fu_272_p2        |    or    |      0|  0|   1|           1|           1|
    |tmp_23_fu_347_p2        |    or    |      0|  0|   1|           1|           1|
    |tmp_29_fu_594_p2        |    or    |      0|  0|   1|           1|           1|
    |tmp_35_fu_433_p2        |    or    |      0|  0|   1|           1|           1|
    +------------------------+----------+-------+---+----+------------+------------+
    |Total                   |          |      0|  0| 437|         691|         205|
    +------------------------+----------+-------+---+----+------------+------------+

    * Multiplexer: 
    +--------------------+----+-----------+-----+-----------+
    |        Name        | LUT| Input Size| Bits| Total Bits|
    +--------------------+----+-----------+-----+-----------+
    |ap_NS_fsm           |  15|         17|    1|         17|
    |count_fu_58         |  32|          2|   32|         64|
    |deleteFlag_fu_54    |  32|          2|   32|         64|
    |first_reg_123       |  14|          2|   14|         28|
    |grp_fu_198_opcode   |   5|          3|    5|         15|
    |grp_fu_198_p0       |  64|          4|   64|        256|
    |grp_fu_198_p1       |  64|          3|   64|        192|
    |i_1_in_reg_147      |  14|          2|   14|         28|
    |i_3_reg_188         |  32|          2|   32|         64|
    |i_phi_fu_139_p4     |  14|          2|   14|         28|
    |i_reg_135           |  14|          2|   14|         28|
    |inSound_address0    |  14|          6|   14|         84|
    |j9_reg_179          |  32|          2|   32|         64|
    |j_1_fu_62           |  32|          2|   32|         64|
    |j_fu_50             |  32|          2|   32|         64|
    |last_phi_fu_162_p4  |  15|          2|   15|         30|
    |last_reg_158        |  15|          2|   15|         30|
    |markBegin_reg_169   |  32|          2|   32|         64|
    +--------------------+----+-----------+-----+-----------+
    |Total               | 472|         59|  458|       1184|
    +--------------------+----+-----------+-----+-----------+

    * Register: 
    +-------------------+----+----+-----+-----------+
    |        Name       | FF | LUT| Bits| Const Bits|
    +-------------------+----+----+-----+-----------+
    |ap_CS_fsm          |  16|   0|   16|          0|
    |count_fu_58        |  32|   0|   32|          0|
    |deleteFlag_fu_54   |  32|   0|   32|          0|
    |first_reg_123      |  14|   0|   14|          0|
    |i_1_in_reg_147     |  14|   0|   14|          0|
    |i_2_reg_630        |  14|   0|   14|          0|
    |i_3_reg_188        |  32|   0|   32|          0|
    |i_cast_reg_644     |  14|   0|   32|         18|
    |i_reg_135          |  14|   0|   14|          0|
    |j9_reg_179         |  32|   0|   32|          0|
    |j_1_fu_62          |  32|   0|   32|          0|
    |j_1_load_reg_747   |  32|   0|   32|          0|
    |j_9_reg_700        |  32|   0|   32|          0|
    |j_fu_50            |  32|   0|   32|          0|
    |last_2_reg_650     |  15|   0|   15|          0|
    |last_cast_reg_694  |  32|   0|   32|          0|
    |last_reg_158       |  15|   0|   15|          0|
    |markBegin_reg_169  |  32|   0|   32|          0|
    |reg_219            |  64|   0|   64|          0|
    |tmp_15_reg_655     |  14|   0|   14|          0|
    |tmp_20_reg_640     |   1|   0|    1|          0|
    |tmp_25_reg_669     |   1|   0|    1|          0|
    |tmp_37_reg_725     |   1|   0|    1|          0|
    |tmp_47_reg_660     |   1|   0|    1|          0|
    |tmp_50_reg_721     |   1|   0|    1|          0|
    |tmp_55_reg_730     |   1|   0|    1|          0|
    |tmp_reg_626        |   1|   0|    1|          0|
    +-------------------+----+----+-----+-----------+
    |Total              | 521|   0|  539|         18|
    +-------------------+----+----+-----+-----------+



================================================================
== Interface
================================================================
* Summary: 
+-------------------+-----+-----+------------+--------------------------+--------------+
|     RTL Ports     | Dir | Bits|  Protocol  |       Source Object      |    C Type    |
+-------------------+-----+-----+------------+--------------------------+--------------+
|ap_clk             |  in |    1| ap_ctrl_hs | voicerec_preprocessSound | return value |
|ap_rst             |  in |    1| ap_ctrl_hs | voicerec_preprocessSound | return value |
|ap_start           |  in |    1| ap_ctrl_hs | voicerec_preprocessSound | return value |
|ap_done            | out |    1| ap_ctrl_hs | voicerec_preprocessSound | return value |
|ap_idle            | out |    1| ap_ctrl_hs | voicerec_preprocessSound | return value |
|ap_ready           | out |    1| ap_ctrl_hs | voicerec_preprocessSound | return value |
|inSound_address0   | out |   14|  ap_memory |          inSound         |     array    |
|inSound_ce0        | out |    1|  ap_memory |          inSound         |     array    |
|inSound_we0        | out |    1|  ap_memory |          inSound         |     array    |
|inSound_d0         | out |   64|  ap_memory |          inSound         |     array    |
|inSound_q0         |  in |   64|  ap_memory |          inSound         |     array    |
|outSound_address0  | out |   13|  ap_memory |         outSound         |     array    |
|outSound_ce0       | out |    1|  ap_memory |         outSound         |     array    |
|outSound_we0       | out |    1|  ap_memory |         outSound         |     array    |
|outSound_d0        | out |   64|  ap_memory |         outSound         |     array    |
+-------------------+-----+-----+------------+--------------------------+--------------+

