

================================================================
== Vivado HLS Report for 'voicerec'
================================================================
* Date:           Wed Dec  9 22:20:30 2015

* Version:        2015.3 (Build 1244743 on Sun May 31 20:30:40 PM 2015)
* Project:        voicerec.prj
* Solution:       solution1
* Product family: zynq
* Target device:  xc7z020clg484-1


================================================================
== Performance Estimates
================================================================
+ Timing (ns): 
    * Summary: 
    +--------+-------+----------+------------+
    |  Clock | Target| Estimated| Uncertainty|
    +--------+-------+----------+------------+
    |ap_clk  |  10.00|      8.95|        1.25|
    +--------+-------+----------+------------+

+ Latency (clock cycles): 
    * Summary: 
    +---------+------------+---------+------------+---------+
    |        Latency       |       Interval       | Pipeline|
    |   min   |     max    |   min   |     max    |   Type  |
    +---------+------------+---------+------------+---------+
    |  1464539|  1714125033|  1464540|  1714125034|   none  |
    +---------+------------+---------+------------+---------+

    + Detail: 
        * Instance: 
        +-------------------------------------+--------------------------+--------+------------+--------+------------+---------+
        |                                     |                          |       Latency       |       Interval      | Pipeline|
        |               Instance              |          Module          |   min  |     max    |   min  |     max    |   Type  |
        +-------------------------------------+--------------------------+--------+------------+--------+------------+---------+
        |grp_voicerec_processChunk_fu_106     |voicerec_processChunk     |   18841|     2908095|   18841|     2908095|   none  |
        |grp_voicerec_classifySound_fu_131    |voicerec_classifySound    |  251091|      251091|  251091|      251091|   none  |
        |grp_voicerec_preprocessSound_fu_147  |voicerec_preprocessSound  |   64022|  1536480022|   64022|  1536480022|   none  |
        +-------------------------------------+--------------------------+--------+------------+--------+------------+---------+

        * Loop: 
        +----------+---------+-----------+-----------------+-----------+-----------+------+----------+
        |          |       Latency       |    Iteration    |  Initiation Interval  | Trip |          |
        | Loop Name|   min   |    max    |     Latency     |  achieved |   target  | Count| Pipelined|
        +----------+---------+-----------+-----------------+-----------+-----------+------+----------+
        |- Loop 1  |  1149423|  177393917| 18843 ~ 2908097 |          -|          -|    61|    no    |
        +----------+---------+-----------+-----------------+-----------+-----------+------+----------+



================================================================
== Utilization Estimates
================================================================
* Summary: 
+-----------------+---------+-------+--------+-------+
|       Name      | BRAM_18K| DSP48E|   FF   |  LUT  |
+-----------------+---------+-------+--------+-------+
|Expression       |        -|      -|       0|     22|
|FIFO             |        -|      -|       -|      -|
|Instance         |       85|    114|   16444|  25831|
|Memory           |       36|      -|       0|      0|
|Multiplexer      |        -|      -|       -|     47|
|Register         |        -|      -|      46|      -|
+-----------------+---------+-------+--------+-------+
|Total            |      121|    114|   16490|  25900|
+-----------------+---------+-------+--------+-------+
|Available        |      280|    220|  106400|  53200|
+-----------------+---------+-------+--------+-------+
|Utilization (%)  |       43|     51|      15|     48|
+-----------------+---------+-------+--------+-------+

+ Detail: 
    * Instance: 
    +-------------------------------------+---------------------------------+---------+-------+------+-------+
    |               Instance              |              Module             | BRAM_18K| DSP48E|  FF  |  LUT  |
    +-------------------------------------+---------------------------------+---------+-------+------+-------+
    |grp_voicerec_classifySound_fu_131    |voicerec_classifySound           |       69|     34|  7077|  10161|
    |grp_voicerec_preprocessSound_fu_147  |voicerec_preprocessSound         |        0|      0|   574|   1435|
    |grp_voicerec_processChunk_fu_106     |voicerec_processChunk            |       16|     80|  8177|  13431|
    |voicerec_voicerec_ctrl_s_axi_U       |voicerec_voicerec_ctrl_s_axi     |        0|      0|    68|    104|
    |voicerec_voicerec_inSound_m_axi_U    |voicerec_voicerec_inSound_m_axi  |        0|      0|   548|    700|
    +-------------------------------------+---------------------------------+---------+-------+------+-------+
    |Total                                |                                 |       85|    114| 16444|  25831|
    +-------------------------------------+---------------------------------+---------+-------+------+-------+

    * Memory: 
    +------------+-------------------+---------+---+----+------+-----+------+-------------+
    |   Memory   |       Module      | BRAM_18K| FF| LUT| Words| Bits| Banks| W*Bits*Banks|
    +------------+-------------------+---------+---+----+------+-----+------+-------------+
    |outSound_U  |voicerec_outSound  |       32|  0|   0|  8000|   64|     1|       512000|
    |result_U    |voicerec_result    |        4|  0|   0|   882|   64|     1|        56448|
    +------------+-------------------+---------+---+----+------+-----+------+-------------+
    |Total       |                   |       36|  0|   0|  8882|  128|     2|       568448|
    +------------+-------------------+---------+---+----+------+-----+------+-------------+

    * FIFO: 
    N/A

    * Expression: 
    +---------------------+----------+-------+---+----+------------+------------+
    |    Variable Name    | Operation| DSP48E| FF| LUT| Bitwidth P0| Bitwidth P1|
    +---------------------+----------+-------+---+----+------------+------------+
    |i_1_fu_167_p2        |     +    |      0|  0|  13|          13|           8|
    |index_1_fu_161_p2    |     +    |      0|  0|   6|           6|           1|
    |exitcond1_fu_155_p2  |   icmp   |      0|  0|   3|           6|           3|
    +---------------------+----------+-------+---+----+------------+------------+
    |Total                |          |      0|  0|  22|          25|          12|
    +---------------------+----------+-------+---+----+------------+------------+

    * Multiplexer: 
    +-------------------+----+-----------+-----+-----------+
    |        Name       | LUT| Input Size| Bits| Total Bits|
    +-------------------+----+-----------+-----+-----------+
    |ap_NS_fsm          |   1|          6|    1|          6|
    |i_reg_82           |  13|          2|   13|         26|
    |index_reg_94       |   6|          2|    6|         12|
    |outSound_address0  |  13|          3|   13|         39|
    |outSound_ce0       |   1|          3|    1|          3|
    |outSound_we0       |   1|          2|    1|          2|
    |result_address0    |  10|          3|   10|         30|
    |result_ce0         |   1|          3|    1|          3|
    |result_we0         |   1|          2|    1|          2|
    +-------------------+----+-----------+-----+-----------+
    |Total              |  47|         26|   47|        123|
    +-------------------+----+-----------+-----+-----------+

    * Register: 
    +-----------------------------------------------------------+----+----+-----+-----------+
    |                            Name                           | FF | LUT| Bits| Const Bits|
    +-----------------------------------------------------------+----+----+-----+-----------+
    |ap_CS_fsm                                                  |   5|   0|    5|          0|
    |grp_voicerec_classifySound_fu_131_ap_start_ap_start_reg    |   1|   0|    1|          0|
    |grp_voicerec_preprocessSound_fu_147_ap_start_ap_start_reg  |   1|   0|    1|          0|
    |grp_voicerec_processChunk_fu_106_ap_start_ap_start_reg     |   1|   0|    1|          0|
    |i_1_reg_181                                                |  13|   0|   13|          0|
    |i_reg_82                                                   |  13|   0|   13|          0|
    |index_1_reg_176                                            |   6|   0|    6|          0|
    |index_reg_94                                               |   6|   0|    6|          0|
    +-----------------------------------------------------------+----+----+-----+-----------+
    |Total                                                      |  46|   0|   46|          0|
    +-----------------------------------------------------------+----+----+-----+-----------+



================================================================
== Interface
================================================================
* Summary: 
+---------------------------------+-----+-----+------------+------------------+--------------+
|            RTL Ports            | Dir | Bits|  Protocol  |   Source Object  |    C Type    |
+---------------------------------+-----+-----+------------+------------------+--------------+
|s_axi_voicerec_ctrl_AWVALID      |  in |    1|    s_axi   |   voicerec_ctrl  | return value |
|s_axi_voicerec_ctrl_AWREADY      | out |    1|    s_axi   |   voicerec_ctrl  | return value |
|s_axi_voicerec_ctrl_AWADDR       |  in |    5|    s_axi   |   voicerec_ctrl  | return value |
|s_axi_voicerec_ctrl_WVALID       |  in |    1|    s_axi   |   voicerec_ctrl  | return value |
|s_axi_voicerec_ctrl_WREADY       | out |    1|    s_axi   |   voicerec_ctrl  | return value |
|s_axi_voicerec_ctrl_WDATA        |  in |   32|    s_axi   |   voicerec_ctrl  | return value |
|s_axi_voicerec_ctrl_WSTRB        |  in |    4|    s_axi   |   voicerec_ctrl  | return value |
|s_axi_voicerec_ctrl_ARVALID      |  in |    1|    s_axi   |   voicerec_ctrl  | return value |
|s_axi_voicerec_ctrl_ARREADY      | out |    1|    s_axi   |   voicerec_ctrl  | return value |
|s_axi_voicerec_ctrl_ARADDR       |  in |    5|    s_axi   |   voicerec_ctrl  | return value |
|s_axi_voicerec_ctrl_RVALID       | out |    1|    s_axi   |   voicerec_ctrl  | return value |
|s_axi_voicerec_ctrl_RREADY       |  in |    1|    s_axi   |   voicerec_ctrl  | return value |
|s_axi_voicerec_ctrl_RDATA        | out |   32|    s_axi   |   voicerec_ctrl  | return value |
|s_axi_voicerec_ctrl_RRESP        | out |    2|    s_axi   |   voicerec_ctrl  | return value |
|s_axi_voicerec_ctrl_BVALID       | out |    1|    s_axi   |   voicerec_ctrl  | return value |
|s_axi_voicerec_ctrl_BREADY       |  in |    1|    s_axi   |   voicerec_ctrl  | return value |
|s_axi_voicerec_ctrl_BRESP        | out |    2|    s_axi   |   voicerec_ctrl  | return value |
|ap_clk                           |  in |    1| ap_ctrl_hs |     voicerec     | return value |
|ap_rst_n                         |  in |    1| ap_ctrl_hs |     voicerec     | return value |
|interrupt                        | out |    1| ap_ctrl_hs |     voicerec     | return value |
|m_axi_voicerec_inSound_AWVALID   | out |    1|    m_axi   | voicerec_inSound |    pointer   |
|m_axi_voicerec_inSound_AWREADY   |  in |    1|    m_axi   | voicerec_inSound |    pointer   |
|m_axi_voicerec_inSound_AWADDR    | out |   32|    m_axi   | voicerec_inSound |    pointer   |
|m_axi_voicerec_inSound_AWID      | out |    1|    m_axi   | voicerec_inSound |    pointer   |
|m_axi_voicerec_inSound_AWLEN     | out |    8|    m_axi   | voicerec_inSound |    pointer   |
|m_axi_voicerec_inSound_AWSIZE    | out |    3|    m_axi   | voicerec_inSound |    pointer   |
|m_axi_voicerec_inSound_AWBURST   | out |    2|    m_axi   | voicerec_inSound |    pointer   |
|m_axi_voicerec_inSound_AWLOCK    | out |    2|    m_axi   | voicerec_inSound |    pointer   |
|m_axi_voicerec_inSound_AWCACHE   | out |    4|    m_axi   | voicerec_inSound |    pointer   |
|m_axi_voicerec_inSound_AWPROT    | out |    3|    m_axi   | voicerec_inSound |    pointer   |
|m_axi_voicerec_inSound_AWQOS     | out |    4|    m_axi   | voicerec_inSound |    pointer   |
|m_axi_voicerec_inSound_AWREGION  | out |    4|    m_axi   | voicerec_inSound |    pointer   |
|m_axi_voicerec_inSound_AWUSER    | out |    1|    m_axi   | voicerec_inSound |    pointer   |
|m_axi_voicerec_inSound_WVALID    | out |    1|    m_axi   | voicerec_inSound |    pointer   |
|m_axi_voicerec_inSound_WREADY    |  in |    1|    m_axi   | voicerec_inSound |    pointer   |
|m_axi_voicerec_inSound_WDATA     | out |   64|    m_axi   | voicerec_inSound |    pointer   |
|m_axi_voicerec_inSound_WSTRB     | out |    8|    m_axi   | voicerec_inSound |    pointer   |
|m_axi_voicerec_inSound_WLAST     | out |    1|    m_axi   | voicerec_inSound |    pointer   |
|m_axi_voicerec_inSound_WID       | out |    1|    m_axi   | voicerec_inSound |    pointer   |
|m_axi_voicerec_inSound_WUSER     | out |    1|    m_axi   | voicerec_inSound |    pointer   |
|m_axi_voicerec_inSound_ARVALID   | out |    1|    m_axi   | voicerec_inSound |    pointer   |
|m_axi_voicerec_inSound_ARREADY   |  in |    1|    m_axi   | voicerec_inSound |    pointer   |
|m_axi_voicerec_inSound_ARADDR    | out |   32|    m_axi   | voicerec_inSound |    pointer   |
|m_axi_voicerec_inSound_ARID      | out |    1|    m_axi   | voicerec_inSound |    pointer   |
|m_axi_voicerec_inSound_ARLEN     | out |    8|    m_axi   | voicerec_inSound |    pointer   |
|m_axi_voicerec_inSound_ARSIZE    | out |    3|    m_axi   | voicerec_inSound |    pointer   |
|m_axi_voicerec_inSound_ARBURST   | out |    2|    m_axi   | voicerec_inSound |    pointer   |
|m_axi_voicerec_inSound_ARLOCK    | out |    2|    m_axi   | voicerec_inSound |    pointer   |
|m_axi_voicerec_inSound_ARCACHE   | out |    4|    m_axi   | voicerec_inSound |    pointer   |
|m_axi_voicerec_inSound_ARPROT    | out |    3|    m_axi   | voicerec_inSound |    pointer   |
|m_axi_voicerec_inSound_ARQOS     | out |    4|    m_axi   | voicerec_inSound |    pointer   |
|m_axi_voicerec_inSound_ARREGION  | out |    4|    m_axi   | voicerec_inSound |    pointer   |
|m_axi_voicerec_inSound_ARUSER    | out |    1|    m_axi   | voicerec_inSound |    pointer   |
|m_axi_voicerec_inSound_RVALID    |  in |    1|    m_axi   | voicerec_inSound |    pointer   |
|m_axi_voicerec_inSound_RREADY    | out |    1|    m_axi   | voicerec_inSound |    pointer   |
|m_axi_voicerec_inSound_RDATA     |  in |   64|    m_axi   | voicerec_inSound |    pointer   |
|m_axi_voicerec_inSound_RLAST     |  in |    1|    m_axi   | voicerec_inSound |    pointer   |
|m_axi_voicerec_inSound_RID       |  in |    1|    m_axi   | voicerec_inSound |    pointer   |
|m_axi_voicerec_inSound_RUSER     |  in |    1|    m_axi   | voicerec_inSound |    pointer   |
|m_axi_voicerec_inSound_RRESP     |  in |    2|    m_axi   | voicerec_inSound |    pointer   |
|m_axi_voicerec_inSound_BVALID    |  in |    1|    m_axi   | voicerec_inSound |    pointer   |
|m_axi_voicerec_inSound_BREADY    | out |    1|    m_axi   | voicerec_inSound |    pointer   |
|m_axi_voicerec_inSound_BRESP     |  in |    2|    m_axi   | voicerec_inSound |    pointer   |
|m_axi_voicerec_inSound_BID       |  in |    1|    m_axi   | voicerec_inSound |    pointer   |
|m_axi_voicerec_inSound_BUSER     |  in |    1|    m_axi   | voicerec_inSound |    pointer   |
+---------------------------------+-----+-----+------------+------------------+--------------+

