Copyright 1986-2014 Xilinx, Inc. All Rights Reserved.
---------------------------------------------------------------------------------------------------------------------------
| Tool Version     : Vivado v.2014.2 (lin64) Build 932637 Wed Jun 11 13:08:52 MDT 2014
| Date             : Wed Dec  2 23:33:11 2015
| Host             : amdpool-03.ece.cornell.edu running 64-bit Red Hat Enterprise Linux Server release 5.11 (Tikanga)
| Command          : report_power -file system_wrapper_power_routed.rpt -pb system_wrapper_power_summary_routed.pb
| Design           : system_wrapper
| Device           : xc7z020clg484-1
| Design State     : Routed
| Grade            : commercial
| Process          : typical
| Characterization : Production
---------------------------------------------------------------------------------------------------------------------------

Power Report

Table of Contents
-----------------
1. Summary
1.1 On-Chip Components
1.2 Power Supply Summary
1.3 Confidence Level
2. Settings
2.1 Environment
2.2 Clock Constraints
3. Detailed Reports
3.1 By Hierarchy

1. Summary
----------

+--------------------------+-------+
| Total On-Chip Power (W)  | 1.490 |
| Dynamic (W)              | 1.343 |
| Device Static (W)        | 0.147 |
| Total Off-Chip Power (W) | 0.121 |
| Effective TJA (C/W)      | 11.5  |
| Max Ambient (C)          | 67.8  |
| Junction Temperature (C) | 42.2  |
| Confidence Level         | Low   |
| Setting File             | ---   |
| Simulation Activity File | ---   |
| Design Nets Matched      | NA    |
+--------------------------+-------+


1.1 On-Chip Components
----------------------

+--------------------------+-----------+----------+-----------+-----------------+
| On-Chip                  | Power (W) | Used     | Available | Utilization (%) |
+--------------------------+-----------+----------+-----------+-----------------+
| Clocks                   |     0.007 |        2 |       --- |             --- |
| Slice Logic              |     0.004 |     3054 |       --- |             --- |
|   LUT as Logic           |     0.003 |     1061 |     53200 |            1.99 |
|   Register               |    <0.001 |     1293 |    106400 |            1.21 |
|   LUT as Distributed RAM |    <0.001 |       48 |     17400 |            0.27 |
|   CARRY4                 |    <0.001 |       18 |     13300 |            0.13 |
|   LUT as Shift Register  |    <0.001 |       62 |     17400 |            0.35 |
|   Others                 |     0.000 |      232 |       --- |             --- |
| Signals                  |     0.004 |     2293 |       --- |             --- |
| DSPs                     |     0.006 |        6 |       220 |            2.72 |
| I/O                      |     0.004 |       10 |       200 |            5.00 |
| PS7                      |     1.318 |        1 |       --- |             --- |
| Static Power             |     0.147 |          |           |                 |
| Total                    |     1.490 |          |           |                 |
+--------------------------+-----------+----------+-----------+-----------------+


1.2 Power Supply Summary
------------------------

+-----------+-------------+-----------+-------------+------------+
| Source    | Voltage (V) | Total (A) | Dynamic (A) | Static (A) |
+-----------+-------------+-----------+-------------+------------+
| Vccint    |       1.000 |     0.035 |       0.021 |      0.014 |
| Vccaux    |       1.800 |     0.020 |       0.000 |      0.020 |
| Vcco33    |       3.300 |     0.002 |       0.001 |      0.001 |
| Vcco25    |       2.500 |     0.000 |       0.000 |      0.000 |
| Vcco18    |       1.800 |     0.000 |       0.000 |      0.000 |
| Vcco15    |       1.500 |     0.000 |       0.000 |      0.000 |
| Vcco135   |       1.350 |     0.000 |       0.000 |      0.000 |
| Vcco12    |       1.200 |     0.000 |       0.000 |      0.000 |
| Vccaux_io |       1.800 |     0.000 |       0.000 |      0.000 |
| Vccbram   |       1.000 |     0.001 |       0.000 |      0.001 |
| MGTAVcc   |       1.000 |     0.000 |       0.000 |      0.000 |
| MGTAVtt   |       1.200 |     0.000 |       0.000 |      0.000 |
| MGTVccaux |       1.800 |     0.000 |       0.000 |      0.000 |
| Vccpint   |       1.000 |     0.418 |       0.390 |      0.028 |
| Vccpaux   |       1.800 |     0.044 |       0.033 |      0.010 |
| Vccpll    |       1.800 |     0.128 |       0.125 |      0.003 |
| Vcco_ddr  |       1.500 |     0.511 |       0.509 |      0.002 |
| Vcco_mio0 |       1.800 |     0.000 |       0.000 |      0.000 |
| Vcco_mio1 |       1.800 |     0.001 |       0.000 |      0.001 |
| Vccadc    |       1.800 |     0.020 |       0.000 |      0.020 |
+-----------+-------------+-----------+-------------+------------+


1.3 Confidence Level
--------------------

+-----------------------------+------------+--------------------------------------------------------+------------------------------------------------------------------------------------------------------------+
| User Input Data             | Confidence | Details                                                | Action                                                                                                     |
+-----------------------------+------------+--------------------------------------------------------+------------------------------------------------------------------------------------------------------------+
| Design implementation state | High       | Design is routed                                       |                                                                                                            |
| Clock nodes activity        | High       | User specified more than 95% of clocks                 |                                                                                                            |
| I/O nodes activity          | Low        | More than 75% of inputs are missing user specification | Provide missing input activity with simulation results or by editing the "By Resource Type -> I/Os" view   |
| Internal nodes activity     | Medium     | User specified less than 25% of internal nodes         | Provide missing internal nodes activity with simulation results or by editing the "By Resource Type" views |
| Device models               | High       | Device models are Production                           |                                                                                                            |
|                             |            |                                                        |                                                                                                            |
| Overall confidence level    | Low        |                                                        |                                                                                                            |
+-----------------------------+------------+--------------------------------------------------------+------------------------------------------------------------------------------------------------------------+


2. Settings
-----------

2.1 Environment
---------------

+-----------------------+------------------------+
| Ambient Temp (C)      | 25.0                   |
| ThetaJA (C/W)         | 11.5                   |
| Airflow (LFM)         | 250                    |
| Heat Sink             | none                   |
| ThetaSA (C/W)         | 0.0                    |
| Board Selection       | medium (10"x10")       |
| # of Board Layers     | 8to11 (8 to 11 Layers) |
| Board Temperature (C) | 25.0                   |
+-----------------------+------------------------+


2.2 Clock Constraints
---------------------

+------------+-----------------------------------------------------------+-----------------+
| Clock      | Domain                                                    | Constraint (ns) |
+------------+-----------------------------------------------------------+-----------------+
| clk_fpga_0 | system_i/processing_system7_0/inst/FCLK_CLK_unbuffered[0] |            10.0 |
| clk_fpga_1 | system_i/processing_system7_0/inst/FCLK_CLK_unbuffered[1] |           100.0 |
+------------+-----------------------------------------------------------+-----------------+


3. Detailed Reports
-------------------

3.1 By Hierarchy
----------------

+--------------------------------------------------+-----------+
| Name                                             | Power (W) |
+--------------------------------------------------+-----------+
| system_wrapper                                   |     1.343 |
|   gpio_tri_iobuf_0                               |    <0.001 |
|   gpio_tri_iobuf_1                               |    <0.001 |
|   iic_1_scl_iobuf                                |    <0.001 |
|   iic_1_sda_iobuf                                |    <0.001 |
|   system_i                                       |     1.339 |
|     axi_gpio_0                                   |    <0.001 |
|       U0                                         |    <0.001 |
|         AXI_LITE_IPIF_I                          |    <0.001 |
|           I_SLAVE_ATTACHMENT                     |    <0.001 |
|             I_DECODER                            |    <0.001 |
|         gpio_core_1                              |    <0.001 |
|           Dual.INPUT_DOUBLE_REGS4                |    <0.001 |
|           Dual.INPUT_DOUBLE_REGS5                |    <0.001 |
|     fir_left                                     |     0.004 |
|       inst                                       |     0.004 |
|         fir_fir_io_s_axi_U                       |    <0.001 |
|         shift_reg_U                              |    <0.001 |
|           fir_shift_reg_ram_U                    |    <0.001 |
|             ram_reg_0_63_0_2                     |    <0.001 |
|             ram_reg_0_63_12_14                   |    <0.001 |
|             ram_reg_0_63_15_15                   |    <0.001 |
|             ram_reg_0_63_3_5                     |    <0.001 |
|             ram_reg_0_63_6_8                     |    <0.001 |
|             ram_reg_0_63_9_11                    |    <0.001 |
|     fir_right                                    |     0.004 |
|       inst                                       |     0.004 |
|         fir_fir_io_s_axi_U                       |    <0.001 |
|         shift_reg_U                              |    <0.001 |
|           fir_shift_reg_ram_U                    |    <0.001 |
|             ram_reg_0_63_0_2                     |    <0.001 |
|             ram_reg_0_63_12_14                   |    <0.001 |
|             ram_reg_0_63_15_15                   |    <0.001 |
|             ram_reg_0_63_3_5                     |    <0.001 |
|             ram_reg_0_63_6_8                     |    <0.001 |
|             ram_reg_0_63_9_11                    |    <0.001 |
|     processing_system7_0                         |     1.318 |
|       inst                                       |     1.318 |
|     processing_system7_0_axi_periph              |     0.008 |
|       s00_couplers                               |     0.007 |
|         auto_pc                                  |     0.007 |
|           inst                                   |     0.007 |
|             gen_axilite.gen_b2s_conv.axilite_b2s |     0.007 |
|               RD.ar_channel_0                    |    <0.001 |
|                 ar_cmd_fsm_0                     |    <0.001 |
|                 cmd_translator_0                 |    <0.001 |
|                   incr_cmd_0                     |    <0.001 |
|                   wrap_cmd_0                     |    <0.001 |
|               RD.r_channel_0                     |     0.002 |
|                 rd_data_fifo_0                   |     0.001 |
|                 transaction_fifo_0               |    <0.001 |
|               SI_REG                             |     0.003 |
|                 ar_pipe                          |    <0.001 |
|                 aw_pipe                          |    <0.001 |
|                 b_pipe                           |    <0.001 |
|                 r_pipe                           |    <0.001 |
|               WR.aw_channel_0                    |    <0.001 |
|                 aw_cmd_fsm_0                     |    <0.001 |
|                 cmd_translator_0                 |    <0.001 |
|                   incr_cmd_0                     |    <0.001 |
|                   wrap_cmd_0                     |    <0.001 |
|               WR.b_channel_0                     |    <0.001 |
|                 bid_fifo_0                       |    <0.001 |
|                 bresp_fifo_0                     |    <0.001 |
|       xbar                                       |     0.001 |
|         inst                                     |     0.001 |
|           gen_sasd.crossbar_sasd_0               |     0.001 |
|             addr_arbiter_inst                    |    <0.001 |
|             gen_decerr.decerr_slave_inst         |    <0.001 |
|             reg_slice_r                          |    <0.001 |
|             splitter_ar                          |    <0.001 |
|             splitter_aw                          |    <0.001 |
|     rst_processing_system7_0_100M                |    <0.001 |
|       U0                                         |    <0.001 |
|         EXT_LPF                                  |    <0.001 |
|         SEQ                                      |    <0.001 |
|           SEQ_COUNTER                            |    <0.001 |
|     xlconcat_0                                   |     0.000 |
|     zed_audio_ctrl_0                             |     0.002 |
|       U0                                         |     0.002 |
|         AXI_LITE_IPIF_I                          |    <0.001 |
|           I_SLAVE_ATTACHMENT                     |    <0.001 |
|             I_DECODER                            |    <0.001 |
|         USER_LOGIC_I                             |     0.002 |
|           Inst_iis_deser                         |    <0.001 |
|           Inst_iis_ser                           |    <0.001 |
+--------------------------------------------------+-----------+


