Copyright 1986-2014 Xilinx, Inc. All Rights Reserved.
------------------------------------------------------------------------------------------------------------------
| Tool Version : Vivado v.2014.2 (lin64) Build 932637 Wed Jun 11 13:08:52 MDT 2014
| Date         : Wed Dec  2 23:32:21 2015
| Host         : amdpool-03.ece.cornell.edu running 64-bit Red Hat Enterprise Linux Server release 5.11 (Tikanga)
| Command      : report_clock_utilization -file system_wrapper_clock_utilization_placed.rpt
| Design       : system_wrapper
| Device       : xc7z020
------------------------------------------------------------------------------------------------------------------

Clock Utilization Report

Table of Contents
-----------------
1. Clock Primitive Utilization
2. Details of Global Clocks
3. Details of Regional Clocks
4. Details of Multi-Regional Clocks
5. Details of I/O Clocks
6. Details of Local Clocks
7. Clock Regions : Key Resource Utilization
8. Net wise resources used in clock region X0Y0
9. Net wise resources used in clock region X0Y1
10. Net wise resources used in clock region X1Y1
11. Net wise resources used in clock region X0Y2

1. Clock Primitive Utilization
------------------------------

+-------+------+-----------+-----------+
| Type  | Used | Available | Num Fixed |
+-------+------+-----------+-----------+
| BUFG  |    2 |        32 |         0 |
| BUFH  |    0 |        72 |         0 |
| BUFIO |    0 |        16 |         0 |
| MMCM  |    0 |         4 |         0 |
| PLL   |    0 |         4 |         0 |
| BUFR  |    0 |        16 |         0 |
| BUFMR |    0 |         8 |         0 |
+-------+------+-----------+-----------+


2. Details of Global Clocks
---------------------------

+-------+----------------------------------------------------------------------+----------------------------------------------+--------------+-------+---------------+-----------+
|       |                                                                      |                                              |   Num Loads  |       |               |           |
+-------+----------------------------------------------------------------------+----------------------------------------------+------+-------+-------+---------------+-----------+
| Index | BUFG Cell                                                            | Net Name                                     | BELs | Sites | Fixed | MaxDelay (ns) | Skew (ns) |
+-------+----------------------------------------------------------------------+----------------------------------------------+------+-------+-------+---------------+-----------+
|     1 | system_i/processing_system7_0/inst/buffer_fclk_clk_1.FCLK_CLK_1_BUFG | system_i/processing_system7_0/inst/FCLK_CLK1 |    1 |     1 |    no |         2.983 |     0.149 |
|     2 | system_i/processing_system7_0/inst/buffer_fclk_clk_0.FCLK_CLK_0_BUFG | system_i/processing_system7_0/inst/FCLK_CLK0 | 1418 |   415 |    no |         2.048 |     0.411 |
+-------+----------------------------------------------------------------------+----------------------------------------------+------+-------+-------+---------------+-----------+


3. Details of Regional Clocks
-----------------------------

4. Details of Multi-Regional Clocks
-----------------------------------

5. Details of I/O Clocks
------------------------

6. Details of Local Clocks
--------------------------

7. Clock Regions : Key Resource Utilization
-------------------------------------------

+-------------------+--------------+--------------+--------------+--------------+--------------+--------------+--------------+--------------+--------------+--------------+--------------+--------------+--------------+--------------+--------------+
|                   | Global Clock |     BUFRs    |    BUFMRs    |    BUFIOs    |     MMCM     |      PLL     |      GT      |      PCI     |    ILOGIC    |    OLOGIC    |      FF      |     LUTM     |    RAMB18    |    RAMB36    |    DSP48E1   |
+-------------------+------+-------+------+-------+------+-------+------+-------+------+-------+------+-------+------+-------+------+-------+------+-------+------+-------+------+-------+------+-------+------+-------+------+-------+------+-------+
| Clock Region Name | Used | Avail | Used | Avail | Used | Avail | Used | Avail | Used | Avail | Used | Avail | Used | Avail | Used | Avail | Used | Avail | Used | Avail | Used | Avail | Used | Avail | Used | Avail | Used | Avail | Used | Avail |
+-------------------+------+-------+------+-------+------+-------+------+-------+------+-------+------+-------+------+-------+------+-------+------+-------+------+-------+------+-------+------+-------+------+-------+------+-------+------+-------+
| X0Y0              |    2 |    12 |    0 |     4 |    0 |     2 |    0 |     4 |    0 |     1 |    0 |     1 |    0 |     0 |    0 |     0 |    0 |    50 |    0 |    50 |    4 | 20000 |    0 |  4000 |    0 |    60 |    0 |    30 |    0 |    60 |
| X1Y0              |    0 |    12 |    0 |     4 |    0 |     2 |    0 |     4 |    0 |     1 |    0 |     1 |    0 |     0 |    0 |     0 |    0 |    50 |    0 |    50 |    0 | 25600 |    0 |  3400 |    0 |    60 |    0 |    30 |    0 |    40 |
| X0Y1              |    1 |    12 |    0 |     0 |    0 |     0 |    0 |     0 |    0 |     0 |    0 |     0 |    0 |     0 |    0 |     0 |    0 |     0 |    0 |     0 | 1142 |  9600 |  106 |  1600 |    0 |    20 |    0 |    10 |    6 |    20 |
| X1Y1              |    1 |    12 |    0 |     4 |    0 |     2 |    0 |     4 |    0 |     1 |    0 |     1 |    0 |     0 |    0 |     0 |    0 |    50 |    0 |    50 |   29 | 20800 |    0 |  3400 |    0 |    60 |    0 |    30 |    0 |    40 |
| X0Y2              |    1 |    12 |    0 |     0 |    0 |     0 |    0 |     0 |    0 |     0 |    0 |     0 |    0 |     0 |    0 |     0 |    0 |     0 |    0 |     0 |  118 |  9600 |   12 |  1600 |    0 |    20 |    0 |    10 |    0 |    20 |
| X1Y2              |    0 |    12 |    0 |     4 |    0 |     2 |    0 |     4 |    0 |     1 |    0 |     1 |    0 |     0 |    0 |     0 |    0 |    50 |    0 |    50 |    0 | 20800 |    0 |  3400 |    0 |    60 |    0 |    30 |    0 |    40 |
+-------------------+------+-------+------+-------+------+-------+------+-------+------+-------+------+-------+------+-------+------+-------+------+-------+------+-------+------+-------+------+-------+------+-------+------+-------+------+-------+
* RAMB36 site can be used as two RAMB18/FIFO18 sites


8. Net wise resources used in clock region X0Y0
-----------------------------------------------

+-------------+-------------+-------+-----------+----------+---------+-----------+---------+---------+-----+-------+----------+----------------------------------------------+
| Source Type | BUFHCE Site | Fixed | MMCM Pins | PLL Pins | GT Pins | BRAM Pins | ILOGICs | OLOGICs | FFs | LUTMs | DSP48E1s |                Clock Net Name                |
+-------------+-------------+-------+-----------+----------+---------+-----------+---------+---------+-----+-------+----------+----------------------------------------------+
| BUFG        |     ---     |   no  |         0 |        0 |       0 |         0 |       0 |       0 |   4 |     0 |        0 | system_i/processing_system7_0/inst/FCLK_CLK0 |
+-------------+-------------+-------+-----------+----------+---------+-----------+---------+---------+-----+-------+----------+----------------------------------------------+


9. Net wise resources used in clock region X0Y1
-----------------------------------------------

+-------------+-------------+-------+-----------+----------+---------+-----------+---------+---------+------+-------+----------+----------------------------------------------+
| Source Type | BUFHCE Site | Fixed | MMCM Pins | PLL Pins | GT Pins | BRAM Pins | ILOGICs | OLOGICs |  FFs | LUTMs | DSP48E1s |                Clock Net Name                |
+-------------+-------------+-------+-----------+----------+---------+-----------+---------+---------+------+-------+----------+----------------------------------------------+
| BUFG        |     ---     |   no  |         0 |        0 |       0 |         0 |       0 |       0 | 1142 |   106 |        6 | system_i/processing_system7_0/inst/FCLK_CLK0 |
+-------------+-------------+-------+-----------+----------+---------+-----------+---------+---------+------+-------+----------+----------------------------------------------+


10. Net wise resources used in clock region X1Y1
------------------------------------------------

+-------------+-------------+-------+-----------+----------+---------+-----------+---------+---------+-----+-------+----------+----------------------------------------------+
| Source Type | BUFHCE Site | Fixed | MMCM Pins | PLL Pins | GT Pins | BRAM Pins | ILOGICs | OLOGICs | FFs | LUTMs | DSP48E1s |                Clock Net Name                |
+-------------+-------------+-------+-----------+----------+---------+-----------+---------+---------+-----+-------+----------+----------------------------------------------+
| BUFG        |     ---     |   no  |         0 |        0 |       0 |         0 |       0 |       0 |  29 |     0 |        0 | system_i/processing_system7_0/inst/FCLK_CLK0 |
+-------------+-------------+-------+-----------+----------+---------+-----------+---------+---------+-----+-------+----------+----------------------------------------------+


11. Net wise resources used in clock region X0Y2
------------------------------------------------

+-------------+-------------+-------+-----------+----------+---------+-----------+---------+---------+-----+-------+----------+----------------------------------------------+
| Source Type | BUFHCE Site | Fixed | MMCM Pins | PLL Pins | GT Pins | BRAM Pins | ILOGICs | OLOGICs | FFs | LUTMs | DSP48E1s |                Clock Net Name                |
+-------------+-------------+-------+-----------+----------+---------+-----------+---------+---------+-----+-------+----------+----------------------------------------------+
| BUFG        |     ---     |   no  |         0 |        0 |       0 |         0 |       0 |       0 | 118 |    12 |        0 | system_i/processing_system7_0/inst/FCLK_CLK0 |
+-------------+-------------+-------+-----------+----------+---------+-----------+---------+---------+-----+-------+----------+----------------------------------------------+



# Location of BUFG Primitives 
set_property LOC BUFGCTRL_X0Y16 [get_cells system_i/processing_system7_0/inst/buffer_fclk_clk_0.FCLK_CLK_0_BUFG]
set_property LOC BUFGCTRL_X0Y17 [get_cells system_i/processing_system7_0/inst/buffer_fclk_clk_1.FCLK_CLK_1_BUFG]

# Location of IO Clock Primitives

# Location of MMCM Clock Primitives

# Location of BUFH Clock Primitives

# Location of BUFR Clock Primitives

# Location of BUFMR Clock Primitives

# Location of PLL Clock Primitives

# Location of IO Primitives which is load of clock spine
set_property LOC IOB_X0Y20 [get_cells FCLK_CLK1_OBUF_inst]

# Location of clock ports

# Clock net "system_i/processing_system7_0/inst/FCLK_CLK0" driven by instance "system_i/processing_system7_0/inst/buffer_fclk_clk_0.FCLK_CLK_0_BUFG" located at site "BUFGCTRL_X0Y16"
#startgroup
create_pblock CLKAG_system_i/processing_system7_0/inst/FCLK_CLK0
add_cells_to_pblock [get_pblocks  CLKAG_system_i/processing_system7_0/inst/FCLK_CLK0] [get_cells  -filter { IS_PRIMITIVE==1 && PRIMITIVE_LEVEL !=INTERNAL } -of_object [get_pins -filter {DIRECTION==IN} -of_objects [get_nets -hierarchical -filter {PARENT=="system_i/processing_system7_0/inst/FCLK_CLK0"}]]]
resize_pblock [get_pblocks CLKAG_system_i/processing_system7_0/inst/FCLK_CLK0] -add {CLOCKREGION_X0Y0:CLOCKREGION_X0Y0 CLOCKREGION_X0Y1:CLOCKREGION_X0Y1 CLOCKREGION_X0Y2:CLOCKREGION_X0Y2 CLOCKREGION_X1Y1:CLOCKREGION_X1Y1}
#endgroup
