

================================================================
== Vivado HLS Report for 'voicerec_classifySound'
================================================================
* Date:           Fri Dec 11 15:33:54 2015

* Version:        2015.2 (Build 1266856 on Fri Jun 26 16:57:37 PM 2015)
* Project:        voicerec.prj
* Solution:       solution1
* Product family: zynq
* Target device:  xc7z020clg484-1


================================================================
== Performance Estimates
================================================================
+ Timing (ns): 
    * Summary: 
    +--------+-------+----------+------------+
    |  Clock | Target| Estimated| Uncertainty|
    +--------+-------+----------+------------+
    |ap_clk  |  10.00|      8.62|        1.25|
    +--------+-------+----------+------------+

+ Latency (clock cycles): 
    * Summary: 
    +--------+--------+--------+--------+---------+
    |     Latency     |     Interval    | Pipeline|
    |   min  |   max  |   min  |   max  |   Type  |
    +--------+--------+--------+--------+---------+
    |  249327|  249327|  249327|  249327|   none  |
    +--------+--------+--------+--------+---------+

    + Detail: 
        * Instance: 
        N/A

        * Loop: 
        +-------------+------+------+----------+-----------+-----------+------+----------+
        |             |   Latency   | Iteration|  Initiation Interval  | Trip |          |
        |  Loop Name  |  min |  max |  Latency |  achieved |   target  | Count| Pipelined|
        +-------------+------+------+----------+-----------+-----------+------+----------+
        |- Loop 1     |  1890|  1890|        30|          -|          -|    63|    no    |
        | + Loop 1.1  |    28|    28|         2|          -|          -|    14|    no    |
        |- Loop 2     |    16|    16|         4|          -|          -|     4|    no    |
        +-------------+------+------+----------+-----------+-----------+------+----------+



================================================================
== Utilization Estimates
================================================================
* Summary: 
+-----------------+---------+-------+--------+-------+
|       Name      | BRAM_18K| DSP48E|   FF   |  LUT  |
+-----------------+---------+-------+--------+-------+
|Expression       |        -|      -|       -|      -|
|FIFO             |        -|      -|       -|      -|
|Instance         |        -|      -|       -|      -|
|Memory           |        -|      -|       -|      -|
|Multiplexer      |        -|      -|       -|      -|
|Register         |        -|      -|       -|      -|
+-----------------+---------+-------+--------+-------+
|Total            |        0|      0|       0|      0|
+-----------------+---------+-------+--------+-------+
|Available        |      280|    220|  106400|  53200|
+-----------------+---------+-------+--------+-------+
|Utilization (%)  |        0|      0|       0|      0|
+-----------------+---------+-------+--------+-------+

+ Detail: 
    * Instance: 
    N/A

    * Memory: 
    N/A

    * FIFO: 
    N/A

    * Expression: 
    N/A

    * Multiplexer: 
    N/A

    * Register: 
    N/A



================================================================
== Interface
================================================================
* Summary: 
N/A

============================================================
+ Verbose Summary: Synthesis Manager
============================================================
InlineROM: 1
ExposeGlobal: 0
============================================================
+ Verbose Summary: CDFG Model
============================================================
IsTopModel: 0
ResetActiveHigh: 1
IsCombinational: 0
IsDatapathOnly: 0
HasWiredReturn: 1
HasMFsm: 0
HasVarLatency: 1
IsPipeline: 0
IsRtlPipelined: 0
IsInstanceOverlapped: 0
IsDontTouch: 0
HasImplIP: 0
IsGatedGlobalClock: 0


============================================================
+ Verbose Summary: Schedule
============================================================
* Number of FSM states: 9
* Pipeline: 0
* Dataflow Pipeline: 0

* FSM state transitions: 
1 --> 
	2  / true
2 --> 
	5  / (exitcond1)
	3  / (!exitcond1)
3 --> 
	2  / (exitcond)
	4  / (!exitcond)
4 --> 
	3  / true
5 --> 
	6  / true
6 --> 
	7  / (!exitcond_i)
7 --> 
	8  / true
8 --> 
	9  / true
9 --> 
	6  / true
* FSM state operations: 

 <State 1>: 2.71ns
ST_1: flatInput [1/1] 2.71ns
:0  %flatInput = alloca [882 x float], align 16

ST_1: stg_11 [1/1] 1.57ns
:1  br label %.loopexit


 <State 2>: 1.94ns
ST_2: i [1/1] 0.00ns
.loopexit:0  %i = phi i6 [ 0, %0 ], [ %i_1, %.preheader ]

ST_2: exitcond1 [1/1] 1.94ns
.loopexit:1  %exitcond1 = icmp eq i6 %i, -1

ST_2: empty [1/1] 0.00ns
.loopexit:2  %empty = call i32 (...)* @_ssdm_op_SpecLoopTripCount(i64 63, i64 63, i64 63)

ST_2: i_1 [1/1] 1.72ns
.loopexit:3  %i_1 = add i6 %i, 1

ST_2: stg_16 [1/1] 0.00ns
.loopexit:4  br i1 %exitcond1, label %2, label %.preheader.preheader

ST_2: p_shl [1/1] 0.00ns
.preheader.preheader:0  %p_shl = call i10 @_ssdm_op_BitConcatenate.i10.i6.i4(i6 %i, i4 0)

ST_2: p_shl_cast [1/1] 0.00ns
.preheader.preheader:1  %p_shl_cast = zext i10 %p_shl to i11

ST_2: p_shl2 [1/1] 0.00ns
.preheader.preheader:2  %p_shl2 = call i7 @_ssdm_op_BitConcatenate.i7.i6.i1(i6 %i, i1 false)

ST_2: p_shl2_cast [1/1] 0.00ns
.preheader.preheader:3  %p_shl2_cast = zext i7 %p_shl2 to i11

ST_2: tmp_8 [1/1] 1.84ns
.preheader.preheader:4  %tmp_8 = sub i11 %p_shl_cast, %p_shl2_cast

ST_2: result_addr1_cast [1/1] 0.00ns
.preheader.preheader:5  %result_addr1_cast = sext i11 %tmp_8 to i12

ST_2: stg_23 [1/1] 1.57ns
.preheader.preheader:6  br label %.preheader

ST_2: stg_24 [2/2] 0.00ns
:0  call fastcc void @voicerec_feedForward([882 x float]* %flatInput)


 <State 3>: 4.55ns
ST_3: j [1/1] 0.00ns
.preheader:0  %j = phi i4 [ %j_1, %1 ], [ 0, %.preheader.preheader ]

ST_3: j_cast3 [1/1] 0.00ns
.preheader:1  %j_cast3 = zext i4 %j to i11

ST_3: exitcond [1/1] 1.88ns
.preheader:2  %exitcond = icmp eq i4 %j, -2

ST_3: empty_7 [1/1] 0.00ns
.preheader:3  %empty_7 = call i32 (...)* @_ssdm_op_SpecLoopTripCount(i64 14, i64 14, i64 14)

ST_3: j_1 [1/1] 0.80ns
.preheader:4  %j_1 = add i4 %j, 1

ST_3: stg_30 [1/1] 0.00ns
.preheader:5  br i1 %exitcond, label %.loopexit, label %1

ST_3: tmp_9_trn_cast [1/1] 0.00ns
:0  %tmp_9_trn_cast = zext i4 %j to i12

ST_3: result_addr2 [1/1] 1.84ns
:1  %result_addr2 = add i12 %tmp_9_trn_cast, %result_addr1_cast

ST_3: result_addr2_cast [1/1] 0.00ns
:2  %result_addr2_cast = sext i12 %result_addr2 to i32

ST_3: tmp_11 [1/1] 0.00ns
:3  %tmp_11 = zext i32 %result_addr2_cast to i64

ST_3: result_addr [1/1] 0.00ns
:4  %result_addr = getelementptr [882 x float]* @result, i64 0, i64 %tmp_11

ST_3: result_load [2/2] 2.71ns
:5  %result_load = load float* %result_addr, align 4

ST_3: tmp_1 [1/1] 1.84ns
:6  %tmp_1 = add i11 %tmp_8, %j_cast3


 <State 4>: 5.42ns
ST_4: result_load [1/2] 2.71ns
:5  %result_load = load float* %result_addr, align 4

ST_4: tmp_1_cast [1/1] 0.00ns
:7  %tmp_1_cast = sext i11 %tmp_1 to i32

ST_4: tmp_2 [1/1] 0.00ns
:8  %tmp_2 = zext i32 %tmp_1_cast to i64

ST_4: flatInput_addr [1/1] 0.00ns
:9  %flatInput_addr = getelementptr inbounds [882 x float]* %flatInput, i64 0, i64 %tmp_2

ST_4: stg_42 [1/1] 2.71ns
:10  store float %result_load, float* %flatInput_addr, align 4

ST_4: stg_43 [1/1] 0.00ns
:11  br label %.preheader


 <State 5>: 1.57ns
ST_5: stg_44 [1/2] 0.00ns
:0  call fastcc void @voicerec_feedForward([882 x float]* %flatInput)

ST_5: stg_45 [1/1] 1.57ns
:1  br label %3


 <State 6>: 2.39ns
ST_6: guess [1/1] 0.00ns
:0  %guess = phi i3 [ 0, %2 ], [ %j_2, %._crit_edge.i ]

ST_6: guess_i [1/1] 0.00ns
:1  %guess_i = phi i32 [ undef, %2 ], [ %guess_1, %._crit_edge.i ]

ST_6: second_max [1/1] 0.00ns
:2  %second_max = phi float [ 0.000000e+00, %2 ], [ %max_1, %._crit_edge.i ]

ST_6: guess_cast1 [1/1] 0.00ns
:3  %guess_cast1 = zext i3 %guess to i32

ST_6: exitcond_i [1/1] 1.62ns
:4  %exitcond_i = icmp eq i3 %guess, -4

ST_6: empty_8 [1/1] 0.00ns
:5  %empty_8 = call i32 (...)* @_ssdm_op_SpecLoopTripCount(i64 4, i64 4, i64 4) nounwind

ST_6: j_2 [1/1] 0.80ns
:6  %j_2 = add i3 %guess, 1

ST_6: stg_53 [1/1] 0.00ns
:7  br i1 %exitcond_i, label %guessClassification.exit, label %._crit_edge.i

ST_6: tmp_i [1/1] 0.00ns
._crit_edge.i:0  %tmp_i = zext i3 %guess to i64

ST_6: output_addr [1/1] 0.00ns
._crit_edge.i:1  %output_addr = getelementptr inbounds [4 x float]* @output_r, i64 0, i64 %tmp_i

ST_6: max [2/2] 2.39ns
._crit_edge.i:2  %max = load float* %output_addr, align 4

ST_6: stg_57 [1/1] 0.00ns
guessClassification.exit:0  ret i32 %guess_i


 <State 7>: 2.39ns
ST_7: max [1/2] 2.39ns
._crit_edge.i:2  %max = load float* %output_addr, align 4


 <State 8>: 6.79ns
ST_8: tmp_9 [1/1] 6.79ns
._crit_edge.i:16  %tmp_9 = fcmp ogt float %max, %second_max


 <State 9>: 7.87ns
ST_9: max_to_int [1/1] 0.00ns
._crit_edge.i:3  %max_to_int = bitcast float %max to i32

ST_9: tmp [1/1] 0.00ns
._crit_edge.i:4  %tmp = call i8 @_ssdm_op_PartSelect.i8.i32.i32.i32(i32 %max_to_int, i32 23, i32 30)

ST_9: tmp_3 [1/1] 0.00ns
._crit_edge.i:5  %tmp_3 = trunc i32 %max_to_int to i23

ST_9: second_max_to_int [1/1] 0.00ns
._crit_edge.i:6  %second_max_to_int = bitcast float %second_max to i32

ST_9: tmp_4 [1/1] 0.00ns
._crit_edge.i:7  %tmp_4 = call i8 @_ssdm_op_PartSelect.i8.i32.i32.i32(i32 %second_max_to_int, i32 23, i32 30)

ST_9: tmp_5 [1/1] 0.00ns
._crit_edge.i:8  %tmp_5 = trunc i32 %second_max_to_int to i23

ST_9: notlhs [1/1] 2.00ns
._crit_edge.i:9  %notlhs = icmp ne i8 %tmp, -1

ST_9: notrhs [1/1] 2.39ns
._crit_edge.i:10  %notrhs = icmp eq i23 %tmp_3, 0

ST_9: tmp_6 [1/1] 1.37ns
._crit_edge.i:11  %tmp_6 = or i1 %notrhs, %notlhs

ST_9: notlhs6 [1/1] 2.00ns
._crit_edge.i:12  %notlhs6 = icmp ne i8 %tmp_4, -1

ST_9: notrhs7 [1/1] 2.39ns
._crit_edge.i:13  %notrhs7 = icmp eq i23 %tmp_5, 0

ST_9: tmp_7 [1/1] 1.37ns
._crit_edge.i:14  %tmp_7 = or i1 %notrhs7, %notlhs6

ST_9: tmp_s [1/1] 1.37ns
._crit_edge.i:15  %tmp_s = and i1 %tmp_6, %tmp_7

ST_9: tmp_10 [1/1] 1.37ns
._crit_edge.i:17  %tmp_10 = and i1 %tmp_s, %tmp_9

ST_9: guess_1 [1/1] 1.37ns
._crit_edge.i:18  %guess_1 = select i1 %tmp_10, i32 %guess_cast1, i32 %guess_i

ST_9: max_1 [1/1] 1.37ns
._crit_edge.i:19  %max_1 = select i1 %tmp_10, float %max, float %second_max

ST_9: stg_76 [1/1] 0.00ns
._crit_edge.i:20  br label %3



============================================================
+ Verbose Summary: Binding
============================================================
STG Binding: 
---------------- STG Properties BEGIN ----------------
- Is combinational: 0
- Is one-state seq: 0
- Is datapath-only: 0
- Is clock enabled: 0
- Is pipelined: 0
- Is top level: 0
Port [ Return ] is wired: 1; IO mode=ap_ctrl_hs:ce=0
Port [ result]:  wired=1; compound=1; hidden=0; nouse=0; global=1; static=0; extern=0; dir=0; type=1; mode=0x2cc628e0; pingpong=0; private_global=0; linkage=0; visibility=0; MemPort=[13]; IO mode=ap_memory:ce=0
Port [ input_r]:  wired=0; compound=1; hidden=1; nouse=1; global=1; static=0; extern=0; dir=2; type=1; mode=0x2cc64790; pingpong=0; private_global=0; linkage=0; visibility=0; MemPort=[23]; IO mode=ap_memory:ce=0
Port [ hidden]:  wired=0; compound=1; hidden=1; nouse=1; global=1; static=0; extern=0; dir=2; type=1; mode=0x2cc653a0; pingpong=0; private_global=0; linkage=0; visibility=0; MemPort=[23]; IO mode=ap_memory:ce=0
Port [ weightIH]:  wired=0; compound=1; hidden=1; nouse=1; global=1; static=0; extern=0; dir=0; type=1; mode=0x2cc65970; pingpong=0; private_global=0; linkage=0; visibility=0; MemPort=[1]; IO mode=ap_memory:ce=0
Port [ output_r]:  wired=0; compound=1; hidden=1; nouse=0; global=1; static=0; extern=0; dir=2; type=1; mode=0x2cc65f40; pingpong=0; private_global=1; linkage=0; visibility=0; MemPort=[23]; IO mode=ap_memory:ce=0
Port [ weightHO]:  wired=0; compound=1; hidden=1; nouse=1; global=1; static=0; extern=0; dir=0; type=1; mode=0x2cc66510; pingpong=0; private_global=0; linkage=0; visibility=0; MemPort=[1]; IO mode=ap_memory:ce=0
---------------- STG Properties END ------------------

---------------- Datapath Model BEGIN ----------------

<LifeTime>
<method=bitvector/>
flatInput         (alloca           ) [ 0011110000]
stg_11            (br               ) [ 0111100000]
i                 (phi              ) [ 0010000000]
exitcond1         (icmp             ) [ 0011100000]
empty             (speclooptripcount) [ 0000000000]
i_1               (add              ) [ 0111100000]
stg_16            (br               ) [ 0000000000]
p_shl             (bitconcatenate   ) [ 0000000000]
p_shl_cast        (zext             ) [ 0000000000]
p_shl2            (bitconcatenate   ) [ 0000000000]
p_shl2_cast       (zext             ) [ 0000000000]
tmp_8             (sub              ) [ 0001100000]
result_addr1_cast (sext             ) [ 0001100000]
stg_23            (br               ) [ 0011100000]
j                 (phi              ) [ 0001000000]
j_cast3           (zext             ) [ 0000000000]
exitcond          (icmp             ) [ 0011100000]
empty_7           (speclooptripcount) [ 0000000000]
j_1               (add              ) [ 0011100000]
stg_30            (br               ) [ 0111100000]
tmp_9_trn_cast    (zext             ) [ 0000000000]
result_addr2      (add              ) [ 0000000000]
result_addr2_cast (sext             ) [ 0000000000]
tmp_11            (zext             ) [ 0000000000]
result_addr       (getelementptr    ) [ 0000100000]
tmp_1             (add              ) [ 0000100000]
result_load       (load             ) [ 0000000000]
tmp_1_cast        (sext             ) [ 0000000000]
tmp_2             (zext             ) [ 0000000000]
flatInput_addr    (getelementptr    ) [ 0000000000]
stg_42            (store            ) [ 0000000000]
stg_43            (br               ) [ 0011100000]
stg_44            (call             ) [ 0000000000]
stg_45            (br               ) [ 0000011111]
guess             (phi              ) [ 0000001000]
guess_i           (phi              ) [ 0000001111]
second_max        (phi              ) [ 0000001111]
guess_cast1       (zext             ) [ 0000000111]
exitcond_i        (icmp             ) [ 0000001111]
empty_8           (speclooptripcount) [ 0000000000]
j_2               (add              ) [ 0000011111]
stg_53            (br               ) [ 0000000000]
tmp_i             (zext             ) [ 0000000000]
output_addr       (getelementptr    ) [ 0000000100]
stg_57            (ret              ) [ 0000000000]
max               (load             ) [ 0000000011]
tmp_9             (fcmp             ) [ 0000000001]
max_to_int        (bitcast          ) [ 0000000000]
tmp               (partselect       ) [ 0000000000]
tmp_3             (trunc            ) [ 0000000000]
second_max_to_int (bitcast          ) [ 0000000000]
tmp_4             (partselect       ) [ 0000000000]
tmp_5             (trunc            ) [ 0000000000]
notlhs            (icmp             ) [ 0000000000]
notrhs            (icmp             ) [ 0000000000]
tmp_6             (or               ) [ 0000000000]
notlhs6           (icmp             ) [ 0000000000]
notrhs7           (icmp             ) [ 0000000000]
tmp_7             (or               ) [ 0000000000]
tmp_s             (and              ) [ 0000000000]
tmp_10            (and              ) [ 0000000000]
guess_1           (select           ) [ 0000011111]
max_1             (select           ) [ 0000011111]
stg_76            (br               ) [ 0000011111]
</LifeTime>

<model>

<comp_list>
<comp id="0" class="1000" name="result">
<pin_list>
<pin id="1" dir="1" index="0" bw="1" slack="0"/>
</pin_list>
<bind>
<StgValue><ssdm name="result"/><MemPortTyVec>1 3 </MemPortTyVec>
</StgValue>
</bind>
</comp>

<comp id="2" class="1000" name="input_r">
<pin_list>
<pin id="3" dir="1" index="0" bw="1" slack="0"/>
</pin_list>
<bind>
<StgValue><ssdm name="input_r"/><MemPortTyVec>2 3 </MemPortTyVec>
</StgValue>
</bind>
</comp>

<comp id="4" class="1000" name="hidden">
<pin_list>
<pin id="5" dir="1" index="0" bw="1" slack="0"/>
</pin_list>
<bind>
<StgValue><ssdm name="hidden"/><MemPortTyVec>2 3 </MemPortTyVec>
</StgValue>
</bind>
</comp>

<comp id="6" class="1000" name="weightIH">
<pin_list>
<pin id="7" dir="1" index="0" bw="1" slack="0"/>
</pin_list>
<bind>
<StgValue><ssdm name="weightIH"/><MemPortTyVec>1 </MemPortTyVec>
</StgValue>
</bind>
</comp>

<comp id="8" class="1000" name="output_r">
<pin_list>
<pin id="9" dir="1" index="0" bw="1" slack="0"/>
</pin_list>
<bind>
<StgValue><ssdm name="output_r"/><MemPortTyVec>2 3 </MemPortTyVec>
</StgValue>
</bind>
</comp>

<comp id="10" class="1000" name="weightHO">
<pin_list>
<pin id="11" dir="1" index="0" bw="1" slack="0"/>
</pin_list>
<bind>
<StgValue><ssdm name="weightHO"/><MemPortTyVec>1 </MemPortTyVec>
</StgValue>
</bind>
</comp>

<comp id="12" class="1001" name="const_12">
<pin_list>
<pin id="13" dir="1" index="0" bw="1" slack="0"/>
</pin_list>
<bind>
<StgValue><ssdm name=""/></StgValue>
</bind>
</comp>

<comp id="14" class="1001" name="const_14">
<pin_list>
<pin id="15" dir="1" index="0" bw="1" slack="1"/>
</pin_list>
<bind>
<StgValue><ssdm name=""/></StgValue>
</bind>
</comp>

<comp id="16" class="1001" name="const_16">
<pin_list>
<pin id="17" dir="1" index="0" bw="1" slack="0"/>
</pin_list>
<bind>
<StgValue><ssdm name=""/></StgValue>
</bind>
</comp>

<comp id="18" class="1001" name="const_18">
<pin_list>
<pin id="19" dir="1" index="0" bw="1" slack="2147483647"/>
</pin_list>
<bind>
<StgValue><ssdm name="_ssdm_op_SpecLoopTripCount"/></StgValue>
</bind>
</comp>

<comp id="20" class="1001" name="const_20">
<pin_list>
<pin id="21" dir="1" index="0" bw="1" slack="2147483647"/>
</pin_list>
<bind>
<StgValue><ssdm name=""/></StgValue>
</bind>
</comp>

<comp id="22" class="1001" name="const_22">
<pin_list>
<pin id="23" dir="1" index="0" bw="1" slack="0"/>
</pin_list>
<bind>
<StgValue><ssdm name=""/></StgValue>
</bind>
</comp>

<comp id="24" class="1001" name="const_24">
<pin_list>
<pin id="25" dir="1" index="0" bw="1" slack="0"/>
</pin_list>
<bind>
<StgValue><ssdm name="_ssdm_op_BitConcatenate.i10.i6.i4"/></StgValue>
</bind>
</comp>

<comp id="26" class="1001" name="const_26">
<pin_list>
<pin id="27" dir="1" index="0" bw="1" slack="0"/>
</pin_list>
<bind>
<StgValue><ssdm name=""/></StgValue>
</bind>
</comp>

<comp id="28" class="1001" name="const_28">
<pin_list>
<pin id="29" dir="1" index="0" bw="1" slack="0"/>
</pin_list>
<bind>
<StgValue><ssdm name="_ssdm_op_BitConcatenate.i7.i6.i1"/></StgValue>
</bind>
</comp>

<comp id="30" class="1001" name="const_30">
<pin_list>
<pin id="31" dir="1" index="0" bw="1" slack="0"/>
</pin_list>
<bind>
<StgValue><ssdm name=""/></StgValue>
</bind>
</comp>

<comp id="32" class="1001" name="const_32">
<pin_list>
<pin id="33" dir="1" index="0" bw="1" slack="0"/>
</pin_list>
<bind>
<StgValue><ssdm name="voicerec_feedForward"/></StgValue>
</bind>
</comp>

<comp id="34" class="1001" name="const_34">
<pin_list>
<pin id="35" dir="1" index="0" bw="1" slack="0"/>
</pin_list>
<bind>
<StgValue><ssdm name=""/></StgValue>
</bind>
</comp>

<comp id="36" class="1001" name="const_36">
<pin_list>
<pin id="37" dir="1" index="0" bw="1" slack="2147483647"/>
</pin_list>
<bind>
<StgValue><ssdm name=""/></StgValue>
</bind>
</comp>

<comp id="38" class="1001" name="const_38">
<pin_list>
<pin id="39" dir="1" index="0" bw="1" slack="0"/>
</pin_list>
<bind>
<StgValue><ssdm name=""/></StgValue>
</bind>
</comp>

<comp id="40" class="1001" name="const_40">
<pin_list>
<pin id="41" dir="1" index="0" bw="1" slack="0"/>
</pin_list>
<bind>
<StgValue><ssdm name=""/></StgValue>
</bind>
</comp>

<comp id="42" class="1001" name="const_42">
<pin_list>
<pin id="43" dir="1" index="0" bw="1" slack="1"/>
</pin_list>
<bind>
<StgValue><ssdm name=""/></StgValue>
</bind>
</comp>

<comp id="44" class="1001" name="const_44">
<pin_list>
<pin id="45" dir="1" index="0" bw="1" slack="1"/>
</pin_list>
<bind>
<StgValue><ssdm name=""/></StgValue>
</bind>
</comp>

<comp id="46" class="1001" name="const_46">
<pin_list>
<pin id="47" dir="1" index="0" bw="1" slack="1"/>
</pin_list>
<bind>
<StgValue><ssdm name=""/></StgValue>
</bind>
</comp>

<comp id="48" class="1001" name="const_48">
<pin_list>
<pin id="49" dir="1" index="0" bw="1" slack="0"/>
</pin_list>
<bind>
<StgValue><ssdm name=""/></StgValue>
</bind>
</comp>

<comp id="50" class="1001" name="const_50">
<pin_list>
<pin id="51" dir="1" index="0" bw="1" slack="2147483647"/>
</pin_list>
<bind>
<StgValue><ssdm name=""/></StgValue>
</bind>
</comp>

<comp id="52" class="1001" name="const_52">
<pin_list>
<pin id="53" dir="1" index="0" bw="1" slack="0"/>
</pin_list>
<bind>
<StgValue><ssdm name=""/></StgValue>
</bind>
</comp>

<comp id="54" class="1001" name="const_54">
<pin_list>
<pin id="55" dir="1" index="0" bw="1" slack="0"/>
</pin_list>
<bind>
<StgValue><ssdm name="_ssdm_op_PartSelect.i8.i32.i32.i32"/></StgValue>
</bind>
</comp>

<comp id="56" class="1001" name="const_56">
<pin_list>
<pin id="57" dir="1" index="0" bw="1" slack="0"/>
</pin_list>
<bind>
<StgValue><ssdm name=""/></StgValue>
</bind>
</comp>

<comp id="58" class="1001" name="const_58">
<pin_list>
<pin id="59" dir="1" index="0" bw="1" slack="0"/>
</pin_list>
<bind>
<StgValue><ssdm name=""/></StgValue>
</bind>
</comp>

<comp id="60" class="1001" name="const_60">
<pin_list>
<pin id="61" dir="1" index="0" bw="1" slack="0"/>
</pin_list>
<bind>
<StgValue><ssdm name=""/></StgValue>
</bind>
</comp>

<comp id="62" class="1001" name="const_62">
<pin_list>
<pin id="63" dir="1" index="0" bw="1" slack="0"/>
</pin_list>
<bind>
<StgValue><ssdm name=""/></StgValue>
</bind>
</comp>

<comp id="64" class="1004" name="flatInput_alloca_fu_64">
<pin_list>
<pin id="65" dir="0" index="0" bw="1" slack="0"/>
<pin id="66" dir="1" index="1" bw="32" slack="2147483647"/>
</pin_list>
<bind>
<opcode="alloca(26) " fcode="alloca"/>
<opset="flatInput/1 "/>
</bind>
</comp>

<comp id="68" class="1004" name="result_addr_gep_fu_68">
<pin_list>
<pin id="69" dir="0" index="0" bw="32" slack="0"/>
<pin id="70" dir="0" index="1" bw="1" slack="0"/>
<pin id="71" dir="0" index="2" bw="32" slack="0"/>
<pin id="72" dir="1" index="3" bw="10" slack="0"/>
</pin_list>
<bind>
<opcode="getelementptr(29) " fcode="getelementptr"/>
<opset="result_addr/3 "/>
</bind>
</comp>

<comp id="75" class="1004" name="grp_access_fu_75">
<pin_list>
<pin id="76" dir="0" index="0" bw="10" slack="0"/>
<pin id="77" dir="0" index="1" bw="32" slack="2147483647"/>
<pin id="78" dir="1" index="2" bw="32" slack="0"/>
</pin_list>
<bind>
<opcode="load(27) " fcode="load"/>
<opset="result_load/3 "/>
</bind>
</comp>

<comp id="80" class="1004" name="flatInput_addr_gep_fu_80">
<pin_list>
<pin id="81" dir="0" index="0" bw="32" slack="2147483647"/>
<pin id="82" dir="0" index="1" bw="1" slack="0"/>
<pin id="83" dir="0" index="2" bw="32" slack="0"/>
<pin id="84" dir="1" index="3" bw="10" slack="0"/>
</pin_list>
<bind>
<opcode="getelementptr(29) " fcode="getelementptr"/>
<opset="flatInput_addr/4 "/>
</bind>
</comp>

<comp id="86" class="1004" name="stg_42_access_fu_86">
<pin_list>
<pin id="87" dir="0" index="0" bw="10" slack="0"/>
<pin id="88" dir="0" index="1" bw="32" slack="0"/>
<pin id="89" dir="1" index="2" bw="32" slack="2147483647"/>
</pin_list>
<bind>
<opcode="store(28) " fcode="store"/>
<opset="stg_42/4 "/>
</bind>
</comp>

<comp id="92" class="1004" name="output_addr_gep_fu_92">
<pin_list>
<pin id="93" dir="0" index="0" bw="32" slack="0"/>
<pin id="94" dir="0" index="1" bw="1" slack="0"/>
<pin id="95" dir="0" index="2" bw="3" slack="0"/>
<pin id="96" dir="1" index="3" bw="2" slack="0"/>
</pin_list>
<bind>
<opcode="getelementptr(29) " fcode="getelementptr"/>
<opset="output_addr/6 "/>
</bind>
</comp>

<comp id="99" class="1004" name="grp_access_fu_99">
<pin_list>
<pin id="100" dir="0" index="0" bw="2" slack="0"/>
<pin id="101" dir="0" index="1" bw="32" slack="2147483647"/>
<pin id="102" dir="1" index="2" bw="32" slack="1"/>
</pin_list>
<bind>
<opcode="load(27) " fcode="load"/>
<opset="max/6 "/>
</bind>
</comp>

<comp id="104" class="1005" name="i_reg_104">
<pin_list>
<pin id="105" dir="0" index="0" bw="6" slack="1"/>
<pin id="106" dir="1" index="1" bw="6" slack="1"/>
</pin_list>
<bind>
<opset="i (phireg) "/>
</bind>
</comp>

<comp id="108" class="1004" name="i_phi_fu_108">
<pin_list>
<pin id="109" dir="0" index="0" bw="1" slack="1"/>
<pin id="110" dir="0" index="1" bw="0" slack="2147483647"/>
<pin id="111" dir="0" index="2" bw="6" slack="0"/>
<pin id="112" dir="0" index="3" bw="0" slack="2147483647"/>
<pin id="113" dir="1" index="4" bw="6" slack="0"/>
</pin_list>
<bind>
<opcode="phi(47) " fcode="phi"/>
<opset="i/2 "/>
</bind>
</comp>

<comp id="115" class="1005" name="j_reg_115">
<pin_list>
<pin id="116" dir="0" index="0" bw="4" slack="1"/>
<pin id="117" dir="1" index="1" bw="4" slack="1"/>
</pin_list>
<bind>
<opset="j (phireg) "/>
</bind>
</comp>

<comp id="119" class="1004" name="j_phi_fu_119">
<pin_list>
<pin id="120" dir="0" index="0" bw="4" slack="0"/>
<pin id="121" dir="0" index="1" bw="0" slack="2147483647"/>
<pin id="122" dir="0" index="2" bw="1" slack="1"/>
<pin id="123" dir="0" index="3" bw="0" slack="2147483647"/>
<pin id="124" dir="1" index="4" bw="4" slack="0"/>
</pin_list>
<bind>
<opcode="phi(47) " fcode="phi"/>
<opset="j/3 "/>
</bind>
</comp>

<comp id="126" class="1005" name="guess_reg_126">
<pin_list>
<pin id="127" dir="0" index="0" bw="3" slack="1"/>
<pin id="128" dir="1" index="1" bw="3" slack="1"/>
</pin_list>
<bind>
<opset="guess (phireg) "/>
</bind>
</comp>

<comp id="130" class="1004" name="guess_phi_fu_130">
<pin_list>
<pin id="131" dir="0" index="0" bw="1" slack="1"/>
<pin id="132" dir="0" index="1" bw="0" slack="2147483647"/>
<pin id="133" dir="0" index="2" bw="3" slack="0"/>
<pin id="134" dir="0" index="3" bw="0" slack="2147483647"/>
<pin id="135" dir="1" index="4" bw="3" slack="0"/>
</pin_list>
<bind>
<opcode="phi(47) " fcode="phi"/>
<opset="guess/6 "/>
</bind>
</comp>

<comp id="137" class="1005" name="guess_i_reg_137">
<pin_list>
<pin id="138" dir="0" index="0" bw="32" slack="1"/>
<pin id="139" dir="1" index="1" bw="32" slack="1"/>
</pin_list>
<bind>
<opset="guess_i (phireg) "/>
</bind>
</comp>

<comp id="141" class="1004" name="guess_i_phi_fu_141">
<pin_list>
<pin id="142" dir="0" index="0" bw="1" slack="1"/>
<pin id="143" dir="0" index="1" bw="0" slack="2147483647"/>
<pin id="144" dir="0" index="2" bw="32" slack="1"/>
<pin id="145" dir="0" index="3" bw="0" slack="2147483647"/>
<pin id="146" dir="1" index="4" bw="32" slack="3"/>
</pin_list>
<bind>
<opcode="phi(47) " fcode="phi"/>
<opset="guess_i/6 "/>
</bind>
</comp>

<comp id="149" class="1005" name="second_max_reg_149">
<pin_list>
<pin id="150" dir="0" index="0" bw="32" slack="1"/>
<pin id="151" dir="1" index="1" bw="32" slack="1"/>
</pin_list>
<bind>
<opset="second_max (phireg) "/>
</bind>
</comp>

<comp id="153" class="1004" name="second_max_phi_fu_153">
<pin_list>
<pin id="154" dir="0" index="0" bw="32" slack="1"/>
<pin id="155" dir="0" index="1" bw="0" slack="2147483647"/>
<pin id="156" dir="0" index="2" bw="32" slack="1"/>
<pin id="157" dir="0" index="3" bw="0" slack="2147483647"/>
<pin id="158" dir="1" index="4" bw="32" slack="2"/>
</pin_list>
<bind>
<opcode="phi(47) " fcode="phi"/>
<opset="second_max/6 "/>
</bind>
</comp>

<comp id="161" class="1004" name="grp_voicerec_feedForward_fu_161">
<pin_list>
<pin id="162" dir="0" index="0" bw="0" slack="0"/>
<pin id="163" dir="0" index="1" bw="32" slack="2147483647"/>
<pin id="164" dir="0" index="2" bw="32" slack="0"/>
<pin id="165" dir="0" index="3" bw="32" slack="0"/>
<pin id="166" dir="0" index="4" bw="32" slack="0"/>
<pin id="167" dir="0" index="5" bw="32" slack="0"/>
<pin id="168" dir="0" index="6" bw="32" slack="0"/>
<pin id="169" dir="1" index="7" bw="0" slack="2147483647"/>
</pin_list>
<bind>
<opcode="call(48) " fcode="call"/>
<opset="stg_24/2 "/>
</bind>
</comp>

<comp id="176" class="1004" name="tmp_9_fu_176">
<pin_list>
<pin id="177" dir="0" index="0" bw="32" slack="1"/>
<pin id="178" dir="0" index="1" bw="32" slack="2"/>
<pin id="179" dir="1" index="2" bw="1" slack="1"/>
</pin_list>
<bind>
<opcode="fcmp(46) " fcode="fcmp"/>
<opset="tmp_9/8 "/>
</bind>
</comp>

<comp id="181" class="1004" name="exitcond1_fu_181">
<pin_list>
<pin id="182" dir="0" index="0" bw="6" slack="0"/>
<pin id="183" dir="0" index="1" bw="1" slack="0"/>
<pin id="184" dir="1" index="2" bw="1" slack="2147483647"/>
</pin_list>
<bind>
<opcode="icmp(45) " fcode="icmp"/>
<opset="exitcond1/2 "/>
</bind>
</comp>

<comp id="187" class="1004" name="i_1_fu_187">
<pin_list>
<pin id="188" dir="0" index="0" bw="6" slack="0"/>
<pin id="189" dir="0" index="1" bw="1" slack="0"/>
<pin id="190" dir="1" index="2" bw="6" slack="0"/>
</pin_list>
<bind>
<opcode="add(8) " fcode="add"/>
<opset="i_1/2 "/>
</bind>
</comp>

<comp id="193" class="1004" name="p_shl_fu_193">
<pin_list>
<pin id="194" dir="0" index="0" bw="10" slack="0"/>
<pin id="195" dir="0" index="1" bw="6" slack="0"/>
<pin id="196" dir="0" index="2" bw="1" slack="0"/>
<pin id="197" dir="1" index="3" bw="10" slack="0"/>
</pin_list>
<bind>
<opcode="bitconcatenate(1004) " fcode="bitconcatenate"/>
<opset="p_shl/2 "/>
</bind>
</comp>

<comp id="201" class="1004" name="p_shl_cast_fu_201">
<pin_list>
<pin id="202" dir="0" index="0" bw="10" slack="0"/>
<pin id="203" dir="1" index="1" bw="11" slack="0"/>
</pin_list>
<bind>
<opcode="zext(34) " fcode="zext"/>
<opset="p_shl_cast/2 "/>
</bind>
</comp>

<comp id="205" class="1004" name="p_shl2_fu_205">
<pin_list>
<pin id="206" dir="0" index="0" bw="7" slack="0"/>
<pin id="207" dir="0" index="1" bw="6" slack="0"/>
<pin id="208" dir="0" index="2" bw="1" slack="0"/>
<pin id="209" dir="1" index="3" bw="7" slack="0"/>
</pin_list>
<bind>
<opcode="bitconcatenate(1004) " fcode="bitconcatenate"/>
<opset="p_shl2/2 "/>
</bind>
</comp>

<comp id="213" class="1004" name="p_shl2_cast_fu_213">
<pin_list>
<pin id="214" dir="0" index="0" bw="7" slack="0"/>
<pin id="215" dir="1" index="1" bw="11" slack="0"/>
</pin_list>
<bind>
<opcode="zext(34) " fcode="zext"/>
<opset="p_shl2_cast/2 "/>
</bind>
</comp>

<comp id="217" class="1004" name="tmp_8_fu_217">
<pin_list>
<pin id="218" dir="0" index="0" bw="10" slack="0"/>
<pin id="219" dir="0" index="1" bw="7" slack="0"/>
<pin id="220" dir="1" index="2" bw="11" slack="0"/>
</pin_list>
<bind>
<opcode="sub(10) " fcode="sub"/>
<opset="tmp_8/2 "/>
</bind>
</comp>

<comp id="223" class="1004" name="result_addr1_cast_fu_223">
<pin_list>
<pin id="224" dir="0" index="0" bw="11" slack="0"/>
<pin id="225" dir="1" index="1" bw="12" slack="1"/>
</pin_list>
<bind>
<opcode="sext(35) " fcode="sext"/>
<opset="result_addr1_cast/2 "/>
</bind>
</comp>

<comp id="227" class="1004" name="j_cast3_fu_227">
<pin_list>
<pin id="228" dir="0" index="0" bw="4" slack="0"/>
<pin id="229" dir="1" index="1" bw="11" slack="0"/>
</pin_list>
<bind>
<opcode="zext(34) " fcode="zext"/>
<opset="j_cast3/3 "/>
</bind>
</comp>

<comp id="231" class="1004" name="exitcond_fu_231">
<pin_list>
<pin id="232" dir="0" index="0" bw="4" slack="0"/>
<pin id="233" dir="0" index="1" bw="2" slack="0"/>
<pin id="234" dir="1" index="2" bw="1" slack="2147483647"/>
</pin_list>
<bind>
<opcode="icmp(45) " fcode="icmp"/>
<opset="exitcond/3 "/>
</bind>
</comp>

<comp id="237" class="1004" name="j_1_fu_237">
<pin_list>
<pin id="238" dir="0" index="0" bw="4" slack="0"/>
<pin id="239" dir="0" index="1" bw="1" slack="0"/>
<pin id="240" dir="1" index="2" bw="4" slack="0"/>
</pin_list>
<bind>
<opcode="add(8) " fcode="add"/>
<opset="j_1/3 "/>
</bind>
</comp>

<comp id="243" class="1004" name="tmp_9_trn_cast_fu_243">
<pin_list>
<pin id="244" dir="0" index="0" bw="4" slack="0"/>
<pin id="245" dir="1" index="1" bw="12" slack="0"/>
</pin_list>
<bind>
<opcode="zext(34) " fcode="zext"/>
<opset="tmp_9_trn_cast/3 "/>
</bind>
</comp>

<comp id="247" class="1004" name="result_addr2_fu_247">
<pin_list>
<pin id="248" dir="0" index="0" bw="4" slack="0"/>
<pin id="249" dir="0" index="1" bw="11" slack="1"/>
<pin id="250" dir="1" index="2" bw="12" slack="0"/>
</pin_list>
<bind>
<opcode="add(8) " fcode="add"/>
<opset="result_addr2/3 "/>
</bind>
</comp>

<comp id="252" class="1004" name="result_addr2_cast_fu_252">
<pin_list>
<pin id="253" dir="0" index="0" bw="12" slack="0"/>
<pin id="254" dir="1" index="1" bw="32" slack="0"/>
</pin_list>
<bind>
<opcode="sext(35) " fcode="sext"/>
<opset="result_addr2_cast/3 "/>
</bind>
</comp>

<comp id="256" class="1004" name="tmp_11_fu_256">
<pin_list>
<pin id="257" dir="0" index="0" bw="12" slack="0"/>
<pin id="258" dir="1" index="1" bw="64" slack="0"/>
</pin_list>
<bind>
<opcode="zext(34) " fcode="zext"/>
<opset="tmp_11/3 "/>
</bind>
</comp>

<comp id="261" class="1004" name="tmp_1_fu_261">
<pin_list>
<pin id="262" dir="0" index="0" bw="11" slack="1"/>
<pin id="263" dir="0" index="1" bw="4" slack="0"/>
<pin id="264" dir="1" index="2" bw="11" slack="1"/>
</pin_list>
<bind>
<opcode="add(8) " fcode="add"/>
<opset="tmp_1/3 "/>
</bind>
</comp>

<comp id="266" class="1004" name="tmp_1_cast_fu_266">
<pin_list>
<pin id="267" dir="0" index="0" bw="11" slack="1"/>
<pin id="268" dir="1" index="1" bw="32" slack="0"/>
</pin_list>
<bind>
<opcode="sext(35) " fcode="sext"/>
<opset="tmp_1_cast/4 "/>
</bind>
</comp>

<comp id="269" class="1004" name="tmp_2_fu_269">
<pin_list>
<pin id="270" dir="0" index="0" bw="11" slack="0"/>
<pin id="271" dir="1" index="1" bw="64" slack="0"/>
</pin_list>
<bind>
<opcode="zext(34) " fcode="zext"/>
<opset="tmp_2/4 "/>
</bind>
</comp>

<comp id="274" class="1004" name="guess_cast1_fu_274">
<pin_list>
<pin id="275" dir="0" index="0" bw="3" slack="0"/>
<pin id="276" dir="1" index="1" bw="32" slack="3"/>
</pin_list>
<bind>
<opcode="zext(34) " fcode="zext"/>
<opset="guess_cast1/6 "/>
</bind>
</comp>

<comp id="278" class="1004" name="exitcond_i_fu_278">
<pin_list>
<pin id="279" dir="0" index="0" bw="3" slack="0"/>
<pin id="280" dir="0" index="1" bw="3" slack="0"/>
<pin id="281" dir="1" index="2" bw="1" slack="2147483647"/>
</pin_list>
<bind>
<opcode="icmp(45) " fcode="icmp"/>
<opset="exitcond_i/6 "/>
</bind>
</comp>

<comp id="284" class="1004" name="j_2_fu_284">
<pin_list>
<pin id="285" dir="0" index="0" bw="3" slack="0"/>
<pin id="286" dir="0" index="1" bw="1" slack="0"/>
<pin id="287" dir="1" index="2" bw="3" slack="0"/>
</pin_list>
<bind>
<opcode="add(8) " fcode="add"/>
<opset="j_2/6 "/>
</bind>
</comp>

<comp id="290" class="1004" name="tmp_i_fu_290">
<pin_list>
<pin id="291" dir="0" index="0" bw="3" slack="0"/>
<pin id="292" dir="1" index="1" bw="64" slack="0"/>
</pin_list>
<bind>
<opcode="zext(34) " fcode="zext"/>
<opset="tmp_i/6 "/>
</bind>
</comp>

<comp id="295" class="1004" name="max_to_int_fu_295">
<pin_list>
<pin id="296" dir="0" index="0" bw="32" slack="2"/>
<pin id="297" dir="1" index="1" bw="32" slack="0"/>
</pin_list>
<bind>
<opcode="bitcast(44) " fcode="bitcast"/>
<opset="max_to_int/9 "/>
</bind>
</comp>

<comp id="298" class="1004" name="tmp_fu_298">
<pin_list>
<pin id="299" dir="0" index="0" bw="8" slack="0"/>
<pin id="300" dir="0" index="1" bw="32" slack="0"/>
<pin id="301" dir="0" index="2" bw="6" slack="0"/>
<pin id="302" dir="0" index="3" bw="6" slack="0"/>
<pin id="303" dir="1" index="4" bw="8" slack="0"/>
</pin_list>
<bind>
<opcode="partselect(1002) " fcode="partselect"/>
<opset="tmp/9 "/>
</bind>
</comp>

<comp id="308" class="1004" name="tmp_3_fu_308">
<pin_list>
<pin id="309" dir="0" index="0" bw="32" slack="0"/>
<pin id="310" dir="1" index="1" bw="23" slack="0"/>
</pin_list>
<bind>
<opcode="trunc(33) " fcode="trunc"/>
<opset="tmp_3/9 "/>
</bind>
</comp>

<comp id="312" class="1004" name="second_max_to_int_fu_312">
<pin_list>
<pin id="313" dir="0" index="0" bw="32" slack="3"/>
<pin id="314" dir="1" index="1" bw="32" slack="0"/>
</pin_list>
<bind>
<opcode="bitcast(44) " fcode="bitcast"/>
<opset="second_max_to_int/9 "/>
</bind>
</comp>

<comp id="316" class="1004" name="tmp_4_fu_316">
<pin_list>
<pin id="317" dir="0" index="0" bw="8" slack="0"/>
<pin id="318" dir="0" index="1" bw="32" slack="0"/>
<pin id="319" dir="0" index="2" bw="6" slack="0"/>
<pin id="320" dir="0" index="3" bw="6" slack="0"/>
<pin id="321" dir="1" index="4" bw="8" slack="0"/>
</pin_list>
<bind>
<opcode="partselect(1002) " fcode="partselect"/>
<opset="tmp_4/9 "/>
</bind>
</comp>

<comp id="326" class="1004" name="tmp_5_fu_326">
<pin_list>
<pin id="327" dir="0" index="0" bw="32" slack="0"/>
<pin id="328" dir="1" index="1" bw="23" slack="0"/>
</pin_list>
<bind>
<opcode="trunc(33) " fcode="trunc"/>
<opset="tmp_5/9 "/>
</bind>
</comp>

<comp id="330" class="1004" name="notlhs_fu_330">
<pin_list>
<pin id="331" dir="0" index="0" bw="8" slack="0"/>
<pin id="332" dir="0" index="1" bw="1" slack="0"/>
<pin id="333" dir="1" index="2" bw="1" slack="0"/>
</pin_list>
<bind>
<opcode="icmp(45) " fcode="icmp"/>
<opset="notlhs/9 "/>
</bind>
</comp>

<comp id="336" class="1004" name="notrhs_fu_336">
<pin_list>
<pin id="337" dir="0" index="0" bw="23" slack="0"/>
<pin id="338" dir="0" index="1" bw="1" slack="0"/>
<pin id="339" dir="1" index="2" bw="1" slack="0"/>
</pin_list>
<bind>
<opcode="icmp(45) " fcode="icmp"/>
<opset="notrhs/9 "/>
</bind>
</comp>

<comp id="342" class="1004" name="tmp_6_fu_342">
<pin_list>
<pin id="343" dir="0" index="0" bw="1" slack="0"/>
<pin id="344" dir="0" index="1" bw="1" slack="0"/>
<pin id="345" dir="1" index="2" bw="1" slack="0"/>
</pin_list>
<bind>
<opcode="or(24) " fcode="or"/>
<opset="tmp_6/9 "/>
</bind>
</comp>

<comp id="348" class="1004" name="notlhs6_fu_348">
<pin_list>
<pin id="349" dir="0" index="0" bw="8" slack="0"/>
<pin id="350" dir="0" index="1" bw="1" slack="0"/>
<pin id="351" dir="1" index="2" bw="1" slack="0"/>
</pin_list>
<bind>
<opcode="icmp(45) " fcode="icmp"/>
<opset="notlhs6/9 "/>
</bind>
</comp>

<comp id="354" class="1004" name="notrhs7_fu_354">
<pin_list>
<pin id="355" dir="0" index="0" bw="23" slack="0"/>
<pin id="356" dir="0" index="1" bw="1" slack="0"/>
<pin id="357" dir="1" index="2" bw="1" slack="0"/>
</pin_list>
<bind>
<opcode="icmp(45) " fcode="icmp"/>
<opset="notrhs7/9 "/>
</bind>
</comp>

<comp id="360" class="1004" name="tmp_7_fu_360">
<pin_list>
<pin id="361" dir="0" index="0" bw="1" slack="0"/>
<pin id="362" dir="0" index="1" bw="1" slack="0"/>
<pin id="363" dir="1" index="2" bw="1" slack="0"/>
</pin_list>
<bind>
<opcode="or(24) " fcode="or"/>
<opset="tmp_7/9 "/>
</bind>
</comp>

<comp id="366" class="1004" name="tmp_s_fu_366">
<pin_list>
<pin id="367" dir="0" index="0" bw="1" slack="0"/>
<pin id="368" dir="0" index="1" bw="1" slack="0"/>
<pin id="369" dir="1" index="2" bw="1" slack="0"/>
</pin_list>
<bind>
<opcode="and(23) " fcode="and"/>
<opset="tmp_s/9 "/>
</bind>
</comp>

<comp id="372" class="1004" name="tmp_10_fu_372">
<pin_list>
<pin id="373" dir="0" index="0" bw="1" slack="0"/>
<pin id="374" dir="0" index="1" bw="1" slack="1"/>
<pin id="375" dir="1" index="2" bw="1" slack="0"/>
</pin_list>
<bind>
<opcode="and(23) " fcode="and"/>
<opset="tmp_10/9 "/>
</bind>
</comp>

<comp id="377" class="1004" name="guess_1_fu_377">
<pin_list>
<pin id="378" dir="0" index="0" bw="1" slack="0"/>
<pin id="379" dir="0" index="1" bw="3" slack="3"/>
<pin id="380" dir="0" index="2" bw="32" slack="3"/>
<pin id="381" dir="1" index="3" bw="32" slack="1"/>
</pin_list>
<bind>
<opcode="select(49) " fcode="select"/>
<opset="guess_1/9 "/>
</bind>
</comp>

<comp id="384" class="1004" name="max_1_fu_384">
<pin_list>
<pin id="385" dir="0" index="0" bw="1" slack="0"/>
<pin id="386" dir="0" index="1" bw="32" slack="2"/>
<pin id="387" dir="0" index="2" bw="32" slack="3"/>
<pin id="388" dir="1" index="3" bw="32" slack="1"/>
</pin_list>
<bind>
<opcode="select(49) " fcode="select"/>
<opset="max_1/9 "/>
</bind>
</comp>

<comp id="394" class="1005" name="i_1_reg_394">
<pin_list>
<pin id="395" dir="0" index="0" bw="6" slack="0"/>
<pin id="396" dir="1" index="1" bw="6" slack="0"/>
</pin_list>
<bind>
<opset="i_1 "/>
</bind>
</comp>

<comp id="399" class="1005" name="tmp_8_reg_399">
<pin_list>
<pin id="400" dir="0" index="0" bw="11" slack="1"/>
<pin id="401" dir="1" index="1" bw="11" slack="1"/>
</pin_list>
<bind>
<opset="tmp_8 "/>
</bind>
</comp>

<comp id="404" class="1005" name="result_addr1_cast_reg_404">
<pin_list>
<pin id="405" dir="0" index="0" bw="12" slack="1"/>
<pin id="406" dir="1" index="1" bw="12" slack="1"/>
</pin_list>
<bind>
<opset="result_addr1_cast "/>
</bind>
</comp>

<comp id="412" class="1005" name="j_1_reg_412">
<pin_list>
<pin id="413" dir="0" index="0" bw="4" slack="0"/>
<pin id="414" dir="1" index="1" bw="4" slack="0"/>
</pin_list>
<bind>
<opset="j_1 "/>
</bind>
</comp>

<comp id="417" class="1005" name="result_addr_reg_417">
<pin_list>
<pin id="418" dir="0" index="0" bw="10" slack="1"/>
<pin id="419" dir="1" index="1" bw="10" slack="1"/>
</pin_list>
<bind>
<opset="result_addr "/>
</bind>
</comp>

<comp id="422" class="1005" name="tmp_1_reg_422">
<pin_list>
<pin id="423" dir="0" index="0" bw="11" slack="1"/>
<pin id="424" dir="1" index="1" bw="11" slack="1"/>
</pin_list>
<bind>
<opset="tmp_1 "/>
</bind>
</comp>

<comp id="427" class="1005" name="guess_cast1_reg_427">
<pin_list>
<pin id="428" dir="0" index="0" bw="32" slack="3"/>
<pin id="429" dir="1" index="1" bw="32" slack="3"/>
</pin_list>
<bind>
<opset="guess_cast1 "/>
</bind>
</comp>

<comp id="435" class="1005" name="j_2_reg_435">
<pin_list>
<pin id="436" dir="0" index="0" bw="3" slack="0"/>
<pin id="437" dir="1" index="1" bw="3" slack="0"/>
</pin_list>
<bind>
<opset="j_2 "/>
</bind>
</comp>

<comp id="440" class="1005" name="output_addr_reg_440">
<pin_list>
<pin id="441" dir="0" index="0" bw="2" slack="1"/>
<pin id="442" dir="1" index="1" bw="2" slack="1"/>
</pin_list>
<bind>
<opset="output_addr "/>
</bind>
</comp>

<comp id="445" class="1005" name="max_reg_445">
<pin_list>
<pin id="446" dir="0" index="0" bw="32" slack="1"/>
<pin id="447" dir="1" index="1" bw="32" slack="1"/>
</pin_list>
<bind>
<opset="max "/>
</bind>
</comp>

<comp id="452" class="1005" name="tmp_9_reg_452">
<pin_list>
<pin id="453" dir="0" index="0" bw="1" slack="1"/>
<pin id="454" dir="1" index="1" bw="1" slack="1"/>
</pin_list>
<bind>
<opset="tmp_9 "/>
</bind>
</comp>

<comp id="457" class="1005" name="guess_1_reg_457">
<pin_list>
<pin id="458" dir="0" index="0" bw="32" slack="1"/>
<pin id="459" dir="1" index="1" bw="32" slack="1"/>
</pin_list>
<bind>
<opset="guess_1 "/>
</bind>
</comp>

<comp id="462" class="1005" name="max_1_reg_462">
<pin_list>
<pin id="463" dir="0" index="0" bw="32" slack="1"/>
<pin id="464" dir="1" index="1" bw="32" slack="1"/>
</pin_list>
<bind>
<opset="max_1 "/>
</bind>
</comp>

</comp_list>

<net_list>
<net id="67"><net_src comp="12" pin="0"/><net_sink comp="64" pin=0"/></net>

<net id="73"><net_src comp="0" pin="0"/><net_sink comp="68" pin=0"/></net>

<net id="74"><net_src comp="40" pin="0"/><net_sink comp="68" pin=1"/></net>

<net id="79"><net_src comp="68" pin="3"/><net_sink comp="75" pin=0"/></net>

<net id="85"><net_src comp="40" pin="0"/><net_sink comp="80" pin=1"/></net>

<net id="90"><net_src comp="75" pin="2"/><net_sink comp="86" pin=1"/></net>

<net id="91"><net_src comp="80" pin="3"/><net_sink comp="86" pin=0"/></net>

<net id="97"><net_src comp="8" pin="0"/><net_sink comp="92" pin=0"/></net>

<net id="98"><net_src comp="40" pin="0"/><net_sink comp="92" pin=1"/></net>

<net id="103"><net_src comp="92" pin="3"/><net_sink comp="99" pin=0"/></net>

<net id="107"><net_src comp="14" pin="0"/><net_sink comp="104" pin=0"/></net>

<net id="114"><net_src comp="104" pin="1"/><net_sink comp="108" pin=0"/></net>

<net id="118"><net_src comp="26" pin="0"/><net_sink comp="115" pin=0"/></net>

<net id="125"><net_src comp="115" pin="1"/><net_sink comp="119" pin=2"/></net>

<net id="129"><net_src comp="42" pin="0"/><net_sink comp="126" pin=0"/></net>

<net id="136"><net_src comp="126" pin="1"/><net_sink comp="130" pin=0"/></net>

<net id="140"><net_src comp="44" pin="0"/><net_sink comp="137" pin=0"/></net>

<net id="147"><net_src comp="137" pin="1"/><net_sink comp="141" pin=0"/></net>

<net id="148"><net_src comp="141" pin="4"/><net_sink comp="137" pin=0"/></net>

<net id="152"><net_src comp="46" pin="0"/><net_sink comp="149" pin=0"/></net>

<net id="159"><net_src comp="149" pin="1"/><net_sink comp="153" pin=0"/></net>

<net id="160"><net_src comp="153" pin="4"/><net_sink comp="149" pin=0"/></net>

<net id="170"><net_src comp="32" pin="0"/><net_sink comp="161" pin=0"/></net>

<net id="171"><net_src comp="2" pin="0"/><net_sink comp="161" pin=2"/></net>

<net id="172"><net_src comp="4" pin="0"/><net_sink comp="161" pin=3"/></net>

<net id="173"><net_src comp="6" pin="0"/><net_sink comp="161" pin=4"/></net>

<net id="174"><net_src comp="8" pin="0"/><net_sink comp="161" pin=5"/></net>

<net id="175"><net_src comp="10" pin="0"/><net_sink comp="161" pin=6"/></net>

<net id="180"><net_src comp="149" pin="1"/><net_sink comp="176" pin=1"/></net>

<net id="185"><net_src comp="108" pin="4"/><net_sink comp="181" pin=0"/></net>

<net id="186"><net_src comp="16" pin="0"/><net_sink comp="181" pin=1"/></net>

<net id="191"><net_src comp="108" pin="4"/><net_sink comp="187" pin=0"/></net>

<net id="192"><net_src comp="22" pin="0"/><net_sink comp="187" pin=1"/></net>

<net id="198"><net_src comp="24" pin="0"/><net_sink comp="193" pin=0"/></net>

<net id="199"><net_src comp="108" pin="4"/><net_sink comp="193" pin=1"/></net>

<net id="200"><net_src comp="26" pin="0"/><net_sink comp="193" pin=2"/></net>

<net id="204"><net_src comp="193" pin="3"/><net_sink comp="201" pin=0"/></net>

<net id="210"><net_src comp="28" pin="0"/><net_sink comp="205" pin=0"/></net>

<net id="211"><net_src comp="108" pin="4"/><net_sink comp="205" pin=1"/></net>

<net id="212"><net_src comp="30" pin="0"/><net_sink comp="205" pin=2"/></net>

<net id="216"><net_src comp="205" pin="3"/><net_sink comp="213" pin=0"/></net>

<net id="221"><net_src comp="201" pin="1"/><net_sink comp="217" pin=0"/></net>

<net id="222"><net_src comp="213" pin="1"/><net_sink comp="217" pin=1"/></net>

<net id="226"><net_src comp="217" pin="2"/><net_sink comp="223" pin=0"/></net>

<net id="230"><net_src comp="119" pin="4"/><net_sink comp="227" pin=0"/></net>

<net id="235"><net_src comp="119" pin="4"/><net_sink comp="231" pin=0"/></net>

<net id="236"><net_src comp="34" pin="0"/><net_sink comp="231" pin=1"/></net>

<net id="241"><net_src comp="119" pin="4"/><net_sink comp="237" pin=0"/></net>

<net id="242"><net_src comp="38" pin="0"/><net_sink comp="237" pin=1"/></net>

<net id="246"><net_src comp="119" pin="4"/><net_sink comp="243" pin=0"/></net>

<net id="251"><net_src comp="243" pin="1"/><net_sink comp="247" pin=0"/></net>

<net id="255"><net_src comp="247" pin="2"/><net_sink comp="252" pin=0"/></net>

<net id="259"><net_src comp="252" pin="1"/><net_sink comp="256" pin=0"/></net>

<net id="260"><net_src comp="256" pin="1"/><net_sink comp="68" pin=2"/></net>

<net id="265"><net_src comp="227" pin="1"/><net_sink comp="261" pin=1"/></net>

<net id="272"><net_src comp="266" pin="1"/><net_sink comp="269" pin=0"/></net>

<net id="273"><net_src comp="269" pin="1"/><net_sink comp="80" pin=2"/></net>

<net id="277"><net_src comp="130" pin="4"/><net_sink comp="274" pin=0"/></net>

<net id="282"><net_src comp="130" pin="4"/><net_sink comp="278" pin=0"/></net>

<net id="283"><net_src comp="48" pin="0"/><net_sink comp="278" pin=1"/></net>

<net id="288"><net_src comp="130" pin="4"/><net_sink comp="284" pin=0"/></net>

<net id="289"><net_src comp="52" pin="0"/><net_sink comp="284" pin=1"/></net>

<net id="293"><net_src comp="130" pin="4"/><net_sink comp="290" pin=0"/></net>

<net id="294"><net_src comp="290" pin="1"/><net_sink comp="92" pin=2"/></net>

<net id="304"><net_src comp="54" pin="0"/><net_sink comp="298" pin=0"/></net>

<net id="305"><net_src comp="295" pin="1"/><net_sink comp="298" pin=1"/></net>

<net id="306"><net_src comp="56" pin="0"/><net_sink comp="298" pin=2"/></net>

<net id="307"><net_src comp="58" pin="0"/><net_sink comp="298" pin=3"/></net>

<net id="311"><net_src comp="295" pin="1"/><net_sink comp="308" pin=0"/></net>

<net id="315"><net_src comp="149" pin="1"/><net_sink comp="312" pin=0"/></net>

<net id="322"><net_src comp="54" pin="0"/><net_sink comp="316" pin=0"/></net>

<net id="323"><net_src comp="312" pin="1"/><net_sink comp="316" pin=1"/></net>

<net id="324"><net_src comp="56" pin="0"/><net_sink comp="316" pin=2"/></net>

<net id="325"><net_src comp="58" pin="0"/><net_sink comp="316" pin=3"/></net>

<net id="329"><net_src comp="312" pin="1"/><net_sink comp="326" pin=0"/></net>

<net id="334"><net_src comp="298" pin="4"/><net_sink comp="330" pin=0"/></net>

<net id="335"><net_src comp="60" pin="0"/><net_sink comp="330" pin=1"/></net>

<net id="340"><net_src comp="308" pin="1"/><net_sink comp="336" pin=0"/></net>

<net id="341"><net_src comp="62" pin="0"/><net_sink comp="336" pin=1"/></net>

<net id="346"><net_src comp="336" pin="2"/><net_sink comp="342" pin=0"/></net>

<net id="347"><net_src comp="330" pin="2"/><net_sink comp="342" pin=1"/></net>

<net id="352"><net_src comp="316" pin="4"/><net_sink comp="348" pin=0"/></net>

<net id="353"><net_src comp="60" pin="0"/><net_sink comp="348" pin=1"/></net>

<net id="358"><net_src comp="326" pin="1"/><net_sink comp="354" pin=0"/></net>

<net id="359"><net_src comp="62" pin="0"/><net_sink comp="354" pin=1"/></net>

<net id="364"><net_src comp="354" pin="2"/><net_sink comp="360" pin=0"/></net>

<net id="365"><net_src comp="348" pin="2"/><net_sink comp="360" pin=1"/></net>

<net id="370"><net_src comp="342" pin="2"/><net_sink comp="366" pin=0"/></net>

<net id="371"><net_src comp="360" pin="2"/><net_sink comp="366" pin=1"/></net>

<net id="376"><net_src comp="366" pin="2"/><net_sink comp="372" pin=0"/></net>

<net id="382"><net_src comp="372" pin="2"/><net_sink comp="377" pin=0"/></net>

<net id="383"><net_src comp="137" pin="1"/><net_sink comp="377" pin=2"/></net>

<net id="389"><net_src comp="372" pin="2"/><net_sink comp="384" pin=0"/></net>

<net id="390"><net_src comp="149" pin="1"/><net_sink comp="384" pin=2"/></net>

<net id="397"><net_src comp="187" pin="2"/><net_sink comp="394" pin=0"/></net>

<net id="398"><net_src comp="394" pin="1"/><net_sink comp="108" pin=2"/></net>

<net id="402"><net_src comp="217" pin="2"/><net_sink comp="399" pin=0"/></net>

<net id="403"><net_src comp="399" pin="1"/><net_sink comp="261" pin=0"/></net>

<net id="407"><net_src comp="223" pin="1"/><net_sink comp="404" pin=0"/></net>

<net id="408"><net_src comp="404" pin="1"/><net_sink comp="247" pin=1"/></net>

<net id="415"><net_src comp="237" pin="2"/><net_sink comp="412" pin=0"/></net>

<net id="416"><net_src comp="412" pin="1"/><net_sink comp="119" pin=0"/></net>

<net id="420"><net_src comp="68" pin="3"/><net_sink comp="417" pin=0"/></net>

<net id="421"><net_src comp="417" pin="1"/><net_sink comp="75" pin=0"/></net>

<net id="425"><net_src comp="261" pin="2"/><net_sink comp="422" pin=0"/></net>

<net id="426"><net_src comp="422" pin="1"/><net_sink comp="266" pin=0"/></net>

<net id="430"><net_src comp="274" pin="1"/><net_sink comp="427" pin=0"/></net>

<net id="431"><net_src comp="427" pin="1"/><net_sink comp="377" pin=1"/></net>

<net id="438"><net_src comp="284" pin="2"/><net_sink comp="435" pin=0"/></net>

<net id="439"><net_src comp="435" pin="1"/><net_sink comp="130" pin=2"/></net>

<net id="443"><net_src comp="92" pin="3"/><net_sink comp="440" pin=0"/></net>

<net id="444"><net_src comp="440" pin="1"/><net_sink comp="99" pin=0"/></net>

<net id="448"><net_src comp="99" pin="2"/><net_sink comp="445" pin=0"/></net>

<net id="449"><net_src comp="445" pin="1"/><net_sink comp="176" pin=0"/></net>

<net id="450"><net_src comp="445" pin="1"/><net_sink comp="295" pin=0"/></net>

<net id="451"><net_src comp="445" pin="1"/><net_sink comp="384" pin=1"/></net>

<net id="455"><net_src comp="176" pin="2"/><net_sink comp="452" pin=0"/></net>

<net id="456"><net_src comp="452" pin="1"/><net_sink comp="372" pin=1"/></net>

<net id="460"><net_src comp="377" pin="3"/><net_sink comp="457" pin=0"/></net>

<net id="461"><net_src comp="457" pin="1"/><net_sink comp="141" pin=2"/></net>

<net id="465"><net_src comp="384" pin="3"/><net_sink comp="462" pin=0"/></net>

<net id="466"><net_src comp="462" pin="1"/><net_sink comp="153" pin=2"/></net>

</net_list>

</model> 
---------------- Datapath Model END ------------------

* FSMD analyzer results:
  - Output states:
  - Chain level:
	State 1
	State 2
		exitcond1 : 1
		i_1 : 1
		stg_16 : 2
		p_shl : 1
		p_shl_cast : 2
		p_shl2 : 1
		p_shl2_cast : 2
		tmp_8 : 3
		result_addr1_cast : 4
	State 3
		j_cast3 : 1
		exitcond : 1
		j_1 : 1
		stg_30 : 2
		tmp_9_trn_cast : 1
		result_addr2 : 2
		result_addr2_cast : 3
		tmp_11 : 4
		result_addr : 5
		result_load : 6
		tmp_1 : 2
	State 4
		tmp_2 : 1
		flatInput_addr : 2
		stg_42 : 3
	State 5
	State 6
		guess_cast1 : 1
		exitcond_i : 1
		j_2 : 1
		stg_53 : 2
		tmp_i : 1
		output_addr : 2
		max : 3
		stg_57 : 1
	State 7
	State 8
	State 9
		tmp : 1
		tmp_3 : 1
		tmp_4 : 1
		tmp_5 : 1
		notlhs : 2
		notrhs : 2
		tmp_6 : 3
		notlhs6 : 2
		notrhs7 : 2
		tmp_7 : 3
		tmp_s : 3
		tmp_10 : 3
		guess_1 : 3
		max_1 : 3


============================================================
+ Verbose Summary: Datapath Resource usage 
============================================================

* Functional unit list:
|----------|---------------------------------|---------|---------|---------|---------|
| Operation|         Functional Unit         |  DSP48E |  Delay  |    FF   |   LUT   |
|----------|---------------------------------|---------|---------|---------|---------|
|   call   | grp_voicerec_feedForward_fu_161 |    34   |  21.994 |   6562  |   9009  |
|----------|---------------------------------|---------|---------|---------|---------|
|   fcmp   |           tmp_9_fu_176          |    0    |    0    |    66   |   239   |
|----------|---------------------------------|---------|---------|---------|---------|
|  select  |          guess_1_fu_377         |    0    |    0    |    0    |    32   |
|          |           max_1_fu_384          |    0    |    0    |    0    |    32   |
|----------|---------------------------------|---------|---------|---------|---------|
|          |            i_1_fu_187           |    0    |    0    |    0    |    6    |
|          |            j_1_fu_237           |    0    |    0    |    0    |    4    |
|    add   |       result_addr2_fu_247       |    0    |    0    |    0    |    11   |
|          |           tmp_1_fu_261          |    0    |    0    |    0    |    11   |
|          |            j_2_fu_284           |    0    |    0    |    0    |    3    |
|----------|---------------------------------|---------|---------|---------|---------|
|          |         exitcond1_fu_181        |    0    |    0    |    0    |    3    |
|          |         exitcond_fu_231         |    0    |    0    |    0    |    2    |
|          |        exitcond_i_fu_278        |    0    |    0    |    0    |    2    |
|   icmp   |          notlhs_fu_330          |    0    |    0    |    0    |    3    |
|          |          notrhs_fu_336          |    0    |    0    |    0    |    8    |
|          |          notlhs6_fu_348         |    0    |    0    |    0    |    3    |
|          |          notrhs7_fu_354         |    0    |    0    |    0    |    8    |
|----------|---------------------------------|---------|---------|---------|---------|
|    sub   |           tmp_8_fu_217          |    0    |    0    |    0    |    10   |
|----------|---------------------------------|---------|---------|---------|---------|
|    or    |           tmp_6_fu_342          |    0    |    0    |    0    |    1    |
|          |           tmp_7_fu_360          |    0    |    0    |    0    |    1    |
|----------|---------------------------------|---------|---------|---------|---------|
|    and   |           tmp_s_fu_366          |    0    |    0    |    0    |    1    |
|          |          tmp_10_fu_372          |    0    |    0    |    0    |    1    |
|----------|---------------------------------|---------|---------|---------|---------|
|bitconcatenate|           p_shl_fu_193          |    0    |    0    |    0    |    0    |
|          |          p_shl2_fu_205          |    0    |    0    |    0    |    0    |
|----------|---------------------------------|---------|---------|---------|---------|
|          |        p_shl_cast_fu_201        |    0    |    0    |    0    |    0    |
|          |        p_shl2_cast_fu_213       |    0    |    0    |    0    |    0    |
|          |          j_cast3_fu_227         |    0    |    0    |    0    |    0    |
|   zext   |      tmp_9_trn_cast_fu_243      |    0    |    0    |    0    |    0    |
|          |          tmp_11_fu_256          |    0    |    0    |    0    |    0    |
|          |           tmp_2_fu_269          |    0    |    0    |    0    |    0    |
|          |        guess_cast1_fu_274       |    0    |    0    |    0    |    0    |
|          |           tmp_i_fu_290          |    0    |    0    |    0    |    0    |
|----------|---------------------------------|---------|---------|---------|---------|
|          |     result_addr1_cast_fu_223    |    0    |    0    |    0    |    0    |
|   sext   |     result_addr2_cast_fu_252    |    0    |    0    |    0    |    0    |
|          |        tmp_1_cast_fu_266        |    0    |    0    |    0    |    0    |
|----------|---------------------------------|---------|---------|---------|---------|
|partselect|            tmp_fu_298           |    0    |    0    |    0    |    0    |
|          |           tmp_4_fu_316          |    0    |    0    |    0    |    0    |
|----------|---------------------------------|---------|---------|---------|---------|
|   trunc  |           tmp_3_fu_308          |    0    |    0    |    0    |    0    |
|          |           tmp_5_fu_326          |    0    |    0    |    0    |    0    |
|----------|---------------------------------|---------|---------|---------|---------|
|   Total  |                                 |    34   |  21.994 |   6628  |   9390  |
|----------|---------------------------------|---------|---------|---------|---------|

Memories:
+---------+--------+--------+--------+
|         |  BRAM  |   FF   |   LUT  |
+---------+--------+--------+--------+
|flatInput|    2   |    0   |    0   |
+---------+--------+--------+--------+
|  Total  |    2   |    0   |    0   |
+---------+--------+--------+--------+

* Register list:
+-------------------------+--------+
|                         |   FF   |
+-------------------------+--------+
|     guess_1_reg_457     |   32   |
|   guess_cast1_reg_427   |   32   |
|     guess_i_reg_137     |   32   |
|      guess_reg_126      |    3   |
|       i_1_reg_394       |    6   |
|        i_reg_104        |    6   |
|       j_1_reg_412       |    4   |
|       j_2_reg_435       |    3   |
|        j_reg_115        |    4   |
|      max_1_reg_462      |   32   |
|       max_reg_445       |   32   |
|   output_addr_reg_440   |    2   |
|result_addr1_cast_reg_404|   12   |
|   result_addr_reg_417   |   10   |
|    second_max_reg_149   |   32   |
|      tmp_1_reg_422      |   11   |
|      tmp_8_reg_399      |   11   |
|      tmp_9_reg_452      |    1   |
+-------------------------+--------+
|          Total          |   265  |
+-------------------------+--------+

* Multiplexer (MUX) list: 
|--------------------|------|------|------|--------||---------||---------|
|        Comp        |  Pin | Size |  BW  | S x BW ||  Delay  ||   LUT   |
|--------------------|------|------|------|--------||---------||---------|
|  grp_access_fu_75  |  p0  |   2  |  10  |   20   ||    10   |
|  grp_access_fu_99  |  p0  |   2  |   2  |    4   ||    2    |
|   guess_i_reg_137  |  p0  |   2  |  32  |   64   ||    32   |
| second_max_reg_149 |  p0  |   2  |  32  |   64   ||    32   |
|--------------------|------|------|------|--------||---------||---------|
|        Total       |      |      |      |   152  ||  6.284  ||    76   |
|--------------------|------|------|------|--------||---------||---------|



* Summary:
+-----------+--------+--------+--------+--------+--------+
|           |  BRAM  | DSP48E |  Delay |   FF   |   LUT  |
+-----------+--------+--------+--------+--------+--------+
|  Function |    -   |   34   |   21   |  6628  |  9390  |
|   Memory  |    2   |    -   |    -   |    0   |    0   |
|Multiplexer|    -   |    -   |    6   |    -   |   76   |
|  Register |    -   |    -   |    -   |   265  |    -   |
+-----------+--------+--------+--------+--------+--------+
|   Total   |    2   |   34   |   28   |  6893  |  9466  |
+-----------+--------+--------+--------+--------+--------+
