

================================================================
== Vivado HLS Report for 'voicerec_FFT'
================================================================
* Date:           Sun Dec 13 12:33:18 2015

* Version:        2015.2 (Build 1266856 on Fri Jun 26 16:57:37 PM 2015)
* Project:        voicerec.prj
* Solution:       solution1
* Product family: zynq
* Target device:  xc7z020clg484-1


================================================================
== Performance Estimates
================================================================
+ Timing (ns): 
    * Summary: 
    +--------+-------+----------+------------+
    |  Clock | Target| Estimated| Uncertainty|
    +--------+-------+----------+------------+
    |ap_clk  |  10.00|      8.41|        1.25|
    +--------+-------+----------+------------+

+ Latency (clock cycles): 
    * Summary: 
    +------+---------+------+---------+---------+
    |     Latency    |    Interval    | Pipeline|
    |  min |   max   |  min |   max   |   Type  |
    +------+---------+------+---------+---------+
    |  4994|  2496898|  4994|  2496898|   none  |
    +------+---------+------+---------+---------+

    + Detail: 
        * Instance: 
        N/A

        * Loop: 
        +-----------------+------+---------+--------------+-----------+-----------+------+----------+
        |                 |     Latency    |   Iteration  |  Initiation Interval  | Trip |          |
        |    Loop Name    |  min |   max   |    Latency   |  achieved |   target  | Count| Pipelined|
        +-----------------+------+---------+--------------+-----------+-----------+------+----------+
        |- Loop 1         |  2816|     3328|    11 ~ 13   |          -|          -|   256|    no    |
        | + Loop 1.1      |     8|        8|             1|          -|          -|     8|    no    |
        |- Loop 2         |  2176|  2493568| 272 ~ 311696 |          -|          -|     8|    no    |
        | + Loop 2.1      |   256|   311680|   2 ~ 2435   |          -|          -|   128|    no    |
        |  ++ Loop 2.1.1  |   128|     2432|    1 ~ 19    |          -|          -|   128|    no    |
        +-----------------+------+---------+--------------+-----------+-----------+------+----------+



================================================================
== Utilization Estimates
================================================================
* Summary: 
+-----------------+---------+-------+--------+-------+
|       Name      | BRAM_18K| DSP48E|   FF   |  LUT  |
+-----------------+---------+-------+--------+-------+
|Expression       |        -|      -|       -|      -|
|FIFO             |        -|      -|       -|      -|
|Instance         |        -|      -|       -|      -|
|Memory           |        -|      -|       -|      -|
|Multiplexer      |        -|      -|       -|      -|
|Register         |        -|      -|       -|      -|
+-----------------+---------+-------+--------+-------+
|Total            |        0|      0|       0|      0|
+-----------------+---------+-------+--------+-------+
|Available        |      280|    220|  106400|  53200|
+-----------------+---------+-------+--------+-------+
|Utilization (%)  |        0|      0|       0|      0|
+-----------------+---------+-------+--------+-------+

+ Detail: 
    * Instance: 
    N/A

    * Memory: 
    N/A

    * FIFO: 
    N/A

    * Expression: 
    N/A

    * Multiplexer: 
    N/A

    * Register: 
    N/A



================================================================
== Interface
================================================================
* Summary: 
N/A

============================================================
+ Verbose Summary: Synthesis Manager
============================================================
InlineROM: 1
ExposeGlobal: 0
============================================================
+ Verbose Summary: CDFG Model
============================================================
IsTopModel: 0
ResetActiveHigh: 1
IsCombinational: 0
IsDatapathOnly: 0
HasWiredReturn: 1
HasMFsm: 0
HasVarLatency: 1
IsPipeline: 0
IsRtlPipelined: 0
IsInstanceOverlapped: 0
IsDontTouch: 0
HasImplIP: 0
IsGatedGlobalClock: 0


============================================================
+ Verbose Summary: Schedule
============================================================
* Number of FSM states: 42
* Pipeline: 0
* Dataflow Pipeline: 0

* FSM state transitions: 
1 --> 
	2  / true
2 --> 
	7  / (exitcond3)
	3  / (!exitcond3 & tmp)
	5  / (!exitcond3 & !tmp)
3 --> 
	4  / true
4 --> 
	5  / true
5 --> 
	6  / true
6 --> 
	6  / (!exitcond2)
	2  / (exitcond2)
7 --> 
	8  / (tmp_s)
8 --> 
	9  / true
9 --> 
	10  / true
10 --> 
	11  / true
11 --> 
	12  / true
12 --> 
	13  / true
13 --> 
	14  / true
14 --> 
	15  / true
15 --> 
	16  / true
16 --> 
	17  / true
17 --> 
	18  / true
18 --> 
	19  / true
19 --> 
	20  / true
20 --> 
	21  / true
21 --> 
	22  / true
22 --> 
	7  / (exitcond1)
	23  / (!exitcond1 & tmp_30)
	42  / (!exitcond1 & !tmp_30)
23 --> 
	42  / (exitcond)
	23  / (!exitcond & !tmp_31)
	24  / (!exitcond & tmp_31)
24 --> 
	25  / true
25 --> 
	26  / true
26 --> 
	27  / true
27 --> 
	28  / true
28 --> 
	29  / true
29 --> 
	30  / true
30 --> 
	31  / true
31 --> 
	32  / true
32 --> 
	33  / true
33 --> 
	34  / true
34 --> 
	35  / true
35 --> 
	36  / true
36 --> 
	37  / true
37 --> 
	38  / true
38 --> 
	39  / true
39 --> 
	40  / true
40 --> 
	41  / true
41 --> 
	23  / true
42 --> 
	22  / true
* FSM state operations: 

 <State 1>: 1.57ns
ST_1: stg_43 [1/1] 1.57ns
:0  br label %1


 <State 2>: 3.60ns
ST_2: k [1/1] 0.00ns
:0  %k = phi i9 [ 0, %0 ], [ %k_3, %5 ]

ST_2: j [1/1] 0.00ns
:1  %j = phi i32 [ 0, %0 ], [ %j_4, %5 ]

ST_2: k_cast3 [1/1] 0.00ns
:2  %k_cast3 = zext i9 %k to i32

ST_2: exitcond3 [1/1] 2.03ns
:3  %exitcond3 = icmp eq i9 %k, -256

ST_2: empty [1/1] 0.00ns
:4  %empty = call i32 (...)* @_ssdm_op_SpecLoopTripCount(i64 256, i64 256, i64 256)

ST_2: k_3 [1/1] 1.84ns
:5  %k_3 = add i9 %k, 1

ST_2: stg_50 [1/1] 1.57ns
:6  br i1 %exitcond3, label %.preheader4, label %2

ST_2: tmp [1/1] 2.52ns
:0  %tmp = icmp slt i32 %k_cast3, %j

ST_2: stg_52 [1/1] 0.00ns
:1  br i1 %tmp, label %3, label %._crit_edge

ST_2: i0 [1/1] 0.00ns
:0  %i0 = shl i9 %k, 1

ST_2: tmp_24 [1/1] 0.00ns
:2  %tmp_24 = zext i9 %i0 to i64

ST_2: c_addr [1/1] 0.00ns
:3  %c_addr = getelementptr [512 x float]* %c, i64 0, i64 %tmp_24

ST_2: dr [2/2] 2.71ns
:4  %dr = load float* %c_addr, align 4

ST_2: tmp_25 [1/1] 0.00ns
:5  %tmp_25 = or i9 %i0, 1

ST_2: tmp_26 [1/1] 0.00ns
:6  %tmp_26 = zext i9 %tmp_25 to i64

ST_2: c_addr_1 [1/1] 0.00ns
:7  %c_addr_1 = getelementptr [512 x float]* %c, i64 0, i64 %tmp_26

ST_2: di [2/2] 2.71ns
:8  %di = load float* %c_addr_1, align 4


 <State 3>: 2.71ns
ST_3: i1 [1/1] 0.00ns
:1  %i1 = shl i32 %j, 1

ST_3: dr [1/2] 2.71ns
:4  %dr = load float* %c_addr, align 4

ST_3: di [1/2] 2.71ns
:8  %di = load float* %c_addr_1, align 4

ST_3: tmp_27 [1/1] 0.00ns
:9  %tmp_27 = sext i32 %i1 to i64

ST_3: c_addr_2 [1/1] 0.00ns
:10  %c_addr_2 = getelementptr [512 x float]* %c, i64 0, i64 %tmp_27

ST_3: c_load [2/2] 2.71ns
:11  %c_load = load float* %c_addr_2, align 4

ST_3: tmp_28 [1/1] 0.00ns
:13  %tmp_28 = or i32 %i1, 1

ST_3: tmp_29 [1/1] 0.00ns
:14  %tmp_29 = sext i32 %tmp_28 to i64

ST_3: c_addr_3 [1/1] 0.00ns
:15  %c_addr_3 = getelementptr [512 x float]* %c, i64 0, i64 %tmp_29

ST_3: c_load_1 [2/2] 2.71ns
:16  %c_load_1 = load float* %c_addr_3, align 4


 <State 4>: 5.42ns
ST_4: c_load [1/2] 2.71ns
:11  %c_load = load float* %c_addr_2, align 4

ST_4: stg_72 [1/1] 2.71ns
:12  store float %c_load, float* %c_addr, align 4

ST_4: c_load_1 [1/2] 2.71ns
:16  %c_load_1 = load float* %c_addr_3, align 4

ST_4: stg_74 [1/1] 2.71ns
:17  store float %c_load_1, float* %c_addr_1, align 4


 <State 5>: 2.71ns
ST_5: stg_75 [1/1] 2.71ns
:18  store float %dr, float* %c_addr_2, align 4

ST_5: stg_76 [1/1] 2.71ns
:19  store float %di, float* %c_addr_3, align 4

ST_5: stg_77 [1/1] 0.00ns
:20  br label %._crit_edge

ST_5: stg_78 [1/1] 1.57ns
._crit_edge:0  br label %4


 <State 6>: 6.63ns
ST_6: q [1/1] 0.00ns
:0  %q = phi i4 [ 0, %._crit_edge ], [ %q_1, %_ifconv ]

ST_6: j_1 [1/1] 0.00ns
:1  %j_1 = phi i32 [ %j, %._crit_edge ], [ %j_2, %_ifconv ]

ST_6: n3 [1/1] 0.00ns
:2  %n3 = phi i32 [ 128, %._crit_edge ], [ %n_1, %_ifconv ]

ST_6: exitcond2 [1/1] 1.88ns
:3  %exitcond2 = icmp eq i4 %q, -8

ST_6: empty_13 [1/1] 0.00ns
:4  %empty_13 = call i32 (...)* @_ssdm_op_SpecLoopTripCount(i64 8, i64 8, i64 8)

ST_6: q_1 [1/1] 0.80ns
:5  %q_1 = add i4 %q, 1

ST_6: stg_85 [1/1] 0.00ns
:6  br i1 %exitcond2, label %5, label %_ifconv

ST_6: slt [1/1] 2.52ns
_ifconv:0  %slt = icmp slt i32 %j_1, %n3

ST_6: rev5 [1/1] 1.37ns
_ifconv:1  %rev5 = xor i1 %slt, true

ST_6: tmp_10 [1/1] 0.00ns
_ifconv:2  %tmp_10 = call i31 @_ssdm_op_PartSelect.i31.i32.i32.i32(i32 %n3, i32 1, i32 31)

ST_6: icmp [1/1] 2.50ns
_ifconv:3  %icmp = icmp sgt i31 %tmp_10, 0

ST_6: or_cond [1/1] 1.37ns
_ifconv:4  %or_cond = and i1 %rev5, %icmp

ST_6: j_6 [1/1] 2.44ns
_ifconv:5  %j_6 = sub nsw i32 %j_1, %n3

ST_6: tmp_5 [1/1] 0.00ns
_ifconv:6  %tmp_5 = call i31 @_ssdm_op_PartSelect.i31.i32.i32.i32(i32 %n3, i32 1, i32 31)

ST_6: n_3 [1/1] 0.00ns
_ifconv:7  %n_3 = zext i31 %tmp_5 to i32

ST_6: j_2 [1/1] 1.37ns
_ifconv:8  %j_2 = select i1 %or_cond, i32 %j_6, i32 %j_1

ST_6: n_1 [1/1] 1.37ns
_ifconv:9  %n_1 = select i1 %or_cond, i32 %n_3, i32 %n3

ST_6: stg_96 [1/1] 0.00ns
_ifconv:10  br label %4

ST_6: j_4 [1/1] 2.44ns
:0  %j_4 = add nsw i32 %j_1, %n3

ST_6: stg_98 [1/1] 0.00ns
:1  br label %1


 <State 7>: 5.41ns
ST_7: n_2 [1/1] 0.00ns
.preheader4:0  %n_2 = phi i32 [ 2, %1 ], [ %n, %7 ]

ST_7: tmp_s [1/1] 2.52ns
.preheader4:1  %tmp_s = icmp slt i32 %n_2, 257

ST_7: empty_14 [1/1] 0.00ns
.preheader4:2  %empty_14 = call i32 (...)* @_ssdm_op_SpecLoopTripCount(i64 8, i64 8, i64 8)

ST_7: stg_102 [1/1] 0.00ns
.preheader4:3  br i1 %tmp_s, label %6, label %11

ST_7: nb [15/15] 5.41ns
:6  %nb = sdiv i32 256, %n_2

ST_7: stg_104 [1/1] 0.00ns
:0  ret void


 <State 8>: 5.41ns
ST_8: nb [14/15] 5.41ns
:6  %nb = sdiv i32 256, %n_2


 <State 9>: 5.41ns
ST_9: nb [13/15] 5.41ns
:6  %nb = sdiv i32 256, %n_2


 <State 10>: 5.41ns
ST_10: nb [12/15] 5.41ns
:6  %nb = sdiv i32 256, %n_2


 <State 11>: 5.41ns
ST_11: nb [11/15] 5.41ns
:6  %nb = sdiv i32 256, %n_2


 <State 12>: 5.41ns
ST_12: nb [10/15] 5.41ns
:6  %nb = sdiv i32 256, %n_2


 <State 13>: 5.41ns
ST_13: nb [9/15] 5.41ns
:6  %nb = sdiv i32 256, %n_2


 <State 14>: 5.41ns
ST_14: nb [8/15] 5.41ns
:6  %nb = sdiv i32 256, %n_2


 <State 15>: 5.41ns
ST_15: nb [7/15] 5.41ns
:6  %nb = sdiv i32 256, %n_2


 <State 16>: 5.41ns
ST_16: nb [6/15] 5.41ns
:6  %nb = sdiv i32 256, %n_2


 <State 17>: 5.41ns
ST_17: nb [5/15] 5.41ns
:6  %nb = sdiv i32 256, %n_2


 <State 18>: 5.41ns
ST_18: nb [4/15] 5.41ns
:6  %nb = sdiv i32 256, %n_2


 <State 19>: 5.41ns
ST_19: nb [3/15] 5.41ns
:6  %nb = sdiv i32 256, %n_2


 <State 20>: 5.41ns
ST_20: tmp_22 [1/1] 2.44ns
:0  %tmp_22 = add nsw i32 -1, %n_2

ST_20: tmp_23 [1/1] 0.00ns
:1  %tmp_23 = sext i32 %tmp_22 to i64

ST_20: cosVec_addr [1/1] 0.00ns
:2  %cosVec_addr = getelementptr inbounds [256 x float]* @cosVec, i64 0, i64 %tmp_23

ST_20: wr [2/2] 2.39ns
:3  %wr = load float* %cosVec_addr, align 4

ST_20: sinVec_addr [1/1] 0.00ns
:4  %sinVec_addr = getelementptr inbounds [256 x float]* @sinVec, i64 0, i64 %tmp_23

ST_20: wi [2/2] 2.39ns
:5  %wi = load float* %sinVec_addr, align 4

ST_20: nb [2/15] 5.41ns
:6  %nb = sdiv i32 256, %n_2


 <State 21>: 5.41ns
ST_21: wr [1/2] 2.39ns
:3  %wr = load float* %cosVec_addr, align 4

ST_21: wi [1/2] 2.39ns
:5  %wi = load float* %sinVec_addr, align 4

ST_21: nb [1/15] 5.41ns
:6  %nb = sdiv i32 256, %n_2

ST_21: tmp_3 [1/1] 0.00ns
:7  %tmp_3 = call i31 @_ssdm_op_PartSelect.i31.i32.i32.i32(i32 %n_2, i32 1, i32 31)

ST_21: n [1/1] 0.00ns
:8  %n = shl i32 %n_2, 1

ST_21: tmp_7 [1/1] 0.00ns
:9  %tmp_7 = trunc i32 %n_2 to i11

ST_21: stg_130 [1/1] 1.57ns
:10  br label %7


 <State 22>: 4.09ns
ST_22: j_3 [1/1] 0.00ns
:0  %j_3 = phi i8 [ 0, %6 ], [ %j_5, %._crit_edge6 ]

ST_22: cp_rec [1/1] 0.00ns
:1  %cp_rec = phi i39 [ 0, %6 ], [ %cp_addr_rec, %._crit_edge6 ]

ST_22: j_3_cast2 [1/1] 0.00ns
:2  %j_3_cast2 = zext i8 %j_3 to i32

ST_22: exitcond1 [1/1] 2.00ns
:3  %exitcond1 = icmp eq i8 %j_3, -128

ST_22: empty_15 [1/1] 0.00ns
:4  %empty_15 = call i32 (...)* @_ssdm_op_SpecLoopTripCount(i64 128, i64 128, i64 128)

ST_22: j_5 [1/1] 1.72ns
:5  %j_5 = add i8 %j_3, 1

ST_22: stg_137 [1/1] 0.00ns
:6  br i1 %exitcond1, label %.preheader4, label %8

ST_22: tmp_30 [1/1] 2.52ns
:0  %tmp_30 = icmp slt i32 %j_3_cast2, %nb

ST_22: stg_139 [1/1] 1.57ns
:1  br i1 %tmp_30, label %.preheader, label %._crit_edge6


 <State 23>: 6.39ns
ST_23: d [1/1] 0.00ns
.preheader:0  %d = phi float [ 1.000000e+00, %8 ], [ %wrk, %10 ], [ %d, %9 ]

ST_23: wik [1/1] 0.00ns
.preheader:1  %wik = phi float [ 0.000000e+00, %8 ], [ %wik_1, %10 ], [ %wik, %9 ]

ST_23: k_1 [1/1] 0.00ns
.preheader:2  %k_1 = phi i8 [ 0, %8 ], [ %k_4, %10 ], [ %k_4, %9 ]

ST_23: k_1_cast1 [1/1] 0.00ns
.preheader:3  %k_1_cast1 = zext i8 %k_1 to i31

ST_23: exitcond [1/1] 2.00ns
.preheader:4  %exitcond = icmp eq i8 %k_1, -128

ST_23: empty_16 [1/1] 0.00ns
.preheader:5  %empty_16 = call i32 (...)* @_ssdm_op_SpecLoopTripCount(i64 128, i64 128, i64 128)

ST_23: k_4 [1/1] 1.72ns
.preheader:6  %k_4 = add i8 %k_1, 1

ST_23: stg_147 [1/1] 1.57ns
.preheader:7  br i1 %exitcond, label %._crit_edge6, label %9

ST_23: tmp_31 [1/1] 2.50ns
:0  %tmp_31 = icmp slt i31 %k_1_cast1, %tmp_3

ST_23: stg_149 [1/1] 0.00ns
:1  br i1 %tmp_31, label %10, label %.preheader

ST_23: i0_1 [1/1] 0.00ns
:0  %i0_1 = shl i8 %k_1, 1

ST_23: tmp_32 [1/1] 0.00ns
:1  %tmp_32 = zext i8 %i0_1 to i11

ST_23: tmp_12 [1/1] 0.00ns
:2  %tmp_12 = trunc i39 %cp_rec to i11

ST_23: cp_sum [1/1] 1.84ns
:3  %cp_sum = add i11 %tmp_12, %tmp_32

ST_23: cp_sum_cast [1/1] 0.00ns
:4  %cp_sum_cast = zext i11 %cp_sum to i64

ST_23: c_addr_4 [1/1] 0.00ns
:5  %c_addr_4 = getelementptr [512 x float]* %c, i64 0, i64 %cp_sum_cast

ST_23: tmp_33 [1/1] 0.00ns
:7  %tmp_33 = or i8 %i0_1, 1

ST_23: tmp_37_cast [1/1] 0.00ns
:8  %tmp_37_cast = zext i8 %tmp_33 to i11

ST_23: cp_sum9 [1/1] 1.84ns
:9  %cp_sum9 = add i11 %tmp_12, %tmp_37_cast

ST_23: cp_sum9_cast [1/1] 0.00ns
:10  %cp_sum9_cast = zext i11 %cp_sum9 to i64

ST_23: c_addr_5 [1/1] 0.00ns
:11  %c_addr_5 = getelementptr [512 x float]* %c, i64 0, i64 %cp_sum9_cast

ST_23: tmp_38_cast [1/1] 1.84ns
:13  %tmp_38_cast = add i11 %tmp_7, %tmp_32

ST_23: cp_sum1 [1/1] 1.84ns
:14  %cp_sum1 = add i11 %tmp_12, %tmp_38_cast

ST_23: cp_sum1_cast [1/1] 0.00ns
:15  %cp_sum1_cast = zext i11 %cp_sum1 to i64

ST_23: c_addr_6 [1/1] 0.00ns
:16  %c_addr_6 = getelementptr [512 x float]* %c, i64 0, i64 %cp_sum1_cast

ST_23: d1r [2/2] 2.71ns
:17  %d1r = load float* %c_addr_6, align 4

ST_23: tmp_40_cast [1/1] 0.00ns
:18  %tmp_40_cast = or i11 %tmp_38_cast, 1

ST_23: cp_sum2 [1/1] 1.84ns
:19  %cp_sum2 = add i11 %tmp_12, %tmp_40_cast

ST_23: cp_sum2_cast [1/1] 0.00ns
:20  %cp_sum2_cast = zext i11 %cp_sum2 to i64

ST_23: c_addr_7 [1/1] 0.00ns
:21  %c_addr_7 = getelementptr [512 x float]* %c, i64 0, i64 %cp_sum2_cast

ST_23: d1i [2/2] 2.71ns
:22  %d1i = load float* %c_addr_7, align 4

ST_23: tmp_42 [4/4] 5.70ns
:37  %tmp_42 = fmul float %wr, %d

ST_23: tmp_43 [4/4] 5.70ns
:38  %tmp_43 = fmul float %wi, %wik

ST_23: tmp_44 [4/4] 5.70ns
:40  %tmp_44 = fmul float %wr, %wik

ST_23: tmp_45 [4/4] 5.70ns
:41  %tmp_45 = fmul float %wi, %d


 <State 24>: 8.41ns
ST_24: d1r [1/2] 2.71ns
:17  %d1r = load float* %c_addr_6, align 4

ST_24: d1i [1/2] 2.71ns
:22  %d1i = load float* %c_addr_7, align 4

ST_24: tmp_34 [4/4] 5.70ns
:23  %tmp_34 = fmul float %d, %d1r

ST_24: tmp_35 [4/4] 5.70ns
:24  %tmp_35 = fmul float %wik, %d1i

ST_24: tmp_36 [4/4] 5.70ns
:26  %tmp_36 = fmul float %d, %d1i

ST_24: tmp_37 [4/4] 5.70ns
:27  %tmp_37 = fmul float %wik, %d1r

ST_24: tmp_42 [3/4] 5.70ns
:37  %tmp_42 = fmul float %wr, %d

ST_24: tmp_43 [3/4] 5.70ns
:38  %tmp_43 = fmul float %wi, %wik

ST_24: tmp_44 [3/4] 5.70ns
:40  %tmp_44 = fmul float %wr, %wik

ST_24: tmp_45 [3/4] 5.70ns
:41  %tmp_45 = fmul float %wi, %d


 <State 25>: 5.70ns
ST_25: tmp_34 [3/4] 5.70ns
:23  %tmp_34 = fmul float %d, %d1r

ST_25: tmp_35 [3/4] 5.70ns
:24  %tmp_35 = fmul float %wik, %d1i

ST_25: tmp_36 [3/4] 5.70ns
:26  %tmp_36 = fmul float %d, %d1i

ST_25: tmp_37 [3/4] 5.70ns
:27  %tmp_37 = fmul float %wik, %d1r

ST_25: tmp_42 [2/4] 5.70ns
:37  %tmp_42 = fmul float %wr, %d

ST_25: tmp_43 [2/4] 5.70ns
:38  %tmp_43 = fmul float %wi, %wik

ST_25: tmp_44 [2/4] 5.70ns
:40  %tmp_44 = fmul float %wr, %wik

ST_25: tmp_45 [2/4] 5.70ns
:41  %tmp_45 = fmul float %wi, %d


 <State 26>: 5.70ns
ST_26: tmp_34 [2/4] 5.70ns
:23  %tmp_34 = fmul float %d, %d1r

ST_26: tmp_35 [2/4] 5.70ns
:24  %tmp_35 = fmul float %wik, %d1i

ST_26: tmp_36 [2/4] 5.70ns
:26  %tmp_36 = fmul float %d, %d1i

ST_26: tmp_37 [2/4] 5.70ns
:27  %tmp_37 = fmul float %wik, %d1r

ST_26: tmp_42 [1/4] 5.70ns
:37  %tmp_42 = fmul float %wr, %d

ST_26: tmp_43 [1/4] 5.70ns
:38  %tmp_43 = fmul float %wi, %wik

ST_26: tmp_44 [1/4] 5.70ns
:40  %tmp_44 = fmul float %wr, %wik

ST_26: tmp_45 [1/4] 5.70ns
:41  %tmp_45 = fmul float %wi, %d


 <State 27>: 7.26ns
ST_27: tmp_34 [1/4] 5.70ns
:23  %tmp_34 = fmul float %d, %d1r

ST_27: tmp_35 [1/4] 5.70ns
:24  %tmp_35 = fmul float %wik, %d1i

ST_27: tmp_36 [1/4] 5.70ns
:26  %tmp_36 = fmul float %d, %d1i

ST_27: tmp_37 [1/4] 5.70ns
:27  %tmp_37 = fmul float %wik, %d1r

ST_27: wrk [5/5] 7.26ns
:39  %wrk = fsub float %tmp_42, %tmp_43

ST_27: wik_1 [5/5] 7.26ns
:42  %wik_1 = fadd float %tmp_44, %tmp_45


 <State 28>: 7.26ns
ST_28: dr_1 [5/5] 7.26ns
:25  %dr_1 = fsub float %tmp_34, %tmp_35

ST_28: di_1 [5/5] 7.26ns
:28  %di_1 = fadd float %tmp_36, %tmp_37

ST_28: wrk [4/5] 7.26ns
:39  %wrk = fsub float %tmp_42, %tmp_43

ST_28: wik_1 [4/5] 7.26ns
:42  %wik_1 = fadd float %tmp_44, %tmp_45


 <State 29>: 7.26ns
ST_29: dr_1 [4/5] 7.26ns
:25  %dr_1 = fsub float %tmp_34, %tmp_35

ST_29: di_1 [4/5] 7.26ns
:28  %di_1 = fadd float %tmp_36, %tmp_37

ST_29: wrk [3/5] 7.26ns
:39  %wrk = fsub float %tmp_42, %tmp_43

ST_29: wik_1 [3/5] 7.26ns
:42  %wik_1 = fadd float %tmp_44, %tmp_45


 <State 30>: 7.26ns
ST_30: dr_1 [3/5] 7.26ns
:25  %dr_1 = fsub float %tmp_34, %tmp_35

ST_30: di_1 [3/5] 7.26ns
:28  %di_1 = fadd float %tmp_36, %tmp_37

ST_30: wrk [2/5] 7.26ns
:39  %wrk = fsub float %tmp_42, %tmp_43

ST_30: wik_1 [2/5] 7.26ns
:42  %wik_1 = fadd float %tmp_44, %tmp_45


 <State 31>: 7.26ns
ST_31: d0r [2/2] 2.71ns
:6  %d0r = load float* %c_addr_4, align 4

ST_31: dr_1 [2/5] 7.26ns
:25  %dr_1 = fsub float %tmp_34, %tmp_35

ST_31: di_1 [2/5] 7.26ns
:28  %di_1 = fadd float %tmp_36, %tmp_37

ST_31: wrk [1/5] 7.26ns
:39  %wrk = fsub float %tmp_42, %tmp_43

ST_31: wik_1 [1/5] 7.26ns
:42  %wik_1 = fadd float %tmp_44, %tmp_45


 <State 32>: 7.26ns
ST_32: d0r [1/2] 2.71ns
:6  %d0r = load float* %c_addr_4, align 4

ST_32: d0i [2/2] 2.71ns
:12  %d0i = load float* %c_addr_5, align 4

ST_32: dr_1 [1/5] 7.26ns
:25  %dr_1 = fsub float %tmp_34, %tmp_35

ST_32: di_1 [1/5] 7.26ns
:28  %di_1 = fadd float %tmp_36, %tmp_37


 <State 33>: 7.26ns
ST_33: d0i [1/2] 2.71ns
:12  %d0i = load float* %c_addr_5, align 4

ST_33: tmp_38 [5/5] 7.26ns
:29  %tmp_38 = fadd float %d0r, %dr_1

ST_33: tmp_40 [5/5] 7.26ns
:33  %tmp_40 = fsub float %d0r, %dr_1


 <State 34>: 7.26ns
ST_34: tmp_38 [4/5] 7.26ns
:29  %tmp_38 = fadd float %d0r, %dr_1

ST_34: tmp_39 [5/5] 7.26ns
:31  %tmp_39 = fadd float %d0i, %di_1

ST_34: tmp_40 [4/5] 7.26ns
:33  %tmp_40 = fsub float %d0r, %dr_1

ST_34: tmp_41 [5/5] 7.26ns
:35  %tmp_41 = fsub float %d0i, %di_1


 <State 35>: 7.26ns
ST_35: tmp_38 [3/5] 7.26ns
:29  %tmp_38 = fadd float %d0r, %dr_1

ST_35: tmp_39 [4/5] 7.26ns
:31  %tmp_39 = fadd float %d0i, %di_1

ST_35: tmp_40 [3/5] 7.26ns
:33  %tmp_40 = fsub float %d0r, %dr_1

ST_35: tmp_41 [4/5] 7.26ns
:35  %tmp_41 = fsub float %d0i, %di_1


 <State 36>: 7.26ns
ST_36: tmp_38 [2/5] 7.26ns
:29  %tmp_38 = fadd float %d0r, %dr_1

ST_36: tmp_39 [3/5] 7.26ns
:31  %tmp_39 = fadd float %d0i, %di_1

ST_36: tmp_40 [2/5] 7.26ns
:33  %tmp_40 = fsub float %d0r, %dr_1

ST_36: tmp_41 [3/5] 7.26ns
:35  %tmp_41 = fsub float %d0i, %di_1


 <State 37>: 7.26ns
ST_37: tmp_38 [1/5] 7.26ns
:29  %tmp_38 = fadd float %d0r, %dr_1

ST_37: tmp_39 [2/5] 7.26ns
:31  %tmp_39 = fadd float %d0i, %di_1

ST_37: tmp_40 [1/5] 7.26ns
:33  %tmp_40 = fsub float %d0r, %dr_1

ST_37: tmp_41 [2/5] 7.26ns
:35  %tmp_41 = fsub float %d0i, %di_1


 <State 38>: 7.26ns
ST_38: stg_247 [1/1] 2.71ns
:30  store float %tmp_38, float* %c_addr_4, align 4

ST_38: tmp_39 [1/5] 7.26ns
:31  %tmp_39 = fadd float %d0i, %di_1

ST_38: tmp_41 [1/5] 7.26ns
:35  %tmp_41 = fsub float %d0i, %di_1


 <State 39>: 2.71ns
ST_39: stg_250 [1/1] 2.71ns
:32  store float %tmp_39, float* %c_addr_5, align 4


 <State 40>: 2.71ns
ST_40: stg_251 [1/1] 2.71ns
:34  store float %tmp_40, float* %c_addr_6, align 4


 <State 41>: 2.71ns
ST_41: stg_252 [1/1] 2.71ns
:36  store float %tmp_41, float* %c_addr_7, align 4

ST_41: stg_253 [1/1] 0.00ns
:43  br label %.preheader


 <State 42>: 2.68ns
ST_42: cp_s [1/1] 0.00ns
._crit_edge6:0  %cp_s = phi i32 [ 0, %8 ], [ %n, %.preheader ]

ST_42: cp_cast [1/1] 0.00ns
._crit_edge6:1  %cp_cast = sext i32 %cp_s to i39

ST_42: cp_addr_rec [1/1] 2.68ns
._crit_edge6:2  %cp_addr_rec = add i39 %cp_cast, %cp_rec

ST_42: stg_257 [1/1] 0.00ns
._crit_edge6:3  br label %7



============================================================
+ Verbose Summary: Binding
============================================================
N/A
* FSMD analyzer results:
  - Output states:
  - Chain level:
	State 1
	State 2
	State 3
	State 4
	State 5
	State 6
	State 7
	State 8
	State 9
	State 10
	State 11
	State 12
	State 13
	State 14
	State 15
	State 16
	State 17
	State 18
	State 19
	State 20
	State 21
	State 22
	State 23
	State 24
	State 25
	State 26
	State 27
	State 28
	State 29
	State 30
	State 31
	State 32
	State 33
	State 34
	State 35
	State 36
	State 37
	State 38
	State 39
	State 40
	State 41
	State 42


============================================================
+ Verbose Summary: Datapath Resource usage 
============================================================
N/A
