

================================================================
== Vivado HLS Report for 'voicerec_processChunk'
================================================================
* Date:           Sun Dec 13 12:33:21 2015

* Version:        2015.2 (Build 1266856 on Fri Jun 26 16:57:37 PM 2015)
* Project:        voicerec.prj
* Solution:       solution1
* Product family: zynq
* Target device:  xc7z020clg484-1


================================================================
== Performance Estimates
================================================================
+ Timing (ns): 
    * Summary: 
    +--------+-------+----------+------------+
    |  Clock | Target| Estimated| Uncertainty|
    +--------+-------+----------+------------+
    |ap_clk  |  10.00|      9.58|        1.25|
    +--------+-------+----------+------------+

+ Latency (clock cycles): 
    * Summary: 
    +-------+---------+-------+---------+---------+
    |     Latency     |     Interval    | Pipeline|
    |  min  |   max   |  min  |   max   |   Type  |
    +-------+---------+-------+---------+---------+
    |  15742|  2511728|  15742|  2511728|   none  |
    +-------+---------+-------+---------+---------+

    + Detail: 
        * Instance: 
        +-------------------------+--------------+------+---------+------+---------+---------+
        |                         |              |     Latency    |    Interval    | Pipeline|
        |         Instance        |    Module    |  min |   max   |  min |   max   |   Type  |
        +-------------------------+--------------+------+---------+------+---------+---------+
        |grp_voicerec_FFT_fu_406  |voicerec_FFT  |  4994|  2496898|  4994|  2496898|   none  |
        +-------------------------+--------------+------+---------+------+---------+---------+

        * Loop: 
        +-------------+------+------+----------+-----------+-----------+------+----------+
        |             |   Latency   | Iteration|  Initiation Interval  | Trip |          |
        |  Loop Name  |  min |  max |  Latency |  achieved |   target  | Count| Pipelined|
        +-------------+------+------+----------+-----------+-----------+------+----------+
        |- Loop 1     |   512|   512|         2|          -|          -|   256|    no    |
        |- Loop 2     |  3584|  3584|        14|          -|          -|   256|    no    |
        |- Loop 3     |  1280|  4608|  5 ~ 18  |          -|          -|   256|    no    |
        |- Loop 4     |   130|   884|  5 ~ 34  |          -|          -|    26|    no    |
        |- Loop 5     |  5236|  5236|       374|          -|          -|    14|    no    |
        | + Loop 5.1  |   364|   364|        14|          -|          -|    26|    no    |
        +-------------+------+------+----------+-----------+-----------+------+----------+



================================================================
== Utilization Estimates
================================================================
* Summary: 
+-----------------+---------+-------+--------+-------+
|       Name      | BRAM_18K| DSP48E|   FF   |  LUT  |
+-----------------+---------+-------+--------+-------+
|Expression       |        -|      -|       0|    257|
|FIFO             |        -|      -|       -|      -|
|Instance         |        2|     35|    4345|   7267|
|Memory           |        5|      -|      72|     17|
|Multiplexer      |        -|      -|       -|    652|
|Register         |        -|      -|     904|      -|
+-----------------+---------+-------+--------+-------+
|Total            |        7|     35|    5321|   8193|
+-----------------+---------+-------+--------+-------+
|Available        |      280|    220|  106400|  53200|
+-----------------+---------+-------+--------+-------+
|Utilization (%)  |        2|     15|       5|     15|
+-----------------+---------+-------+--------+-------+

+ Detail: 
    * Instance: 
    +-----------------------------------------------+-------------------------------------------+---------+-------+------+------+
    |                    Instance                   |                   Module                  | BRAM_18K| DSP48E|  FF  |  LUT |
    +-----------------------------------------------+-------------------------------------------+---------+-------+------+------+
    |grp_voicerec_FFT_fu_406                        |voicerec_FFT                               |        2|     16|  2142|  3455|
    |voicerec_dmul_64ns_64ns_64_6_max_dsp_U24       |voicerec_dmul_64ns_64ns_64_6_max_dsp       |        0|     11|   317|   578|
    |voicerec_faddfsub_32ns_32ns_32_5_full_dsp_U16  |voicerec_faddfsub_32ns_32ns_32_5_full_dsp  |        0|      2|   205|   390|
    |voicerec_fcmp_32ns_32ns_1_1_U23                |voicerec_fcmp_32ns_32ns_1_1                |        0|      0|    66|   239|
    |voicerec_fdiv_32ns_32ns_32_16_U19              |voicerec_fdiv_32ns_32ns_32_16              |        0|      0|   761|   994|
    |voicerec_fmul_32ns_32ns_32_4_max_dsp_U17       |voicerec_fmul_32ns_32ns_32_4_max_dsp       |        0|      3|   143|   321|
    |voicerec_fmul_32ns_32ns_32_4_max_dsp_U18       |voicerec_fmul_32ns_32ns_32_4_max_dsp       |        0|      3|   143|   321|
    |voicerec_fpext_32ns_64_1_U22                   |voicerec_fpext_32ns_64_1                   |        0|      0|   100|   138|
    |voicerec_fptrunc_64ns_32_1_U21                 |voicerec_fptrunc_64ns_32_1                 |        0|      0|   128|   277|
    |voicerec_sitofp_64ns_32_6_U20                  |voicerec_sitofp_64ns_32_6                  |        0|      0|   340|   554|
    +-----------------------------------------------+-------------------------------------------+---------+-------+------+------+
    |Total                                          |                                           |        2|     35|  4345|  7267|
    +-----------------------------------------------+-------------------------------------------+---------+-------+------+------+

    * Memory: 
    +-------------+---------------------------------+---------+----+----+------+-----+------+-------------+
    |    Memory   |              Module             | BRAM_18K| FF | LUT| Words| Bits| Banks| W*Bits*Banks|
    +-------------+---------------------------------+---------+----+----+------+-----+------+-------------+
    |c_U          |voicerec_processChunk_c          |        2|   0|   0|   512|   32|     1|        16384|
    |dctMatrix_U  |voicerec_processChunk_dctMatrix  |        2|   0|   0|   676|   32|     1|        21632|
    |e_U          |voicerec_processChunk_e          |        0|  64|  13|    26|   32|     1|          832|
    |mell_U       |voicerec_processChunk_mell       |        0|   8|   4|    27|    8|     1|          216|
    |spec_U       |voicerec_processChunk_spec       |        1|   0|   0|   256|   32|     1|         8192|
    +-------------+---------------------------------+---------+----+----+------+-----+------+-------------+
    |Total        |                                 |        5|  72|  17|  1497|  136|     5|        47256|
    +-------------+---------------------------------+---------+----+----+------+-----+------+-------------+

    * FIFO: 
    N/A

    * Expression: 
    +---------------------------+----------+-------+---+----+------------+------------+
    |       Variable Name       | Operation| DSP48E| FF| LUT| Bitwidth P0| Bitwidth P1|
    +---------------------------+----------+-------+---+----+------------+------------+
    |dctMatrix_addr4_fu_858_p2  |     +    |      0|  0|   9|           9|           9|
    |grp_fu_467_p2              |     +    |      0|  0|  32|          32|           1|
    |i_4_fu_516_p2              |     +    |      0|  0|   9|           9|           1|
    |i_5_fu_571_p2              |     +    |      0|  0|   9|           9|           1|
    |i_6_fu_695_p2              |     +    |      0|  0|   5|           5|           1|
    |i_7_fu_614_p2              |     +    |      0|  0|   9|           9|           1|
    |k_fu_813_p2                |     +    |      0|  0|   4|           4|           1|
    |n_fu_843_p2                |     +    |      0|  0|   5|           5|           1|
    |next_mul_fu_801_p2         |     +    |      0|  0|   9|           9|           5|
    |p_addr1_fu_864_p2          |     +    |      0|  0|  12|          12|          12|
    |tmp_fu_522_p2              |     +    |      0|  0|  13|          13|          13|
    |p_addr_fu_728_p2           |     -    |      0|  0|  11|          11|          11|
    |p_mellIdx_fu_682_p3        |  Select  |      0|  0|  32|           1|          32|
    |s_fu_825_p3                |  Select  |      0|  0|  30|           1|          30|
    |tmp_41_fu_774_p2           |    and   |      0|  0|   1|           1|           1|
    |exitcond1_fu_608_p2        |   icmp   |      0|  0|   4|           9|          10|
    |exitcond2_fu_565_p2        |   icmp   |      0|  0|   4|           9|          10|
    |exitcond3_fu_510_p2        |   icmp   |      0|  0|   4|           9|          10|
    |exitcond3_i_fu_807_p2      |   icmp   |      0|  0|   2|           4|           3|
    |exitcond_fu_689_p2         |   icmp   |      0|  0|   2|           5|           4|
    |exitcond_i_fu_837_p2       |   icmp   |      0|  0|   2|           5|           4|
    |notlhs_fu_756_p2           |   icmp   |      0|  0|   3|           8|           2|
    |notrhs_fu_762_p2           |   icmp   |      0|  0|   8|          23|           1|
    |tmp_69_fu_554_p2           |   icmp   |      0|  0|   3|           9|           5|
    |tmp_80_fu_633_p2           |   icmp   |      0|  0|   4|          10|          10|
    |tmp_84_fu_643_p2           |   icmp   |      0|  0|   3|           9|           9|
    |tmp_87_fu_657_p2           |   icmp   |      0|  0|   3|           9|           9|
    |tmp_91_fu_677_p2           |   icmp   |      0|  0|   4|          10|          10|
    |tmp_i1_fu_819_p2           |   icmp   |      0|  0|   2|           4|           1|
    |tmp_39_fu_768_p2           |    or    |      0|  0|   1|           1|           1|
    |tmp_67_fu_543_p2           |    or    |      0|  0|   9|           9|           1|
    |tmp_73_fu_588_p2           |    or    |      0|  0|   9|           9|           1|
    +---------------------------+----------+-------+---+----+------------+------------+
    |Total                      |          |      0|  0| 257|         272|         211|
    +---------------------------+----------+-------+---+----+------------+------------+

    * Multiplexer: 
    +--------------------+-----+-----------+-----+-----------+
    |        Name        | LUT | Input Size| Bits| Total Bits|
    +--------------------+-----+-----------+-----+-----------+
    |ap_NS_fsm           |  203|         94|    1|         94|
    |c_address0          |    9|          4|    9|         36|
    |c_address1          |    9|          4|    9|         36|
    |c_ce0               |    1|          3|    1|          3|
    |c_ce1               |    1|          3|    1|          3|
    |c_d0                |   32|          3|   32|         96|
    |c_d1                |   32|          3|   32|         96|
    |c_we0               |    1|          3|    1|          3|
    |c_we1               |    1|          3|    1|          3|
    |e_address0          |   10|          8|    5|         40|
    |e_d0                |   32|          5|   32|        160|
    |grp_fu_416_opcode   |    2|          3|    2|          6|
    |grp_fu_416_p0       |   32|          6|   32|        192|
    |grp_fu_416_p1       |   32|          7|   32|        224|
    |grp_fu_423_p0       |   32|          7|   32|        224|
    |grp_fu_423_p1       |   64|          8|   32|        256|
    |i_1_reg_301         |    9|          2|    9|         18|
    |i_2_reg_313         |    9|          2|    9|         18|
    |i_3_reg_337         |    5|          2|    5|         10|
    |i_reg_289           |    9|          2|    9|         18|
    |k_i_reg_360         |    4|          2|    4|          8|
    |mellIdx_reg_325     |   32|          2|   32|         64|
    |mell_address0       |    5|          4|    5|         20|
    |n_i_reg_395         |    5|          2|    5|         10|
    |phi_mul_reg_371     |    9|          2|    9|         18|
    |spec_address0       |    8|          4|    8|         32|
    |storemerge_reg_348  |   32|          2|   32|         64|
    |sum_i_reg_383       |   32|          2|   32|         64|
    +--------------------+-----+-----------+-----+-----------+
    |Total               |  652|        192|  413|       1816|
    +--------------------+-----+-----------+-----+-----------+

    * Register: 
    +-----------------------------------------------+----+----+-----+-----------+
    |                      Name                     | FF | LUT| Bits| Const Bits|
    +-----------------------------------------------+----+----+-----+-----------+
    |ap_CS_fsm                                      |  93|   0|   93|          0|
    |dctMatrix_addr4_reg_1106                       |   9|   0|    9|          0|
    |e_addr_1_reg_1026                              |   5|   0|    5|          0|
    |e_addr_2_reg_998                               |   5|   0|    5|          0|
    |grp_voicerec_FFT_fu_406_ap_start_ap_start_reg  |   1|   0|    1|          0|
    |i_1_reg_301                                    |   9|   0|    9|          0|
    |i_2_cast_reg_942                               |   9|   0|   10|          1|
    |i_2_reg_313                                    |   9|   0|    9|          0|
    |i_3_reg_337                                    |   5|   0|    5|          0|
    |i_4_reg_894                                    |   9|   0|    9|          0|
    |i_5_reg_910                                    |   9|   0|    9|          0|
    |i_6_reg_1021                                   |   5|   0|    5|          0|
    |i_7_reg_951                                    |   9|   0|    9|          0|
    |i_reg_289                                      |   9|   0|    9|          0|
    |k_i_reg_360                                    |   4|   0|    4|          0|
    |k_reg_1078                                     |   4|   0|    4|          0|
    |mellIdx_1_reg_1003                             |  32|   0|   32|          0|
    |mellIdx_reg_325                                |  32|   0|   32|          0|
    |mell_load_cast_cast_reg_966                    |   8|   0|    9|          1|
    |n_i_reg_395                                    |   5|   0|    5|          0|
    |n_reg_1096                                     |   5|   0|    5|          0|
    |next_mul_reg_1070                              |   9|   0|    9|          0|
    |p_addr1_reg_1116                               |  12|   0|   12|          0|
    |p_addr_cast_reg_1031                           |  11|   0|   12|          1|
    |phi_mul_reg_371                                |   9|   0|    9|          0|
    |reg_473                                        |  32|   0|   32|          0|
    |reg_480                                        |  32|   0|   32|          0|
    |reg_488                                        |  32|   0|   32|          0|
    |reg_493                                        |  32|   0|   32|          0|
    |reg_500                                        |  32|   0|   32|          0|
    |s_reg_1083                                     |  12|   0|   32|         20|
    |storemerge_reg_348                             |  32|   0|   32|          0|
    |sum_i_reg_383                                  |  32|   0|   32|          0|
    |tmp_26_i_trn2_cast_reg_1088                    |   4|   0|   12|          8|
    |tmp_31_i_reg_1111                              |  64|   0|   64|          0|
    |tmp_32_i_reg_1131                              |  64|   0|   64|          0|
    |tmp_33_i_reg_1136                              |  32|   0|   32|          0|
    |tmp_3_i_i_reg_1049                             |  23|   0|   32|          9|
    |tmp_40_reg_1036                                |   1|   0|    1|          0|
    |tmp_75_reg_937                                 |  32|   0|   32|          0|
    |tmp_79_reg_956                                 |  64|   0|   64|          0|
    |tmp_7_i_i_reg_1060                             |  32|   0|   32|          0|
    |tmp_80_reg_971                                 |   1|   0|    1|          0|
    |tmp_84_reg_980                                 |   1|   0|    1|          0|
    |tmp_87_reg_989                                 |   1|   0|    1|          0|
    |y_reg_1055                                     |  32|   0|   32|          0|
    +-----------------------------------------------+----+----+-----+-----------+
    |Total                                          | 904|   0|  944|         40|
    +-----------------------------------------------+----+----+-----+-----------+



================================================================
== Interface
================================================================
* Summary: 
+---------------------+-----+-----+------------+-----------------------+--------------+
|      RTL Ports      | Dir | Bits|  Protocol  |     Source Object     |    C Type    |
+---------------------+-----+-----+------------+-----------------------+--------------+
|ap_clk               |  in |    1| ap_ctrl_hs | voicerec_processChunk | return value |
|ap_rst               |  in |    1| ap_ctrl_hs | voicerec_processChunk | return value |
|ap_start             |  in |    1| ap_ctrl_hs | voicerec_processChunk | return value |
|ap_done              | out |    1| ap_ctrl_hs | voicerec_processChunk | return value |
|ap_idle              | out |    1| ap_ctrl_hs | voicerec_processChunk | return value |
|ap_ready             | out |    1| ap_ctrl_hs | voicerec_processChunk | return value |
|sp                   |  in |   13|   ap_none  |           sp          |    scalar    |
|ret_address0         | out |   10|  ap_memory |          ret          |     array    |
|ret_ce0              | out |    1|  ap_memory |          ret          |     array    |
|ret_we0              | out |    1|  ap_memory |          ret          |     array    |
|ret_d0               | out |   32|  ap_memory |          ret          |     array    |
|tmp_133              |  in |    6|   ap_none  |        tmp_133        |    scalar    |
|inputSound_address0  | out |   13|  ap_memory |       inputSound      |     array    |
|inputSound_ce0       | out |    1|  ap_memory |       inputSound      |     array    |
|inputSound_q0        |  in |   32|  ap_memory |       inputSound      |     array    |
+---------------------+-----+-----+------------+-----------------------+--------------+

