
*** Running vivado
    with args -log system_wrapper.vdi -applog -m64 -messageDb vivado.pb -mode batch -source system_wrapper.tcl -notrace


****** Vivado v2014.4 (64-bit)
  **** SW Build 1071353 on Tue Nov 18 18:29:27 MST 2014
  **** IP Build 1070531 on Tue Nov 18 01:10:18 MST 2014
    ** Copyright 1986-2014 Xilinx, Inc. All Rights Reserved.

source system_wrapper.tcl -notrace
Design is defaulting to srcset: sources_1
Design is defaulting to constrset: constrs_1
INFO: [Netlist 29-17] Analyzing 2256 Unisim elements for replacement
INFO: [Netlist 29-28] Unisim Transformation completed in 0 CPU seconds
INFO: [Project 1-479] Netlist was created with Vivado 2014.4
Loading clock regions from C:/Xilinx/Vivado/2014.4/data\parts/xilinx/zynq/zynq/xc7z020/ClockRegion.xml
Loading clock buffers from C:/Xilinx/Vivado/2014.4/data\parts/xilinx/zynq/zynq/xc7z020/ClockBuffers.xml
Loading clock placement rules from C:/Xilinx/Vivado/2014.4/data/parts/xilinx/zynq/ClockPlacerRules.xml
Loading package pin functions from C:/Xilinx/Vivado/2014.4/data\parts/xilinx/zynq/PinFunctions.xml...
Loading package from C:/Xilinx/Vivado/2014.4/data\parts/xilinx/zynq/zynq/xc7z020/clg484/Package.xml
Loading io standards from C:/Xilinx/Vivado/2014.4/data\./parts/xilinx/zynq/IOStandards.xml
INFO: [Project 1-570] Preparing netlist for logic optimization
INFO: [Opt 31-140] Inserted 0 IBUFs to IO ports without IO buffers.
INFO: [Opt 31-141] Inserted 0 OBUFs to IO ports without IO buffers.
Parsing XDC File [c:/Users/rz252/Desktop/tjp79/ece5775-final/audio_lab/audio3/audio.srcs/sources_1/bd/system/ip/system_processing_system7_0_0/system_processing_system7_0_0.xdc] for cell 'system_i/processing_system7_0/inst'
WARNING: [Vivado 12-2489] -input_jitter contains time 2.442840 which will be rounded to 2.443 to ensure it is an integer multiple of 1 picosecond [c:/Users/rz252/Desktop/tjp79/ece5775-final/audio_lab/audio3/audio.srcs/sources_1/bd/system/ip/system_processing_system7_0_0/system_processing_system7_0_0.xdc:21]
Finished Parsing XDC File [c:/Users/rz252/Desktop/tjp79/ece5775-final/audio_lab/audio3/audio.srcs/sources_1/bd/system/ip/system_processing_system7_0_0/system_processing_system7_0_0.xdc] for cell 'system_i/processing_system7_0/inst'
Parsing XDC File [c:/Users/rz252/Desktop/tjp79/ece5775-final/audio_lab/audio3/audio.srcs/sources_1/bd/system/ip/system_axi_gpio_0_0/system_axi_gpio_0_0_board.xdc] for cell 'system_i/axi_gpio_0/U0'
Finished Parsing XDC File [c:/Users/rz252/Desktop/tjp79/ece5775-final/audio_lab/audio3/audio.srcs/sources_1/bd/system/ip/system_axi_gpio_0_0/system_axi_gpio_0_0_board.xdc] for cell 'system_i/axi_gpio_0/U0'
Parsing XDC File [c:/Users/rz252/Desktop/tjp79/ece5775-final/audio_lab/audio3/audio.srcs/sources_1/bd/system/ip/system_axi_gpio_0_0/system_axi_gpio_0_0.xdc] for cell 'system_i/axi_gpio_0/U0'
Finished Parsing XDC File [c:/Users/rz252/Desktop/tjp79/ece5775-final/audio_lab/audio3/audio.srcs/sources_1/bd/system/ip/system_axi_gpio_0_0/system_axi_gpio_0_0.xdc] for cell 'system_i/axi_gpio_0/U0'
Parsing XDC File [c:/Users/rz252/Desktop/tjp79/ece5775-final/audio_lab/audio3/audio.srcs/sources_1/bd/system/ip/system_rst_processing_system7_0_100M_0/system_rst_processing_system7_0_100M_0_board.xdc] for cell 'system_i/rst_processing_system7_0_100M'
Finished Parsing XDC File [c:/Users/rz252/Desktop/tjp79/ece5775-final/audio_lab/audio3/audio.srcs/sources_1/bd/system/ip/system_rst_processing_system7_0_100M_0/system_rst_processing_system7_0_100M_0_board.xdc] for cell 'system_i/rst_processing_system7_0_100M'
Parsing XDC File [c:/Users/rz252/Desktop/tjp79/ece5775-final/audio_lab/audio3/audio.srcs/sources_1/bd/system/ip/system_rst_processing_system7_0_100M_0/system_rst_processing_system7_0_100M_0.xdc] for cell 'system_i/rst_processing_system7_0_100M'
Finished Parsing XDC File [c:/Users/rz252/Desktop/tjp79/ece5775-final/audio_lab/audio3/audio.srcs/sources_1/bd/system/ip/system_rst_processing_system7_0_100M_0/system_rst_processing_system7_0_100M_0.xdc] for cell 'system_i/rst_processing_system7_0_100M'
Parsing XDC File [C:/Users/rz252/Desktop/tjp79/ece5775-final/audio_lab/audio3/audio.srcs/constrs_1/imports/audio_lab/zed_audio_constraints.xdc]
Finished Parsing XDC File [C:/Users/rz252/Desktop/tjp79/ece5775-final/audio_lab/audio3/audio.srcs/constrs_1/imports/audio_lab/zed_audio_constraints.xdc]
INFO: [Opt 31-138] Pushed 0 inverter(s) to 0 load pin(s).
Generating merged BMM file for the design top 'system_wrapper'...

INFO: [Project 1-111] Unisim Transformation Summary:
  A total of 100 instances were transformed.
  IOBUF => IOBUF (IBUF, OBUFT): 4 instances
  RAM16X1S => RAM32X1S (RAMS32): 96 instances

link_design: Time (s): cpu = 00:00:40 ; elapsed = 00:00:45 . Memory (MB): peak = 640.176 ; gain = 447.727
Command: opt_design
Attempting to get a license for feature 'Implementation' and/or device 'xc7z020'
INFO: [Common 17-349] Got license for feature 'Implementation' and/or device 'xc7z020'
Running DRC as a precondition to command opt_design

Starting DRC Task
INFO: [Drc 23-27] Running DRC with 2 threads
INFO: [Project 1-461] DRC finished with 0 Errors
INFO: [Project 1-462] Please refer to the DRC report (report_drc) for more information.

Time (s): cpu = 00:00:00 ; elapsed = 00:00:01 . Memory (MB): peak = 640.176 ; gain = 0.000
INFO: [Timing 38-35] Done setting XDC timing constraints.

Starting Logic Optimization Task

Phase 1 Retarget

INFO: [Opt 31-138] Pushed 3 inverter(s) to 25 load pin(s).
INFO: [Opt 31-49] Retargeted 0 cell(s).
Phase 1 Retarget | Checksum: 161dc45a0

Time (s): cpu = 00:00:05 ; elapsed = 00:00:05 . Memory (MB): peak = 1182.332 ; gain = 0.000

Phase 2 Constant Propagation
INFO: [Opt 31-138] Pushed 9 inverter(s) to 9 load pin(s).
INFO: [Opt 31-10] Eliminated 798 cells.
Phase 2 Constant Propagation | Checksum: 2508b43a2

Time (s): cpu = 00:00:14 ; elapsed = 00:00:15 . Memory (MB): peak = 1182.332 ; gain = 0.000

Phase 3 Sweep
WARNING: [Opt 31-6] Deleting driverless net: system_i/voicerec_0/inst/grp_voicerec_classifySound_fu_131/grp_voicerec_feedForward_fu_160/voicerec_fadd_32ns_32ns_32_5_full_dsp_U33/voicerec_ap_fadd_3_full_dsp_32_u/U0/i_synth/ADDSUB_OP.ADDSUB/SPEED_OP.DSP.OP/DSP48E1_BODY.ALIGN_ADD/ZERO_14_DET.ZERO_DET/CARRY_OUT.
WARNING: [Opt 31-6] Deleting driverless net: system_i/voicerec_0/inst/grp_voicerec_classifySound_fu_131/grp_voicerec_feedForward_fu_160/voicerec_fptrunc_64ns_32_1_U35/voicerec_ap_fptrunc_0_no_dsp_64_u/U0/i_synth/FLT_TO_FLT_OP.SPD.OP/RND_REQ.ROUND/CARRYS_OUT[0].
WARNING: [Opt 31-6] Deleting driverless net: system_i/voicerec_0/inst/grp_voicerec_classifySound_fu_131/grp_voicerec_feedForward_fu_160/voicerec_fptrunc_64ns_32_1_U35/voicerec_ap_fptrunc_0_no_dsp_64_u/U0/i_synth/FLT_TO_FLT_OP.SPD.OP/RND_REQ.ROUND/RND_BIT_GEN/CARRYS_OUT[0].
WARNING: [Opt 31-6] Deleting driverless net: system_i/voicerec_0/inst/grp_voicerec_classifySound_fu_131/grp_voicerec_feedForward_fu_160/voicerec_fptrunc_64ns_32_1_U35/voicerec_ap_fptrunc_0_no_dsp_64_u/U0/i_synth/FLT_TO_FLT_OP.SPD.OP/RND_REQ.Z_DET_REQ.DET_ZERO/CARRY_OUT.
WARNING: [Opt 31-6] Deleting driverless net: system_i/voicerec_0/inst/grp_voicerec_classifySound_fu_131/voicerec_fptrunc_64ns_32_1_U46/voicerec_ap_fptrunc_0_no_dsp_64_u/U0/i_synth/FLT_TO_FLT_OP.SPD.OP/RND_REQ.ROUND/CARRYS_OUT[0].
WARNING: [Opt 31-6] Deleting driverless net: system_i/voicerec_0/inst/grp_voicerec_classifySound_fu_131/voicerec_fptrunc_64ns_32_1_U46/voicerec_ap_fptrunc_0_no_dsp_64_u/U0/i_synth/FLT_TO_FLT_OP.SPD.OP/RND_REQ.ROUND/RND_BIT_GEN/CARRYS_OUT[0].
WARNING: [Opt 31-6] Deleting driverless net: system_i/voicerec_0/inst/grp_voicerec_classifySound_fu_131/voicerec_fptrunc_64ns_32_1_U46/voicerec_ap_fptrunc_0_no_dsp_64_u/U0/i_synth/FLT_TO_FLT_OP.SPD.OP/RND_REQ.Z_DET_REQ.DET_ZERO/CARRY_OUT.
WARNING: [Opt 31-6] Deleting driverless net: system_i/voicerec_0/inst/grp_voicerec_preprocessSound_fu_147/voicerec_dcmp_64ns_64ns_1_1_U1/voicerec_ap_dcmp_0_no_dsp_64_u/U0/i_synth/COMP_OP.SPD.OP/STRUCT_CMP.A_EXP_ALL_ONE_DET/CARRYS_OUT[0].
WARNING: [Opt 31-6] Deleting driverless net: system_i/voicerec_0/inst/grp_voicerec_preprocessSound_fu_147/voicerec_dcmp_64ns_64ns_1_1_U1/voicerec_ap_dcmp_0_no_dsp_64_u/U0/i_synth/COMP_OP.SPD.OP/STRUCT_CMP.A_FRAC_NOT_ZERO_DET/CARRY_OUT.
WARNING: [Opt 31-6] Deleting driverless net: system_i/voicerec_0/inst/grp_voicerec_preprocessSound_fu_147/voicerec_dcmp_64ns_64ns_1_1_U1/voicerec_ap_dcmp_0_no_dsp_64_u/U0/i_synth/COMP_OP.SPD.OP/STRUCT_CMP.B_EXP_ALL_ONE_DET/CARRYS_OUT[0].
WARNING: [Opt 31-6] Deleting driverless net: system_i/voicerec_0/inst/grp_voicerec_preprocessSound_fu_147/voicerec_dcmp_64ns_64ns_1_1_U1/voicerec_ap_dcmp_0_no_dsp_64_u/U0/i_synth/COMP_OP.SPD.OP/STRUCT_CMP.B_FRAC_NOT_ZERO_DET/CARRY_OUT.
WARNING: [Opt 31-6] Deleting driverless net: system_i/voicerec_0/inst/grp_voicerec_processChunk_fu_106/voicerec_dcmp_64ns_64ns_1_1_U23/voicerec_ap_dcmp_0_no_dsp_64_u/U0/i_synth/COMP_OP.SPD.OP/STRUCT_CMP.A_EXP_ALL_ONE_DET/CARRYS_OUT[0].
WARNING: [Opt 31-6] Deleting driverless net: system_i/voicerec_0/inst/grp_voicerec_processChunk_fu_106/voicerec_dcmp_64ns_64ns_1_1_U23/voicerec_ap_dcmp_0_no_dsp_64_u/U0/i_synth/COMP_OP.SPD.OP/STRUCT_CMP.A_FRAC_NOT_ZERO_DET/CARRY_OUT.
WARNING: [Opt 31-6] Deleting driverless net: system_i/voicerec_0/inst/grp_voicerec_processChunk_fu_106/voicerec_dcmp_64ns_64ns_1_1_U23/voicerec_ap_dcmp_0_no_dsp_64_u/U0/i_synth/COMP_OP.SPD.OP/STRUCT_CMP.B_EXP_ALL_ONE_DET/CARRYS_OUT[0].
WARNING: [Opt 31-6] Deleting driverless net: system_i/voicerec_0/inst/grp_voicerec_processChunk_fu_106/voicerec_dcmp_64ns_64ns_1_1_U23/voicerec_ap_dcmp_0_no_dsp_64_u/U0/i_synth/COMP_OP.SPD.OP/STRUCT_CMP.B_FRAC_NOT_ZERO_DET/CARRY_OUT.
WARNING: [Opt 31-6] Deleting driverless net: system_i/voicerec_0/inst/grp_voicerec_processChunk_fu_106/voicerec_faddfsub_32ns_32ns_32_5_full_dsp_U14/voicerec_ap_faddfsub_3_full_dsp_32_u/U0/i_synth/ADDSUB_OP.ADDSUB/SPEED_OP.DSP.OP/DSP48E1_BODY.ALIGN_ADD/ZERO_14_DET.ZERO_DET/CARRY_OUT.
WARNING: [Opt 31-6] Deleting driverless net: system_i/voicerec_0/inst/grp_voicerec_processChunk_fu_106/voicerec_fptrunc_64ns_32_1_U18/voicerec_ap_fptrunc_0_no_dsp_64_u/U0/i_synth/FLT_TO_FLT_OP.SPD.OP/RND_REQ.ROUND/CARRYS_OUT[0].
WARNING: [Opt 31-6] Deleting driverless net: system_i/voicerec_0/inst/grp_voicerec_processChunk_fu_106/voicerec_fptrunc_64ns_32_1_U18/voicerec_ap_fptrunc_0_no_dsp_64_u/U0/i_synth/FLT_TO_FLT_OP.SPD.OP/RND_REQ.ROUND/RND_BIT_GEN/CARRYS_OUT[0].
WARNING: [Opt 31-6] Deleting driverless net: system_i/voicerec_0/inst/grp_voicerec_processChunk_fu_106/voicerec_fptrunc_64ns_32_1_U18/voicerec_ap_fptrunc_0_no_dsp_64_u/U0/i_synth/FLT_TO_FLT_OP.SPD.OP/RND_REQ.Z_DET_REQ.DET_ZERO/CARRY_OUT.
INFO: [Opt 31-12] Eliminated 13693 unconnected nets.
INFO: [Opt 31-140] Inserted 0 IBUFs to IO ports without IO buffers.
INFO: [Opt 31-141] Inserted 0 OBUFs to IO ports without IO buffers.
INFO: [Opt 31-11] Eliminated 1400 unconnected cells.
Phase 3 Sweep | Checksum: db6d41fe

Time (s): cpu = 00:00:24 ; elapsed = 00:00:25 . Memory (MB): peak = 1182.332 ; gain = 0.000
Ending Logic Optimization Task | Checksum: db6d41fe

Time (s): cpu = 00:00:00 ; elapsed = 00:00:26 . Memory (MB): peak = 1182.332 ; gain = 0.000
Implement Debug Cores | Checksum: 1c6042b6a
Logic Optimization | Checksum: 1c6042b6a

Starting Power Optimization Task
INFO: [Pwropt 34-132] Skipping clock gating for clocks with a period < 3.13 ns.
INFO: [Pwropt 34-9] Applying IDT optimizations ...
INFO: [Pwropt 34-10] Applying ODC optimizations ...


Starting PowerOpt Patch Enables Task
INFO: [Pwropt 34-162] WRITE_MODE attribute of 0 BRAM(s) out of a total of 129 has been updated to save power. Run report_power_opt to get a complete listing of the BRAMs updated.
INFO: [Pwropt 34-201] Structural ODC has moved 0 WE to EN ports
Number of BRAM Ports augmented: 76 newly gated: 0 Total Ports: 258
Number of Flops added for Enable Generation: 4

Ending PowerOpt Patch Enables Task | Checksum: 1cab44fd6

Time (s): cpu = 00:00:00 ; elapsed = 00:00:00.499 . Memory (MB): peak = 1420.832 ; gain = 0.000
Ending Power Optimization Task | Checksum: 1cab44fd6

Time (s): cpu = 00:00:00 ; elapsed = 00:00:49 . Memory (MB): peak = 1420.832 ; gain = 238.500
INFO: [Common 17-83] Releasing license: Implementation
27 Infos, 20 Warnings, 0 Critical Warnings and 0 Errors encountered.
opt_design completed successfully
opt_design: Time (s): cpu = 00:01:48 ; elapsed = 00:01:53 . Memory (MB): peak = 1420.832 ; gain = 780.656
Writing placer database...
Writing XDEF routing.
Writing XDEF routing logical nets.
Writing XDEF routing special nets.
Write XDEF Complete: Time (s): cpu = 00:00:00 ; elapsed = 00:00:00.250 . Memory (MB): peak = 1420.832 ; gain = 0.000
write_checkpoint: Time (s): cpu = 00:00:10 ; elapsed = 00:00:11 . Memory (MB): peak = 1420.832 ; gain = 0.000
INFO: [Drc 23-27] Running DRC with 2 threads
INFO: [Coretcl 2-168] The results of DRC are in file C:/Users/rz252/Desktop/tjp79/ece5775-final/audio_lab/audio3/audio.runs/impl_1/system_wrapper_drc_opted.rpt.
report_drc: Time (s): cpu = 00:00:11 ; elapsed = 00:00:08 . Memory (MB): peak = 1420.832 ; gain = 0.000
Command: place_design
Attempting to get a license for feature 'Implementation' and/or device 'xc7z020'
INFO: [Common 17-349] Got license for feature 'Implementation' and/or device 'xc7z020'
INFO: [Drc 23-27] Running DRC with 2 threads
INFO: [Vivado_Tcl 4-198] DRC finished with 0 Errors
INFO: [Vivado_Tcl 4-199] Please refer to the DRC report (report_drc) for more information.
Running DRC as a precondition to command place_design
INFO: [Drc 23-27] Running DRC with 2 threads
INFO: [Vivado_Tcl 4-198] DRC finished with 0 Errors
INFO: [Vivado_Tcl 4-199] Please refer to the DRC report (report_drc) for more information.

Starting Placer Task
INFO: [Place 30-611] Multithreading enabled for place_design using a maximum of 2 CPUs

Phase 1 Placer Runtime Estimator
Phase 1 Placer Runtime Estimator | Checksum: 16aa3021f

Time (s): cpu = 00:00:01 ; elapsed = 00:00:00.905 . Memory (MB): peak = 1420.832 ; gain = 0.000

Phase 2 Placer Initialization

Phase 2.1 Placer Initialization Core
Netlist sorting complete. Time (s): cpu = 00:00:01 ; elapsed = 00:00:00.296 . Memory (MB): peak = 1420.832 ; gain = 0.000
INFO: [Opt 31-140] Inserted 0 IBUFs to IO ports without IO buffers.
INFO: [Opt 31-141] Inserted 0 OBUFs to IO ports without IO buffers.
INFO: [Opt 31-138] Pushed 0 inverter(s) to 0 load pin(s).
Netlist sorting complete. Time (s): cpu = 00:00:00 ; elapsed = 00:00:00.203 . Memory (MB): peak = 1420.832 ; gain = 0.000

Phase 2.1.1 IO Placement/ Clock Placement/ Build Placer Device

Phase 2.1.1.1 Pre-Place Cells
Phase 2.1.1.1 Pre-Place Cells | Checksum: 95b44746

Time (s): cpu = 00:00:05 ; elapsed = 00:00:05 . Memory (MB): peak = 1420.832 ; gain = 0.000
INFO: [Timing 38-35] Done setting XDC timing constraints.

Phase 2.1.1.2 IO & Clk Clean Up
Phase 2.1.1.2 IO & Clk Clean Up | Checksum: 95b44746

Time (s): cpu = 00:00:28 ; elapsed = 00:00:31 . Memory (MB): peak = 1420.832 ; gain = 0.000

Phase 2.1.1.3 Implementation Feasibility check On IDelay
Phase 2.1.1.3 Implementation Feasibility check On IDelay | Checksum: 95b44746

Time (s): cpu = 00:00:29 ; elapsed = 00:00:31 . Memory (MB): peak = 1420.832 ; gain = 0.000

Phase 2.1.1.4 Commit IO Placement
Phase 2.1.1.4 Commit IO Placement | Checksum: e91270ad

Time (s): cpu = 00:00:29 ; elapsed = 00:00:31 . Memory (MB): peak = 1420.832 ; gain = 0.000
Phase 2.1.1 IO Placement/ Clock Placement/ Build Placer Device | Checksum: 152d6b058

Time (s): cpu = 00:00:29 ; elapsed = 00:00:31 . Memory (MB): peak = 1420.832 ; gain = 0.000

Phase 2.1.2 Build Placer Netlist Model

Phase 2.1.2.1 Place Init Design

Phase 2.1.2.1.1 Init Lut Pin Assignment
Phase 2.1.2.1.1 Init Lut Pin Assignment | Checksum: 1f2e80ec5

Time (s): cpu = 00:00:33 ; elapsed = 00:00:36 . Memory (MB): peak = 1420.832 ; gain = 0.000
Phase 2.1.2.1 Place Init Design | Checksum: 1c6b58395

Time (s): cpu = 00:01:33 ; elapsed = 00:01:11 . Memory (MB): peak = 1420.832 ; gain = 0.000
Phase 2.1.2 Build Placer Netlist Model | Checksum: 1c6b58395

Time (s): cpu = 00:01:33 ; elapsed = 00:01:11 . Memory (MB): peak = 1420.832 ; gain = 0.000

Phase 2.1.3 Constrain Clocks/Macros

Phase 2.1.3.1 Constrain Global/Regional Clocks
Phase 2.1.3.1 Constrain Global/Regional Clocks | Checksum: 1c6b58395

Time (s): cpu = 00:01:33 ; elapsed = 00:01:11 . Memory (MB): peak = 1420.832 ; gain = 0.000
Phase 2.1.3 Constrain Clocks/Macros | Checksum: 1c6b58395

Time (s): cpu = 00:01:33 ; elapsed = 00:01:11 . Memory (MB): peak = 1420.832 ; gain = 0.000
Phase 2.1 Placer Initialization Core | Checksum: 1c6b58395

Time (s): cpu = 00:01:33 ; elapsed = 00:01:11 . Memory (MB): peak = 1420.832 ; gain = 0.000
Phase 2 Placer Initialization | Checksum: 1c6b58395

Time (s): cpu = 00:01:33 ; elapsed = 00:01:11 . Memory (MB): peak = 1420.832 ; gain = 0.000

Phase 3 Global Placement
Phase 3 Global Placement | Checksum: 149560fd6

Time (s): cpu = 00:03:10 ; elapsed = 00:02:13 . Memory (MB): peak = 1420.832 ; gain = 0.000

Phase 4 Detail Placement

Phase 4.1 Commit Multi Column Macros
Phase 4.1 Commit Multi Column Macros | Checksum: 149560fd6

Time (s): cpu = 00:03:11 ; elapsed = 00:02:13 . Memory (MB): peak = 1420.832 ; gain = 0.000

Phase 4.2 Commit Most Macros & LUTRAMs
Phase 4.2 Commit Most Macros & LUTRAMs | Checksum: 12a6fa6ac

Time (s): cpu = 00:03:37 ; elapsed = 00:02:30 . Memory (MB): peak = 1420.832 ; gain = 0.000

Phase 4.3 Area Swap Optimization
Phase 4.3 Area Swap Optimization | Checksum: 1b1ddb53d

Time (s): cpu = 00:03:38 ; elapsed = 00:02:31 . Memory (MB): peak = 1420.832 ; gain = 0.000

Phase 4.4 updateClock Trees: DP
Phase 4.4 updateClock Trees: DP | Checksum: 1b1ddb53d

Time (s): cpu = 00:03:38 ; elapsed = 00:02:31 . Memory (MB): peak = 1420.832 ; gain = 0.000

Phase 4.5 Timing Path Optimizer
Phase 4.5 Timing Path Optimizer | Checksum: 1b8a134b2

Time (s): cpu = 00:03:47 ; elapsed = 00:02:36 . Memory (MB): peak = 1420.832 ; gain = 0.000

Phase 4.6 Small Shape Detail Placement

Phase 4.6.1 Commit Small Macros & Core Logic

Phase 4.6.1.1 setBudgets
Phase 4.6.1.1 setBudgets | Checksum: 1059b3fe9

Time (s): cpu = 00:03:48 ; elapsed = 00:02:38 . Memory (MB): peak = 1420.832 ; gain = 0.000

Phase 4.6.1.2 Commit Slice Clusters
Phase 4.6.1.2 Commit Slice Clusters | Checksum: 1e74b74a6

Time (s): cpu = 00:04:02 ; elapsed = 00:02:50 . Memory (MB): peak = 1420.832 ; gain = 0.000
Phase 4.6.1 Commit Small Macros & Core Logic | Checksum: 1e74b74a6

Time (s): cpu = 00:04:02 ; elapsed = 00:02:50 . Memory (MB): peak = 1420.832 ; gain = 0.000

Phase 4.6.2 Clock Restriction Legalization for Leaf Columns
Phase 4.6.2 Clock Restriction Legalization for Leaf Columns | Checksum: 1e74b74a6

Time (s): cpu = 00:04:02 ; elapsed = 00:02:51 . Memory (MB): peak = 1420.832 ; gain = 0.000

Phase 4.6.3 Clock Restriction Legalization for Non-Clock Pins
Phase 4.6.3 Clock Restriction Legalization for Non-Clock Pins | Checksum: 1e74b74a6

Time (s): cpu = 00:04:03 ; elapsed = 00:02:51 . Memory (MB): peak = 1420.832 ; gain = 0.000
Phase 4.6 Small Shape Detail Placement | Checksum: 1e74b74a6

Time (s): cpu = 00:04:03 ; elapsed = 00:02:51 . Memory (MB): peak = 1420.832 ; gain = 0.000

Phase 4.7 Re-assign LUT pins
Phase 4.7 Re-assign LUT pins | Checksum: 1e74b74a6

Time (s): cpu = 00:04:06 ; elapsed = 00:02:54 . Memory (MB): peak = 1420.832 ; gain = 0.000
Phase 4 Detail Placement | Checksum: 1e74b74a6

Time (s): cpu = 00:04:06 ; elapsed = 00:02:54 . Memory (MB): peak = 1420.832 ; gain = 0.000

Phase 5 Post Placement Optimization and Clean-Up

Phase 5.1 PCOPT Shape updates
Phase 5.1 PCOPT Shape updates | Checksum: 2ad7d09f6

Time (s): cpu = 00:04:06 ; elapsed = 00:02:54 . Memory (MB): peak = 1420.832 ; gain = 0.000

Phase 5.2 Post Commit Optimization

Phase 5.2.1 updateClock Trees: PCOPT
Phase 5.2.1 updateClock Trees: PCOPT | Checksum: 2ad7d09f6

Time (s): cpu = 00:04:07 ; elapsed = 00:02:55 . Memory (MB): peak = 1420.832 ; gain = 0.000

Phase 5.2.2 Post Placement Optimization

Phase 5.2.2.1 Post Placement Timing Optimization

Phase 5.2.2.1.1 Restore Best Placement
Phase 5.2.2.1.1 Restore Best Placement | Checksum: 1d8c18990

Time (s): cpu = 00:04:27 ; elapsed = 00:03:08 . Memory (MB): peak = 1420.832 ; gain = 0.000
INFO: [Place 30-746] Post Placement Timing Summary WNS=0.523. For the most accurate timing information please run report_timing.
Phase 5.2.2.1 Post Placement Timing Optimization | Checksum: 1d8c18990

Time (s): cpu = 00:04:28 ; elapsed = 00:03:08 . Memory (MB): peak = 1420.832 ; gain = 0.000
Phase 5.2.2 Post Placement Optimization | Checksum: 1d8c18990

Time (s): cpu = 00:04:28 ; elapsed = 00:03:08 . Memory (MB): peak = 1420.832 ; gain = 0.000
Phase 5.2 Post Commit Optimization | Checksum: 1d8c18990

Time (s): cpu = 00:04:28 ; elapsed = 00:03:08 . Memory (MB): peak = 1420.832 ; gain = 0.000

Phase 5.3 Sweep Clock Roots: Post-Placement
Phase 5.3 Sweep Clock Roots: Post-Placement | Checksum: 1d8c18990

Time (s): cpu = 00:04:28 ; elapsed = 00:03:09 . Memory (MB): peak = 1420.832 ; gain = 0.000

Phase 5.4 Post Placement Cleanup
Phase 5.4 Post Placement Cleanup | Checksum: 1d8c18990

Time (s): cpu = 00:04:28 ; elapsed = 00:03:09 . Memory (MB): peak = 1420.832 ; gain = 0.000

Phase 5.5 Placer Reporting

Phase 5.5.1 Restore STA
Phase 5.5.1 Restore STA | Checksum: 1d8c18990

Time (s): cpu = 00:04:29 ; elapsed = 00:03:09 . Memory (MB): peak = 1420.832 ; gain = 0.000
Phase 5.5 Placer Reporting | Checksum: 1d8c18990

Time (s): cpu = 00:04:29 ; elapsed = 00:03:09 . Memory (MB): peak = 1420.832 ; gain = 0.000

Phase 5.6 Final Placement Cleanup
Phase 5.6 Final Placement Cleanup | Checksum: 1a1231bf9

Time (s): cpu = 00:04:29 ; elapsed = 00:03:10 . Memory (MB): peak = 1420.832 ; gain = 0.000
Phase 5 Post Placement Optimization and Clean-Up | Checksum: 1a1231bf9

Time (s): cpu = 00:04:29 ; elapsed = 00:03:10 . Memory (MB): peak = 1420.832 ; gain = 0.000
Ending Placer Task | Checksum: d8fc6531

Time (s): cpu = 00:00:00 ; elapsed = 00:03:10 . Memory (MB): peak = 1420.832 ; gain = 0.000
INFO: [Common 17-83] Releasing license: Implementation
43 Infos, 20 Warnings, 0 Critical Warnings and 0 Errors encountered.
place_design completed successfully
place_design: Time (s): cpu = 00:04:37 ; elapsed = 00:03:17 . Memory (MB): peak = 1420.832 ; gain = 0.000
Writing placer database...
Writing XDEF routing.
Writing XDEF routing logical nets.
Writing XDEF routing special nets.
Write XDEF Complete: Time (s): cpu = 00:00:20 ; elapsed = 00:00:11 . Memory (MB): peak = 1420.832 ; gain = 0.000
write_checkpoint: Time (s): cpu = 00:00:21 ; elapsed = 00:00:13 . Memory (MB): peak = 1420.832 ; gain = 0.000
report_io: Time (s): cpu = 00:00:00 ; elapsed = 00:00:00.203 . Memory (MB): peak = 1420.832 ; gain = 0.000
report_utilization: Time (s): cpu = 00:00:00 ; elapsed = 00:00:01 . Memory (MB): peak = 1420.832 ; gain = 0.000
report_control_sets: Time (s): cpu = 00:00:00 ; elapsed = 00:00:00.125 . Memory (MB): peak = 1420.832 ; gain = 0.000
Command: route_design
Attempting to get a license for feature 'Implementation' and/or device 'xc7z020'
INFO: [Common 17-349] Got license for feature 'Implementation' and/or device 'xc7z020'
Running DRC as a precondition to command route_design
INFO: [Drc 23-27] Running DRC with 2 threads
INFO: [Vivado_Tcl 4-198] DRC finished with 0 Errors
INFO: [Vivado_Tcl 4-199] Please refer to the DRC report (report_drc) for more information.


Starting Routing Task
INFO: [Route 35-254] Multithreading enabled for route_design using a maximum of 2 CPUs

Phase 1 Build RT Design
Phase 1 Build RT Design | Checksum: e4e4def9

Time (s): cpu = 00:01:14 ; elapsed = 00:00:59 . Memory (MB): peak = 1433.355 ; gain = 12.523

Phase 2 Router Initialization

Phase 2.1 Create Timer
Phase 2.1 Create Timer | Checksum: e4e4def9

Time (s): cpu = 00:01:16 ; elapsed = 00:01:01 . Memory (MB): peak = 1439.840 ; gain = 19.008

Phase 2.2 Pre Route Cleanup
Phase 2.2 Pre Route Cleanup | Checksum: e4e4def9

Time (s): cpu = 00:01:16 ; elapsed = 00:01:01 . Memory (MB): peak = 1447.391 ; gain = 26.559
 Number of Nodes with overlaps = 0

Phase 2.3 Update Timing
Phase 2.3 Update Timing | Checksum: 9e22a4f0

Time (s): cpu = 00:01:52 ; elapsed = 00:01:24 . Memory (MB): peak = 1532.699 ; gain = 111.867
INFO: [Route 35-57] Estimated Timing Summary | WNS=0.651  | TNS=0      | WHS=-0.339 | THS=-259   |

Phase 2 Router Initialization | Checksum: d80e5d41

Time (s): cpu = 00:02:05 ; elapsed = 00:01:32 . Memory (MB): peak = 1562.484 ; gain = 141.652

Phase 3 Initial Routing
Phase 3 Initial Routing | Checksum: bdc72df6

Time (s): cpu = 00:02:34 ; elapsed = 00:01:51 . Memory (MB): peak = 1570.500 ; gain = 149.668

Phase 4 Rip-up And Reroute

Phase 4.1 Global Iteration 0
 Number of Nodes with overlaps = 4262
 Number of Nodes with overlaps = 985
 Number of Nodes with overlaps = 316
 Number of Nodes with overlaps = 73
 Number of Nodes with overlaps = 34
 Number of Nodes with overlaps = 14
 Number of Nodes with overlaps = 8
 Number of Nodes with overlaps = 3
 Number of Nodes with overlaps = 2
 Number of Nodes with overlaps = 4
 Number of Nodes with overlaps = 0

Phase 4.1.1 Update Timing
Phase 4.1.1 Update Timing | Checksum: a9e9e725

Time (s): cpu = 00:03:52 ; elapsed = 00:02:49 . Memory (MB): peak = 1570.500 ; gain = 149.668
INFO: [Route 35-57] Estimated Timing Summary | WNS=0.0999 | TNS=0      | WHS=N/A    | THS=N/A    |

Phase 4.1 Global Iteration 0 | Checksum: 249a5ef51

Time (s): cpu = 00:03:53 ; elapsed = 00:02:50 . Memory (MB): peak = 1570.500 ; gain = 149.668

Phase 4.2 Global Iteration 1
 Number of Nodes with overlaps = 15
 Number of Nodes with overlaps = 47
 Number of Nodes with overlaps = 11
 Number of Nodes with overlaps = 1
 Number of Nodes with overlaps = 3
 Number of Nodes with overlaps = 1
 Number of Nodes with overlaps = 0

Phase 4.2.1 Update Timing
Phase 4.2.1 Update Timing | Checksum: f924e4e8

Time (s): cpu = 00:04:07 ; elapsed = 00:03:01 . Memory (MB): peak = 1570.500 ; gain = 149.668
INFO: [Route 35-57] Estimated Timing Summary | WNS=0.0999 | TNS=0      | WHS=N/A    | THS=N/A    |

Phase 4.2 Global Iteration 1 | Checksum: cf1dded5

Time (s): cpu = 00:04:08 ; elapsed = 00:03:02 . Memory (MB): peak = 1570.500 ; gain = 149.668
Phase 4 Rip-up And Reroute | Checksum: cf1dded5

Time (s): cpu = 00:04:08 ; elapsed = 00:03:02 . Memory (MB): peak = 1570.500 ; gain = 149.668

Phase 5 Delay CleanUp

Phase 5.1 Update Timing
Phase 5.1 Update Timing | Checksum: 144e80637

Time (s): cpu = 00:04:13 ; elapsed = 00:03:05 . Memory (MB): peak = 1570.500 ; gain = 149.668
INFO: [Route 35-57] Estimated Timing Summary | WNS=0.0999 | TNS=0      | WHS=N/A    | THS=N/A    |

Phase 5 Delay CleanUp | Checksum: 144e80637

Time (s): cpu = 00:04:13 ; elapsed = 00:03:05 . Memory (MB): peak = 1570.500 ; gain = 149.668

Phase 6 Clock Skew Optimization
Phase 6 Clock Skew Optimization | Checksum: 144e80637

Time (s): cpu = 00:04:13 ; elapsed = 00:03:05 . Memory (MB): peak = 1570.500 ; gain = 149.668

Phase 7 Post Hold Fix

Phase 7.1 Update Timing
Phase 7.1 Update Timing | Checksum: 168638620

Time (s): cpu = 00:04:20 ; elapsed = 00:03:09 . Memory (MB): peak = 1570.500 ; gain = 149.668
INFO: [Route 35-57] Estimated Timing Summary | WNS=0.0999 | TNS=0      | WHS=0.027  | THS=0      |

Phase 7 Post Hold Fix | Checksum: f383988e

Time (s): cpu = 00:04:20 ; elapsed = 00:03:09 . Memory (MB): peak = 1570.500 ; gain = 149.668

Phase 8 Route finalize

Router Utilization Summary
  Global Vertical Routing Utilization    = 9.9694 %
  Global Horizontal Routing Utilization  = 9.94287 %
  Routable Net Status*
  *Does not include unroutable nets such as driverless and loadless.
  Run report_route_status for detailed report.
  Number of Failed Nets               = 0
  Number of Unrouted Nets             = 0
  Number of Partially Routed Nets     = 0
  Number of Node Overlaps             = 0

Phase 8 Route finalize | Checksum: 10a18bfea

Time (s): cpu = 00:04:20 ; elapsed = 00:03:09 . Memory (MB): peak = 1570.500 ; gain = 149.668

Phase 9 Verifying routed nets

 Verification completed successfully
Phase 9 Verifying routed nets | Checksum: 10a18bfea

Time (s): cpu = 00:04:21 ; elapsed = 00:03:10 . Memory (MB): peak = 1570.500 ; gain = 149.668

Phase 10 Depositing Routes
Phase 10 Depositing Routes | Checksum: 14b0d6fb7

Time (s): cpu = 00:04:25 ; elapsed = 00:03:14 . Memory (MB): peak = 1570.500 ; gain = 149.668

Phase 11 Post Router Timing
INFO: [Route 35-57] Estimated Timing Summary | WNS=0.0999 | TNS=0      | WHS=0.027  | THS=0      |

INFO: [Route 35-327] The final timing numbers are based on the router estimated timing analysis. For a complete and accurate timing signoff, please run report_timing_summary.
Phase 11 Post Router Timing | Checksum: 14b0d6fb7

Time (s): cpu = 00:04:25 ; elapsed = 00:03:14 . Memory (MB): peak = 1570.500 ; gain = 149.668
INFO: [Route 35-16] Router Completed Successfully

Routing Is Done.

Time (s): cpu = 00:00:00 ; elapsed = 00:03:15 . Memory (MB): peak = 1570.500 ; gain = 149.668
INFO: [Common 17-83] Releasing license: Implementation
57 Infos, 20 Warnings, 0 Critical Warnings and 0 Errors encountered.
route_design completed successfully
route_design: Time (s): cpu = 00:04:32 ; elapsed = 00:03:19 . Memory (MB): peak = 1570.500 ; gain = 149.668
Writing placer database...
Writing XDEF routing.
Writing XDEF routing logical nets.
Writing XDEF routing special nets.
Write XDEF Complete: Time (s): cpu = 00:00:22 ; elapsed = 00:00:12 . Memory (MB): peak = 1570.500 ; gain = 0.000
write_checkpoint: Time (s): cpu = 00:00:24 ; elapsed = 00:00:14 . Memory (MB): peak = 1570.500 ; gain = 0.000
INFO: [Drc 23-27] Running DRC with 2 threads
INFO: [Coretcl 2-168] The results of DRC are in file C:/Users/rz252/Desktop/tjp79/ece5775-final/audio_lab/audio3/audio.runs/impl_1/system_wrapper_drc_routed.rpt.
report_drc: Time (s): cpu = 00:00:20 ; elapsed = 00:00:13 . Memory (MB): peak = 1570.500 ; gain = 0.000
INFO: [Timing 38-91] UpdateTimingParams: Speed grade: -1, Delay Type: min_max.
INFO: [Timing 38-191] Multithreading enabled for timing update using a maximum of 2 CPUs
report_timing_summary: Time (s): cpu = 00:00:40 ; elapsed = 00:00:24 . Memory (MB): peak = 1571.332 ; gain = 0.832
Running Vector-less Activity Propagation...

Finished Running Vector-less Activity Propagation
report_power: Time (s): cpu = 00:00:21 ; elapsed = 00:00:17 . Memory (MB): peak = 1607.000 ; gain = 35.668
Attempting to get a license for feature 'Implementation' and/or device 'xc7z020'
INFO: [Common 17-349] Got license for feature 'Implementation' and/or device 'xc7z020'
Running DRC as a precondition to command write_bitstream
INFO: [Drc 23-27] Running DRC with 2 threads
WARNING: [Drc 23-20] Rule violation (CFGBVS-1) Missing CFGBVS and CONFIG_VOLTAGE Design Properties - Neither the CFGBVS nor CONFIG_VOLTAGE voltage property is set in the current_design.  Configuration bank voltage select (CFGBVS) must be set to VCCO or GND, and CONFIG_VOLTAGE must be set to the correct configuration voltage, in order to determine the I/O voltage support for the pins in bank 0.  It is suggested to specify these either using the 'Edit Device Properties' function in the GUI or directly in the XDC file using the following syntax:

 set_property CFGBVS value1 [current_design]
 #where value1 is either VCCO or GND

 set_property CONFIG_VOLTAGE value2 [current_design]
 #where value2 is the voltage provided to configuration bank 0

Refer to the device configuration user guide for more information.
WARNING: [Drc 23-20] Rule violation (DPIP-1) Input pipelining - DSP system_i/voicerec_0/inst/grp_voicerec_classifySound_fu_131/grp_voicerec_feedForward_fu_160/voicerec_dadd_64ns_64ns_64_5_full_dsp_U37/voicerec_ap_dadd_3_full_dsp_64_u/U0/i_synth/ADDSUB_OP.ADDSUB/SPEED_OP.LOGIC.OP/ALIGN_BLK/FRAC_ADDSUB/DSP_ADD.FRAC_ADDSUB/DSP48E1_ADD.DSP48E1_ADD/DSP input A B C is not pipelined. Pipelining DSP48 input will improve performance.
WARNING: [Drc 23-20] Rule violation (DPIP-1) Input pipelining - DSP system_i/voicerec_0/inst/grp_voicerec_classifySound_fu_131/grp_voicerec_feedForward_fu_160/voicerec_dadd_64ns_64ns_64_5_full_dsp_U37/voicerec_ap_dadd_3_full_dsp_64_u/U0/i_synth/ADDSUB_OP.ADDSUB/SPEED_OP.LOGIC.OP/ALIGN_BLK/FRAC_ADDSUB/DSP_ADD.FRAC_ADDSUB/DSP48E1_GEN.DSP48E1_DEL/DSP input A B is not pipelined. Pipelining DSP48 input will improve performance.
WARNING: [Drc 23-20] Rule violation (DPIP-1) Input pipelining - DSP system_i/voicerec_0/inst/grp_voicerec_classifySound_fu_131/grp_voicerec_feedForward_fu_160/voicerec_dadd_64ns_64ns_64_5_full_dsp_U37/voicerec_ap_dadd_3_full_dsp_64_u/U0/i_synth/ADDSUB_OP.ADDSUB/SPEED_OP.LOGIC.OP/NORM/ROUND/DSP48_E1.DSP48E1_ADD.DSP48E1_ADD/DSP input B C is not pipelined. Pipelining DSP48 input will improve performance.
WARNING: [Drc 23-20] Rule violation (DPIP-1) Input pipelining - DSP system_i/voicerec_0/inst/grp_voicerec_classifySound_fu_131/grp_voicerec_feedForward_fu_160/voicerec_dexp_64ns_64ns_64_18_full_dsp_U39/voicerec_ap_dexp_16_full_dsp_64_u/U0/i_synth/EXP_OP.OP/g_Fr_other.i_calculate_Fr/dsp_extra_fabric_adder.mult_with_add_low/use_prim.appDSP48[0].bppDSP48[0].use_dsp.use_dsp48e1.iDSP48E1 input A B is not pipelined. Pipelining DSP48 input will improve performance.
WARNING: [Drc 23-20] Rule violation (DPIP-1) Input pipelining - DSP system_i/voicerec_0/inst/grp_voicerec_classifySound_fu_131/grp_voicerec_feedForward_fu_160/voicerec_dexp_64ns_64ns_64_18_full_dsp_U39/voicerec_ap_dexp_16_full_dsp_64_u/U0/i_synth/EXP_OP.OP/g_Fr_other.i_calculate_Fr/dsp_extra_fabric_adder.mult_with_add_low/use_prim.appDSP48[0].bppDSP48[1].use_dsp.use_dsp48e1.iDSP48E1 input B C is not pipelined. Pipelining DSP48 input will improve performance.
WARNING: [Drc 23-20] Rule violation (DPIP-1) Input pipelining - DSP system_i/voicerec_0/inst/grp_voicerec_classifySound_fu_131/grp_voicerec_feedForward_fu_160/voicerec_dexp_64ns_64ns_64_18_full_dsp_U39/voicerec_ap_dexp_16_full_dsp_64_u/U0/i_synth/EXP_OP.OP/g_Fr_other.i_calculate_Fr/dsp_extra_fabric_adder.mult_with_add_low/use_prim.appDSP48[0].bppDSP48[2].use_dsp.use_dsp48e1.iDSP48E1 input C is not pipelined. Pipelining DSP48 input will improve performance.
WARNING: [Drc 23-20] Rule violation (DPIP-1) Input pipelining - DSP system_i/voicerec_0/inst/grp_voicerec_classifySound_fu_131/grp_voicerec_feedForward_fu_160/voicerec_dexp_64ns_64ns_64_18_full_dsp_U39/voicerec_ap_dexp_16_full_dsp_64_u/U0/i_synth/EXP_OP.OP/g_Fr_other.i_calculate_Fr/dsp_extra_fabric_adder.mult_with_add_low/use_prim.appDSP48[1].bppDSP48[0].use_dsp.use_dsp48e1.iDSP48E1 input C is not pipelined. Pipelining DSP48 input will improve performance.
WARNING: [Drc 23-20] Rule violation (DPIP-1) Input pipelining - DSP system_i/voicerec_0/inst/grp_voicerec_classifySound_fu_131/grp_voicerec_feedForward_fu_160/voicerec_dexp_64ns_64ns_64_18_full_dsp_U39/voicerec_ap_dexp_16_full_dsp_64_u/U0/i_synth/EXP_OP.OP/g_Fr_other.i_calculate_Fr/dsp_extra_fabric_adder.mult_with_add_low/use_prim.appDSP48[1].bppDSP48[1].use_dsp.use_dsp48e1.iDSP48E1 input C is not pipelined. Pipelining DSP48 input will improve performance.
WARNING: [Drc 23-20] Rule violation (DPIP-1) Input pipelining - DSP system_i/voicerec_0/inst/grp_voicerec_classifySound_fu_131/grp_voicerec_feedForward_fu_160/voicerec_dexp_64ns_64ns_64_18_full_dsp_U39/voicerec_ap_dexp_16_full_dsp_64_u/U0/i_synth/EXP_OP.OP/g_Fr_other.i_calculate_Fr/dsp_extra_fabric_adder.mult_with_add_low/use_prim.appDSP48[1].bppDSP48[2].use_dsp.use_dsp48e1.iDSP48E1 input C is not pipelined. Pipelining DSP48 input will improve performance.
WARNING: [Drc 23-20] Rule violation (DPIP-1) Input pipelining - DSP system_i/voicerec_0/inst/grp_voicerec_classifySound_fu_131/grp_voicerec_feedForward_fu_160/voicerec_dexp_64ns_64ns_64_18_full_dsp_U39/voicerec_ap_dexp_16_full_dsp_64_u/U0/i_synth/EXP_OP.OP/g_Fr_other.i_calculate_Fr/dsp_extra_fabric_adder.mult_with_add_low/use_prim.appDSP48[2].bppDSP48[0].use_dsp.use_dsp48e1.iDSP48E1 input C is not pipelined. Pipelining DSP48 input will improve performance.
WARNING: [Drc 23-20] Rule violation (DPIP-1) Input pipelining - DSP system_i/voicerec_0/inst/grp_voicerec_classifySound_fu_131/grp_voicerec_feedForward_fu_160/voicerec_dexp_64ns_64ns_64_18_full_dsp_U39/voicerec_ap_dexp_16_full_dsp_64_u/U0/i_synth/EXP_OP.OP/g_Fr_other.i_calculate_Fr/dsp_extra_fabric_adder.mult_with_add_low/use_prim.appDSP48[2].bppDSP48[1].use_dsp.use_dsp48e1.iDSP48E1 input C is not pipelined. Pipelining DSP48 input will improve performance.
WARNING: [Drc 23-20] Rule violation (DPIP-1) Input pipelining - DSP system_i/voicerec_0/inst/grp_voicerec_classifySound_fu_131/grp_voicerec_feedForward_fu_160/voicerec_dexp_64ns_64ns_64_18_full_dsp_U39/voicerec_ap_dexp_16_full_dsp_64_u/U0/i_synth/EXP_OP.OP/g_Fr_other.i_calculate_Fr/dsp_extra_fabric_adder.mult_with_add_low/use_prim.appDSP48[2].bppDSP48[2].use_dsp.use_dsp48e1.iDSP48E1 input C is not pipelined. Pipelining DSP48 input will improve performance.
WARNING: [Drc 23-20] Rule violation (DPIP-1) Input pipelining - DSP system_i/voicerec_0/inst/grp_voicerec_classifySound_fu_131/grp_voicerec_feedForward_fu_160/voicerec_dexp_64ns_64ns_64_18_full_dsp_U39/voicerec_ap_dexp_16_full_dsp_64_u/U0/i_synth/EXP_OP.OP/i_calculate_Xf/dsp.two.dsp48e1_add_hi/DSP input B C is not pipelined. Pipelining DSP48 input will improve performance.
WARNING: [Drc 23-20] Rule violation (DPIP-1) Input pipelining - DSP system_i/voicerec_0/inst/grp_voicerec_classifySound_fu_131/grp_voicerec_feedForward_fu_160/voicerec_dexp_64ns_64ns_64_18_full_dsp_U39/voicerec_ap_dexp_16_full_dsp_64_u/U0/i_synth/EXP_OP.OP/i_calculate_Xf/dsp.two.dsp48e1_add_lo/DSP input A B C is not pipelined. Pipelining DSP48 input will improve performance.
WARNING: [Drc 23-20] Rule violation (DPIP-1) Input pipelining - DSP system_i/voicerec_0/inst/grp_voicerec_classifySound_fu_131/grp_voicerec_feedForward_fu_160/voicerec_dexp_64ns_64ns_64_18_full_dsp_U39/voicerec_ap_dexp_16_full_dsp_64_u/U0/i_synth/EXP_OP.OP/i_calculate_e2zmzm1/g_dp.i_polyomial/g_struct.multadd_1.madd/dsp_extra_fabric_adder.mult_with_add_low/use_prim.appDSP48[0].bppDSP48[0].use_dsp.use_dsp48e1.iDSP48E1 input A B C is not pipelined. Pipelining DSP48 input will improve performance.
WARNING: [Drc 23-20] Rule violation (DPIP-1) Input pipelining - DSP system_i/voicerec_0/inst/grp_voicerec_classifySound_fu_131/grp_voicerec_feedForward_fu_160/voicerec_dexp_64ns_64ns_64_18_full_dsp_U39/voicerec_ap_dexp_16_full_dsp_64_u/U0/i_synth/EXP_OP.OP/i_calculate_e2zmzm1/g_dp.i_polyomial/g_struct.multadd_1.madd/dsp_extra_fabric_adder.mult_with_add_low/use_prim.appDSP48[0].bppDSP48[1].use_dsp.use_dsp48e1.iDSP48E1 input B C is not pipelined. Pipelining DSP48 input will improve performance.
WARNING: [Drc 23-20] Rule violation (DPIP-1) Input pipelining - DSP system_i/voicerec_0/inst/grp_voicerec_classifySound_fu_131/grp_voicerec_feedForward_fu_160/voicerec_dexp_64ns_64ns_64_18_full_dsp_U39/voicerec_ap_dexp_16_full_dsp_64_u/U0/i_synth/EXP_OP.OP/i_calculate_e2zmzm1/g_dp.i_polyomial/g_struct.multadd_2.madd/dsp_extra_fabric_adder.mult_with_add_low/use_prim.appDSP48[0].bppDSP48[0].use_dsp.use_dsp48e1.iDSP48E1 input C is not pipelined. Pipelining DSP48 input will improve performance.
WARNING: [Drc 23-20] Rule violation (DPIP-1) Input pipelining - DSP system_i/voicerec_0/inst/grp_voicerec_classifySound_fu_131/grp_voicerec_feedForward_fu_160/voicerec_dexp_64ns_64ns_64_18_full_dsp_U39/voicerec_ap_dexp_16_full_dsp_64_u/U0/i_synth/EXP_OP.OP/i_calculate_e2zmzm1/g_dp.i_polyomial/g_struct.multadd_2.madd/dsp_extra_fabric_adder.mult_with_add_low/use_prim.appDSP48[0].bppDSP48[1].use_dsp.use_dsp48e1.iDSP48E1 input C is not pipelined. Pipelining DSP48 input will improve performance.
WARNING: [Drc 23-20] Rule violation (DPIP-1) Input pipelining - DSP system_i/voicerec_0/inst/grp_voicerec_classifySound_fu_131/grp_voicerec_feedForward_fu_160/voicerec_dexp_64ns_64ns_64_18_full_dsp_U39/voicerec_ap_dexp_16_full_dsp_64_u/U0/i_synth/EXP_OP.OP/i_calculate_e2zmzm1/g_dp.i_polyomial/g_struct.multadd_2.madd/dsp_extra_fabric_adder.mult_with_add_low/use_prim.appDSP48[1].bppDSP48[0].use_dsp.use_dsp48e1.iDSP48E1 input C is not pipelined. Pipelining DSP48 input will improve performance.
WARNING: [Drc 23-20] Rule violation (DPIP-1) Input pipelining - DSP system_i/voicerec_0/inst/grp_voicerec_classifySound_fu_131/grp_voicerec_feedForward_fu_160/voicerec_dexp_64ns_64ns_64_18_full_dsp_U39/voicerec_ap_dexp_16_full_dsp_64_u/U0/i_synth/EXP_OP.OP/i_calculate_e2zmzm1/g_dp.i_polyomial/g_struct.multadd_2.madd/dsp_extra_fabric_adder.mult_with_add_low/use_prim.appDSP48[1].bppDSP48[1].use_dsp.use_dsp48e1.iDSP48E1 input C is not pipelined. Pipelining DSP48 input will improve performance.
WARNING: [Drc 23-20] Rule violation (DPIP-1) Input pipelining - DSP system_i/voicerec_0/inst/grp_voicerec_classifySound_fu_131/grp_voicerec_feedForward_fu_160/voicerec_dexp_64ns_64ns_64_18_full_dsp_U39/voicerec_ap_dexp_16_full_dsp_64_u/U0/i_synth/EXP_OP.OP/i_ccm_ln2/g_tables[0].i_addsub/dsp.two.dsp48e1_add_hi/DSP input B is not pipelined. Pipelining DSP48 input will improve performance.
WARNING: [Drc 23-20] Rule violation (DPIP-1) Input pipelining - DSP system_i/voicerec_0/inst/grp_voicerec_classifySound_fu_131/grp_voicerec_feedForward_fu_160/voicerec_dexp_64ns_64ns_64_18_full_dsp_U39/voicerec_ap_dexp_16_full_dsp_64_u/U0/i_synth/EXP_OP.OP/i_ccm_ln2/g_tables[0].i_addsub/dsp.two.dsp48e1_add_lo/DSP input A B is not pipelined. Pipelining DSP48 input will improve performance.
WARNING: [Drc 23-20] Rule violation (DPIP-1) Input pipelining - DSP system_i/voicerec_0/inst/grp_voicerec_classifySound_fu_131/grp_voicerec_feedForward_fu_160/voicerec_dexp_64ns_64ns_64_18_full_dsp_U39/voicerec_ap_dexp_16_full_dsp_64_u/U0/i_synth/EXP_OP.OP/i_ccm_ln2/g_tables[1].i_addsub/dsp.two.dsp48e1_add_hi/DSP input A B C is not pipelined. Pipelining DSP48 input will improve performance.
WARNING: [Drc 23-20] Rule violation (DPIP-1) Input pipelining - DSP system_i/voicerec_0/inst/grp_voicerec_classifySound_fu_131/grp_voicerec_feedForward_fu_160/voicerec_dexp_64ns_64ns_64_18_full_dsp_U39/voicerec_ap_dexp_16_full_dsp_64_u/U0/i_synth/EXP_OP.OP/i_ccm_ln2/g_tables[1].i_addsub/dsp.two.dsp48e1_add_lo/DSP input A B C is not pipelined. Pipelining DSP48 input will improve performance.
WARNING: [Drc 23-20] Rule violation (DPIP-1) Input pipelining - DSP system_i/voicerec_0/inst/grp_voicerec_classifySound_fu_131/grp_voicerec_feedForward_fu_160/voicerec_dexp_64ns_64ns_64_18_full_dsp_U39/voicerec_ap_dexp_16_full_dsp_64_u/U0/i_synth/EXP_OP.OP/i_ccm_recip_ln2/g_tables[0].i_addsub/dsp.one.dsp48e1_add/DSP input B is not pipelined. Pipelining DSP48 input will improve performance.
WARNING: [Drc 23-20] Rule violation (DPIP-1) Input pipelining - DSP system_i/voicerec_0/inst/grp_voicerec_classifySound_fu_131/grp_voicerec_feedForward_fu_160/voicerec_dexp_64ns_64ns_64_18_full_dsp_U39/voicerec_ap_dexp_16_full_dsp_64_u/U0/i_synth/EXP_OP.OP/i_ccm_recip_ln2/g_tables[2].i_addsub/dsp.one.dsp48e1_add/DSP input A B C is not pipelined. Pipelining DSP48 input will improve performance.
WARNING: [Drc 23-20] Rule violation (DPIP-1) Input pipelining - DSP system_i/voicerec_0/inst/grp_voicerec_classifySound_fu_131/grp_voicerec_feedForward_fu_160/voicerec_dexp_64ns_64ns_64_18_full_dsp_U39/voicerec_ap_dexp_16_full_dsp_64_u/U0/i_synth/EXP_OP.OP/i_renorm_and_round/DSP48_E1.DSP48E1_ADD.DSP48E1_ADD/DSP input B C is not pipelined. Pipelining DSP48 input will improve performance.
WARNING: [Drc 23-20] Rule violation (DPIP-1) Input pipelining - DSP system_i/voicerec_0/inst/grp_voicerec_classifySound_fu_131/grp_voicerec_feedForward_fu_160/voicerec_fadd_32ns_32ns_32_5_full_dsp_U33/voicerec_ap_fadd_3_full_dsp_32_u/U0/i_synth/ADDSUB_OP.ADDSUB/SPEED_OP.DSP.OP/DSP48E1_BODY.ALIGN_ADD/DSP2/DSP input A B C is not pipelined. Pipelining DSP48 input will improve performance.
WARNING: [Drc 23-20] Rule violation (DPIP-1) Input pipelining - DSP system_i/voicerec_0/inst/grp_voicerec_classifySound_fu_131/grp_voicerec_feedForward_fu_160/voicerec_fadd_32ns_32ns_32_5_full_dsp_U33/voicerec_ap_fadd_3_full_dsp_32_u/U0/i_synth/ADDSUB_OP.ADDSUB/SPEED_OP.DSP.OP/DSP48E1_BODY.NORM_RND/SHIFT_RND/DSP input C is not pipelined. Pipelining DSP48 input will improve performance.
WARNING: [Drc 23-20] Rule violation (DPIP-1) Input pipelining - DSP system_i/voicerec_0/inst/grp_voicerec_classifySound_fu_131/grp_voicerec_feedForward_fu_160/voicerec_fmul_32ns_32ns_32_4_max_dsp_U34/voicerec_ap_fmul_2_max_dsp_32_u/U0/i_synth/MULT.OP/MULT/DSP48E1_SPD_SGL_VARIANT.FIX_MULT/DSP1/DSP input A B is not pipelined. Pipelining DSP48 input will improve performance.
WARNING: [Drc 23-20] Rule violation (DPIP-1) Input pipelining - DSP system_i/voicerec_0/inst/grp_voicerec_classifySound_fu_131/grp_voicerec_feedForward_fu_160/voicerec_fmul_32ns_32ns_32_4_max_dsp_U34/voicerec_ap_fmul_2_max_dsp_32_u/U0/i_synth/MULT.OP/MULT/DSP48E1_SPD_SGL_VARIANT.FIX_MULT/DSP2/DSP input B is not pipelined. Pipelining DSP48 input will improve performance.
WARNING: [Drc 23-20] Rule violation (DPIP-1) Input pipelining - DSP system_i/voicerec_0/inst/grp_voicerec_classifySound_fu_131/grp_voicerec_feedForward_fu_160/voicerec_fmul_32ns_32ns_32_4_max_dsp_U34/voicerec_ap_fmul_2_max_dsp_32_u/U0/i_synth/MULT.OP/R_AND_R/LAT_OPT.FULL.R_AND_R/DSP48E1_SGL_EXP_IP.OLD_ADD.ADD/DSP input A C is not pipelined. Pipelining DSP48 input will improve performance.
WARNING: [Drc 23-20] Rule violation (DPIP-1) Input pipelining - DSP system_i/voicerec_0/inst/grp_voicerec_processChunk_fu_106/grp_voicerec_FFT_fu_417/voicerec_dadddsub_64ns_64ns_64_5_full_dsp_U4/voicerec_ap_dadddsub_3_full_dsp_64_u/U0/i_synth/ADDSUB_OP.ADDSUB/SPEED_OP.LOGIC.OP/ALIGN_BLK/FRAC_ADDSUB/DSP_ADD.FRAC_ADDSUB/DSP48E1_ADD.DSP48E1_ADD/DSP input A B C is not pipelined. Pipelining DSP48 input will improve performance.
WARNING: [Drc 23-20] Rule violation (DPIP-1) Input pipelining - DSP system_i/voicerec_0/inst/grp_voicerec_processChunk_fu_106/grp_voicerec_FFT_fu_417/voicerec_dadddsub_64ns_64ns_64_5_full_dsp_U4/voicerec_ap_dadddsub_3_full_dsp_64_u/U0/i_synth/ADDSUB_OP.ADDSUB/SPEED_OP.LOGIC.OP/ALIGN_BLK/FRAC_ADDSUB/DSP_ADD.FRAC_ADDSUB/DSP48E1_GEN.DSP48E1_DEL/DSP input A B is not pipelined. Pipelining DSP48 input will improve performance.
WARNING: [Drc 23-20] Rule violation (DPIP-1) Input pipelining - DSP system_i/voicerec_0/inst/grp_voicerec_processChunk_fu_106/grp_voicerec_FFT_fu_417/voicerec_dadddsub_64ns_64ns_64_5_full_dsp_U4/voicerec_ap_dadddsub_3_full_dsp_64_u/U0/i_synth/ADDSUB_OP.ADDSUB/SPEED_OP.LOGIC.OP/NORM/ROUND/DSP48_E1.DSP48E1_ADD.DSP48E1_ADD/DSP input B C is not pipelined. Pipelining DSP48 input will improve performance.
WARNING: [Drc 23-20] Rule violation (DPIP-1) Input pipelining - DSP system_i/voicerec_0/inst/grp_voicerec_processChunk_fu_106/grp_voicerec_FFT_fu_417/voicerec_dadddsub_64ns_64ns_64_5_full_dsp_U5/voicerec_ap_dadddsub_3_full_dsp_64_u/U0/i_synth/ADDSUB_OP.ADDSUB/SPEED_OP.LOGIC.OP/ALIGN_BLK/FRAC_ADDSUB/DSP_ADD.FRAC_ADDSUB/DSP48E1_ADD.DSP48E1_ADD/DSP input A B C is not pipelined. Pipelining DSP48 input will improve performance.
WARNING: [Drc 23-20] Rule violation (DPIP-1) Input pipelining - DSP system_i/voicerec_0/inst/grp_voicerec_processChunk_fu_106/grp_voicerec_FFT_fu_417/voicerec_dadddsub_64ns_64ns_64_5_full_dsp_U5/voicerec_ap_dadddsub_3_full_dsp_64_u/U0/i_synth/ADDSUB_OP.ADDSUB/SPEED_OP.LOGIC.OP/ALIGN_BLK/FRAC_ADDSUB/DSP_ADD.FRAC_ADDSUB/DSP48E1_GEN.DSP48E1_DEL/DSP input A B is not pipelined. Pipelining DSP48 input will improve performance.
WARNING: [Drc 23-20] Rule violation (DPIP-1) Input pipelining - DSP system_i/voicerec_0/inst/grp_voicerec_processChunk_fu_106/grp_voicerec_FFT_fu_417/voicerec_dadddsub_64ns_64ns_64_5_full_dsp_U5/voicerec_ap_dadddsub_3_full_dsp_64_u/U0/i_synth/ADDSUB_OP.ADDSUB/SPEED_OP.LOGIC.OP/NORM/ROUND/DSP48_E1.DSP48E1_ADD.DSP48E1_ADD/DSP input B C is not pipelined. Pipelining DSP48 input will improve performance.
WARNING: [Drc 23-20] Rule violation (DPIP-1) Input pipelining - DSP system_i/voicerec_0/inst/grp_voicerec_processChunk_fu_106/grp_voicerec_FFT_fu_417/voicerec_dmul_64ns_64ns_64_6_max_dsp_U6/voicerec_ap_dmul_4_max_dsp_64_u/U0/i_synth/MULT.OP/MULT/DSP48E1_SPD_DBL_VARIANT.FIX_MULT/DSP0/DSP input A B is not pipelined. Pipelining DSP48 input will improve performance.
WARNING: [Drc 23-20] Rule violation (DPIP-1) Input pipelining - DSP system_i/voicerec_0/inst/grp_voicerec_processChunk_fu_106/grp_voicerec_FFT_fu_417/voicerec_dmul_64ns_64ns_64_6_max_dsp_U6/voicerec_ap_dmul_4_max_dsp_64_u/U0/i_synth/MULT.OP/MULT/DSP48E1_SPD_DBL_VARIANT.FIX_MULT/DSP1/DSP input A is not pipelined. Pipelining DSP48 input will improve performance.
WARNING: [Drc 23-20] Rule violation (DPIP-1) Input pipelining - DSP system_i/voicerec_0/inst/grp_voicerec_processChunk_fu_106/grp_voicerec_FFT_fu_417/voicerec_dmul_64ns_64ns_64_6_max_dsp_U6/voicerec_ap_dmul_4_max_dsp_64_u/U0/i_synth/MULT.OP/MULT/DSP48E1_SPD_DBL_VARIANT.FIX_MULT/DSP2/DSP input A B is not pipelined. Pipelining DSP48 input will improve performance.
WARNING: [Drc 23-20] Rule violation (DPIP-1) Input pipelining - DSP system_i/voicerec_0/inst/grp_voicerec_processChunk_fu_106/grp_voicerec_FFT_fu_417/voicerec_dmul_64ns_64ns_64_6_max_dsp_U6/voicerec_ap_dmul_4_max_dsp_64_u/U0/i_synth/MULT.OP/R_AND_R/LOGIC.R_AND_R/DSP48_E1.DSP48E1_ADD.DSP48E1_ADD/DSP input B C is not pipelined. Pipelining DSP48 input will improve performance.
WARNING: [Drc 23-20] Rule violation (DPIP-1) Input pipelining - DSP system_i/voicerec_0/inst/grp_voicerec_processChunk_fu_106/grp_voicerec_FFT_fu_417/voicerec_dmul_64ns_64ns_64_6_max_dsp_U7/voicerec_ap_dmul_4_max_dsp_64_u/U0/i_synth/MULT.OP/MULT/DSP48E1_SPD_DBL_VARIANT.FIX_MULT/DSP0/DSP input A B is not pipelined. Pipelining DSP48 input will improve performance.
WARNING: [Drc 23-20] Rule violation (DPIP-1) Input pipelining - DSP system_i/voicerec_0/inst/grp_voicerec_processChunk_fu_106/grp_voicerec_FFT_fu_417/voicerec_dmul_64ns_64ns_64_6_max_dsp_U7/voicerec_ap_dmul_4_max_dsp_64_u/U0/i_synth/MULT.OP/MULT/DSP48E1_SPD_DBL_VARIANT.FIX_MULT/DSP1/DSP input A is not pipelined. Pipelining DSP48 input will improve performance.
WARNING: [Drc 23-20] Rule violation (DPIP-1) Input pipelining - DSP system_i/voicerec_0/inst/grp_voicerec_processChunk_fu_106/grp_voicerec_FFT_fu_417/voicerec_dmul_64ns_64ns_64_6_max_dsp_U7/voicerec_ap_dmul_4_max_dsp_64_u/U0/i_synth/MULT.OP/MULT/DSP48E1_SPD_DBL_VARIANT.FIX_MULT/DSP2/DSP input A B is not pipelined. Pipelining DSP48 input will improve performance.
WARNING: [Drc 23-20] Rule violation (DPIP-1) Input pipelining - DSP system_i/voicerec_0/inst/grp_voicerec_processChunk_fu_106/grp_voicerec_FFT_fu_417/voicerec_dmul_64ns_64ns_64_6_max_dsp_U7/voicerec_ap_dmul_4_max_dsp_64_u/U0/i_synth/MULT.OP/R_AND_R/LOGIC.R_AND_R/DSP48_E1.DSP48E1_ADD.DSP48E1_ADD/DSP input B C is not pipelined. Pipelining DSP48 input will improve performance.
WARNING: [Drc 23-20] Rule violation (DPIP-1) Input pipelining - DSP system_i/voicerec_0/inst/grp_voicerec_processChunk_fu_106/grp_voicerec_FFT_fu_417/voicerec_dmul_64ns_64ns_64_6_max_dsp_U8/voicerec_ap_dmul_4_max_dsp_64_u/U0/i_synth/MULT.OP/MULT/DSP48E1_SPD_DBL_VARIANT.FIX_MULT/DSP0/DSP input A B is not pipelined. Pipelining DSP48 input will improve performance.
WARNING: [Drc 23-20] Rule violation (DPIP-1) Input pipelining - DSP system_i/voicerec_0/inst/grp_voicerec_processChunk_fu_106/grp_voicerec_FFT_fu_417/voicerec_dmul_64ns_64ns_64_6_max_dsp_U8/voicerec_ap_dmul_4_max_dsp_64_u/U0/i_synth/MULT.OP/MULT/DSP48E1_SPD_DBL_VARIANT.FIX_MULT/DSP1/DSP input A is not pipelined. Pipelining DSP48 input will improve performance.
WARNING: [Drc 23-20] Rule violation (DPIP-1) Input pipelining - DSP system_i/voicerec_0/inst/grp_voicerec_processChunk_fu_106/grp_voicerec_FFT_fu_417/voicerec_dmul_64ns_64ns_64_6_max_dsp_U8/voicerec_ap_dmul_4_max_dsp_64_u/U0/i_synth/MULT.OP/MULT/DSP48E1_SPD_DBL_VARIANT.FIX_MULT/DSP2/DSP input A B is not pipelined. Pipelining DSP48 input will improve performance.
WARNING: [Drc 23-20] Rule violation (DPIP-1) Input pipelining - DSP system_i/voicerec_0/inst/grp_voicerec_processChunk_fu_106/grp_voicerec_FFT_fu_417/voicerec_dmul_64ns_64ns_64_6_max_dsp_U8/voicerec_ap_dmul_4_max_dsp_64_u/U0/i_synth/MULT.OP/R_AND_R/LOGIC.R_AND_R/DSP48_E1.DSP48E1_ADD.DSP48E1_ADD/DSP input B C is not pipelined. Pipelining DSP48 input will improve performance.
WARNING: [Drc 23-20] Rule violation (DPIP-1) Input pipelining - DSP system_i/voicerec_0/inst/grp_voicerec_processChunk_fu_106/grp_voicerec_FFT_fu_417/voicerec_dmul_64ns_64ns_64_6_max_dsp_U9/voicerec_ap_dmul_4_max_dsp_64_u/U0/i_synth/MULT.OP/MULT/DSP48E1_SPD_DBL_VARIANT.FIX_MULT/DSP0/DSP input A B is not pipelined. Pipelining DSP48 input will improve performance.
WARNING: [Drc 23-20] Rule violation (DPIP-1) Input pipelining - DSP system_i/voicerec_0/inst/grp_voicerec_processChunk_fu_106/grp_voicerec_FFT_fu_417/voicerec_dmul_64ns_64ns_64_6_max_dsp_U9/voicerec_ap_dmul_4_max_dsp_64_u/U0/i_synth/MULT.OP/MULT/DSP48E1_SPD_DBL_VARIANT.FIX_MULT/DSP1/DSP input A is not pipelined. Pipelining DSP48 input will improve performance.
WARNING: [Drc 23-20] Rule violation (DPIP-1) Input pipelining - DSP system_i/voicerec_0/inst/grp_voicerec_processChunk_fu_106/grp_voicerec_FFT_fu_417/voicerec_dmul_64ns_64ns_64_6_max_dsp_U9/voicerec_ap_dmul_4_max_dsp_64_u/U0/i_synth/MULT.OP/MULT/DSP48E1_SPD_DBL_VARIANT.FIX_MULT/DSP2/DSP input A B is not pipelined. Pipelining DSP48 input will improve performance.
WARNING: [Drc 23-20] Rule violation (DPIP-1) Input pipelining - DSP system_i/voicerec_0/inst/grp_voicerec_processChunk_fu_106/grp_voicerec_FFT_fu_417/voicerec_dmul_64ns_64ns_64_6_max_dsp_U9/voicerec_ap_dmul_4_max_dsp_64_u/U0/i_synth/MULT.OP/R_AND_R/LOGIC.R_AND_R/DSP48_E1.DSP48E1_ADD.DSP48E1_ADD/DSP input B C is not pipelined. Pipelining DSP48 input will improve performance.
WARNING: [Drc 23-20] Rule violation (DPIP-1) Input pipelining - DSP system_i/voicerec_0/inst/grp_voicerec_processChunk_fu_106/voicerec_dadd_64ns_64ns_64_5_full_dsp_U20/voicerec_ap_dadd_3_full_dsp_64_u/U0/i_synth/ADDSUB_OP.ADDSUB/SPEED_OP.LOGIC.OP/ALIGN_BLK/FRAC_ADDSUB/DSP_ADD.FRAC_ADDSUB/DSP48E1_ADD.DSP48E1_ADD/DSP input A B C is not pipelined. Pipelining DSP48 input will improve performance.
WARNING: [Drc 23-20] Rule violation (DPIP-1) Input pipelining - DSP system_i/voicerec_0/inst/grp_voicerec_processChunk_fu_106/voicerec_dadd_64ns_64ns_64_5_full_dsp_U20/voicerec_ap_dadd_3_full_dsp_64_u/U0/i_synth/ADDSUB_OP.ADDSUB/SPEED_OP.LOGIC.OP/ALIGN_BLK/FRAC_ADDSUB/DSP_ADD.FRAC_ADDSUB/DSP48E1_GEN.DSP48E1_DEL/DSP input A B is not pipelined. Pipelining DSP48 input will improve performance.
WARNING: [Drc 23-20] Rule violation (DPIP-1) Input pipelining - DSP system_i/voicerec_0/inst/grp_voicerec_processChunk_fu_106/voicerec_dadd_64ns_64ns_64_5_full_dsp_U20/voicerec_ap_dadd_3_full_dsp_64_u/U0/i_synth/ADDSUB_OP.ADDSUB/SPEED_OP.LOGIC.OP/NORM/ROUND/DSP48_E1.DSP48E1_ADD.DSP48E1_ADD/DSP input B C is not pipelined. Pipelining DSP48 input will improve performance.
WARNING: [Drc 23-20] Rule violation (DPIP-1) Input pipelining - DSP system_i/voicerec_0/inst/grp_voicerec_processChunk_fu_106/voicerec_dmul_64ns_64ns_64_6_max_dsp_U21/voicerec_ap_dmul_4_max_dsp_64_u/U0/i_synth/MULT.OP/MULT/DSP48E1_SPD_DBL_VARIANT.FIX_MULT/DSP0/DSP input A B is not pipelined. Pipelining DSP48 input will improve performance.
WARNING: [Drc 23-20] Rule violation (DPIP-1) Input pipelining - DSP system_i/voicerec_0/inst/grp_voicerec_processChunk_fu_106/voicerec_dmul_64ns_64ns_64_6_max_dsp_U21/voicerec_ap_dmul_4_max_dsp_64_u/U0/i_synth/MULT.OP/MULT/DSP48E1_SPD_DBL_VARIANT.FIX_MULT/DSP1/DSP input A is not pipelined. Pipelining DSP48 input will improve performance.
WARNING: [Drc 23-20] Rule violation (DPIP-1) Input pipelining - DSP system_i/voicerec_0/inst/grp_voicerec_processChunk_fu_106/voicerec_dmul_64ns_64ns_64_6_max_dsp_U21/voicerec_ap_dmul_4_max_dsp_64_u/U0/i_synth/MULT.OP/MULT/DSP48E1_SPD_DBL_VARIANT.FIX_MULT/DSP2/DSP input A B is not pipelined. Pipelining DSP48 input will improve performance.
WARNING: [Drc 23-20] Rule violation (DPIP-1) Input pipelining - DSP system_i/voicerec_0/inst/grp_voicerec_processChunk_fu_106/voicerec_dmul_64ns_64ns_64_6_max_dsp_U21/voicerec_ap_dmul_4_max_dsp_64_u/U0/i_synth/MULT.OP/R_AND_R/LOGIC.R_AND_R/DSP48_E1.DSP48E1_ADD.DSP48E1_ADD/DSP input B C is not pipelined. Pipelining DSP48 input will improve performance.
WARNING: [Drc 23-20] Rule violation (DPIP-1) Input pipelining - DSP system_i/voicerec_0/inst/grp_voicerec_processChunk_fu_106/voicerec_dmul_64ns_64ns_64_6_max_dsp_U22/voicerec_ap_dmul_4_max_dsp_64_u/U0/i_synth/MULT.OP/MULT/DSP48E1_SPD_DBL_VARIANT.FIX_MULT/DSP0/DSP input A B is not pipelined. Pipelining DSP48 input will improve performance.
WARNING: [Drc 23-20] Rule violation (DPIP-1) Input pipelining - DSP system_i/voicerec_0/inst/grp_voicerec_processChunk_fu_106/voicerec_dmul_64ns_64ns_64_6_max_dsp_U22/voicerec_ap_dmul_4_max_dsp_64_u/U0/i_synth/MULT.OP/MULT/DSP48E1_SPD_DBL_VARIANT.FIX_MULT/DSP1/DSP input A is not pipelined. Pipelining DSP48 input will improve performance.
WARNING: [Drc 23-20] Rule violation (DPIP-1) Input pipelining - DSP system_i/voicerec_0/inst/grp_voicerec_processChunk_fu_106/voicerec_dmul_64ns_64ns_64_6_max_dsp_U22/voicerec_ap_dmul_4_max_dsp_64_u/U0/i_synth/MULT.OP/MULT/DSP48E1_SPD_DBL_VARIANT.FIX_MULT/DSP2/DSP input A B is not pipelined. Pipelining DSP48 input will improve performance.
WARNING: [Drc 23-20] Rule violation (DPIP-1) Input pipelining - DSP system_i/voicerec_0/inst/grp_voicerec_processChunk_fu_106/voicerec_dmul_64ns_64ns_64_6_max_dsp_U22/voicerec_ap_dmul_4_max_dsp_64_u/U0/i_synth/MULT.OP/R_AND_R/LOGIC.R_AND_R/DSP48_E1.DSP48E1_ADD.DSP48E1_ADD/DSP input B C is not pipelined. Pipelining DSP48 input will improve performance.
WARNING: [Drc 23-20] Rule violation (DPIP-1) Input pipelining - DSP system_i/voicerec_0/inst/grp_voicerec_processChunk_fu_106/voicerec_faddfsub_32ns_32ns_32_5_full_dsp_U14/voicerec_ap_faddfsub_3_full_dsp_32_u/U0/i_synth/ADDSUB_OP.ADDSUB/SPEED_OP.DSP.OP/DSP48E1_BODY.ALIGN_ADD/DSP2/DSP input A B C is not pipelined. Pipelining DSP48 input will improve performance.
WARNING: [Drc 23-20] Rule violation (DPIP-1) Input pipelining - DSP system_i/voicerec_0/inst/grp_voicerec_processChunk_fu_106/voicerec_faddfsub_32ns_32ns_32_5_full_dsp_U14/voicerec_ap_faddfsub_3_full_dsp_32_u/U0/i_synth/ADDSUB_OP.ADDSUB/SPEED_OP.DSP.OP/DSP48E1_BODY.NORM_RND/SHIFT_RND/DSP input C is not pipelined. Pipelining DSP48 input will improve performance.
WARNING: [Drc 23-20] Rule violation (DPIP-1) Input pipelining - DSP system_i/voicerec_0/inst/grp_voicerec_processChunk_fu_106/voicerec_fmul_32ns_32ns_32_4_max_dsp_U15/voicerec_ap_fmul_2_max_dsp_32_u/U0/i_synth/MULT.OP/MULT/DSP48E1_SPD_SGL_VARIANT.FIX_MULT/DSP1/DSP input A B is not pipelined. Pipelining DSP48 input will improve performance.
WARNING: [Drc 23-20] Rule violation (DPIP-1) Input pipelining - DSP system_i/voicerec_0/inst/grp_voicerec_processChunk_fu_106/voicerec_fmul_32ns_32ns_32_4_max_dsp_U15/voicerec_ap_fmul_2_max_dsp_32_u/U0/i_synth/MULT.OP/MULT/DSP48E1_SPD_SGL_VARIANT.FIX_MULT/DSP2/DSP input B is not pipelined. Pipelining DSP48 input will improve performance.
WARNING: [Drc 23-20] Rule violation (DPIP-1) Input pipelining - DSP system_i/voicerec_0/inst/grp_voicerec_processChunk_fu_106/voicerec_fmul_32ns_32ns_32_4_max_dsp_U15/voicerec_ap_fmul_2_max_dsp_32_u/U0/i_synth/MULT.OP/R_AND_R/LAT_OPT.FULL.R_AND_R/DSP48E1_SGL_EXP_IP.OLD_ADD.ADD/DSP input A C is not pipelined. Pipelining DSP48 input will improve performance.
WARNING: [Drc 23-20] Rule violation (DPOP-1) Output pipelining - DSP system_i/voicerec_0/inst/grp_voicerec_classifySound_fu_131/grp_voicerec_feedForward_fu_160/voicerec_dadd_64ns_64ns_64_5_full_dsp_U37/voicerec_ap_dadd_3_full_dsp_64_u/U0/i_synth/ADDSUB_OP.ADDSUB/SPEED_OP.LOGIC.OP/ALIGN_BLK/FRAC_ADDSUB/DSP_ADD.FRAC_ADDSUB/DSP48E1_ADD.DSP48E1_ADD/DSP output P is not pipelined. Pipelining DSP48 output will improve performance. Both multiplier/adder output can be pipelined.
WARNING: [Drc 23-20] Rule violation (DPOP-1) Output pipelining - DSP system_i/voicerec_0/inst/grp_voicerec_classifySound_fu_131/grp_voicerec_feedForward_fu_160/voicerec_dadd_64ns_64ns_64_5_full_dsp_U37/voicerec_ap_dadd_3_full_dsp_64_u/U0/i_synth/ADDSUB_OP.ADDSUB/SPEED_OP.LOGIC.OP/ALIGN_BLK/FRAC_ADDSUB/DSP_ADD.FRAC_ADDSUB/DSP48E1_GEN.DSP48E1_DEL/DSP output P is not pipelined. Pipelining DSP48 output will improve performance. Both multiplier/adder output can be pipelined.
WARNING: [Drc 23-20] Rule violation (DPOP-1) Output pipelining - DSP system_i/voicerec_0/inst/grp_voicerec_classifySound_fu_131/grp_voicerec_feedForward_fu_160/voicerec_dadd_64ns_64ns_64_5_full_dsp_U37/voicerec_ap_dadd_3_full_dsp_64_u/U0/i_synth/ADDSUB_OP.ADDSUB/SPEED_OP.LOGIC.OP/NORM/ROUND/DSP48_E1.DSP48E1_ADD.DSP48E1_ADD/DSP output P is not pipelined. Pipelining DSP48 output will improve performance. Both multiplier/adder output can be pipelined.
WARNING: [Drc 23-20] Rule violation (DPOP-1) Output pipelining - DSP system_i/voicerec_0/inst/grp_voicerec_classifySound_fu_131/grp_voicerec_feedForward_fu_160/voicerec_dexp_64ns_64ns_64_18_full_dsp_U39/voicerec_ap_dexp_16_full_dsp_64_u/U0/i_synth/EXP_OP.OP/g_Fr_other.i_calculate_Fr/dsp_extra_fabric_adder.mult_with_add_low/use_prim.appDSP48[0].bppDSP48[0].use_dsp.use_dsp48e1.iDSP48E1 output P is not pipelined. Pipelining DSP48 output will improve performance. Both multiplier/adder output can be pipelined.
WARNING: [Drc 23-20] Rule violation (DPOP-1) Output pipelining - DSP system_i/voicerec_0/inst/grp_voicerec_classifySound_fu_131/grp_voicerec_feedForward_fu_160/voicerec_dexp_64ns_64ns_64_18_full_dsp_U39/voicerec_ap_dexp_16_full_dsp_64_u/U0/i_synth/EXP_OP.OP/g_Fr_other.i_calculate_Fr/dsp_extra_fabric_adder.mult_with_add_low/use_prim.appDSP48[0].bppDSP48[1].use_dsp.use_dsp48e1.iDSP48E1 output P is not pipelined. Pipelining DSP48 output will improve performance. Both multiplier/adder output can be pipelined.
WARNING: [Drc 23-20] Rule violation (DPOP-1) Output pipelining - DSP system_i/voicerec_0/inst/grp_voicerec_classifySound_fu_131/grp_voicerec_feedForward_fu_160/voicerec_dexp_64ns_64ns_64_18_full_dsp_U39/voicerec_ap_dexp_16_full_dsp_64_u/U0/i_synth/EXP_OP.OP/g_Fr_other.i_calculate_Fr/dsp_extra_fabric_adder.mult_with_add_low/use_prim.appDSP48[0].bppDSP48[2].use_dsp.use_dsp48e1.iDSP48E1 output P is not pipelined. Pipelining DSP48 output will improve performance. Both multiplier/adder output can be pipelined.
WARNING: [Drc 23-20] Rule violation (DPOP-1) Output pipelining - DSP system_i/voicerec_0/inst/grp_voicerec_classifySound_fu_131/grp_voicerec_feedForward_fu_160/voicerec_dexp_64ns_64ns_64_18_full_dsp_U39/voicerec_ap_dexp_16_full_dsp_64_u/U0/i_synth/EXP_OP.OP/g_Fr_other.i_calculate_Fr/dsp_extra_fabric_adder.mult_with_add_low/use_prim.appDSP48[1].bppDSP48[0].use_dsp.use_dsp48e1.iDSP48E1 output P is not pipelined. Pipelining DSP48 output will improve performance. Both multiplier/adder output can be pipelined.
WARNING: [Drc 23-20] Rule violation (DPOP-1) Output pipelining - DSP system_i/voicerec_0/inst/grp_voicerec_classifySound_fu_131/grp_voicerec_feedForward_fu_160/voicerec_dexp_64ns_64ns_64_18_full_dsp_U39/voicerec_ap_dexp_16_full_dsp_64_u/U0/i_synth/EXP_OP.OP/g_Fr_other.i_calculate_Fr/dsp_extra_fabric_adder.mult_with_add_low/use_prim.appDSP48[1].bppDSP48[1].use_dsp.use_dsp48e1.iDSP48E1 output P is not pipelined. Pipelining DSP48 output will improve performance. Both multiplier/adder output can be pipelined.
WARNING: [Drc 23-20] Rule violation (DPOP-1) Output pipelining - DSP system_i/voicerec_0/inst/grp_voicerec_classifySound_fu_131/grp_voicerec_feedForward_fu_160/voicerec_dexp_64ns_64ns_64_18_full_dsp_U39/voicerec_ap_dexp_16_full_dsp_64_u/U0/i_synth/EXP_OP.OP/g_Fr_other.i_calculate_Fr/dsp_extra_fabric_adder.mult_with_add_low/use_prim.appDSP48[1].bppDSP48[2].use_dsp.use_dsp48e1.iDSP48E1 output P is not pipelined. Pipelining DSP48 output will improve performance. Both multiplier/adder output can be pipelined.
WARNING: [Drc 23-20] Rule violation (DPOP-1) Output pipelining - DSP system_i/voicerec_0/inst/grp_voicerec_classifySound_fu_131/grp_voicerec_feedForward_fu_160/voicerec_dexp_64ns_64ns_64_18_full_dsp_U39/voicerec_ap_dexp_16_full_dsp_64_u/U0/i_synth/EXP_OP.OP/g_Fr_other.i_calculate_Fr/dsp_extra_fabric_adder.mult_with_add_low/use_prim.appDSP48[2].bppDSP48[0].use_dsp.use_dsp48e1.iDSP48E1 output P is not pipelined. Pipelining DSP48 output will improve performance. Both multiplier/adder output can be pipelined.
WARNING: [Drc 23-20] Rule violation (DPOP-1) Output pipelining - DSP system_i/voicerec_0/inst/grp_voicerec_classifySound_fu_131/grp_voicerec_feedForward_fu_160/voicerec_dexp_64ns_64ns_64_18_full_dsp_U39/voicerec_ap_dexp_16_full_dsp_64_u/U0/i_synth/EXP_OP.OP/g_Fr_other.i_calculate_Fr/dsp_extra_fabric_adder.mult_with_add_low/use_prim.appDSP48[2].bppDSP48[1].use_dsp.use_dsp48e1.iDSP48E1 output P is not pipelined. Pipelining DSP48 output will improve performance. Both multiplier/adder output can be pipelined.
WARNING: [Drc 23-20] Rule violation (DPOP-1) Output pipelining - DSP system_i/voicerec_0/inst/grp_voicerec_classifySound_fu_131/grp_voicerec_feedForward_fu_160/voicerec_dexp_64ns_64ns_64_18_full_dsp_U39/voicerec_ap_dexp_16_full_dsp_64_u/U0/i_synth/EXP_OP.OP/g_Fr_other.i_calculate_Fr/dsp_extra_fabric_adder.mult_with_add_low/use_prim.appDSP48[2].bppDSP48[2].use_dsp.use_dsp48e1.iDSP48E1 output P is not pipelined. Pipelining DSP48 output will improve performance. Both multiplier/adder output can be pipelined.
WARNING: [Drc 23-20] Rule violation (DPOP-1) Output pipelining - DSP system_i/voicerec_0/inst/grp_voicerec_classifySound_fu_131/grp_voicerec_feedForward_fu_160/voicerec_dexp_64ns_64ns_64_18_full_dsp_U39/voicerec_ap_dexp_16_full_dsp_64_u/U0/i_synth/EXP_OP.OP/g_Fr_other.i_calculate_e2zm1/dsp.one.dsp48e1_add/DSP output P is not pipelined. Pipelining DSP48 output will improve performance. Both multiplier/adder output can be pipelined.
WARNING: [Drc 23-20] Rule violation (DPOP-1) Output pipelining - DSP system_i/voicerec_0/inst/grp_voicerec_classifySound_fu_131/grp_voicerec_feedForward_fu_160/voicerec_dexp_64ns_64ns_64_18_full_dsp_U39/voicerec_ap_dexp_16_full_dsp_64_u/U0/i_synth/EXP_OP.OP/i_calculate_Xf/dsp.two.dsp48e1_add_hi/DSP output P is not pipelined. Pipelining DSP48 output will improve performance. Both multiplier/adder output can be pipelined.
WARNING: [Drc 23-20] Rule violation (DPOP-1) Output pipelining - DSP system_i/voicerec_0/inst/grp_voicerec_classifySound_fu_131/grp_voicerec_feedForward_fu_160/voicerec_dexp_64ns_64ns_64_18_full_dsp_U39/voicerec_ap_dexp_16_full_dsp_64_u/U0/i_synth/EXP_OP.OP/i_calculate_Xf/dsp.two.dsp48e1_add_lo/DSP output P is not pipelined. Pipelining DSP48 output will improve performance. Both multiplier/adder output can be pipelined.
WARNING: [Drc 23-20] Rule violation (DPOP-1) Output pipelining - DSP system_i/voicerec_0/inst/grp_voicerec_classifySound_fu_131/grp_voicerec_feedForward_fu_160/voicerec_dexp_64ns_64ns_64_18_full_dsp_U39/voicerec_ap_dexp_16_full_dsp_64_u/U0/i_synth/EXP_OP.OP/i_calculate_e2zmzm1/g_dp.i_polyomial/g_struct.multadd_1.madd/dsp_extra_fabric_adder.mult_with_add_low/use_prim.appDSP48[0].bppDSP48[0].use_dsp.use_dsp48e1.iDSP48E1 output P is not pipelined. Pipelining DSP48 output will improve performance. Both multiplier/adder output can be pipelined.
WARNING: [Drc 23-20] Rule violation (DPOP-1) Output pipelining - DSP system_i/voicerec_0/inst/grp_voicerec_classifySound_fu_131/grp_voicerec_feedForward_fu_160/voicerec_dexp_64ns_64ns_64_18_full_dsp_U39/voicerec_ap_dexp_16_full_dsp_64_u/U0/i_synth/EXP_OP.OP/i_calculate_e2zmzm1/g_dp.i_polyomial/g_struct.multadd_1.madd/dsp_extra_fabric_adder.mult_with_add_low/use_prim.appDSP48[0].bppDSP48[1].use_dsp.use_dsp48e1.iDSP48E1 output P is not pipelined. Pipelining DSP48 output will improve performance. Both multiplier/adder output can be pipelined.
WARNING: [Drc 23-20] Rule violation (DPOP-1) Output pipelining - DSP system_i/voicerec_0/inst/grp_voicerec_classifySound_fu_131/grp_voicerec_feedForward_fu_160/voicerec_dexp_64ns_64ns_64_18_full_dsp_U39/voicerec_ap_dexp_16_full_dsp_64_u/U0/i_synth/EXP_OP.OP/i_calculate_e2zmzm1/g_dp.i_polyomial/g_struct.multadd_2.madd/dsp_extra_fabric_adder.mult_with_add_low/use_prim.appDSP48[0].bppDSP48[0].use_dsp.use_dsp48e1.iDSP48E1 output P is not pipelined. Pipelining DSP48 output will improve performance. Both multiplier/adder output can be pipelined.
WARNING: [Drc 23-20] Rule violation (DPOP-1) Output pipelining - DSP system_i/voicerec_0/inst/grp_voicerec_classifySound_fu_131/grp_voicerec_feedForward_fu_160/voicerec_dexp_64ns_64ns_64_18_full_dsp_U39/voicerec_ap_dexp_16_full_dsp_64_u/U0/i_synth/EXP_OP.OP/i_calculate_e2zmzm1/g_dp.i_polyomial/g_struct.multadd_2.madd/dsp_extra_fabric_adder.mult_with_add_low/use_prim.appDSP48[0].bppDSP48[1].use_dsp.use_dsp48e1.iDSP48E1 output P is not pipelined. Pipelining DSP48 output will improve performance. Both multiplier/adder output can be pipelined.
WARNING: [Drc 23-20] Rule violation (DPOP-1) Output pipelining - DSP system_i/voicerec_0/inst/grp_voicerec_classifySound_fu_131/grp_voicerec_feedForward_fu_160/voicerec_dexp_64ns_64ns_64_18_full_dsp_U39/voicerec_ap_dexp_16_full_dsp_64_u/U0/i_synth/EXP_OP.OP/i_calculate_e2zmzm1/g_dp.i_polyomial/g_struct.multadd_2.madd/dsp_extra_fabric_adder.mult_with_add_low/use_prim.appDSP48[1].bppDSP48[0].use_dsp.use_dsp48e1.iDSP48E1 output P is not pipelined. Pipelining DSP48 output will improve performance. Both multiplier/adder output can be pipelined.
WARNING: [Drc 23-20] Rule violation (DPOP-1) Output pipelining - DSP system_i/voicerec_0/inst/grp_voicerec_classifySound_fu_131/grp_voicerec_feedForward_fu_160/voicerec_dexp_64ns_64ns_64_18_full_dsp_U39/voicerec_ap_dexp_16_full_dsp_64_u/U0/i_synth/EXP_OP.OP/i_calculate_e2zmzm1/g_dp.i_polyomial/g_struct.multadd_2.madd/dsp_extra_fabric_adder.mult_with_add_low/use_prim.appDSP48[1].bppDSP48[1].use_dsp.use_dsp48e1.iDSP48E1 output P is not pipelined. Pipelining DSP48 output will improve performance. Both multiplier/adder output can be pipelined.
WARNING: [Drc 23-20] Rule violation (DPOP-1) Output pipelining - DSP system_i/voicerec_0/inst/grp_voicerec_classifySound_fu_131/grp_voicerec_feedForward_fu_160/voicerec_dexp_64ns_64ns_64_18_full_dsp_U39/voicerec_ap_dexp_16_full_dsp_64_u/U0/i_synth/EXP_OP.OP/i_ccm_ln2/g_tables[0].i_addsub/dsp.two.dsp48e1_add_hi/DSP output P is not pipelined. Pipelining DSP48 output will improve performance. Both multiplier/adder output can be pipelined.
WARNING: [Drc 23-20] Rule violation (DPOP-1) Output pipelining - DSP system_i/voicerec_0/inst/grp_voicerec_classifySound_fu_131/grp_voicerec_feedForward_fu_160/voicerec_dexp_64ns_64ns_64_18_full_dsp_U39/voicerec_ap_dexp_16_full_dsp_64_u/U0/i_synth/EXP_OP.OP/i_ccm_ln2/g_tables[0].i_addsub/dsp.two.dsp48e1_add_lo/DSP output P is not pipelined. Pipelining DSP48 output will improve performance. Both multiplier/adder output can be pipelined.
WARNING: [Drc 23-20] Rule violation (DPOP-1) Output pipelining - DSP system_i/voicerec_0/inst/grp_voicerec_classifySound_fu_131/grp_voicerec_feedForward_fu_160/voicerec_dexp_64ns_64ns_64_18_full_dsp_U39/voicerec_ap_dexp_16_full_dsp_64_u/U0/i_synth/EXP_OP.OP/i_ccm_ln2/g_tables[1].i_addsub/dsp.two.dsp48e1_add_hi/DSP output P is not pipelined. Pipelining DSP48 output will improve performance. Both multiplier/adder output can be pipelined.
WARNING: [Drc 23-20] Rule violation (DPOP-1) Output pipelining - DSP system_i/voicerec_0/inst/grp_voicerec_classifySound_fu_131/grp_voicerec_feedForward_fu_160/voicerec_dexp_64ns_64ns_64_18_full_dsp_U39/voicerec_ap_dexp_16_full_dsp_64_u/U0/i_synth/EXP_OP.OP/i_ccm_ln2/g_tables[1].i_addsub/dsp.two.dsp48e1_add_lo/DSP output P is not pipelined. Pipelining DSP48 output will improve performance. Both multiplier/adder output can be pipelined.
WARNING: [Drc 23-20] Rule violation (DPOP-1) Output pipelining - DSP system_i/voicerec_0/inst/grp_voicerec_classifySound_fu_131/grp_voicerec_feedForward_fu_160/voicerec_dexp_64ns_64ns_64_18_full_dsp_U39/voicerec_ap_dexp_16_full_dsp_64_u/U0/i_synth/EXP_OP.OP/i_ccm_recip_ln2/g_tables[0].i_addsub/dsp.one.dsp48e1_add/DSP output P is not pipelined. Pipelining DSP48 output will improve performance. Both multiplier/adder output can be pipelined.
WARNING: [Drc 23-20] Rule violation (DPOP-1) Output pipelining - DSP system_i/voicerec_0/inst/grp_voicerec_classifySound_fu_131/grp_voicerec_feedForward_fu_160/voicerec_dexp_64ns_64ns_64_18_full_dsp_U39/voicerec_ap_dexp_16_full_dsp_64_u/U0/i_synth/EXP_OP.OP/i_ccm_recip_ln2/g_tables[1].i_addsub/dsp.one.dsp48e1_add/DSP output P is not pipelined. Pipelining DSP48 output will improve performance. Both multiplier/adder output can be pipelined.
WARNING: [Drc 23-20] Rule violation (DPOP-1) Output pipelining - DSP system_i/voicerec_0/inst/grp_voicerec_classifySound_fu_131/grp_voicerec_feedForward_fu_160/voicerec_dexp_64ns_64ns_64_18_full_dsp_U39/voicerec_ap_dexp_16_full_dsp_64_u/U0/i_synth/EXP_OP.OP/i_ccm_recip_ln2/g_tables[2].i_addsub/dsp.one.dsp48e1_add/DSP output P is not pipelined. Pipelining DSP48 output will improve performance. Both multiplier/adder output can be pipelined.
WARNING: [Drc 23-20] Rule violation (DPOP-1) Output pipelining - DSP system_i/voicerec_0/inst/grp_voicerec_classifySound_fu_131/grp_voicerec_feedForward_fu_160/voicerec_dexp_64ns_64ns_64_18_full_dsp_U39/voicerec_ap_dexp_16_full_dsp_64_u/U0/i_synth/EXP_OP.OP/i_renorm_and_round/DSP48_E1.DSP48E1_ADD.DSP48E1_ADD/DSP output P is not pipelined. Pipelining DSP48 output will improve performance. Both multiplier/adder output can be pipelined.
INFO: [Common 17-14] Message 'Drc 23-20' appears 100 times and further instances of the messages will be disabled. Use the Tcl command set_msg_config to change the current settings.
INFO: [Vivado 12-3199] DRC finished with 0 Errors, 188 Warnings, 144 Advisories
INFO: [Vivado 12-3200] Please refer to the DRC report (report_drc) for more information.
Loading data files...
Loading site data...
Loading route data...
Processing options...
Creating bitmap...
Creating bitstream...
Writing bitstream ./system_wrapper.bit...
INFO: [Vivado 12-1842] Bitgen Completed Successfully.
INFO: [Project 1-118] WebTalk data collection is enabled (User setting is ON. Install Setting is ON.).
INFO: [Common 17-186] 'C:/Users/rz252/Desktop/tjp79/ece5775-final/audio_lab/audio3/audio.runs/impl_1/usage_statistics_webtalk.xml' has been successfully sent to Xilinx on Fri Dec 11 22:13:37 2015. For additional details about this file, please refer to the WebTalk help file at C:/Xilinx/Vivado/2014.4/doc/webtalk_introduction.html.
INFO: [Common 17-83] Releasing license: Implementation
write_bitstream: Time (s): cpu = 00:01:41 ; elapsed = 00:01:44 . Memory (MB): peak = 1996.016 ; gain = 389.016
bdTcl: C:/Users/rz252/Desktop/tjp79/ece5775-final/audio_lab/audio3/audio.runs/impl_1/.Xil/Vivado-4868-en-ec-azz284-b/HWH/system_bd.tcl
INFO: [Common 17-206] Exiting Vivado at Fri Dec 11 22:13:37 2015...
