

================================================================
== Vivado HLS Report for 'voicerec_FFT'
================================================================
* Date:           Sat Dec 12 03:01:08 2015

* Version:        2014.4 (Build 1071461 on Tue Nov 18 16:42:57 PM 2014)
* Project:        voicerec.prj
* Solution:       solution1
* Product family: zynq
* Target device:  xc7z020clg484-1


================================================================
== Performance Estimates
================================================================
+ Timing (ns): 
    * Summary: 
    +---------+-------+----------+------------+
    |  Clock  | Target| Estimated| Uncertainty|
    +---------+-------+----------+------------+
    |default  |  10.00|      8.09|        1.25|
    +---------+-------+----------+------------+

+ Latency (clock cycles): 
    * Summary: 
    +------+---------+------+---------+---------+
    |     Latency    |    Interval    | Pipeline|
    |  min |   max   |  min |   max   |   Type  |
    +------+---------+------+---------+---------+
    |  4994|  2496898|  4994|  2496898|   none  |
    +------+---------+------+---------+---------+

    + Detail: 
        * Instance: 
        N/A

        * Loop: 
        +-----------------+------+---------+--------------+-----------+-----------+------+----------+
        |                 |     Latency    |   Iteration  |  Initiation Interval  | Trip |          |
        |    Loop Name    |  min |   max   |    Latency   |  achieved |   target  | Count| Pipelined|
        +-----------------+------+---------+--------------+-----------+-----------+------+----------+
        |- Loop 1         |  2816|     3328|    11 ~ 13   |          -|          -|   256|    no    |
        | + Loop 1.1      |     8|        8|             1|          -|          -|     8|    no    |
        |- Loop 2         |  2176|  2493568| 272 ~ 311696 |          -|          -|     8|    no    |
        | + Loop 2.1      |   256|   311680|   2 ~ 2435   |          -|          -|   128|    no    |
        |  ++ Loop 2.1.1  |   128|     2432|    1 ~ 19    |          -|          -|   128|    no    |
        +-----------------+------+---------+--------------+-----------+-----------+------+----------+



================================================================
== Utilization Estimates
================================================================
* Summary: 
+-----------------+---------+-------+--------+-------+
|       Name      | BRAM_18K| DSP48E|   FF   |  LUT  |
+-----------------+---------+-------+--------+-------+
|Expression       |        -|      -|       0|    657|
|FIFO             |        -|      -|       -|      -|
|Instance         |        -|     16|    1070|   2168|
|Memory           |        2|      -|       0|      0|
|Multiplexer      |        -|      -|       -|    874|
|Register         |        -|      -|    1097|      -|
+-----------------+---------+-------+--------+-------+
|Total            |        2|     16|    2167|   3699|
+-----------------+---------+-------+--------+-------+
|Available        |      280|    220|  106400|  53200|
+-----------------+---------+-------+--------+-------+
|Utilization (%)  |    ~0   |      7|       2|      6|
+-----------------+---------+-------+--------+-------+

+ Detail: 
    * Instance: 
    +----------------------------------------------+-------------------------------------------+---------+-------+-----+-----+
    |                   Instance                   |                   Module                  | BRAM_18K| DSP48E|  FF | LUT |
    +----------------------------------------------+-------------------------------------------+---------+-------+-----+-----+
    |voicerec_faddfsub_32ns_32ns_32_5_full_dsp_U5  |voicerec_faddfsub_32ns_32ns_32_5_full_dsp  |        0|      2|  205|  390|
    |voicerec_faddfsub_32ns_32ns_32_5_full_dsp_U6  |voicerec_faddfsub_32ns_32ns_32_5_full_dsp  |        0|      2|  205|  390|
    |voicerec_fmul_32ns_32ns_32_4_max_dsp_U7       |voicerec_fmul_32ns_32ns_32_4_max_dsp       |        0|      3|  143|  321|
    |voicerec_fmul_32ns_32ns_32_4_max_dsp_U8       |voicerec_fmul_32ns_32ns_32_4_max_dsp       |        0|      3|  143|  321|
    |voicerec_fmul_32ns_32ns_32_4_max_dsp_U9       |voicerec_fmul_32ns_32ns_32_4_max_dsp       |        0|      3|  143|  321|
    |voicerec_fmul_32ns_32ns_32_4_max_dsp_U10      |voicerec_fmul_32ns_32ns_32_4_max_dsp       |        0|      3|  143|  321|
    |voicerec_sdiv_11ns_32ns_32_15_seq_U11         |voicerec_sdiv_11ns_32ns_32_15_seq          |        0|      0|   88|  104|
    +----------------------------------------------+-------------------------------------------+---------+-------+-----+-----+
    |Total                                         |                                           |        0|     16| 1070| 2168|
    +----------------------------------------------+-------------------------------------------+---------+-------+-----+-----+

    * Memory: 
    +----------+---------------------+---------+---+----+------+-----+------+-------------+
    |  Memory  |        Module       | BRAM_18K| FF| LUT| Words| Bits| Banks| W*Bits*Banks|
    +----------+---------------------+---------+---+----+------+-----+------+-------------+
    |cosVec_U  |voicerec_FFT_cosVec  |        1|  0|   0|   256|   32|     1|         8192|
    |sinVec_U  |voicerec_FFT_sinVec  |        1|  0|   0|   256|   32|     1|         8192|
    +----------+---------------------+---------+---+----+------+-----+------+-------------+
    |Total     |                     |        2|  0|   0|   512|   64|     2|        16384|
    +----------+---------------------+---------+---+----+------+-----+------+-------------+

    * FIFO: 
    N/A

    * Expression: 
    +-----------------------+----------+-------+---+----+------------+------------+
    |     Variable Name     | Operation| DSP48E| FF| LUT| Bitwidth P0| Bitwidth P1|
    +-----------------------+----------+-------+---+----+------------+------------+
    |cp_addr_rec_fu_694_p2  |     +    |      0|  0|  64|          64|          64|
    |cp_sum1_fu_662_p2      |     +    |      0|  0|  11|          11|          11|
    |cp_sum2_fu_679_p2      |     +    |      0|  0|  11|          11|          11|
    |cp_sum9_fu_646_p2      |     +    |      0|  0|  11|          11|          11|
    |cp_sum_fu_625_p2       |     +    |      0|  0|  11|          11|          11|
    |j_4_fu_519_p2          |     +    |      0|  0|  32|          32|          32|
    |j_6_fu_579_p2          |     +    |      0|  0|   8|           8|           1|
    |k_2_fu_381_p2          |     +    |      0|  0|   9|           9|           1|
    |k_3_fu_600_p2          |     +    |      0|  0|   8|           8|           1|
    |q_1_fu_443_p2          |     +    |      0|  0|   4|           4|           1|
    |tmp_14_fu_537_p2       |     +    |      0|  0|  32|          32|           2|
    |tmp_24_cast_fu_657_p2  |     +    |      0|  0|  11|          11|          11|
    |j_5_fu_483_p2          |     -    |      0|  0|  32|          32|          32|
    |j_2_fu_503_p3          |  Select  |      0|  0|  32|           1|          32|
    |n_1_fu_511_p3          |  Select  |      0|  0|  32|           1|          32|
    |or_cond_fu_477_p2      |    and   |      0|  0|   1|           1|           1|
    |exitcond1_fu_573_p2    |   icmp   |      0|  0|   9|           8|           9|
    |exitcond2_fu_437_p2    |   icmp   |      0|  0|   5|           4|           5|
    |exitcond3_fu_375_p2    |   icmp   |      0|  0|  11|           9|          10|
    |exitcond_fu_594_p2     |   icmp   |      0|  0|   9|           8|           9|
    |icmp_fu_471_p2         |   icmp   |      0|  0|  39|          31|           1|
    |slt_fu_449_p2          |   icmp   |      0|  0|  40|          32|          32|
    |tmp_19_fu_585_p2       |   icmp   |      0|  0|  40|          32|          32|
    |tmp_20_fu_606_p2       |   icmp   |      0|  0|  39|          31|          31|
    |tmp_fu_387_p2          |   icmp   |      0|  0|  40|          32|          32|
    |tmp_s_fu_525_p2        |   icmp   |      0|  0|  40|          32|           9|
    |tmp_12_fu_426_p2       |    or    |      0|  0|  44|          32|           1|
    |tmp_22_fu_636_p2       |    or    |      0|  0|   8|           8|           1|
    |tmp_26_cast_fu_673_p2  |    or    |      0|  0|  13|          11|           1|
    |tmp_9_fu_404_p2        |    or    |      0|  0|   9|           9|           1|
    |rev5_fu_455_p2         |    xor   |      0|  0|   2|           1|           2|
    +-----------------------+----------+-------+---+----+------------+------------+
    |Total                  |          |      0|  0| 657|         527|         430|
    +-----------------------+----------+-------+---+----+------------+------------+

    * Multiplexer: 
    +-------------------+----+-----------+-----+-----------+
    |        Name       | LUT| Input Size| Bits| Total Bits|
    +-------------------+----+-----------+-----+-----------+
    |ap_NS_fsm          |  72|         43|    1|         43|
    |c_address0         |  18|          8|    9|         72|
    |c_address1         |  18|          8|    9|         72|
    |c_d0               |  32|          5|   32|        160|
    |c_d1               |  32|          5|   32|        160|
    |cp_rec_reg_235     |  64|          2|   64|        128|
    |cp_s_reg_290       |  30|          2|   30|         60|
    |d_reg_247          |  32|          3|   32|         96|
    |grp_fu_302_opcode  |   2|          3|    2|          6|
    |grp_fu_302_p0      |  32|          5|   32|        160|
    |grp_fu_302_p1      |  32|          5|   32|        160|
    |grp_fu_306_opcode  |   2|          3|    2|          6|
    |grp_fu_306_p0      |  32|          5|   32|        160|
    |grp_fu_306_p1      |  32|          5|   32|        160|
    |grp_fu_310_p0      |  32|          3|   32|         96|
    |grp_fu_310_p1      |  32|          3|   32|         96|
    |grp_fu_315_p0      |  32|          3|   32|         96|
    |grp_fu_315_p1      |  32|          3|   32|         96|
    |grp_fu_320_p0      |  32|          3|   32|         96|
    |grp_fu_320_p1      |  32|          3|   32|         96|
    |grp_fu_325_p0      |  32|          3|   32|         96|
    |grp_fu_325_p1      |  32|          3|   32|         96|
    |j_1_reg_191        |  32|          2|   32|         64|
    |j_3_reg_224        |   8|          2|    8|         16|
    |j_reg_168          |  32|          2|   32|         64|
    |k_1_reg_277        |   8|          3|    8|         24|
    |k_reg_157          |   9|          2|    9|         18|
    |n3_reg_201         |  32|          2|   32|         64|
    |n_2_reg_212        |  31|          2|   31|         62|
    |q_reg_180          |   4|          2|    4|          8|
    |wik_reg_262        |  32|          3|   32|         96|
    +-------------------+----+-----------+-----+-----------+
    |Total              | 874|        146|  785|       2627|
    +-------------------+----+-----------+-----+-----------+

    * Register: 
    +------------------+----+----+-----+-----------+
    |       Name       | FF | LUT| Bits| Const Bits|
    +------------------+----+----+-----+-----------+
    |ap_CS_fsm         |  42|   0|   42|          0|
    |c_addr_1_reg_717  |   8|   0|    9|          1|
    |c_addr_2_reg_722  |   8|   0|    9|          1|
    |c_addr_3_reg_727  |   8|   0|    9|          1|
    |c_addr_4_reg_824  |   9|   0|    9|          0|
    |c_addr_5_reg_829  |   9|   0|    9|          0|
    |c_addr_6_reg_834  |   9|   0|    9|          0|
    |c_addr_7_reg_839  |   9|   0|    9|          0|
    |c_addr_reg_712    |   8|   0|    9|          1|
    |cp_rec_reg_235    |  64|   0|   64|          0|
    |cp_s_reg_290      |  30|   0|   32|          2|
    |d_reg_247         |  32|   0|   32|          0|
    |j_1_reg_191       |  32|   0|   32|          0|
    |j_3_reg_224       |   8|   0|    8|          0|
    |j_6_reg_804       |   8|   0|    8|          0|
    |j_reg_168         |  32|   0|   32|          0|
    |k_1_reg_277       |   8|   0|    8|          0|
    |k_2_reg_703       |   9|   0|    9|          0|
    |k_3_reg_815       |   8|   0|    8|          0|
    |k_reg_157         |   9|   0|    9|          0|
    |n3_reg_201        |  32|   0|   32|          0|
    |n_2_reg_212       |  31|   0|   32|          1|
    |n_reg_790         |  30|   0|   32|          2|
    |nb_reg_780        |  32|   0|   32|          0|
    |q_reg_180         |   4|   0|    4|          0|
    |reg_338           |  32|   0|   32|          0|
    |reg_347           |  32|   0|   32|          0|
    |reg_356           |  32|   0|   32|          0|
    |reg_364           |  32|   0|   32|          0|
    |tmp_23_reg_864    |  32|   0|   32|          0|
    |tmp_24_reg_869    |  32|   0|   32|          0|
    |tmp_25_reg_874    |  32|   0|   32|          0|
    |tmp_26_reg_879    |  32|   0|   32|          0|
    |tmp_29_reg_894    |  32|   0|   32|          0|
    |tmp_31_reg_844    |  32|   0|   32|          0|
    |tmp_32_reg_849    |  32|   0|   32|          0|
    |tmp_33_reg_854    |  32|   0|   32|          0|
    |tmp_34_reg_859    |  32|   0|   32|          0|
    |tmp_3_reg_785     |  31|   0|   31|          0|
    |tmp_7_reg_796     |  10|   0|   11|          1|
    |tmp_reg_708       |   1|   0|    1|          0|
    |wi_reg_774        |  32|   0|   32|          0|
    |wik_1_reg_889     |  32|   0|   32|          0|
    |wik_reg_262       |  32|   0|   32|          0|
    |wr_reg_768        |  32|   0|   32|          0|
    |wrk_reg_884       |  32|   0|   32|          0|
    +------------------+----+----+-----+-----------+
    |Total             |1097|   0| 1107|         10|
    +------------------+----+----+-----+-----------+



================================================================
== Interface
================================================================
* Summary: 
+------------+-----+-----+------------+--------------+--------------+
|  RTL Ports | Dir | Bits|  Protocol  | Source Object|    C Type    |
+------------+-----+-----+------------+--------------+--------------+
|ap_clk      |  in |    1| ap_ctrl_hs | voicerec_FFT | return value |
|ap_rst      |  in |    1| ap_ctrl_hs | voicerec_FFT | return value |
|ap_start    |  in |    1| ap_ctrl_hs | voicerec_FFT | return value |
|ap_done     | out |    1| ap_ctrl_hs | voicerec_FFT | return value |
|ap_idle     | out |    1| ap_ctrl_hs | voicerec_FFT | return value |
|ap_ready    | out |    1| ap_ctrl_hs | voicerec_FFT | return value |
|c_address0  | out |    9|  ap_memory |       c      |     array    |
|c_ce0       | out |    1|  ap_memory |       c      |     array    |
|c_we0       | out |    1|  ap_memory |       c      |     array    |
|c_d0        | out |   32|  ap_memory |       c      |     array    |
|c_q0        |  in |   32|  ap_memory |       c      |     array    |
|c_address1  | out |    9|  ap_memory |       c      |     array    |
|c_ce1       | out |    1|  ap_memory |       c      |     array    |
|c_we1       | out |    1|  ap_memory |       c      |     array    |
|c_d1        | out |   32|  ap_memory |       c      |     array    |
|c_q1        |  in |   32|  ap_memory |       c      |     array    |
+------------+-----+-----+------------+--------------+--------------+

