

================================================================
== Vivado HLS Report for 'voicerec_preprocessSound'
================================================================
* Date:           Fri Dec 11 15:33:54 2015

* Version:        2015.2 (Build 1266856 on Fri Jun 26 16:57:37 PM 2015)
* Project:        voicerec.prj
* Solution:       solution1
* Product family: zynq
* Target device:  xc7z020clg484-1


================================================================
== Performance Estimates
================================================================
+ Timing (ns): 
    * Summary: 
    +--------+-------+----------+------------+
    |  Clock | Target| Estimated| Uncertainty|
    +--------+-------+----------+------------+
    |ap_clk  |  10.00|      8.26|        1.25|
    +--------+-------+----------+------------+

+ Latency (clock cycles): 
    * Summary: 
    +--------+--------+--------+--------+---------+
    |     Latency     |     Interval    | Pipeline|
    |   min  |   max  |   min  |   max  |   Type  |
    +--------+--------+--------+--------+---------+
    |  160084|  224084|  160084|  224084|   none  |
    +--------+--------+--------+--------+---------+

    + Detail: 
        * Instance: 
        N/A

        * Loop: 
        +----------+-------+-------+----------+-----------+-----------+-------+----------+
        |          |    Latency    | Iteration|  Initiation Interval  |  Trip |          |
        | Loop Name|  min  |  max  |  Latency |  achieved |   target  | Count | Pipelined|
        +----------+-------+-------+----------+-----------+-----------+-------+----------+
        |- Loop 1  |     80|     80|         1|          -|          -|     80|    no    |
        |- Loop 2  |  64000|  64000|         4|          -|          -|  16000|    no    |
        |- Loop 3  |  32000|  64000|   2 ~ 4  |          -|          -|  16000|    no    |
        |- Loop 4  |  64000|  96000|   4 ~ 6  |          -|          -|  16000|    no    |
        +----------+-------+-------+----------+-----------+-----------+-------+----------+



================================================================
== Utilization Estimates
================================================================
* Summary: 
+-----------------+---------+-------+--------+-------+
|       Name      | BRAM_18K| DSP48E|   FF   |  LUT  |
+-----------------+---------+-------+--------+-------+
|Expression       |        -|      -|       0|    632|
|FIFO             |        -|      -|       -|      -|
|Instance         |        -|      0|     230|    607|
|Memory           |        2|      -|       0|      0|
|Multiplexer      |        -|      -|       -|    604|
|Register         |        -|      -|     853|      -|
+-----------------+---------+-------+--------+-------+
|Total            |        2|      0|    1083|   1843|
+-----------------+---------+-------+--------+-------+
|Available        |      280|    220|  106400|  53200|
+-----------------+---------+-------+--------+-------+
|Utilization (%)  |    ~0   |      0|       1|      3|
+-----------------+---------+-------+--------+-------+

+ Detail: 
    * Instance: 
    +--------------------------------+-----------------------------+---------+-------+-----+-----+
    |            Instance            |            Module           | BRAM_18K| DSP48E|  FF | LUT |
    +--------------------------------+-----------------------------+---------+-------+-----+-----+
    |voicerec_dcmp_64ns_64ns_1_1_U2  |voicerec_dcmp_64ns_64ns_1_1  |        0|      0|  130|  469|
    |voicerec_fpext_32ns_64_1_U1     |voicerec_fpext_32ns_64_1     |        0|      0|  100|  138|
    +--------------------------------+-----------------------------+---------+-------+-----+-----+
    |Total                           |                             |        0|      0|  230|  607|
    +--------------------------------+-----------------------------+---------+-------+-----+-----+

    * Memory: 
    +----------+---------------------------------+---------+---+----+------+-----+------+-------------+
    |  Memory  |              Module             | BRAM_18K| FF| LUT| Words| Bits| Banks| W*Bits*Banks|
    +----------+---------------------------------+---------+---+----+------+-----+------+-------------+
    |begins_U  |voicerec_preprocessSound_begins  |        1|  0|   0|    80|   32|     1|         2560|
    |ends_U    |voicerec_preprocessSound_begins  |        1|  0|   0|    80|   32|     1|         2560|
    +----------+---------------------------------+---------+---+----+------+-----+------+-------------+
    |Total     |                                 |        2|  0|   0|   160|   64|     2|         5120|
    +----------+---------------------------------+---------+---+----+------+-----+------+-------------+

    * FIFO: 
    N/A

    * Expression: 
    +------------------------+----------+-------+---+----+------------+------------+
    |      Variable Name     | Operation| DSP48E| FF| LUT| Bitwidth P0| Bitwidth P1|
    +------------------------+----------+-------+---+----+------------+------------+
    |count_1_fu_605_p2       |     +    |      0|  0|  32|          32|           1|
    |grp_fu_324_p2           |     +    |      0|  0|  32|          32|           1|
    |i_2_fu_341_p2           |     +    |      0|  0|   7|           7|           1|
    |i_4_fu_363_p2           |     +    |      0|  0|  14|          14|           1|
    |i_5_fu_473_p2           |     +    |      0|  0|  14|          14|           1|
    |i_6_fu_661_p2           |     +    |      0|  0|  14|          14|           1|
    |index_1_fu_591_p2       |     +    |      0|  0|  32|          32|           1|
    |index_2_fu_698_p2       |     +    |      0|  0|  32|          32|           1|
    |firstSet_1_fu_437_p3    |  Select  |      0|  0|  32|           1|           1|
    |first_2_fu_431_p3       |  Select  |      0|  0|  32|           1|          32|
    |first_3_fu_445_p3       |  Select  |      0|  0|  32|           1|          32|
    |last_2_fu_453_p3        |  Select  |      0|  0|  32|           1|          32|
    |markBegin_1_fu_635_p3   |  Select  |      0|  0|  14|           1|          14|
    |p_deleteFlag_fu_617_p3  |  Select  |      0|  0|  32|           1|           1|
    |p_index_5_fu_704_p3     |  Select  |      0|  0|  32|           1|          32|
    |or_cond_fu_426_p2       |    and   |      0|  0|   1|           1|           1|
    |tmp_18_fu_414_p2        |    and   |      0|  0|   1|           1|           1|
    |tmp_24_fu_567_p2        |    and   |      0|  0|   1|           1|           1|
    |tmp_36_fu_817_p2        |    and   |      0|  0|   1|           1|           1|
    |exitcond1_fu_357_p2     |   icmp   |      0|  0|   5|          14|          10|
    |exitcond2_fu_467_p2     |   icmp   |      0|  0|   5|          14|          10|
    |exitcond3_fu_655_p2     |   icmp   |      0|  0|   5|          14|          10|
    |exitcond_fu_335_p2      |   icmp   |      0|  0|   3|           7|           7|
    |notlhs1_fu_551_p2       |   icmp   |      0|  0|   4|          11|           2|
    |notlhs2_fu_801_p2       |   icmp   |      0|  0|   4|          11|           2|
    |notlhs_fu_396_p2        |   icmp   |      0|  0|   4|          11|           2|
    |notrhs1_fu_556_p2       |   icmp   |      0|  0|  18|          52|           1|
    |notrhs3_fu_806_p2       |   icmp   |      0|  0|  18|          52|           1|
    |notrhs_fu_402_p2        |   icmp   |      0|  0|  18|          52|           1|
    |tmp_47_fu_420_p2        |   icmp   |      0|  0|  11|          32|           1|
    |tmp_48_fu_479_p2        |   icmp   |      0|  0|  11|          32|          32|
    |tmp_49_fu_485_p2        |   icmp   |      0|  0|  11|          32|          32|
    |tmp_50_fu_534_p2        |   icmp   |      0|  0|  11|          32|           1|
    |tmp_52_fu_672_p2        |   icmp   |      0|  0|  11|          32|           2|
    |tmp_54_fu_678_p2        |   icmp   |      0|  0|  11|          32|          32|
    |tmp_55_fu_611_p2        |   icmp   |      0|  0|  11|          32|           8|
    |tmp_56_fu_576_p2        |   icmp   |      0|  0|  11|          32|           1|
    |tmp_57_fu_683_p2        |   icmp   |      0|  0|  11|          32|          32|
    |tmp_58_fu_693_p2        |   icmp   |      0|  0|  11|          32|          32|
    |tmp_61_fu_717_p2        |   icmp   |      0|  0|  11|          32|          13|
    |tmp_62_fu_723_p2        |   icmp   |      0|  0|  11|          32|          32|
    |tmp_63_fu_728_p2        |   icmp   |      0|  0|  11|          32|          32|
    |tmp_64_fu_750_p2        |   icmp   |      0|  0|  11|          32|          13|
    |or_cond1_fu_491_p2      |    or    |      0|  0|   1|           1|           1|
    |or_cond3_fu_739_p2      |    or    |      0|  0|   1|           1|           1|
    |or_cond4_fu_756_p2      |    or    |      0|  0|   1|           1|           1|
    |tmp1_fu_733_p2          |    or    |      0|  0|   1|           1|           1|
    |tmp_16_fu_408_p2        |    or    |      0|  0|   1|           1|           1|
    |tmp_22_fu_561_p2        |    or    |      0|  0|   1|           1|           1|
    |tmp_34_fu_811_p2        |    or    |      0|  0|   1|           1|           1|
    +------------------------+----------+-------+---+----+------------+------------+
    |Total                   |          |      0|  0| 632|         881|         472|
    +------------------------+----------+-------+---+----+------------+------------+

    * Multiplexer: 
    +---------------------+----+-----------+-----+-----------+
    |         Name        | LUT| Input Size| Bits| Total Bits|
    +---------------------+----+-----------+-----+-----------+
    |ap_NS_fsm            |  15|         17|    1|         17|
    |begins_address0      |   7|          4|    7|         28|
    |begins_d0            |  32|          3|   32|         96|
    |count_fu_70          |  32|          2|   32|         64|
    |deleteFlag_fu_66     |  32|          2|   32|         64|
    |ends_address0        |   7|          5|    7|         35|
    |ends_d0              |  32|          3|   32|         96|
    |firstSet_reg_221     |  32|          2|   32|         64|
    |first_4_reg_257      |  14|          2|   14|         28|
    |first_reg_245        |  32|          2|   32|         64|
    |grp_fu_296_opcode    |   5|          3|    5|         15|
    |grp_fu_296_p0        |  64|          4|   64|        256|
    |grp_fu_296_p1        |  64|          4|   64|        256|
    |i_3_reg_280          |  14|          2|   14|         28|
    |i_reg_210            |   7|          2|    7|         14|
    |inSound_address0     |  14|          5|   14|         70|
    |index_5_fu_78        |  32|          2|   32|         64|
    |index_fu_62          |  32|          2|   32|         64|
    |j_fu_82              |  32|          2|   32|         64|
    |last_reg_233         |  32|          2|   32|         64|
    |markBegin_2_reg_268  |  14|          2|   14|         28|
    |markBegin_fu_74      |  14|          2|   14|         28|
    |outSound_address0    |  13|          3|   13|         39|
    |outSound_d0          |  32|          3|   32|         96|
    +---------------------+----+-----------+-----+-----------+
    |Total                | 604|         80|  590|       1642|
    +---------------------+----+-----------+-----+-----------+

    * Register: 
    +---------------------------+----+----+-----+-----------+
    |            Name           | FF | LUT| Bits| Const Bits|
    +---------------------------+----+----+-----+-----------+
    |ap_CS_fsm                  |  16|   0|   16|          0|
    |count_fu_70                |  32|   0|   32|          0|
    |deleteFlag_fu_66           |  32|   0|   32|          0|
    |firstSet_reg_221           |  32|   0|   32|          0|
    |first_4_cast4_reg_836      |  14|   0|   32|         18|
    |first_4_reg_257            |  14|   0|   14|          0|
    |first_reg_245              |  32|   0|   32|          0|
    |i_3_cast2_reg_979          |  14|   0|   32|         18|
    |i_3_reg_280                |  14|   0|   14|          0|
    |i_4_reg_845                |  14|   0|   14|          0|
    |i_5_reg_924                |  14|   0|   14|          0|
    |i_6_reg_991                |  14|   0|   14|          0|
    |i_reg_210                  |   7|   0|    7|          0|
    |inSound_load_2_reg_1041    |  32|   0|   32|          0|
    |index_5_fu_78              |  32|   0|   32|          0|
    |index_fu_62                |  32|   0|   32|          0|
    |j_fu_82                    |  32|   0|   32|          0|
    |last_reg_233               |  32|   0|   32|          0|
    |markBegin_2_cast3_reg_916  |  14|   0|   32|         18|
    |markBegin_2_reg_268        |  14|   0|   14|          0|
    |markBegin_fu_74            |  14|   0|   32|         18|
    |markBegin_load_reg_910     |  14|   0|   32|         18|
    |or_cond1_reg_929           |   1|   0|    1|          0|
    |or_cond3_reg_1029          |   1|   0|    1|          0|
    |tmp_15_reg_952             |  63|   0|   63|          0|
    |tmp_18_reg_889             |   1|   0|    1|          0|
    |tmp_19_reg_957             |  52|   0|   52|          0|
    |tmp_20_reg_1046            |  63|   0|   63|          0|
    |tmp_21_reg_962             |  11|   0|   11|          0|
    |tmp_24_reg_971             |   1|   0|    1|          0|
    |tmp_25_reg_1051            |  52|   0|   52|          0|
    |tmp_33_reg_1056            |  11|   0|   11|          0|
    |tmp_46_reg_883             |  64|   0|   64|          0|
    |tmp_50_reg_967             |   1|   0|    1|          0|
    |tmp_51_reg_996             |  64|   0|   64|          0|
    |tmp_52_reg_1007            |   1|   0|    1|          0|
    |tmp_54_reg_1011            |   1|   0|    1|          0|
    |tmp_57_reg_1020            |   1|   0|    1|          0|
    +---------------------------+----+----+-----+-----------+
    |Total                      | 853|   0|  943|         90|
    +---------------------------+----+----+-----+-----------+



================================================================
== Interface
================================================================
* Summary: 
+-------------------+-----+-----+------------+--------------------------+--------------+
|     RTL Ports     | Dir | Bits|  Protocol  |       Source Object      |    C Type    |
+-------------------+-----+-----+------------+--------------------------+--------------+
|ap_clk             |  in |    1| ap_ctrl_hs | voicerec_preprocessSound | return value |
|ap_rst             |  in |    1| ap_ctrl_hs | voicerec_preprocessSound | return value |
|ap_start           |  in |    1| ap_ctrl_hs | voicerec_preprocessSound | return value |
|ap_done            | out |    1| ap_ctrl_hs | voicerec_preprocessSound | return value |
|ap_idle            | out |    1| ap_ctrl_hs | voicerec_preprocessSound | return value |
|ap_ready           | out |    1| ap_ctrl_hs | voicerec_preprocessSound | return value |
|inSound_address0   | out |   14|  ap_memory |          inSound         |     array    |
|inSound_ce0        | out |    1|  ap_memory |          inSound         |     array    |
|inSound_we0        | out |    1|  ap_memory |          inSound         |     array    |
|inSound_d0         | out |   32|  ap_memory |          inSound         |     array    |
|inSound_q0         |  in |   32|  ap_memory |          inSound         |     array    |
|outSound_address0  | out |   13|  ap_memory |         outSound         |     array    |
|outSound_ce0       | out |    1|  ap_memory |         outSound         |     array    |
|outSound_we0       | out |    1|  ap_memory |         outSound         |     array    |
|outSound_d0        | out |   32|  ap_memory |         outSound         |     array    |
+-------------------+-----+-----+------------+--------------------------+--------------+

