

================================================================
== Vivado HLS Report for 'voicerec_feedForward'
================================================================
* Date:           Fri Dec 11 15:33:56 2015

* Version:        2015.2 (Build 1266856 on Fri Jun 26 16:57:37 PM 2015)
* Project:        voicerec.prj
* Solution:       solution1
* Product family: zynq
* Target device:  xc7z020clg484-1


================================================================
== Performance Estimates
================================================================
+ Timing (ns): 
    * Summary: 
    +--------+-------+----------+------------+
    |  Clock | Target| Estimated| Uncertainty|
    +--------+-------+----------+------------+
    |ap_clk  |  10.00|      8.62|        1.25|
    +--------+-------+----------+------------+

+ Latency (clock cycles): 
    * Summary: 
    +--------+--------+--------+--------+---------+
    |     Latency     |     Interval    | Pipeline|
    |   min  |   max  |   min  |   max  |   Type  |
    +--------+--------+--------+--------+---------+
    |  247418|  247418|  247418|  247418|   none  |
    +--------+--------+--------+--------+---------+

    + Detail: 
        * Instance: 
        N/A

        * Loop: 
        +-------------+--------+--------+----------+-----------+-----------+------+----------+
        |             |     Latency     | Iteration|  Initiation Interval  | Trip |          |
        |  Loop Name  |   min  |   max  |  Latency |  achieved |   target  | Count| Pipelined|
        +-------------+--------+--------+----------+-----------+-----------+------+----------+
        |- Loop 1     |    1764|    1764|         2|          -|          -|   882|    no    |
        |- Loop 2     |  244275|  244275|      9771|          -|          -|    25|    no    |
        | + Loop 2.1  |    9713|    9713|        11|          -|          -|   883|    no    |
        |- Loop 3     |    1376|    1376|       344|          -|          -|     4|    no    |
        | + Loop 3.1  |     286|     286|        11|          -|          -|    26|    no    |
        +-------------+--------+--------+----------+-----------+-----------+------+----------+



================================================================
== Utilization Estimates
================================================================
* Summary: 
+-----------------+---------+-------+--------+-------+
|       Name      | BRAM_18K| DSP48E|   FF   |  LUT  |
+-----------------+---------+-------+--------+-------+
|Expression       |        -|      -|       0|    175|
|FIFO             |        -|      -|       -|      -|
|Instance         |        -|     34|    5781|   8532|
|Memory           |       67|      -|      64|     13|
|Multiplexer      |        -|      -|       -|    681|
|Register         |        -|      -|     676|      -|
+-----------------+---------+-------+--------+-------+
|Total            |       67|     34|    6521|   9401|
+-----------------+---------+-------+--------+-------+
|Available        |      280|    220|  106400|  53200|
+-----------------+---------+-------+--------+-------+
|Utilization (%)  |       23|     15|       6|     17|
+-----------------+---------+-------+--------+-------+

+ Detail: 
    * Instance: 
    +--------------------------------------------+----------------------------------------+---------+-------+------+------+
    |                  Instance                  |                 Module                 | BRAM_18K| DSP48E|  FF  |  LUT |
    +--------------------------------------------+----------------------------------------+---------+-------+------+------+
    |voicerec_dadd_64ns_64ns_64_5_full_dsp_U38   |voicerec_dadd_64ns_64ns_64_5_full_dsp   |        0|      3|   445|  1149|
    |voicerec_ddiv_64ns_64ns_64_31_U39           |voicerec_ddiv_64ns_64ns_64_31           |        0|      0|  3211|  3658|
    |voicerec_dexp_64ns_64ns_64_18_full_dsp_U40  |voicerec_dexp_64ns_64ns_64_18_full_dsp  |        0|     26|  1549|  2599|
    |voicerec_fadd_32ns_32ns_32_5_full_dsp_U34   |voicerec_fadd_32ns_32ns_32_5_full_dsp   |        0|      2|   205|   390|
    |voicerec_fmul_32ns_32ns_32_4_max_dsp_U35    |voicerec_fmul_32ns_32ns_32_4_max_dsp    |        0|      3|   143|   321|
    |voicerec_fpext_32ns_64_1_U37                |voicerec_fpext_32ns_64_1                |        0|      0|   100|   138|
    |voicerec_fptrunc_64ns_32_1_U36              |voicerec_fptrunc_64ns_32_1              |        0|      0|   128|   277|
    +--------------------------------------------+----------------------------------------+---------+-------+------+------+
    |Total                                       |                                        |        0|     34|  5781|  8532|
    +--------------------------------------------+----------------------------------------+---------+-------+------+------+

    * Memory: 
    +------------+-------------------------------+---------+----+----+-------+-----+------+-------------+
    |   Memory   |             Module            | BRAM_18K| FF | LUT| Words | Bits| Banks| W*Bits*Banks|
    +------------+-------------------------------+---------+----+----+-------+-----+------+-------------+
    |input_r_U   |voicerec_feedForward_input_r   |        2|   0|   0|    883|   32|     1|        28256|
    |weightHO_U  |voicerec_feedForward_weightHO  |        1|   0|   0|    104|   32|     1|         3328|
    |weightIH_U  |voicerec_feedForward_weightIH  |       64|   0|   0|  22075|   32|     1|       706400|
    |hidden_U    |voicerec_processChunk_e        |        0|  64|  13|     26|   32|     1|          832|
    +------------+-------------------------------+---------+----+----+-------+-----+------+-------------+
    |Total       |                               |       67|  64|  13|  23088|  128|     4|       738816|
    +------------+-------------------------------+---------+----+----+-------+-----+------+-------------+

    * FIFO: 
    N/A

    * Expression: 
    +--------------------------+----------+-------+---+----+------------+------------+
    |       Variable Name      | Operation| DSP48E| FF| LUT| Bitwidth P0| Bitwidth P1|
    +--------------------------+----------+-------+---+----+------------+------------+
    |j_1_fu_325_p2             |     +    |      0|  0|  10|          10|           1|
    |j_2_fu_342_p2             |     +    |      0|  0|   5|           5|           1|
    |j_3_fu_411_p2             |     +    |      0|  0|   3|           3|           1|
    |k_1_fu_363_p2             |     +    |      0|  0|  10|          10|           1|
    |k_2_fu_432_p2             |     +    |      0|  0|   5|           5|           1|
    |next_mul_fu_374_p2        |     +    |      0|  0|  15|          15|           5|
    |weightHO_addr4_fu_455_p2  |     +    |      0|  0|   8|           8|           8|
    |weightIH_addr2_fu_380_p2  |     +    |      0|  0|  15|          15|          15|
    |exitcond1_fu_405_p2       |   icmp   |      0|  0|   2|           3|           4|
    |exitcond2_fu_357_p2       |   icmp   |      0|  0|   4|          10|           9|
    |exitcond3_fu_336_p2       |   icmp   |      0|  0|   2|           5|           4|
    |exitcond4_fu_319_p2       |   icmp   |      0|  0|   4|          10|           9|
    |exitcond_fu_426_p2        |   icmp   |      0|  0|   2|           5|           4|
    |tmp_13_neg_fu_469_p2      |    xor   |      0|  0|  45|          32|          33|
    |tmp_5_neg_fu_394_p2       |    xor   |      0|  0|  45|          32|          33|
    +--------------------------+----------+-------+---+----+------------+------------+
    |Total                     |          |      0|  0| 175|         168|         129|
    +--------------------------+----------+-------+---+----+------------+------------+

    * Multiplexer: 
    +-------------------+-----+-----------+-----+-----------+
    |        Name       | LUT | Input Size| Bits| Total Bits|
    +-------------------+-----+-----------+-----+-----------+
    |ap_NS_fsm          |  360|        140|    1|        140|
    |grp_fu_245_p0      |   32|          3|   32|         96|
    |grp_fu_251_p0      |   32|          3|   32|         96|
    |grp_fu_251_p1      |   32|          3|   32|         96|
    |grp_fu_262_p0      |   32|          3|   32|         96|
    |hidden_address0    |    5|          4|    5|         20|
    |hidden_d0          |   32|          4|   32|        128|
    |input_r_address0   |   10|          3|   10|         30|
    |j1_reg_166         |    5|          2|    5|         10|
    |j2_reg_211         |    3|          2|    3|          6|
    |j_reg_155          |   10|          2|   10|         20|
    |k3_reg_234         |    5|          2|    5|         10|
    |k_reg_189          |   10|          2|   10|         20|
    |output_r_address0  |    2|          3|    2|          6|
    |output_r_d0        |   32|          4|   32|        128|
    |phi_mul_reg_200    |   15|          2|   15|         30|
    |tmp_12_reg_222     |   32|          2|   32|         64|
    |tmp_3_reg_177      |   32|          2|   32|         64|
    +-------------------+-----+-----------+-----+-----------+
    |Total              |  681|        186|  322|       1060|
    +-------------------+-----+-----------+-----+-----------+

    * Register: 
    +------------------------+-----+----+-----+-----------+
    |          Name          |  FF | LUT| Bits| Const Bits|
    +------------------------+-----+----+-----+-----------+
    |ap_CS_fsm               |  139|   0|  139|          0|
    |hidden_addr_reg_506     |    5|   0|    5|          0|
    |j1_reg_166              |    5|   0|    5|          0|
    |j2_reg_211              |    3|   0|    3|          0|
    |j_1_reg_483             |   10|   0|   10|          0|
    |j_2_reg_501             |    5|   0|    5|          0|
    |j_3_reg_552             |    3|   0|    3|          0|
    |j_reg_155               |   10|   0|   10|          0|
    |k3_reg_234              |    5|   0|    5|          0|
    |k_1_reg_519             |   10|   0|   10|          0|
    |k_2_reg_570             |    5|   0|    5|          0|
    |k_reg_189               |   10|   0|   10|          0|
    |next_mul_reg_529        |   15|   0|   15|          0|
    |output_addr_reg_557     |    2|   0|    2|          0|
    |phi_mul_reg_200         |   15|   0|   15|          0|
    |reg_280                 |   64|   0|   64|          0|
    |reg_285                 |   32|   0|   32|          0|
    |reg_290                 |   32|   0|   32|          0|
    |reg_298                 |   64|   0|   64|          0|
    |reg_303                 |   64|   0|   64|          0|
    |reg_308                 |   64|   0|   64|          0|
    |reg_313                 |   32|   0|   32|          0|
    |tmp_12_reg_222          |   32|   0|   32|          0|
    |tmp_2_trn_cast_reg_511  |    5|   0|   15|         10|
    |tmp_3_reg_177           |   32|   0|   32|          0|
    |tmp_4_trn_cast_reg_562  |    3|   0|    8|          5|
    |tmp_reg_488             |   10|   0|   64|         54|
    +------------------------+-----+----+-----+-----------+
    |Total                   |  676|   0|  745|         69|
    +------------------------+-----+----+-----+-----------+



================================================================
== Interface
================================================================
* Summary: 
+-------------------+-----+-----+------------+----------------------+--------------+
|     RTL Ports     | Dir | Bits|  Protocol  |     Source Object    |    C Type    |
+-------------------+-----+-----+------------+----------------------+--------------+
|ap_clk             |  in |    1| ap_ctrl_hs | voicerec_feedForward | return value |
|ap_rst             |  in |    1| ap_ctrl_hs | voicerec_feedForward | return value |
|ap_start           |  in |    1| ap_ctrl_hs | voicerec_feedForward | return value |
|ap_done            | out |    1| ap_ctrl_hs | voicerec_feedForward | return value |
|ap_idle            | out |    1| ap_ctrl_hs | voicerec_feedForward | return value |
|ap_ready           | out |    1| ap_ctrl_hs | voicerec_feedForward | return value |
|pattern_address0   | out |   10|  ap_memory |        pattern       |     array    |
|pattern_ce0        | out |    1|  ap_memory |        pattern       |     array    |
|pattern_q0         |  in |   32|  ap_memory |        pattern       |     array    |
|output_r_address0  | out |    2|  ap_memory |       output_r       |     array    |
|output_r_ce0       | out |    1|  ap_memory |       output_r       |     array    |
|output_r_we0       | out |    1|  ap_memory |       output_r       |     array    |
|output_r_d0        | out |   32|  ap_memory |       output_r       |     array    |
+-------------------+-----+-----+------------+----------------------+--------------+

