

================================================================
== Vivado HLS Report for 'voicerec'
================================================================
* Date:           Sun Dec 13 12:33:23 2015

* Version:        2015.2 (Build 1266856 on Fri Jun 26 16:57:37 PM 2015)
* Project:        voicerec.prj
* Solution:       solution1
* Product family: zynq
* Target device:  xc7z020clg484-1


================================================================
== Performance Estimates
================================================================
+ Timing (ns): 
    * Summary: 
    +--------+-------+----------+------------+
    |  Clock | Target| Estimated| Uncertainty|
    +--------+-------+----------+------------+
    |ap_clk  |  10.00|      9.58|        1.25|
    +--------+-------+----------+------------+

+ Latency (clock cycles): 
    * Summary: 
    +-----+-----------+-----+-----------+---------+
    |     Latency     |     Interval    | Pipeline|
    | min |    max    | min |    max    |   Type  |
    +-----+-----------+-----+-----------+---------+
    |    1|  153696946|    2|  153696947|   none  |
    +-----+-----------+-----+-----------+---------+

    + Detail: 
        * Instance: 
        +-------------------------------------+--------------------------+--------+---------+--------+---------+---------+
        |                                     |                          |      Latency     |     Interval     | Pipeline|
        |               Instance              |          Module          |   min  |   max   |   min  |   max   |   Type  |
        +-------------------------------------+--------------------------+--------+---------+--------+---------+---------+
        |grp_voicerec_classifySound_fu_144    |voicerec_classifySound    |  249327|   249327|  249327|   249327|   none  |
        |grp_voicerec_processChunk_fu_161     |voicerec_processChunk     |   15742|  2511728|   15742|  2511728|   none  |
        |grp_voicerec_preprocessSound_fu_186  |voicerec_preprocessSound  |  168085|   232085|  168085|   232085|   none  |
        +-------------------------------------+--------------------------+--------+---------+--------+---------+---------+

        * Loop: 
        +----------+--------+-----------+-----------------+-----------+-----------+------+----------+
        |          |       Latency      |    Iteration    |  Initiation Interval  | Trip |          |
        | Loop Name|   min  |    max    |     Latency     |  achieved |   target  | Count| Pipelined|
        +----------+--------+-----------+-----------------+-----------+-----------+------+----------+
        |- Loop 1  |  960384|  153215530| 15744 ~ 2511730 |          -|          -|    61|    no    |
        +----------+--------+-----------+-----------------+-----------+-----------+------+----------+



================================================================
== Utilization Estimates
================================================================
* Summary: 
+-----------------+---------+-------+--------+-------+
|       Name      | BRAM_18K| DSP48E|   FF   |  LUT  |
+-----------------+---------+-------+--------+-------+
|Expression       |        -|      -|       0|     65|
|FIFO             |        -|      -|       -|      -|
|Instance         |       78|     69|   13333|  20024|
|Memory           |       50|      -|       0|      0|
|Multiplexer      |        -|      -|       -|    223|
|Register         |        -|      -|     144|      -|
+-----------------+---------+-------+--------+-------+
|Total            |      128|     69|   13477|  20312|
+-----------------+---------+-------+--------+-------+
|Available        |      280|    220|  106400|  53200|
+-----------------+---------+-------+--------+-------+
|Utilization (%)  |       45|     31|      12|     38|
+-----------------+---------+-------+--------+-------+

+ Detail: 
    * Instance: 
    +-------------------------------------+--------------------------+---------+-------+------+------+
    |               Instance              |          Module          | BRAM_18K| DSP48E|  FF  |  LUT |
    +-------------------------------------+--------------------------+---------+-------+------+------+
    |grp_voicerec_classifySound_fu_144    |voicerec_classifySound    |       69|     34|  6851|  9882|
    |grp_voicerec_preprocessSound_fu_186  |voicerec_preprocessSound  |        2|      0|  1161|  1949|
    |grp_voicerec_processChunk_fu_161     |voicerec_processChunk     |        7|     35|  5321|  8193|
    +-------------------------------------+--------------------------+---------+-------+------+------+
    |Total                                |                          |       78|     69| 13333| 20024|
    +-------------------------------------+--------------------------+---------+-------+------+------+

    * Memory: 
    +------------+-------------------+---------+---+----+-------+-----+------+-------------+
    |   Memory   |       Module      | BRAM_18K| FF| LUT| Words | Bits| Banks| W*Bits*Banks|
    +------------+-------------------+---------+---+----+-------+-----+------+-------------+
    |inSound_U   |voicerec_inSound   |       32|  0|   0|  16000|   32|     1|       512000|
    |outSound_U  |voicerec_outSound  |       16|  0|   0|   8000|   32|     1|       256000|
    |result_U    |voicerec_result    |        2|  0|   0|    882|   32|     1|        28224|
    +------------+-------------------+---------+---+----+-------+-----+------+-------------+
    |Total       |                   |       50|  0|   0|  24882|   96|     3|       796224|
    +------------+-------------------+---------+---+----+-------+-----+------+-------------+

    * FIFO: 
    N/A

    * Expression: 
    +--------------------------------+----------+-------+---+----+------------+------------+
    |          Variable Name         | Operation| DSP48E| FF| LUT| Bitwidth P0| Bitwidth P1|
    +--------------------------------+----------+-------+---+----+------------+------------+
    |i_1_fu_230_p2                   |     +    |      0|  0|  13|          13|           8|
    |index_1_fu_224_p2               |     +    |      0|  0|   6|           6|           1|
    |sampleCounter_assign_fu_201_p2  |     +    |      0|  0|  32|          32|           1|
    |exitcond_fu_218_p2              |   icmp   |      0|  0|   3|           6|           3|
    |tmp_s_fu_212_p2                 |   icmp   |      0|  0|  11|          32|          14|
    +--------------------------------+----------+-------+---+----+------------+------------+
    |Total                           |          |      0|  0|  65|          89|          27|
    +--------------------------------+----------+-------+---+----+------------+------------+

    * Multiplexer: 
    +---------------------------------+----+-----------+-----+-----------+
    |               Name              | LUT| Input Size| Bits| Total Bits|
    +---------------------------------+----+-----------+-----+-----------+
    |ap_NS_fsm                        |   1|          7|    1|          7|
    |i_reg_99                         |  13|          2|   13|         26|
    |inSound_address0                 |  14|          3|   14|         42|
    |inSound_ce0                      |   1|          3|    1|          3|
    |inSound_d0                       |  32|          3|   32|         96|
    |inSound_we0                      |   1|          3|    1|          3|
    |index_reg_111                    |   6|          2|    6|         12|
    |outSound_address0                |  13|          3|   13|         39|
    |outSound_ce0                     |   1|          3|    1|          3|
    |outSound_we0                     |   1|          2|    1|          2|
    |p_0_phi_fu_137_p4                |  32|          2|   32|         64|
    |p_0_reg_133                      |  32|          2|   32|         64|
    |result_address0                  |  10|          3|   10|         30|
    |result_ce0                       |   1|          3|    1|          3|
    |result_we0                       |   1|          2|    1|          2|
    |sampleCounter_new_phi_fu_126_p4  |  32|          2|   32|         64|
    |sampleCounter_new_reg_123        |  32|          2|   32|         64|
    +---------------------------------+----+-----------+-----+-----------+
    |Total                            | 223|         47|  223|        524|
    +---------------------------------+----+-----------+-----+-----------+

    * Register: 
    +-----------------------------------------------------------+----+----+-----+-----------+
    |                            Name                           | FF | LUT| Bits| Const Bits|
    +-----------------------------------------------------------+----+----+-----+-----------+
    |ap_CS_fsm                                                  |   6|   0|    6|          0|
    |grp_voicerec_classifySound_fu_144_ap_start_ap_start_reg    |   1|   0|    1|          0|
    |grp_voicerec_preprocessSound_fu_186_ap_start_ap_start_reg  |   1|   0|    1|          0|
    |grp_voicerec_processChunk_fu_161_ap_start_ap_start_reg     |   1|   0|    1|          0|
    |i_1_reg_259                                                |  13|   0|   13|          0|
    |i_reg_99                                                   |  13|   0|   13|          0|
    |index_1_reg_254                                            |   6|   0|    6|          0|
    |index_reg_111                                              |   6|   0|    6|          0|
    |p_0_reg_133                                                |  32|   0|   32|          0|
    |sampleCounter                                              |  32|   0|   32|          0|
    |sampleCounter_new_reg_123                                  |  32|   0|   32|          0|
    |tmp_s_reg_247                                              |   1|   0|    1|          0|
    +-----------------------------------------------------------+----+----+-----+-----------+
    |Total                                                      | 144|   0|  144|          0|
    +-----------------------------------------------------------+----+----+-----+-----------+



================================================================
== Interface
================================================================
* Summary: 
+------------+-----+-----+------------+--------------+--------------+
|  RTL Ports | Dir | Bits|  Protocol  | Source Object|    C Type    |
+------------+-----+-----+------------+--------------+--------------+
|ap_clk      |  in |    1| ap_ctrl_hs |   voicerec   | return value |
|ap_rst      |  in |    1| ap_ctrl_hs |   voicerec   | return value |
|ap_start    |  in |    1| ap_ctrl_hs |   voicerec   | return value |
|ap_done     | out |    1| ap_ctrl_hs |   voicerec   | return value |
|ap_idle     | out |    1| ap_ctrl_hs |   voicerec   | return value |
|ap_ready    | out |    1| ap_ctrl_hs |   voicerec   | return value |
|ap_return   | out |   32| ap_ctrl_hs |   voicerec   | return value |
|new_sample  |  in |   32|   ap_none  |  new_sample  |    pointer   |
+------------+-----+-----+------------+--------------+--------------+

