

================================================================
== Vivado HLS Report for 'voicerec_processChunk'
================================================================
* Date:           Sat Dec 12 03:01:09 2015

* Version:        2014.4 (Build 1071461 on Tue Nov 18 16:42:57 PM 2014)
* Project:        voicerec.prj
* Solution:       solution1
* Product family: zynq
* Target device:  xc7z020clg484-1


================================================================
== Performance Estimates
================================================================
+ Timing (ns): 
    * Summary: 
    +---------+-------+----------+------------+
    |  Clock  | Target| Estimated| Uncertainty|
    +---------+-------+----------+------------+
    |default  |  10.00|      8.09|        1.25|
    +---------+-------+----------+------------+

+ Latency (clock cycles): 
    * Summary: 
    +-------+---------+-------+---------+---------+
    |     Latency     |     Interval    | Pipeline|
    |  min  |   max   |  min  |   max   |   Type  |
    +-------+---------+-------+---------+---------+
    |  15742|  2511728|  15742|  2511728|   none  |
    +-------+---------+-------+---------+---------+

    + Detail: 
        * Instance: 
        +-------------------------+--------------+------+---------+------+---------+---------+
        |                         |              |     Latency    |    Interval    | Pipeline|
        |         Instance        |    Module    |  min |   max   |  min |   max   |   Type  |
        +-------------------------+--------------+------+---------+------+---------+---------+
        |grp_voicerec_FFT_fu_407  |voicerec_FFT  |  4994|  2496898|  4994|  2496898|   none  |
        +-------------------------+--------------+------+---------+------+---------+---------+

        * Loop: 
        +-------------+------+------+----------+-----------+-----------+------+----------+
        |             |   Latency   | Iteration|  Initiation Interval  | Trip |          |
        |  Loop Name  |  min |  max |  Latency |  achieved |   target  | Count| Pipelined|
        +-------------+------+------+----------+-----------+-----------+------+----------+
        |- Loop 1     |   512|   512|         2|          -|          -|   256|    no    |
        |- Loop 2     |  3584|  3584|        14|          -|          -|   256|    no    |
        |- Loop 3     |  1280|  4608|  5 ~ 18  |          -|          -|   256|    no    |
        |- Loop 4     |   130|   884|  5 ~ 34  |          -|          -|    26|    no    |
        |- Loop 5     |  5236|  5236|       374|          -|          -|    14|    no    |
        | + Loop 5.1  |   364|   364|        14|          -|          -|    26|    no    |
        +-------------+------+------+----------+-----------+-----------+------+----------+



================================================================
== Utilization Estimates
================================================================
* Summary: 
+-----------------+---------+-------+--------+-------+
|       Name      | BRAM_18K| DSP48E|   FF   |  LUT  |
+-----------------+---------+-------+--------+-------+
|Expression       |        -|      -|       0|    347|
|FIFO             |        -|      -|       -|      -|
|Instance         |        2|     35|    4370|   7511|
|Memory           |        5|      -|      72|     17|
|Multiplexer      |        -|      -|       -|    652|
|Register         |        -|      -|     917|      -|
+-----------------+---------+-------+--------+-------+
|Total            |        7|     35|    5359|   8527|
+-----------------+---------+-------+--------+-------+
|Available        |      280|    220|  106400|  53200|
+-----------------+---------+-------+--------+-------+
|Utilization (%)  |        2|     15|       5|     16|
+-----------------+---------+-------+--------+-------+

+ Detail: 
    * Instance: 
    +-----------------------------------------------+-------------------------------------------+---------+-------+------+------+
    |                    Instance                   |                   Module                  | BRAM_18K| DSP48E|  FF  |  LUT |
    +-----------------------------------------------+-------------------------------------------+---------+-------+------+------+
    |grp_voicerec_FFT_fu_407                        |voicerec_FFT                               |        2|     16|  2167|  3699|
    |voicerec_dmul_64ns_64ns_64_6_max_dsp_U23       |voicerec_dmul_64ns_64ns_64_6_max_dsp       |        0|     11|   317|   578|
    |voicerec_faddfsub_32ns_32ns_32_5_full_dsp_U15  |voicerec_faddfsub_32ns_32ns_32_5_full_dsp  |        0|      2|   205|   390|
    |voicerec_fcmp_32ns_32ns_1_1_U22                |voicerec_fcmp_32ns_32ns_1_1                |        0|      0|    66|   239|
    |voicerec_fdiv_32ns_32ns_32_16_U18              |voicerec_fdiv_32ns_32ns_32_16              |        0|      0|   761|   994|
    |voicerec_fmul_32ns_32ns_32_4_max_dsp_U16       |voicerec_fmul_32ns_32ns_32_4_max_dsp       |        0|      3|   143|   321|
    |voicerec_fmul_32ns_32ns_32_4_max_dsp_U17       |voicerec_fmul_32ns_32ns_32_4_max_dsp       |        0|      3|   143|   321|
    |voicerec_fpext_32ns_64_1_U21                   |voicerec_fpext_32ns_64_1                   |        0|      0|   100|   138|
    |voicerec_fptrunc_64ns_32_1_U20                 |voicerec_fptrunc_64ns_32_1                 |        0|      0|   128|   277|
    |voicerec_uitofp_32ns_32_6_U19                  |voicerec_uitofp_32ns_32_6                  |        0|      0|   340|   554|
    +-----------------------------------------------+-------------------------------------------+---------+-------+------+------+
    |Total                                          |                                           |        2|     35|  4370|  7511|
    +-----------------------------------------------+-------------------------------------------+---------+-------+------+------+

    * Memory: 
    +-------------+---------------------------------+---------+----+----+------+-----+------+-------------+
    |    Memory   |              Module             | BRAM_18K| FF | LUT| Words| Bits| Banks| W*Bits*Banks|
    +-------------+---------------------------------+---------+----+----+------+-----+------+-------------+
    |c_U          |voicerec_processChunk_c          |        2|   0|   0|   512|   32|     1|        16384|
    |dctMatrix_U  |voicerec_processChunk_dctMatrix  |        2|   0|   0|   676|   32|     1|        21632|
    |e_U          |voicerec_processChunk_e          |        0|  64|  13|    26|   32|     1|          832|
    |mell_U       |voicerec_processChunk_mell       |        0|   8|   4|    27|    8|     1|          216|
    |spec_U       |voicerec_processChunk_spec       |        1|   0|   0|   256|   32|     1|         8192|
    +-------------+---------------------------------+---------+----+----+------+-----+------+-------------+
    |Total        |                                 |        5|  72|  17|  1497|  136|     5|        47256|
    +-------------+---------------------------------+---------+----+----+------+-----+------+-------------+

    * FIFO: 
    N/A

    * Expression: 
    +---------------------------+----------+-------+---+----+------------+------------+
    |       Variable Name       | Operation| DSP48E| FF| LUT| Bitwidth P0| Bitwidth P1|
    +---------------------------+----------+-------+---+----+------------+------------+
    |dctMatrix_addr4_fu_859_p2  |     +    |      0|  0|   9|           9|           9|
    |grp_fu_468_p2              |     +    |      0|  0|  32|          32|           1|
    |i_4_fu_521_p2              |     +    |      0|  0|   9|           9|           1|
    |i_5_fu_576_p2              |     +    |      0|  0|   9|           9|           1|
    |i_6_fu_700_p2              |     +    |      0|  0|   5|           5|           1|
    |i_7_fu_619_p2              |     +    |      0|  0|   9|           9|           1|
    |k_fu_814_p2                |     +    |      0|  0|   4|           4|           1|
    |n_fu_844_p2                |     +    |      0|  0|   5|           5|           1|
    |next_mul_fu_802_p2         |     +    |      0|  0|   9|           9|           5|
    |p_addr1_fu_865_p2          |     +    |      0|  0|  12|          12|          12|
    |tmp_fu_527_p2              |     +    |      0|  0|  14|          14|          14|
    |p_addr_fu_733_p2           |     -    |      0|  0|  11|          11|          11|
    |p_mellIdx_fu_687_p3        |  Select  |      0|  0|  32|           1|          32|
    |s_fu_826_p3                |  Select  |      0|  0|  30|           1|          30|
    |tmp_72_fu_780_p2           |    and   |      0|  0|   1|           1|           1|
    |exitcond1_fu_613_p2        |   icmp   |      0|  0|  11|           9|          10|
    |exitcond2_fu_570_p2        |   icmp   |      0|  0|  11|           9|          10|
    |exitcond3_fu_515_p2        |   icmp   |      0|  0|  11|           9|          10|
    |exitcond3_i_fu_808_p2      |   icmp   |      0|  0|   4|           4|           3|
    |exitcond_fu_694_p2         |   icmp   |      0|  0|   5|           5|           4|
    |exitcond_i_fu_838_p2       |   icmp   |      0|  0|   5|           5|           4|
    |notlhs_fu_762_p2           |   icmp   |      0|  0|   8|           8|           2|
    |notrhs_fu_768_p2           |   icmp   |      0|  0|  29|          23|           1|
    |tmp_1_i_fu_820_p2          |   icmp   |      0|  0|   4|           4|           1|
    |tmp_43_fu_559_p2           |   icmp   |      0|  0|   9|           9|           5|
    |tmp_55_fu_638_p2           |   icmp   |      0|  0|  11|          10|          10|
    |tmp_58_fu_648_p2           |   icmp   |      0|  0|   9|           9|           9|
    |tmp_63_fu_662_p2           |   icmp   |      0|  0|   9|           9|           9|
    |tmp_68_fu_682_p2           |   icmp   |      0|  0|  11|          10|          10|
    |tmp_41_fu_548_p2           |    or    |      0|  0|   9|           9|           1|
    |tmp_48_fu_593_p2           |    or    |      0|  0|   9|           9|           1|
    |tmp_70_fu_774_p2           |    or    |      0|  0|   1|           1|           1|
    +---------------------------+----------+-------+---+----+------------+------------+
    |Total                      |          |      0|  0| 347|         273|         212|
    +---------------------------+----------+-------+---+----+------------+------------+

    * Multiplexer: 
    +--------------------+-----+-----------+-----+-----------+
    |        Name        | LUT | Input Size| Bits| Total Bits|
    +--------------------+-----+-----------+-----+-----------+
    |ap_NS_fsm           |  203|         94|    1|         94|
    |c_address0          |    9|          4|    9|         36|
    |c_address1          |    9|          4|    9|         36|
    |c_ce0               |    1|          3|    1|          3|
    |c_ce1               |    1|          3|    1|          3|
    |c_d0                |   32|          3|   32|         96|
    |c_d1                |   32|          3|   32|         96|
    |c_we0               |    1|          3|    1|          3|
    |c_we1               |    1|          3|    1|          3|
    |e_address0          |   10|          8|    5|         40|
    |e_d0                |   32|          5|   32|        160|
    |grp_fu_417_opcode   |    2|          3|    2|          6|
    |grp_fu_417_p0       |   32|          6|   32|        192|
    |grp_fu_417_p1       |   32|          7|   32|        224|
    |grp_fu_424_p0       |   32|          7|   32|        224|
    |grp_fu_424_p1       |   64|          8|   32|        256|
    |i_1_reg_301         |    9|          2|    9|         18|
    |i_2_reg_313         |    9|          2|    9|         18|
    |i_3_reg_337         |    5|          2|    5|         10|
    |i_reg_289           |    9|          2|    9|         18|
    |k_i_reg_360         |    4|          2|    4|          8|
    |mellIdx_reg_325     |   32|          2|   32|         64|
    |mell_address0       |    5|          4|    5|         20|
    |n_i_reg_395         |    5|          2|    5|         10|
    |phi_mul_reg_371     |    9|          2|    9|         18|
    |spec_address0       |    8|          4|    8|         32|
    |storemerge_reg_348  |   32|          2|   32|         64|
    |sum_i_reg_383       |   32|          2|   32|         64|
    +--------------------+-----+-----------+-----+-----------+
    |Total               |  652|        192|  413|       1816|
    +--------------------+-----+-----------+-----+-----------+

    * Register: 
    +-----------------------------------------------+----+----+-----+-----------+
    |                      Name                     | FF | LUT| Bits| Const Bits|
    +-----------------------------------------------+----+----+-----+-----------+
    |ap_CS_fsm                                      |  93|   0|   93|          0|
    |dctMatrix_addr4_reg_1107                       |   9|   0|    9|          0|
    |e_addr_1_reg_1027                              |   5|   0|    5|          0|
    |e_addr_2_reg_999                               |   5|   0|    5|          0|
    |grp_voicerec_FFT_fu_407_ap_start_ap_start_reg  |   1|   0|    1|          0|
    |i_1_reg_301                                    |   9|   0|    9|          0|
    |i_2_cast_reg_943                               |   9|   0|   10|          1|
    |i_2_reg_313                                    |   9|   0|    9|          0|
    |i_3_reg_337                                    |   5|   0|    5|          0|
    |i_4_reg_895                                    |   9|   0|    9|          0|
    |i_5_reg_911                                    |   9|   0|    9|          0|
    |i_6_reg_1022                                   |   5|   0|    5|          0|
    |i_7_reg_952                                    |   9|   0|    9|          0|
    |i_reg_289                                      |   9|   0|    9|          0|
    |k_i_reg_360                                    |   4|   0|    4|          0|
    |k_reg_1079                                     |   4|   0|    4|          0|
    |mellIdx_1_reg_1004                             |  32|   0|   32|          0|
    |mellIdx_reg_325                                |  32|   0|   32|          0|
    |mell_load_cast_cast_reg_967                    |   8|   0|    9|          1|
    |n_i_reg_395                                    |   5|   0|    5|          0|
    |n_reg_1097                                     |   5|   0|    5|          0|
    |next_mul_reg_1071                              |   9|   0|    9|          0|
    |p_addr1_reg_1117                               |  12|   0|   12|          0|
    |p_addr_cast_reg_1032                           |  11|   0|   12|          1|
    |phi_mul_reg_371                                |   9|   0|    9|          0|
    |reg_474                                        |  32|   0|   32|          0|
    |reg_481                                        |  32|   0|   32|          0|
    |reg_489                                        |  32|   0|   32|          0|
    |reg_494                                        |  32|   0|   32|          0|
    |reg_501                                        |  32|   0|   32|          0|
    |s_reg_1084                                     |  12|   0|   32|         20|
    |sp_cast_reg_887                                |  13|   0|   14|          1|
    |storemerge_reg_348                             |  32|   0|   32|          0|
    |sum_i_reg_383                                  |  32|   0|   32|          0|
    |tmp_2_i_trn2_cast_reg_1089                     |   4|   0|   12|          8|
    |tmp_3_i_i_reg_1050                             |  23|   0|   32|          9|
    |tmp_50_reg_938                                 |  32|   0|   32|          0|
    |tmp_54_reg_957                                 |  64|   0|   64|          0|
    |tmp_55_reg_972                                 |   1|   0|    1|          0|
    |tmp_58_reg_981                                 |   1|   0|    1|          0|
    |tmp_63_reg_990                                 |   1|   0|    1|          0|
    |tmp_71_reg_1037                                |   1|   0|    1|          0|
    |tmp_7_i_i_reg_1061                             |  32|   0|   32|          0|
    |tmp_7_i_reg_1137                               |  32|   0|   32|          0|
    |tmp_9_i_reg_1112                               |  64|   0|   64|          0|
    |tmp_i1_reg_1132                                |  64|   0|   64|          0|
    |y_reg_1056                                     |  32|   0|   32|          0|
    +-----------------------------------------------+----+----+-----+-----------+
    |Total                                          | 917|   0|  958|         41|
    +-----------------------------------------------+----+----+-----+-----------+



================================================================
== Interface
================================================================
* Summary: 
+---------------------+-----+-----+------------+-----------------------+--------------+
|      RTL Ports      | Dir | Bits|  Protocol  |     Source Object     |    C Type    |
+---------------------+-----+-----+------------+-----------------------+--------------+
|ap_clk               |  in |    1| ap_ctrl_hs | voicerec_processChunk | return value |
|ap_rst               |  in |    1| ap_ctrl_hs | voicerec_processChunk | return value |
|ap_start             |  in |    1| ap_ctrl_hs | voicerec_processChunk | return value |
|ap_done              | out |    1| ap_ctrl_hs | voicerec_processChunk | return value |
|ap_idle              | out |    1| ap_ctrl_hs | voicerec_processChunk | return value |
|ap_ready             | out |    1| ap_ctrl_hs | voicerec_processChunk | return value |
|sp                   |  in |   13|   ap_none  |           sp          |    scalar    |
|ret_address0         | out |   10|  ap_memory |          ret          |     array    |
|ret_ce0              | out |    1|  ap_memory |          ret          |     array    |
|ret_we0              | out |    1|  ap_memory |          ret          |     array    |
|ret_d0               | out |   32|  ap_memory |          ret          |     array    |
|tmp_105              |  in |    6|   ap_none  |        tmp_105        |    scalar    |
|inputSound_address0  | out |   13|  ap_memory |       inputSound      |     array    |
|inputSound_ce0       | out |    1|  ap_memory |       inputSound      |     array    |
|inputSound_q0        |  in |   32|  ap_memory |       inputSound      |     array    |
+---------------------+-----+-----+------------+-----------------------+--------------+

