

================================================================
== Vivado HLS Report for 'voicerec_classifySound'
================================================================
* Date:           Sun Dec 13 12:33:23 2015

* Version:        2015.2 (Build 1266856 on Fri Jun 26 16:57:37 PM 2015)
* Project:        voicerec.prj
* Solution:       solution1
* Product family: zynq
* Target device:  xc7z020clg484-1


================================================================
== Performance Estimates
================================================================
+ Timing (ns): 
    * Summary: 
    +--------+-------+----------+------------+
    |  Clock | Target| Estimated| Uncertainty|
    +--------+-------+----------+------------+
    |ap_clk  |  10.00|      8.62|        1.25|
    +--------+-------+----------+------------+

+ Latency (clock cycles): 
    * Summary: 
    +--------+--------+--------+--------+---------+
    |     Latency     |     Interval    | Pipeline|
    |   min  |   max  |   min  |   max  |   Type  |
    +--------+--------+--------+--------+---------+
    |  249327|  249327|  249327|  249327|   none  |
    +--------+--------+--------+--------+---------+

    + Detail: 
        * Instance: 
        +---------------------------------+----------------------+--------+--------+--------+--------+---------+
        |                                 |                      |     Latency     |     Interval    | Pipeline|
        |             Instance            |        Module        |   min  |   max  |   min  |   max  |   Type  |
        +---------------------------------+----------------------+--------+--------+--------+--------+---------+
        |grp_voicerec_feedForward_fu_161  |voicerec_feedForward  |  247418|  247418|  247418|  247418|   none  |
        +---------------------------------+----------------------+--------+--------+--------+--------+---------+

        * Loop: 
        +-------------+------+------+----------+-----------+-----------+------+----------+
        |             |   Latency   | Iteration|  Initiation Interval  | Trip |          |
        |  Loop Name  |  min |  max |  Latency |  achieved |   target  | Count| Pipelined|
        +-------------+------+------+----------+-----------+-----------+------+----------+
        |- Loop 1     |  1890|  1890|        30|          -|          -|    63|    no    |
        | + Loop 1.1  |    28|    28|         2|          -|          -|    14|    no    |
        |- Loop 2     |    16|    16|         4|          -|          -|     4|    no    |
        +-------------+------+------+----------+-----------+-----------+------+----------+



================================================================
== Utilization Estimates
================================================================
* Summary: 
+-----------------+---------+-------+--------+-------+
|       Name      | BRAM_18K| DSP48E|   FF   |  LUT  |
+-----------------+---------+-------+--------+-------+
|Expression       |        -|      -|       0|    144|
|FIFO             |        -|      -|       -|      -|
|Instance         |       67|     34|    6587|   9640|
|Memory           |        2|      -|      64|      2|
|Multiplexer      |        -|      -|       -|     96|
|Register         |        -|      -|     200|      -|
+-----------------+---------+-------+--------+-------+
|Total            |       69|     34|    6851|   9882|
+-----------------+---------+-------+--------+-------+
|Available        |      280|    220|  106400|  53200|
+-----------------+---------+-------+--------+-------+
|Utilization (%)  |       24|     15|       6|     18|
+-----------------+---------+-------+--------+-------+

+ Detail: 
    * Instance: 
    +---------------------------------+-----------------------------+---------+-------+------+------+
    |             Instance            |            Module           | BRAM_18K| DSP48E|  FF  |  LUT |
    +---------------------------------+-----------------------------+---------+-------+------+------+
    |voicerec_fcmp_32ns_32ns_1_1_U46  |voicerec_fcmp_32ns_32ns_1_1  |        0|      0|    66|   239|
    |grp_voicerec_feedForward_fu_161  |voicerec_feedForward         |       67|     34|  6521|  9401|
    +---------------------------------+-----------------------------+---------+-------+------+------+
    |Total                            |                             |       67|     34|  6587|  9640|
    +---------------------------------+-----------------------------+---------+-------+------+------+

    * Memory: 
    +-------------+----------------------------------+---------+----+----+------+-----+------+-------------+
    |    Memory   |              Module              | BRAM_18K| FF | LUT| Words| Bits| Banks| W*Bits*Banks|
    +-------------+----------------------------------+---------+----+----+------+-----+------+-------------+
    |flatInput_U  |voicerec_classifySound_flatInput  |        2|   0|   0|   882|   32|     1|        28224|
    |output_r_U   |voicerec_classifySound_output_r   |        0|  64|   2|     4|   32|     1|          128|
    +-------------+----------------------------------+---------+----+----+------+-----+------+-------------+
    |Total        |                                  |        2|  64|   2|   886|   64|     2|        28352|
    +-------------+----------------------------------+---------+----+----+------+-----+------+-------------+

    * FIFO: 
    N/A

    * Expression: 
    +------------------------+----------+-------+---+----+------------+------------+
    |      Variable Name     | Operation| DSP48E| FF| LUT| Bitwidth P0| Bitwidth P1|
    +------------------------+----------+-------+---+----+------------+------------+
    |i_1_fu_187_p2           |     +    |      0|  0|   6|           6|           1|
    |j_1_fu_237_p2           |     +    |      0|  0|   4|           4|           1|
    |j_2_fu_284_p2           |     +    |      0|  0|   3|           3|           1|
    |result_addr2_fu_247_p2  |     +    |      0|  0|  12|          12|          12|
    |tmp_2_fu_261_p2         |     +    |      0|  0|  11|          11|          11|
    |tmp_9_fu_217_p2         |     -    |      0|  0|  11|          11|          11|
    |guess_1_fu_377_p3       |  Select  |      0|  0|  32|           1|          32|
    |max_1_fu_384_p3         |  Select  |      0|  0|  32|           1|          32|
    |tmp_10_fu_372_p2        |    and   |      0|  0|   1|           1|           1|
    |tmp_s_fu_366_p2         |    and   |      0|  0|   1|           1|           1|
    |exitcond1_fu_181_p2     |   icmp   |      0|  0|   3|           6|           2|
    |exitcond_fu_231_p2      |   icmp   |      0|  0|   2|           4|           3|
    |exitcond_i_fu_278_p2    |   icmp   |      0|  0|   2|           3|           4|
    |notlhs6_fu_348_p2       |   icmp   |      0|  0|   3|           8|           2|
    |notlhs_fu_330_p2        |   icmp   |      0|  0|   3|           8|           2|
    |notrhs7_fu_354_p2       |   icmp   |      0|  0|   8|          23|           1|
    |notrhs_fu_336_p2        |   icmp   |      0|  0|   8|          23|           1|
    |tmp_7_fu_342_p2         |    or    |      0|  0|   1|           1|           1|
    |tmp_8_fu_360_p2         |    or    |      0|  0|   1|           1|           1|
    +------------------------+----------+-------+---+----+------------+------------+
    |Total                   |          |      0|  0| 144|         128|         120|
    +------------------------+----------+-------+---+----+------------+------------+

    * Multiplexer: 
    +--------------------+----+-----------+-----+-----------+
    |        Name        | LUT| Input Size| Bits| Total Bits|
    +--------------------+----+-----------+-----+-----------+
    |ap_NS_fsm           |   4|         10|    1|         10|
    |ap_return           |  32|          2|   32|         64|
    |flatInput_address0  |  10|          3|   10|         30|
    |flatInput_ce0       |   1|          3|    1|          3|
    |guess_reg_126       |   3|          2|    3|          6|
    |i_reg_104           |   6|          2|    6|         12|
    |j_reg_115           |   4|          2|    4|          8|
    |output_r_address0   |   2|          3|    2|          6|
    |output_r_ce0        |   1|          3|    1|          3|
    |output_r_we0        |   1|          2|    1|          2|
    |second_max_reg_149  |  32|          2|   32|         64|
    +--------------------+----+-----------+-----+-----------+
    |Total               |  96|         34|   93|        208|
    +--------------------+----+-----------+-----+-----------+

    * Register: 
    +-------------------------------------------------------+----+----+-----+-----------+
    |                          Name                         | FF | LUT| Bits| Const Bits|
    +-------------------------------------------------------+----+----+-----+-----------+
    |ap_CS_fsm                                              |   9|   0|    9|          0|
    |ap_return_preg                                         |  32|   0|   32|          0|
    |grp_voicerec_feedForward_fu_161_ap_start_ap_start_reg  |   1|   0|    1|          0|
    |guess_cast1_reg_427                                    |   3|   0|   32|         29|
    |guess_i_reg_137                                        |  32|   0|   32|          0|
    |guess_reg_126                                          |   3|   0|    3|          0|
    |i_1_reg_394                                            |   6|   0|    6|          0|
    |i_reg_104                                              |   6|   0|    6|          0|
    |j_1_reg_412                                            |   4|   0|    4|          0|
    |j_2_reg_435                                            |   3|   0|    3|          0|
    |j_reg_115                                              |   4|   0|    4|          0|
    |max_reg_445                                            |  32|   0|   32|          0|
    |result_addr1_cast_reg_404                              |  11|   0|   12|          1|
    |second_max_reg_149                                     |  32|   0|   32|          0|
    |tmp_2_reg_422                                          |  11|   0|   11|          0|
    |tmp_6_reg_452                                          |   1|   0|    1|          0|
    |tmp_9_reg_399                                          |  10|   0|   11|          1|
    +-------------------------------------------------------+----+----+-----+-----------+
    |Total                                                  | 200|   0|  231|         31|
    +-------------------------------------------------------+----+----+-----+-----------+



================================================================
== Interface
================================================================
* Summary: 
+-----------------+-----+-----+------------+------------------------+--------------+
|    RTL Ports    | Dir | Bits|  Protocol  |      Source Object     |    C Type    |
+-----------------+-----+-----+------------+------------------------+--------------+
|ap_clk           |  in |    1| ap_ctrl_hs | voicerec_classifySound | return value |
|ap_rst           |  in |    1| ap_ctrl_hs | voicerec_classifySound | return value |
|ap_start         |  in |    1| ap_ctrl_hs | voicerec_classifySound | return value |
|ap_done          | out |    1| ap_ctrl_hs | voicerec_classifySound | return value |
|ap_idle          | out |    1| ap_ctrl_hs | voicerec_classifySound | return value |
|ap_ready         | out |    1| ap_ctrl_hs | voicerec_classifySound | return value |
|ap_return        | out |   32| ap_ctrl_hs | voicerec_classifySound | return value |
|result_address0  | out |   10|  ap_memory |         result         |     array    |
|result_ce0       | out |    1|  ap_memory |         result         |     array    |
|result_q0        |  in |   32|  ap_memory |         result         |     array    |
+-----------------+-----+-----+------------+------------------------+--------------+

