@I [HLS-0] Workspace /home/rz252/tjp79/ece5775-final/combined/voicerec.prj/solution1 opened at Wed Dec 09 22:24:59 EST 2015
@I [HLS-100] Command "config_clock -quiet -name default -period 10 -default=false "
@I [SYN-201] Setting up clock 'default' with a period of 10ns.
@I [HLS-100] Command 'config_clock' returned 0; elapsed 0Total elapsed time: 0.492 sec.
@I [HLS-100] Command "open_platform DefaultPlatform "
@I [HLS-100] Command 'open_platform' returned 0; elapsed 0Total elapsed time: 0.493 sec.
@I [HLS-100] Command "import_lib /usr/tools/Xilinx/SDAccel/2015.1/Vivado_HLS/common/technology/xilinx/zynq/zynq "
@I [HLS-100] Command "source /usr/tools/Xilinx/SDAccel/2015.1/Vivado_HLS/common/technology/xilinx/common/xilinx.lib "
@I [HLS-100] Command "source /usr/tools/Xilinx/SDAccel/2015.1/Vivado_HLS/common/technology/xilinx/interface/xilinx_interface.lib "
@I [HLS-100] Command "source /usr/tools/Xilinx/SDAccel/2015.1/Vivado_HLS/common/technology/xilinx/interface/plb46.lib "
@I [HLS-100] Command 'ap_source' returned 0; elapsed 0Total elapsed time: 0.494 sec.
@I [HLS-100] Command "source /usr/tools/Xilinx/SDAccel/2015.1/Vivado_HLS/common/technology/xilinx/interface/fsl.lib "
@I [HLS-100] Command 'ap_source' returned 0; elapsed 0Total elapsed time: 0.494 sec.
@I [HLS-100] Command "source /usr/tools/Xilinx/SDAccel/2015.1/Vivado_HLS/common/technology/xilinx/interface/axi4.lib "
@I [HLS-100] Command 'ap_source' returned 0; elapsed 0Total elapsed time: 0.495 sec.
@I [HLS-100] Command "source /usr/tools/Xilinx/SDAccel/2015.1/Vivado_HLS/common/technology/xilinx/interface/maxi.lib "
@I [HLS-100] Command 'ap_source' returned 0; elapsed 0Total elapsed time: 0.495 sec.
@I [HLS-100] Command "source /usr/tools/Xilinx/SDAccel/2015.1/Vivado_HLS/common/technology/xilinx/interface/saxilite.lib "
@I [HLS-100] Command 'ap_source' returned 0; elapsed 0Total elapsed time: 0.495 sec.
@I [HLS-100] Command 'ap_source' returned 0; elapsed 0Total elapsed time: 0.495 sec.
@I [HLS-100] Command "source /usr/tools/Xilinx/SDAccel/2015.1/Vivado_HLS/common/technology/xilinx/common/dsp48.lib "
@I [HLS-100] Command 'ap_source' returned 0; elapsed 0Total elapsed time: 0.496 sec.
@I [HLS-100] Command "source /usr/tools/Xilinx/SDAccel/2015.1/Vivado_HLS/common/technology/xilinx/ip/xfft.lib "
@I [HLS-100] Command 'ap_source' returned 0; elapsed 0Total elapsed time: 0.496 sec.
@I [HLS-100] Command "source /usr/tools/Xilinx/SDAccel/2015.1/Vivado_HLS/common/technology/xilinx/ip/dds_compiler.lib "
@I [HLS-100] Command 'ap_source' returned 0; elapsed 0Total elapsed time: 0.496 sec.
@I [HLS-100] Command "source /usr/tools/Xilinx/SDAccel/2015.1/Vivado_HLS/common/technology/xilinx/ip/xfir.lib "
@I [HLS-100] Command 'ap_source' returned 0; elapsed 0Total elapsed time: 0.496 sec.
@I [HLS-100] Command 'ap_source' returned 0; elapsed 0Total elapsed time: 0.499 sec.
@I [HLS-100] Command "source /usr/tools/Xilinx/SDAccel/2015.1/Vivado_HLS/common/technology/xilinx/common/xilinx_old.lib "
@I [HLS-100] Command 'ap_source' returned 0; elapsed 0Total elapsed time: 0.502 sec.
@I [HLS-100] Command "source /usr/tools/Xilinx/SDAccel/2015.1/Vivado_HLS/common/technology/xilinx/common/xilinx_vivado.lib "
@I [HLS-100] Command 'ap_source' returned 0; elapsed 0Total elapsed time: 0.503 sec.
@I [HLS-100] Command "source /usr/tools/Xilinx/SDAccel/2015.1/Vivado_HLS/common/technology/xilinx/common/xilinx.hlp "
@I [HLS-100] Command "source /usr/tools/Xilinx/SDAccel/2015.1/Vivado_HLS/common/technology/xilinx/common/target_info.tcl "
@I [HLS-100] Command 'ap_source' returned 0; elapsed 0Total elapsed time: 0.507 sec.
@I [HLS-100] Command "source /usr/tools/Xilinx/SDAccel/2015.1/Vivado_HLS/common/technology/xilinx/interface/xilinx_interface.hlp "
@I [HLS-100] Command "source /usr/tools/Xilinx/SDAccel/2015.1/Vivado_HLS/common/technology/xilinx/interface/maxi.hlp "
@I [HLS-100] Command 'ap_source' returned 0; elapsed 0Total elapsed time: 0.507 sec.
@I [HLS-100] Command "source /usr/tools/Xilinx/SDAccel/2015.1/Vivado_HLS/common/technology/xilinx/interface/saxilite.hlp "
@I [HLS-100] Command 'ap_source' returned 0; elapsed 0Total elapsed time: 0.507 sec.
@I [HLS-100] Command 'ap_source' returned 0; elapsed 0Total elapsed time: 0.507 sec.
@I [HLS-100] Command "source /usr/tools/Xilinx/SDAccel/2015.1/Vivado_HLS/common/technology/xilinx/common/dsp48.hlp "
@I [HLS-100] Command 'ap_source' returned 0; elapsed 0Total elapsed time: 0.509 sec.
@I [HLS-100] Command 'ap_source' returned 0; elapsed 0Total elapsed time: 0.509 sec.
@I [HLS-100] Command "source /usr/tools/Xilinx/SDAccel/2015.1/Vivado_HLS/common/technology/xilinx/zynq/dsp48e1.hlp "
@I [HLS-100] Command 'ap_source' returned 0; elapsed 0Total elapsed time: 0.509 sec.
@I [HLS-100] Command "get_default_platform "
@I [HLS-100] Command 'get_default_platform' returned 0; elapsed 0Total elapsed time: 0.509 sec.
@I [HLS-100] Command "config_chip_info -quiet -resource  {SLICE 13300}  {LUT 53200}     {FF 106400} {DSP48E 220}   {BRAM 280}  "
@I [HLS-100] Command 'config_chip_info' returned 0; elapsed 0Total elapsed time: 0.510 sec.
@I [HLS-100] Command "config_chip_info -quiet -speed medium "
@I [HLS-100] Command 'config_chip_info' returned 0; elapsed 0Total elapsed time: 0.510 sec.
@I [HLS-100] Command 'import_lib' returned 0; elapsed 0.01Total elapsed time: 0.512 sec.
@I [HLS-100] Command "source /usr/tools/Xilinx/SDAccel/2015.1/Vivado_HLS/common/technology/xilinx/zynq/zynq.gen "
@I [HLS-100] Command "source /usr/tools/Xilinx/SDAccel/2015.1/Vivado_HLS/common/technology/xilinx/common/virtex.gen "
@I [HLS-100] Command "source /usr/tools/Xilinx/SDAccel/2015.1/Vivado_HLS/common/technology/xilinx/common/xilinx.gen "
@I [HLS-100] Command "source /usr/tools/Xilinx/SDAccel/2015.1/Vivado_HLS/common/technology/xilinx/interface/plb46.gen "
@I [HLS-100] Command 'ap_source' returned 0; elapsed 0.01Total elapsed time: 0.514 sec.
@I [HLS-100] Command "source /usr/tools/Xilinx/SDAccel/2015.1/Vivado_HLS/common/technology/xilinx/interface/fsl.gen "
@I [HLS-100] Command 'ap_source' returned 0; elapsed 0Total elapsed time: 0.514 sec.
@I [HLS-100] Command "source /usr/tools/Xilinx/SDAccel/2015.1/Vivado_HLS/common/technology/xilinx/interface/axi4.gen "
@I [HLS-100] Command 'ap_source' returned 0; elapsed 0Total elapsed time: 0.517 sec.
@I [HLS-100] Command "source /usr/tools/Xilinx/SDAccel/2015.1/Vivado_HLS/common/technology/xilinx/interface/nativeAXI4.gen "
@I [HLS-100] Command "source /usr/tools/Xilinx/SDAccel/2015.1/Vivado_HLS/common/technology/xilinx/interface/saxilite.gen "
@I [HLS-100] Command 'ap_source' returned 0; elapsed 0Total elapsed time: 0.521 sec.
@I [HLS-100] Command "source /usr/tools/Xilinx/SDAccel/2015.1/Vivado_HLS/common/technology/xilinx/interface/maxi.gen "
@I [HLS-100] Command 'ap_source' returned 0; elapsed 0.01Total elapsed time: 0.531 sec.
@I [HLS-100] Command 'ap_source' returned 0; elapsed 0.01Total elapsed time: 0.531 sec.
@I [HLS-100] Command "source /usr/tools/Xilinx/SDAccel/2015.1/Vivado_HLS/common/technology/xilinx/scripts/xilinxcoregen.gen "
@I [HLS-100] Command 'ap_source' returned 0; elapsed 0.01Total elapsed time: 0.544 sec.
@I [HLS-100] Command "source /usr/tools/Xilinx/SDAccel/2015.1/Vivado_HLS/common/technology/xilinx/interface/XilEDKCoreGen.gen "
@I [HLS-100] Command 'ap_source' returned 0; elapsed 0.02Total elapsed time: 0.555 sec.
@I [HLS-100] Command "source /usr/tools/Xilinx/SDAccel/2015.1/Vivado_HLS/common/technology/xilinx/ip/xfft.gen "
@I [HLS-100] Command 'ap_source' returned 0; elapsed 0.14Total elapsed time: 0.699 sec.
@I [HLS-100] Command "source /usr/tools/Xilinx/SDAccel/2015.1/Vivado_HLS/common/technology/xilinx/ip/dds_compiler.gen "
@I [HLS-100] Command 'ap_source' returned 0; elapsed 0Total elapsed time: 0.704 sec.
@I [HLS-100] Command "source /usr/tools/Xilinx/SDAccel/2015.1/Vivado_HLS/common/technology/xilinx/ip/xfir.gen "
@I [HLS-100] Command "source /usr/tools/Xilinx/SDAccel/2015.1/Vivado_HLS/tps/tcl/tcllib1.11.1/struct/list.tcl "
@I [HLS-100] Command "source /usr/tools/Xilinx/SDAccel/2015.1/Vivado_HLS/tps/tcl/tcllib1.11.1/cmdline/cmdline.tcl "
@I [HLS-100] Command 'ap_source' returned 0; elapsed 0Total elapsed time: 0.725 sec.
@I [HLS-100] Command 'ap_source' returned 0; elapsed 0Total elapsed time: 0.726 sec.
@I [HLS-100] Command "source /usr/tools/Xilinx/SDAccel/2015.1/Vivado_HLS/tps/tcl/tcllib1.11.1/math/bignum.tcl "
@I [HLS-100] Command 'ap_source' returned 0; elapsed 0Total elapsed time: 0.740 sec.
@I [HLS-100] Command 'ap_source' returned 0; elapsed 0.05Total elapsed time: 0.749 sec.
@I [HLS-100] Command "source /usr/tools/Xilinx/SDAccel/2015.1/Vivado_HLS/common/technology/xilinx/ip/util.gen "
@I [HLS-100] Command 'ap_source' returned 0; elapsed 0Total elapsed time: 0.749 sec.
@I [HLS-100] Command 'ap_source' returned 0; elapsed 0.24Total elapsed time: 0.749 sec.
@I [HLS-100] Command "source /usr/tools/Xilinx/SDAccel/2015.1/Vivado_HLS/common/technology/xilinx/common/dsp48.gen "
@I [HLS-100] Command 'ap_source' returned 0; elapsed 0Total elapsed time: 0.751 sec.
@I [HLS-100] Command 'ap_source' returned 0; elapsed 0.25Total elapsed time: 0.751 sec.
@I [HLS-100] Command 'ap_source' returned 0; elapsed 0.25Total elapsed time: 0.751 sec.
@I [HLS-100] Command "open_platform DefaultPlatform "
@I [HLS-100] Command 'open_platform' returned 0; elapsed 0Total elapsed time: 0.752 sec.
@I [HLS-100] Command "import_lib /usr/tools/Xilinx/SDAccel/2015.1/Vivado_HLS/common/technology/xilinx/zynq/zynq_fpv6 "
@I [HLS-100] Command "source /usr/tools/Xilinx/SDAccel/2015.1/Vivado_HLS/common/technology/xilinx/common/xilinx_fpv7.lib "
@I [HLS-100] Command 'ap_source' returned 0; elapsed 0Total elapsed time: 0.756 sec.
@I [HLS-100] Command "source /usr/tools/Xilinx/SDAccel/2015.1/Vivado_HLS/common/technology/xilinx/common/xilinx_fpv.hlp "
@I [HLS-100] Command "source /usr/tools/Xilinx/SDAccel/2015.1/Vivado_HLS/common/technology/xilinx/common/xilinx.hlp "
@I [HLS-100] Command "source /usr/tools/Xilinx/SDAccel/2015.1/Vivado_HLS/common/technology/xilinx/common/target_info.tcl "
@I [HLS-100] Command 'ap_source' returned 0; elapsed 0Total elapsed time: 0.765 sec.
@I [HLS-100] Command "source /usr/tools/Xilinx/SDAccel/2015.1/Vivado_HLS/common/technology/xilinx/interface/xilinx_interface.hlp "
@I [HLS-100] Command "source /usr/tools/Xilinx/SDAccel/2015.1/Vivado_HLS/common/technology/xilinx/interface/maxi.hlp "
@I [HLS-100] Command 'ap_source' returned 0; elapsed 0Total elapsed time: 0.765 sec.
@I [HLS-100] Command "source /usr/tools/Xilinx/SDAccel/2015.1/Vivado_HLS/common/technology/xilinx/interface/saxilite.hlp "
@I [HLS-100] Command 'ap_source' returned 0; elapsed 0Total elapsed time: 0.765 sec.
@I [HLS-100] Command 'ap_source' returned 0; elapsed 0Total elapsed time: 0.765 sec.
@I [HLS-100] Command "source /usr/tools/Xilinx/SDAccel/2015.1/Vivado_HLS/common/technology/xilinx/common/dsp48.hlp "
@I [HLS-100] Command 'ap_source' returned 0; elapsed 0Total elapsed time: 0.767 sec.
@I [HLS-100] Command 'ap_source' returned 0; elapsed 0Total elapsed time: 0.767 sec.
@I [HLS-100] Command 'ap_source' returned 0; elapsed 0Total elapsed time: 0.768 sec.
@I [HLS-100] Command 'import_lib' returned 0; elapsed 0.02Total elapsed time: 0.774 sec.
@I [HLS-100] Command "source /usr/tools/Xilinx/SDAccel/2015.1/Vivado_HLS/common/technology/xilinx/zynq/zynq_fpv6.gen "
@I [HLS-100] Command "source /usr/tools/Xilinx/SDAccel/2015.1/Vivado_HLS/common/technology/xilinx/common/xilinx_fpv6.gen "
@I [HLS-100] Command 'ap_source' returned 0; elapsed 0Total elapsed time: 0.776 sec.
@I [HLS-100] Command 'ap_source' returned 0; elapsed 0Total elapsed time: 0.776 sec.
@I [HLS-100] Command "set_part xc7z020clg484-1 "
@I [HLS-100] Command "add_library xilinx/zynq/zynq:xc7z020:clg484:-1 "
@I [HLS-100] Command "get_default_platform "
@I [HLS-100] Command 'get_default_platform' returned 0; elapsed 0Total elapsed time: 0.780 sec.
@I [HLS-100] Command "license_exists VIVADO_HLS "
@I [HLS-100] Command 'license_exists' returned 1; elapsed 0.01Total elapsed time: 0.797 sec.
@I [HLS-100] Command "license_exists ap_opencl "
@I [HLS-100] Command 'license_exists' returned 0; elapsed 0Total elapsed time: 0.797 sec.
@I [HLS-100] Command "get_default_platform "
@I [HLS-100] Command 'get_default_platform' returned 0; elapsed 0Total elapsed time: 0.818 sec.
@I [HLS-100] Command "config_chip_info -quiet -resource  {SLICE 13300}  {LUT 53200}     {FF 106400} {DSP48E 220}   {BRAM 280}  "
@I [HLS-100] Command 'config_chip_info' returned 0; elapsed 0Total elapsed time: 0.818 sec.
@I [HLS-100] Command "config_chip_info -quiet -speed slow "
@I [HLS-100] Command 'config_chip_info' returned 0; elapsed 0Total elapsed time: 0.818 sec.
@I [HLS-100] Command 'add_library' returned 0; elapsed 0.02Total elapsed time: 0.842 sec.
@I [HLS-100] Command "add_library xilinx/zynq/zynq_fpv6 "
@I [HLS-100] Command "get_default_platform "
@I [HLS-100] Command 'get_default_platform' returned 0; elapsed 0Total elapsed time: 0.843 sec.
@I [HLS-100] Command "license_exists VIVADO_HLS "
@I [HLS-100] Command 'license_exists' returned 1; elapsed 0.02Total elapsed time: 2.866 sec.
@I [HLS-100] Command "license_exists ap_opencl "
@I [HLS-100] Command 'license_exists' returned 0; elapsed 0Total elapsed time: 2.866 sec.
@I [HLS-100] Command 'add_library' returned 0; elapsed 0.02Total elapsed time: 2.867 sec.
@I [HLS-10] Setting target device to 'xc7z020clg484-1'
@I [HLS-100] Command 'set_part' returned 0; elapsed 0.04Total elapsed time: 2.868 sec.
@I [HLS-100] Command "get_default_platform "
@I [HLS-100] Command 'get_default_platform' returned 0; elapsed 0Total elapsed time: 2.868 sec.
@I [HLS-100] Command "config_chip_info -quiet -resource  {SLICE 13300}  {LUT 53200}     {FF 106400} {DSP48E 220}   {BRAM 280}  "
@I [HLS-100] Command 'config_chip_info' returned 0; elapsed 0Total elapsed time: 2.868 sec.
@I [HLS-100] Command "config_chip_info -quiet -speed slow "
@I [HLS-100] Command 'config_chip_info' returned 0; elapsed 0Total elapsed time: 2.868 sec.
@I [HLS-100] Command 'open_solution' returned 0; elapsed 0.33Total elapsed time: 2.869 sec.
@I [HLS-100] Command "export_design -format ip_catalog "
@I [HLS-100] Command "source /home/rz252/tjp79/ece5775-final/combined/voicerec.prj/solution1/.autopilot/db/global.setting.tcl "
@I [HLS-100] Command 'ap_source' returned 0; elapsed 0Total elapsed time: 2.877 sec.
@I [HLS-100] Command "source /usr/tools/Xilinx/SDAccel/2015.1/Vivado_HLS/common/technology/generic/autopilot/common.gen "
@I [HLS-100] Command "source /usr/tools/Xilinx/SDAccel/2015.1/Vivado_HLS/common/technology/generic/autopilot/APCoreGen.gen "
@I [HLS-100] Command 'ap_source' returned 0; elapsed 0Total elapsed time: 2.884 sec.
@I [HLS-100] Command 'ap_source' returned 0; elapsed 0Total elapsed time: 2.884 sec.
@I [HLS-100] Command "source /usr/tools/Xilinx/SDAccel/2015.1/Vivado_HLS/common/technology/generic/autopilot/op.gen "
@I [HLS-100] Command 'ap_source' returned 0; elapsed 0Total elapsed time: 2.885 sec.
@I [HLS-100] Command "source /usr/tools/Xilinx/SDAccel/2015.1/Vivado_HLS/common/technology/generic/autopilot/op_simcore.gen "
@I [HLS-100] Command 'ap_source' returned 0; elapsed 0Total elapsed time: 2.886 sec.
@I [HLS-100] Command "source /usr/tools/Xilinx/SDAccel/2015.1/Vivado_HLS/common/technology/generic/autopilot/interface.gen "
@I [HLS-100] Command 'ap_source' returned 0; elapsed 0Total elapsed time: 2.886 sec.
@I [HLS-100] Command "source /home/rz252/tjp79/ece5775-final/combined/voicerec.prj/solution1/.autopilot/db/global.setting.tcl "
@I [HLS-100] Command 'ap_source' returned 0; elapsed 0Total elapsed time: 2.886 sec.
@I [HLS-100] Command "source /usr/tools/Xilinx/SDAccel/2015.1/Vivado_HLS/common/technology/xilinx/zynq/zynq.gen "
@I [HLS-100] Command "source /usr/tools/Xilinx/SDAccel/2015.1/Vivado_HLS/common/technology/xilinx/common/virtex.gen "
@I [HLS-100] Command "source /usr/tools/Xilinx/SDAccel/2015.1/Vivado_HLS/common/technology/xilinx/common/xilinx.gen "
@I [HLS-100] Command "source /usr/tools/Xilinx/SDAccel/2015.1/Vivado_HLS/common/technology/xilinx/interface/plb46.gen "
@I [HLS-100] Command 'ap_source' returned 0; elapsed 0Total elapsed time: 2.888 sec.
@I [HLS-100] Command "source /usr/tools/Xilinx/SDAccel/2015.1/Vivado_HLS/common/technology/xilinx/interface/fsl.gen "
@I [HLS-100] Command 'ap_source' returned 0; elapsed 0Total elapsed time: 2.889 sec.
@I [HLS-100] Command "source /usr/tools/Xilinx/SDAccel/2015.1/Vivado_HLS/common/technology/xilinx/interface/axi4.gen "
@I [HLS-100] Command 'ap_source' returned 0; elapsed 0Total elapsed time: 2.891 sec.
@I [HLS-100] Command "source /usr/tools/Xilinx/SDAccel/2015.1/Vivado_HLS/common/technology/xilinx/interface/nativeAXI4.gen "
@I [HLS-100] Command "source /usr/tools/Xilinx/SDAccel/2015.1/Vivado_HLS/common/technology/xilinx/interface/saxilite.gen "
@I [HLS-100] Command 'ap_source' returned 0; elapsed 0.01Total elapsed time: 2.895 sec.
@I [HLS-100] Command "source /usr/tools/Xilinx/SDAccel/2015.1/Vivado_HLS/common/technology/xilinx/interface/maxi.gen "
@I [HLS-100] Command 'ap_source' returned 0; elapsed 0Total elapsed time: 2.904 sec.
@I [HLS-100] Command 'ap_source' returned 0; elapsed 0.01Total elapsed time: 2.904 sec.
@I [HLS-100] Command "source /usr/tools/Xilinx/SDAccel/2015.1/Vivado_HLS/common/technology/xilinx/scripts/xilinxcoregen.gen "
@I [HLS-100] Command 'ap_source' returned 0; elapsed 0.02Total elapsed time: 2.917 sec.
@I [HLS-100] Command "source /usr/tools/Xilinx/SDAccel/2015.1/Vivado_HLS/common/technology/xilinx/interface/XilEDKCoreGen.gen "
@I [HLS-100] Command 'ap_source' returned 0; elapsed 0.01Total elapsed time: 2.927 sec.
@I [HLS-100] Command "source /usr/tools/Xilinx/SDAccel/2015.1/Vivado_HLS/common/technology/xilinx/ip/xfft.gen "
@I [HLS-100] Command 'ap_source' returned 0; elapsed 0.13Total elapsed time: 3.63 sec.
@I [HLS-100] Command "source /usr/tools/Xilinx/SDAccel/2015.1/Vivado_HLS/common/technology/xilinx/ip/dds_compiler.gen "
@I [HLS-100] Command 'ap_source' returned 0; elapsed 0Total elapsed time: 3.67 sec.
@I [HLS-100] Command "source /usr/tools/Xilinx/SDAccel/2015.1/Vivado_HLS/common/technology/xilinx/ip/xfir.gen "
@I [HLS-100] Command 'ap_source' returned 0; elapsed 0.04Total elapsed time: 3.107 sec.
@I [HLS-100] Command "source /usr/tools/Xilinx/SDAccel/2015.1/Vivado_HLS/common/technology/xilinx/ip/util.gen "
@I [HLS-100] Command 'ap_source' returned 0; elapsed 0Total elapsed time: 3.108 sec.
@I [HLS-100] Command 'ap_source' returned 0; elapsed 0.21Total elapsed time: 3.108 sec.
@I [HLS-100] Command "source /usr/tools/Xilinx/SDAccel/2015.1/Vivado_HLS/common/technology/xilinx/common/dsp48.gen "
@I [HLS-100] Command 'ap_source' returned 0; elapsed 0Total elapsed time: 3.110 sec.
@I [HLS-100] Command 'ap_source' returned 0; elapsed 0.21Total elapsed time: 3.110 sec.
@I [HLS-100] Command 'ap_source' returned 0; elapsed 0.22Total elapsed time: 3.110 sec.
@I [HLS-100] Command "source /usr/tools/Xilinx/SDAccel/2015.1/Vivado_HLS/common/technology/xilinx/zynq/zynq_fpv6.gen "
@I [HLS-100] Command "source /usr/tools/Xilinx/SDAccel/2015.1/Vivado_HLS/common/technology/xilinx/common/xilinx_fpv6.gen "
@I [HLS-100] Command 'ap_source' returned 0; elapsed 0Total elapsed time: 3.112 sec.
@I [HLS-100] Command 'ap_source' returned 0; elapsed 0Total elapsed time: 3.112 sec.
@I [HLS-100] Command "source /home/rz252/tjp79/ece5775-final/combined/voicerec.prj/solution1/.autopilot/db/global.setting.tcl "
@I [HLS-100] Command 'ap_source' returned 0; elapsed 0Total elapsed time: 3.112 sec.
@I [IMPL-8] Exporting RTL as an IP in IP-XACT.
@I [HLS-100] Command "source /home/rz252/tjp79/ece5775-final/combined/voicerec.prj/solution1/.autopilot/db/global.setting.tcl "
@I [HLS-100] Command 'ap_source' returned 0; elapsed 0Total elapsed time: 3.130 sec.
@I [HLS-100] Command "source /home/rz252/tjp79/ece5775-final/combined/voicerec.prj/solution1/.autopilot/db/global.setting.tcl "
@I [HLS-100] Command 'ap_source' returned 0; elapsed 0Total elapsed time: 3.136 sec.
@I [HLS-100] Command "source /usr/tools/Xilinx/SDAccel/2015.1/Vivado_HLS/common/technology/generic/autopilot/common.gen "
@I [HLS-100] Command "source /usr/tools/Xilinx/SDAccel/2015.1/Vivado_HLS/common/technology/generic/autopilot/APCoreGen.gen "
@I [HLS-100] Command 'ap_source' returned 0; elapsed 0Total elapsed time: 3.137 sec.
@I [HLS-100] Command 'ap_source' returned 0; elapsed 0Total elapsed time: 3.138 sec.
@I [HLS-100] Command "source /usr/tools/Xilinx/SDAccel/2015.1/Vivado_HLS/common/technology/generic/autopilot/op.gen "
@I [HLS-100] Command 'ap_source' returned 0; elapsed 0Total elapsed time: 3.138 sec.
@I [HLS-100] Command "source /usr/tools/Xilinx/SDAccel/2015.1/Vivado_HLS/common/technology/generic/autopilot/op_simcore.gen "
@I [HLS-100] Command 'ap_source' returned 0; elapsed 0Total elapsed time: 3.140 sec.
@I [HLS-100] Command "source /usr/tools/Xilinx/SDAccel/2015.1/Vivado_HLS/common/technology/generic/autopilot/interface.gen "
@I [HLS-100] Command 'ap_source' returned 0; elapsed 0Total elapsed time: 3.140 sec.
@I [HLS-100] Command "source /home/rz252/tjp79/ece5775-final/combined/voicerec.prj/solution1/.autopilot/db/global.setting.tcl "
@I [HLS-100] Command 'ap_source' returned 0; elapsed 0Total elapsed time: 3.140 sec.
@I [HLS-100] Command "source /usr/tools/Xilinx/SDAccel/2015.1/Vivado_HLS/common/technology/xilinx/zynq/zynq.gen "
@I [HLS-100] Command "source /usr/tools/Xilinx/SDAccel/2015.1/Vivado_HLS/common/technology/xilinx/common/virtex.gen "
@I [HLS-100] Command "source /usr/tools/Xilinx/SDAccel/2015.1/Vivado_HLS/common/technology/xilinx/common/xilinx.gen "
@I [HLS-100] Command "source /usr/tools/Xilinx/SDAccel/2015.1/Vivado_HLS/common/technology/xilinx/interface/plb46.gen "
@I [HLS-100] Command 'ap_source' returned 0; elapsed 0Total elapsed time: 3.142 sec.
@I [HLS-100] Command "source /usr/tools/Xilinx/SDAccel/2015.1/Vivado_HLS/common/technology/xilinx/interface/fsl.gen "
@I [HLS-100] Command 'ap_source' returned 0; elapsed 0Total elapsed time: 3.142 sec.
@I [HLS-100] Command "source /usr/tools/Xilinx/SDAccel/2015.1/Vivado_HLS/common/technology/xilinx/interface/axi4.gen "
@I [HLS-100] Command 'ap_source' returned 0; elapsed 0.01Total elapsed time: 3.145 sec.
@I [HLS-100] Command "source /usr/tools/Xilinx/SDAccel/2015.1/Vivado_HLS/common/technology/xilinx/interface/nativeAXI4.gen "
@I [HLS-100] Command "source /usr/tools/Xilinx/SDAccel/2015.1/Vivado_HLS/common/technology/xilinx/interface/saxilite.gen "
@I [HLS-100] Command 'ap_source' returned 0; elapsed 0Total elapsed time: 3.149 sec.
@I [HLS-100] Command "source /usr/tools/Xilinx/SDAccel/2015.1/Vivado_HLS/common/technology/xilinx/interface/maxi.gen "
@I [HLS-100] Command 'ap_source' returned 0; elapsed 0.01Total elapsed time: 3.157 sec.
@I [HLS-100] Command 'ap_source' returned 0; elapsed 0.01Total elapsed time: 3.157 sec.
@I [HLS-100] Command "source /usr/tools/Xilinx/SDAccel/2015.1/Vivado_HLS/common/technology/xilinx/scripts/xilinxcoregen.gen "
@I [HLS-100] Command 'ap_source' returned 0; elapsed 0.01Total elapsed time: 3.170 sec.
@I [HLS-100] Command "source /usr/tools/Xilinx/SDAccel/2015.1/Vivado_HLS/common/technology/xilinx/interface/XilEDKCoreGen.gen "
@I [HLS-100] Command 'ap_source' returned 0; elapsed 0.01Total elapsed time: 3.180 sec.
@I [HLS-100] Command "source /usr/tools/Xilinx/SDAccel/2015.1/Vivado_HLS/common/technology/xilinx/ip/xfft.gen "
@I [HLS-100] Command 'ap_source' returned 0; elapsed 0.13Total elapsed time: 3.309 sec.
@I [HLS-100] Command "source /usr/tools/Xilinx/SDAccel/2015.1/Vivado_HLS/common/technology/xilinx/ip/dds_compiler.gen "
@I [HLS-100] Command 'ap_source' returned 0; elapsed 0Total elapsed time: 3.313 sec.
@I [HLS-100] Command "source /usr/tools/Xilinx/SDAccel/2015.1/Vivado_HLS/common/technology/xilinx/ip/xfir.gen "
@I [HLS-100] Command 'ap_source' returned 0; elapsed 0.04Total elapsed time: 3.354 sec.
@I [HLS-100] Command "source /usr/tools/Xilinx/SDAccel/2015.1/Vivado_HLS/common/technology/xilinx/ip/util.gen "
@I [HLS-100] Command 'ap_source' returned 0; elapsed 0Total elapsed time: 3.355 sec.
@I [HLS-100] Command 'ap_source' returned 0; elapsed 0.21Total elapsed time: 3.355 sec.
@I [HLS-100] Command "source /usr/tools/Xilinx/SDAccel/2015.1/Vivado_HLS/common/technology/xilinx/common/dsp48.gen "
@I [HLS-100] Command 'ap_source' returned 0; elapsed 0Total elapsed time: 3.356 sec.
@I [HLS-100] Command 'ap_source' returned 0; elapsed 0.21Total elapsed time: 3.356 sec.
@I [HLS-100] Command 'ap_source' returned 0; elapsed 0.21Total elapsed time: 3.356 sec.
@I [HLS-100] Command "source /usr/tools/Xilinx/SDAccel/2015.1/Vivado_HLS/common/technology/xilinx/zynq/zynq_fpv6.gen "
@I [HLS-100] Command "source /usr/tools/Xilinx/SDAccel/2015.1/Vivado_HLS/common/technology/xilinx/common/xilinx_fpv6.gen "
@I [HLS-100] Command 'ap_source' returned 0; elapsed 0Total elapsed time: 3.358 sec.
@I [HLS-100] Command 'ap_source' returned 0; elapsed 0Total elapsed time: 3.359 sec.
@I [HLS-100] Command "source /home/rz252/tjp79/ece5775-final/combined/voicerec.prj/solution1/.autopilot/db/global.setting.tcl "
@I [HLS-100] Command 'ap_source' returned 0; elapsed 0Total elapsed time: 3.359 sec.
@I [HLS-100] Command "source /home/rz252/tjp79/ece5775-final/combined/voicerec.prj/solution1/.autopilot/db/global.setting.tcl "
@I [HLS-100] Command 'ap_source' returned 0; elapsed 0Total elapsed time: 3.360 sec.
@I [HLS-100] Command "source /home/rz252/tjp79/ece5775-final/combined/voicerec.prj/solution1/.autopilot/db/voicerec_preprocessSound.compgen.tcl "
@I [HLS-100] Command 'ap_source' returned 0; elapsed 0.01Total elapsed time: 3.371 sec.
@I [HLS-100] Command "source /home/rz252/tjp79/ece5775-final/combined/voicerec.prj/solution1/.autopilot/db/voicerec_FFT.compgen.tcl "
@I [HLS-100] Command 'ap_source' returned 0; elapsed 0.01Total elapsed time: 3.384 sec.
@I [HLS-100] Command "source /home/rz252/tjp79/ece5775-final/combined/voicerec.prj/solution1/.autopilot/db/voicerec_processChunk.compgen.tcl "
@I [HLS-100] Command 'ap_source' returned 0; elapsed 0.04Total elapsed time: 3.422 sec.
@I [HLS-100] Command "source /home/rz252/tjp79/ece5775-final/combined/voicerec.prj/solution1/.autopilot/db/voicerec_feedForward.compgen.tcl "
@I [HLS-100] Command 'ap_source' returned 0; elapsed 0.03Total elapsed time: 3.448 sec.
@I [HLS-100] Command "source /home/rz252/tjp79/ece5775-final/combined/voicerec.prj/solution1/.autopilot/db/voicerec_classifySound.compgen.tcl "
@I [HLS-100] Command 'ap_source' returned 0; elapsed 0Total elapsed time: 3.454 sec.
@I [HLS-100] Command "source /home/rz252/tjp79/ece5775-final/combined/voicerec.prj/solution1/.autopilot/db/voicerec.compgen.tcl "
@I [HLS-100] Command 'ap_source' returned 0; elapsed 0Total elapsed time: 3.454 sec.
@I [HLS-100] Command "source /home/rz252/tjp79/ece5775-final/combined/voicerec.prj/solution1/.autopilot/db/global.setting.tcl "
@I [HLS-100] Command 'ap_source' returned 0; elapsed 0Total elapsed time: 3.501 sec.
@I [HLS-100] Command "source /home/rz252/tjp79/ece5775-final/combined/voicerec.prj/solution1/.autopilot/db/global.setting.tcl "
@I [HLS-100] Command 'ap_source' returned 0; elapsed 0Total elapsed time: 3.501 sec.
@I [HLS-100] Command "source /home/rz252/tjp79/ece5775-final/combined/voicerec.prj/solution1/.autopilot/db/voicerec_preprocessSound.compgen.tcl "
@I [HLS-100] Command 'ap_source' returned 0; elapsed 0Total elapsed time: 3.502 sec.
@I [HLS-100] Command "source /home/rz252/tjp79/ece5775-final/combined/voicerec.prj/solution1/.autopilot/db/voicerec_FFT.compgen.tcl "
@I [HLS-100] Command 'ap_source' returned 0; elapsed 0Total elapsed time: 3.503 sec.
@I [HLS-100] Command "source /home/rz252/tjp79/ece5775-final/combined/voicerec.prj/solution1/.autopilot/db/voicerec_processChunk.compgen.tcl "
@I [HLS-100] Command 'ap_source' returned 0; elapsed 0Total elapsed time: 3.505 sec.
@I [HLS-100] Command "source /home/rz252/tjp79/ece5775-final/combined/voicerec.prj/solution1/.autopilot/db/voicerec_feedForward.compgen.tcl "
@I [HLS-100] Command 'ap_source' returned 0; elapsed 0Total elapsed time: 3.513 sec.
@I [HLS-100] Command "source /home/rz252/tjp79/ece5775-final/combined/voicerec.prj/solution1/.autopilot/db/voicerec_classifySound.compgen.tcl "
@I [HLS-100] Command 'ap_source' returned 0; elapsed 0Total elapsed time: 3.514 sec.
@I [HLS-100] Command "source /home/rz252/tjp79/ece5775-final/combined/voicerec.prj/solution1/.autopilot/db/voicerec.compgen.tcl "
@I [HLS-100] Command "source /home/rz252/tjp79/ece5775-final/combined/voicerec.prj/solution1/.autopilot/db/voicerec.rtl_wrap.cfg.tcl "
@I [HLS-100] Command 'ap_source' returned 0; elapsed 0.01Total elapsed time: 3.515 sec.
@I [HLS-100] Command "source /home/rz252/tjp79/ece5775-final/combined/voicerec.prj/solution1/.autopilot/db/voicerec.rtl_wrap.cfg.tcl "
@I [HLS-100] Command 'ap_source' returned 0; elapsed 0Total elapsed time: 3.516 sec.
@I [HLS-100] Command "source /home/rz252/tjp79/ece5775-final/combined/voicerec.prj/solution1/.autopilot/db/voicerec.rtl_wrap.cfg.tcl "
@I [HLS-100] Command 'ap_source' returned 0; elapsed 0Total elapsed time: 3.517 sec.
@I [HLS-100] Command "source /home/rz252/tjp79/ece5775-final/combined/voicerec.prj/solution1/.autopilot/db/voicerec.tbgen.tcl "
@I [HLS-100] Command 'ap_source' returned 0; elapsed 0Total elapsed time: 3.517 sec.
@I [HLS-100] Command "source /home/rz252/tjp79/ece5775-final/combined/voicerec.prj/solution1/.autopilot/db/voicerec.tbgen.tcl "
@I [HLS-100] Command 'ap_source' returned 0; elapsed 0Total elapsed time: 3.518 sec.
@I [HLS-100] Command 'ap_source' returned 0; elapsed 0.12Total elapsed time: 3.630 sec.
@I [HLS-100] Command "source /home/rz252/tjp79/ece5775-final/combined/voicerec.prj/solution1/.autopilot/db/global.setting.tcl "
@I [HLS-100] Command 'ap_source' returned 0; elapsed 0Total elapsed time: 3.638 sec.
@I [HLS-100] Command "source /home/rz252/tjp79/ece5775-final/combined/voicerec.prj/solution1/.autopilot/db/global.setting.tcl "
@I [HLS-100] Command 'ap_source' returned 0; elapsed 0Total elapsed time: 3.639 sec.
@I [HLS-100] Command "source /home/rz252/tjp79/ece5775-final/combined/voicerec.prj/solution1/.autopilot/db/voicerec_preprocessSound.compgen.tcl "
@I [HLS-100] Command 'ap_source' returned 0; elapsed 0Total elapsed time: 3.640 sec.
@I [HLS-100] Command "source /home/rz252/tjp79/ece5775-final/combined/voicerec.prj/solution1/.autopilot/db/voicerec_FFT.compgen.tcl "
@I [HLS-100] Command 'ap_source' returned 0; elapsed 0Total elapsed time: 3.643 sec.
@I [HLS-100] Command "source /home/rz252/tjp79/ece5775-final/combined/voicerec.prj/solution1/.autopilot/db/voicerec_processChunk.compgen.tcl "
@I [HLS-100] Command 'ap_source' returned 0; elapsed 0.01Total elapsed time: 3.651 sec.
@I [HLS-100] Command "source /home/rz252/tjp79/ece5775-final/combined/voicerec.prj/solution1/.autopilot/db/voicerec_feedForward.compgen.tcl "
@I [HLS-100] Command 'ap_source' returned 0; elapsed 0.01Total elapsed time: 3.662 sec.
@I [HLS-100] Command "source /home/rz252/tjp79/ece5775-final/combined/voicerec.prj/solution1/.autopilot/db/voicerec_classifySound.compgen.tcl "
@I [HLS-100] Command 'ap_source' returned 0; elapsed 0Total elapsed time: 3.663 sec.
@I [HLS-100] Command "source /home/rz252/tjp79/ece5775-final/combined/voicerec.prj/solution1/.autopilot/db/voicerec.compgen.tcl "
@I [HLS-100] Command 'ap_source' returned 0; elapsed 0Total elapsed time: 3.664 sec.
@I [HLS-100] Command "source /home/rz252/tjp79/ece5775-final/combined/voicerec.prj/solution1/.autopilot/db/global.setting.tcl "
@I [HLS-100] Command 'ap_source' returned 0; elapsed 0Total elapsed time: 3.835 sec.
@I [HLS-100] Command "source /home/rz252/tjp79/ece5775-final/combined/voicerec.prj/solution1/.autopilot/db/voicerec.constraint.tcl "
@I [HLS-100] Command 'ap_source' returned 0; elapsed 0Total elapsed time: 3.836 sec.
@I [HLS-100] Command "source /home/rz252/tjp79/ece5775-final/combined/voicerec.prj/solution1/.autopilot/db/voicerec.rtl_wrap.cfg.tcl "
@I [HLS-100] Command 'ap_source' returned 0; elapsed 0Total elapsed time: 3.969 sec.
@I [HLS-100] Command "source /home/rz252/tjp79/ece5775-final/combined/voicerec.prj/solution1/.autopilot/db/voicerec.rtl_wrap.cfg.tcl "
@I [HLS-100] Command 'ap_source' returned 0; elapsed 0Total elapsed time: 3.970 sec.
@I [HLS-100] Command "source /home/rz252/tjp79/ece5775-final/combined/voicerec.prj/solution1/.autopilot/db/voicerec.rtl_wrap.cfg.tcl "
@I [HLS-100] Command 'ap_source' returned 0; elapsed 0Total elapsed time: 3.970 sec.
@I [HLS-100] Command "source /home/rz252/tjp79/ece5775-final/combined/voicerec.prj/solution1/.autopilot/db/voicerec.tbgen.tcl "
@I [HLS-100] Command 'ap_source' returned 0; elapsed 0Total elapsed time: 3.971 sec.
@I [HLS-100] Command "source /home/rz252/tjp79/ece5775-final/combined/voicerec.prj/solution1/.autopilot/db/voicerec.tbgen.tcl "
@I [HLS-100] Command 'ap_source' returned 0; elapsed 0Total elapsed time: 3.971 sec.
@I [HLS-100] Command "source /home/rz252/tjp79/ece5775-final/combined/voicerec.prj/solution1/.autopilot/db/voicerec.tbgen.tcl "
@I [HLS-100] Command 'ap_source' returned 0; elapsed 0Total elapsed time: 4.86 sec.
@I [HLS-100] Command "source /home/rz252/tjp79/ece5775-final/combined/voicerec.prj/solution1/.autopilot/db/global.setting.tcl "
@I [HLS-100] Command 'ap_source' returned 0; elapsed 0Total elapsed time: 4.123 sec.
@I [HLS-100] Command "source /home/rz252/tjp79/ece5775-final/combined/voicerec.prj/solution1/.autopilot/db/voicerec.rtl_wrap.cfg.tcl "
@I [HLS-100] Command 'ap_source' returned 0; elapsed 0Total elapsed time: 4.126 sec.
@I [HLS-100] Command "source /home/rz252/tjp79/ece5775-final/combined/voicerec.prj/solution1/.autopilot/db/voicerec.rtl_wrap.cfg.tcl "
@I [HLS-100] Command 'ap_source' returned 0; elapsed 0Total elapsed time: 4.126 sec.
@I [HLS-100] Command "source /home/rz252/tjp79/ece5775-final/combined/voicerec.prj/solution1/.autopilot/db/voicerec.tbgen.tcl "
@I [HLS-100] Command 'ap_source' returned 0; elapsed 0Total elapsed time: 4.127 sec.
@I [HLS-100] Command "source /home/rz252/tjp79/ece5775-final/combined/voicerec.prj/solution1/.autopilot/db/voicerec.tbgen.tcl "
@I [HLS-100] Command 'ap_source' returned 0; elapsed 0Total elapsed time: 4.127 sec.
@I [HLS-100] Command "source /home/rz252/tjp79/ece5775-final/combined/voicerec.prj/solution1/.autopilot/db/voicerec.rtl_wrap.cfg.tcl "
@I [HLS-100] Command 'ap_source' returned 0; elapsed 0Total elapsed time: 4.235 sec.
@I [HLS-100] Command "source /home/rz252/tjp79/ece5775-final/combined/voicerec.prj/solution1/.autopilot/db/voicerec.rtl_wrap.cfg.tcl "
@I [HLS-100] Command 'ap_source' returned 0; elapsed 0.01Total elapsed time: 4.236 sec.
@I [HLS-100] Command "source /home/rz252/tjp79/ece5775-final/combined/voicerec.prj/solution1/.autopilot/db/voicerec.tbgen.tcl "
@I [HLS-100] Command 'ap_source' returned 0; elapsed 0Total elapsed time: 4.237 sec.
@I [HLS-100] Command "source /home/rz252/tjp79/ece5775-final/combined/voicerec.prj/solution1/.autopilot/db/voicerec.tbgen.tcl "
@I [HLS-100] Command 'ap_source' returned 0; elapsed 0Total elapsed time: 4.237 sec.
@I [HLS-100] Command "source /home/rz252/tjp79/ece5775-final/combined/voicerec.prj/solution1/.autopilot/db/global.setting.tcl "
@I [HLS-100] Command 'ap_source' returned 0; elapsed 0Total elapsed time: 4.374 sec.
@I [HLS-100] Command "source /home/rz252/tjp79/ece5775-final/combined/voicerec.prj/solution1/.autopilot/db/global.setting.tcl "
@I [HLS-100] Command 'ap_source' returned 0; elapsed 0Total elapsed time: 4.398 sec.
@I [HLS-100] Command "source /home/rz252/tjp79/ece5775-final/combined/voicerec.prj/solution1/.autopilot/db/voicerec.constraint.tcl "
@I [HLS-100] Command 'ap_source' returned 0; elapsed 0Total elapsed time: 4.399 sec.
@I [HLS-100] Command "source /home/rz252/tjp79/ece5775-final/combined/voicerec.prj/solution1/.autopilot/db/voicerec.constraint.tcl "
@I [HLS-100] Command 'ap_source' returned 0; elapsed 0Total elapsed time: 4.399 sec.
@I [HLS-100] Command "source /usr/tools/Xilinx/SDAccel/2015.1/Vivado_HLS/common/technology/generic/autopilot/common.gen "
@I [HLS-100] Command "source /usr/tools/Xilinx/SDAccel/2015.1/Vivado_HLS/common/technology/generic/autopilot/APCoreGen.gen "
@I [HLS-100] Command 'ap_source' returned 0; elapsed 0Total elapsed time: 4.410 sec.
@I [HLS-100] Command 'ap_source' returned 0; elapsed 0Total elapsed time: 4.411 sec.
@I [HLS-100] Command "source /usr/tools/Xilinx/SDAccel/2015.1/Vivado_HLS/common/technology/generic/autopilot/op.gen "
@I [HLS-100] Command 'ap_source' returned 0; elapsed 0Total elapsed time: 4.411 sec.
@I [HLS-100] Command "source /usr/tools/Xilinx/SDAccel/2015.1/Vivado_HLS/common/technology/generic/autopilot/op_simcore.gen "
@I [HLS-100] Command 'ap_source' returned 0; elapsed 0Total elapsed time: 4.413 sec.
@I [HLS-100] Command "source /usr/tools/Xilinx/SDAccel/2015.1/Vivado_HLS/common/technology/generic/autopilot/interface.gen "
@I [HLS-100] Command 'ap_source' returned 0; elapsed 0Total elapsed time: 4.413 sec.
@I [HLS-100] Command "source /home/rz252/tjp79/ece5775-final/combined/voicerec.prj/solution1/.autopilot/db/global.setting.tcl "
@I [HLS-100] Command 'ap_source' returned 0; elapsed 0Total elapsed time: 4.413 sec.
@I [HLS-100] Command "source /usr/tools/Xilinx/SDAccel/2015.1/Vivado_HLS/common/technology/xilinx/zynq/zynq.gen "
@I [HLS-100] Command "source /usr/tools/Xilinx/SDAccel/2015.1/Vivado_HLS/common/technology/xilinx/common/virtex.gen "
@I [HLS-100] Command "source /usr/tools/Xilinx/SDAccel/2015.1/Vivado_HLS/common/technology/xilinx/common/xilinx.gen "
@I [HLS-100] Command "source /usr/tools/Xilinx/SDAccel/2015.1/Vivado_HLS/common/technology/xilinx/interface/plb46.gen "
@I [HLS-100] Command 'ap_source' returned 0; elapsed 0Total elapsed time: 4.415 sec.
@I [HLS-100] Command "source /usr/tools/Xilinx/SDAccel/2015.1/Vivado_HLS/common/technology/xilinx/interface/fsl.gen "
@I [HLS-100] Command 'ap_source' returned 0; elapsed 0Total elapsed time: 4.416 sec.
@I [HLS-100] Command "source /usr/tools/Xilinx/SDAccel/2015.1/Vivado_HLS/common/technology/xilinx/interface/axi4.gen "
@I [HLS-100] Command 'ap_source' returned 0; elapsed 0Total elapsed time: 4.418 sec.
@I [HLS-100] Command "source /usr/tools/Xilinx/SDAccel/2015.1/Vivado_HLS/common/technology/xilinx/interface/nativeAXI4.gen "
@I [HLS-100] Command "source /usr/tools/Xilinx/SDAccel/2015.1/Vivado_HLS/common/technology/xilinx/interface/saxilite.gen "
@I [HLS-100] Command 'ap_source' returned 0; elapsed 0.01Total elapsed time: 4.422 sec.
@I [HLS-100] Command "source /usr/tools/Xilinx/SDAccel/2015.1/Vivado_HLS/common/technology/xilinx/interface/maxi.gen "
@I [HLS-100] Command 'ap_source' returned 0; elapsed 0Total elapsed time: 4.431 sec.
@I [HLS-100] Command 'ap_source' returned 0; elapsed 0.01Total elapsed time: 4.431 sec.
@I [HLS-100] Command "source /usr/tools/Xilinx/SDAccel/2015.1/Vivado_HLS/common/technology/xilinx/scripts/xilinxcoregen.gen "
@I [HLS-100] Command 'ap_source' returned 0; elapsed 0.02Total elapsed time: 4.444 sec.
@I [HLS-100] Command "source /usr/tools/Xilinx/SDAccel/2015.1/Vivado_HLS/common/technology/xilinx/interface/XilEDKCoreGen.gen "
@I [HLS-100] Command 'ap_source' returned 0; elapsed 0.01Total elapsed time: 4.455 sec.
@I [HLS-100] Command "source /usr/tools/Xilinx/SDAccel/2015.1/Vivado_HLS/common/technology/xilinx/ip/xfft.gen "
@I [HLS-100] Command 'ap_source' returned 0; elapsed 0.13Total elapsed time: 4.585 sec.
@I [HLS-100] Command "source /usr/tools/Xilinx/SDAccel/2015.1/Vivado_HLS/common/technology/xilinx/ip/dds_compiler.gen "
@I [HLS-100] Command 'ap_source' returned 0; elapsed 0Total elapsed time: 4.590 sec.
@I [HLS-100] Command "source /usr/tools/Xilinx/SDAccel/2015.1/Vivado_HLS/common/technology/xilinx/ip/xfir.gen "
@I [HLS-100] Command 'ap_source' returned 0; elapsed 0.04Total elapsed time: 4.632 sec.
@I [HLS-100] Command "source /usr/tools/Xilinx/SDAccel/2015.1/Vivado_HLS/common/technology/xilinx/ip/util.gen "
@I [HLS-100] Command 'ap_source' returned 0; elapsed 0Total elapsed time: 4.632 sec.
@I [HLS-100] Command 'ap_source' returned 0; elapsed 0.21Total elapsed time: 4.632 sec.
@I [HLS-100] Command "source /usr/tools/Xilinx/SDAccel/2015.1/Vivado_HLS/common/technology/xilinx/common/dsp48.gen "
@I [HLS-100] Command 'ap_source' returned 0; elapsed 0Total elapsed time: 4.634 sec.
@I [HLS-100] Command 'ap_source' returned 0; elapsed 0.22Total elapsed time: 4.634 sec.
@I [HLS-100] Command 'ap_source' returned 0; elapsed 0.22Total elapsed time: 4.634 sec.
@I [HLS-100] Command "source /usr/tools/Xilinx/SDAccel/2015.1/Vivado_HLS/common/technology/xilinx/zynq/zynq_fpv6.gen "
@I [HLS-100] Command "source /usr/tools/Xilinx/SDAccel/2015.1/Vivado_HLS/common/technology/xilinx/common/xilinx_fpv6.gen "
@I [HLS-100] Command 'ap_source' returned 0; elapsed 0Total elapsed time: 4.636 sec.
@I [HLS-100] Command 'ap_source' returned 0; elapsed 0Total elapsed time: 4.637 sec.
@I [HLS-100] Command "source /home/rz252/tjp79/ece5775-final/combined/voicerec.prj/solution1/.autopilot/db/global.setting.tcl "
@I [HLS-100] Command 'ap_source' returned 0; elapsed 0Total elapsed time: 39.289 sec.
@I [HLS-100] Command "source /usr/tools/Xilinx/SDAccel/2015.1/Vivado_HLS/common/technology/generic/autopilot/common.gen "
@I [HLS-100] Command "source /usr/tools/Xilinx/SDAccel/2015.1/Vivado_HLS/common/technology/generic/autopilot/APCoreGen.gen "
@I [HLS-100] Command 'ap_source' returned 0; elapsed 0.01Total elapsed time: 39.295 sec.
@I [HLS-100] Command 'ap_source' returned 0; elapsed 0.01Total elapsed time: 39.295 sec.
@I [HLS-100] Command "source /usr/tools/Xilinx/SDAccel/2015.1/Vivado_HLS/common/technology/generic/autopilot/op.gen "
@I [HLS-100] Command 'ap_source' returned 0; elapsed 0Total elapsed time: 39.296 sec.
@I [HLS-100] Command "source /usr/tools/Xilinx/SDAccel/2015.1/Vivado_HLS/common/technology/generic/autopilot/op_simcore.gen "
@I [HLS-100] Command 'ap_source' returned 0; elapsed 0Total elapsed time: 39.297 sec.
@I [HLS-100] Command "source /usr/tools/Xilinx/SDAccel/2015.1/Vivado_HLS/common/technology/generic/autopilot/interface.gen "
@I [HLS-100] Command 'ap_source' returned 0; elapsed 0Total elapsed time: 39.297 sec.
@I [HLS-100] Command "source /home/rz252/tjp79/ece5775-final/combined/voicerec.prj/solution1/.autopilot/db/global.setting.tcl "
@I [HLS-100] Command 'ap_source' returned 0; elapsed 0Total elapsed time: 39.298 sec.
@I [HLS-100] Command "source /usr/tools/Xilinx/SDAccel/2015.1/Vivado_HLS/common/technology/xilinx/zynq/zynq.gen "
@I [HLS-100] Command "source /usr/tools/Xilinx/SDAccel/2015.1/Vivado_HLS/common/technology/xilinx/common/virtex.gen "
@I [HLS-100] Command "source /usr/tools/Xilinx/SDAccel/2015.1/Vivado_HLS/common/technology/xilinx/common/xilinx.gen "
@I [HLS-100] Command "source /usr/tools/Xilinx/SDAccel/2015.1/Vivado_HLS/common/technology/xilinx/interface/plb46.gen "
@I [HLS-100] Command 'ap_source' returned 0; elapsed 0Total elapsed time: 39.300 sec.
@I [HLS-100] Command "source /usr/tools/Xilinx/SDAccel/2015.1/Vivado_HLS/common/technology/xilinx/interface/fsl.gen "
@I [HLS-100] Command 'ap_source' returned 0; elapsed 0Total elapsed time: 39.300 sec.
@I [HLS-100] Command "source /usr/tools/Xilinx/SDAccel/2015.1/Vivado_HLS/common/technology/xilinx/interface/axi4.gen "
@I [HLS-100] Command 'ap_source' returned 0; elapsed 0Total elapsed time: 39.303 sec.
@I [HLS-100] Command "source /usr/tools/Xilinx/SDAccel/2015.1/Vivado_HLS/common/technology/xilinx/interface/nativeAXI4.gen "
@I [HLS-100] Command "source /usr/tools/Xilinx/SDAccel/2015.1/Vivado_HLS/common/technology/xilinx/interface/saxilite.gen "
@I [HLS-100] Command 'ap_source' returned 0; elapsed 0.01Total elapsed time: 39.307 sec.
@I [HLS-100] Command "source /usr/tools/Xilinx/SDAccel/2015.1/Vivado_HLS/common/technology/xilinx/interface/maxi.gen "
@I [HLS-100] Command 'ap_source' returned 0; elapsed 0.01Total elapsed time: 39.316 sec.
@I [HLS-100] Command 'ap_source' returned 0; elapsed 0.02Total elapsed time: 39.316 sec.
@I [HLS-100] Command "source /usr/tools/Xilinx/SDAccel/2015.1/Vivado_HLS/common/technology/xilinx/scripts/xilinxcoregen.gen "
@I [HLS-100] Command 'ap_source' returned 0; elapsed 0.01Total elapsed time: 39.329 sec.
@I [HLS-100] Command "source /usr/tools/Xilinx/SDAccel/2015.1/Vivado_HLS/common/technology/xilinx/interface/XilEDKCoreGen.gen "
@I [HLS-100] Command 'ap_source' returned 0; elapsed 0.01Total elapsed time: 39.340 sec.
@I [HLS-100] Command "source /usr/tools/Xilinx/SDAccel/2015.1/Vivado_HLS/common/technology/xilinx/ip/xfft.gen "
@I [HLS-100] Command 'ap_source' returned 0; elapsed 0.13Total elapsed time: 39.472 sec.
@I [HLS-100] Command "source /usr/tools/Xilinx/SDAccel/2015.1/Vivado_HLS/common/technology/xilinx/ip/dds_compiler.gen "
@I [HLS-100] Command 'ap_source' returned 0; elapsed 0.01Total elapsed time: 39.477 sec.
@I [HLS-100] Command "source /usr/tools/Xilinx/SDAccel/2015.1/Vivado_HLS/common/technology/xilinx/ip/xfir.gen "
@I [HLS-100] Command 'ap_source' returned 0; elapsed 0.04Total elapsed time: 39.519 sec.
@I [HLS-100] Command "source /usr/tools/Xilinx/SDAccel/2015.1/Vivado_HLS/common/technology/xilinx/ip/util.gen "
@I [HLS-100] Command 'ap_source' returned 0; elapsed 0Total elapsed time: 39.520 sec.
@I [HLS-100] Command 'ap_source' returned 0; elapsed 0.22Total elapsed time: 39.520 sec.
@I [HLS-100] Command "source /usr/tools/Xilinx/SDAccel/2015.1/Vivado_HLS/common/technology/xilinx/common/dsp48.gen "
@I [HLS-100] Command 'ap_source' returned 0; elapsed 0Total elapsed time: 39.522 sec.
@I [HLS-100] Command 'ap_source' returned 0; elapsed 0.22Total elapsed time: 39.522 sec.
@I [HLS-100] Command 'ap_source' returned 0; elapsed 0.22Total elapsed time: 39.522 sec.
@I [HLS-100] Command "source /usr/tools/Xilinx/SDAccel/2015.1/Vivado_HLS/common/technology/xilinx/zynq/zynq_fpv6.gen "
@I [HLS-100] Command "source /usr/tools/Xilinx/SDAccel/2015.1/Vivado_HLS/common/technology/xilinx/common/xilinx_fpv6.gen "
@I [HLS-100] Command 'ap_source' returned 0; elapsed 0Total elapsed time: 39.524 sec.
@I [HLS-100] Command 'ap_source' returned 0; elapsed 0Total elapsed time: 39.524 sec.
@I [HLS-100] Command "source /home/rz252/tjp79/ece5775-final/combined/voicerec.prj/solution1/.autopilot/db/global.setting.tcl "
@I [HLS-100] Command 'ap_source' returned 0; elapsed 0Total elapsed time: 39.524 sec.
@I [HLS-100] Command "source /home/rz252/tjp79/ece5775-final/combined/voicerec.prj/solution1/.autopilot/db/global.setting.tcl "
@I [HLS-100] Command 'ap_source' returned 0; elapsed 0Total elapsed time: 39.542 sec.
@I [HLS-100] Command "source /home/rz252/tjp79/ece5775-final/combined/voicerec.prj/solution1/.autopilot/db/global.setting.tcl "
@I [HLS-100] Command 'ap_source' returned 0; elapsed 0Total elapsed time: 39.545 sec.
@I [HLS-100] Command "source /usr/tools/Xilinx/SDAccel/2015.1/Vivado_HLS/common/technology/generic/autopilot/common.gen "
@I [HLS-100] Command "source /usr/tools/Xilinx/SDAccel/2015.1/Vivado_HLS/common/technology/generic/autopilot/APCoreGen.gen "
@I [HLS-100] Command 'ap_source' returned 0; elapsed 0Total elapsed time: 39.548 sec.
@I [HLS-100] Command 'ap_source' returned 0; elapsed 0Total elapsed time: 39.549 sec.
@I [HLS-100] Command "source /usr/tools/Xilinx/SDAccel/2015.1/Vivado_HLS/common/technology/generic/autopilot/op.gen "
@I [HLS-100] Command 'ap_source' returned 0; elapsed 0Total elapsed time: 39.549 sec.
@I [HLS-100] Command "source /usr/tools/Xilinx/SDAccel/2015.1/Vivado_HLS/common/technology/generic/autopilot/op_simcore.gen "
@I [HLS-100] Command 'ap_source' returned 0; elapsed 0Total elapsed time: 39.551 sec.
@I [HLS-100] Command "source /usr/tools/Xilinx/SDAccel/2015.1/Vivado_HLS/common/technology/generic/autopilot/interface.gen "
@I [HLS-100] Command 'ap_source' returned 0; elapsed 0Total elapsed time: 39.551 sec.
@I [HLS-100] Command "source /home/rz252/tjp79/ece5775-final/combined/voicerec.prj/solution1/.autopilot/db/global.setting.tcl "
@I [HLS-100] Command 'ap_source' returned 0; elapsed 0Total elapsed time: 39.551 sec.
@I [HLS-100] Command "source /usr/tools/Xilinx/SDAccel/2015.1/Vivado_HLS/common/technology/xilinx/zynq/zynq.gen "
@I [HLS-100] Command "source /usr/tools/Xilinx/SDAccel/2015.1/Vivado_HLS/common/technology/xilinx/common/virtex.gen "
@I [HLS-100] Command "source /usr/tools/Xilinx/SDAccel/2015.1/Vivado_HLS/common/technology/xilinx/common/xilinx.gen "
@I [HLS-100] Command "source /usr/tools/Xilinx/SDAccel/2015.1/Vivado_HLS/common/technology/xilinx/interface/plb46.gen "
@I [HLS-100] Command 'ap_source' returned 0; elapsed 0.01Total elapsed time: 39.553 sec.
@I [HLS-100] Command "source /usr/tools/Xilinx/SDAccel/2015.1/Vivado_HLS/common/technology/xilinx/interface/fsl.gen "
@I [HLS-100] Command 'ap_source' returned 0; elapsed 0Total elapsed time: 39.554 sec.
@I [HLS-100] Command "source /usr/tools/Xilinx/SDAccel/2015.1/Vivado_HLS/common/technology/xilinx/interface/axi4.gen "
@I [HLS-100] Command 'ap_source' returned 0; elapsed 0Total elapsed time: 39.556 sec.
@I [HLS-100] Command "source /usr/tools/Xilinx/SDAccel/2015.1/Vivado_HLS/common/technology/xilinx/interface/nativeAXI4.gen "
@I [HLS-100] Command "source /usr/tools/Xilinx/SDAccel/2015.1/Vivado_HLS/common/technology/xilinx/interface/saxilite.gen "
@I [HLS-100] Command 'ap_source' returned 0; elapsed 0Total elapsed time: 39.560 sec.
@I [HLS-100] Command "source /usr/tools/Xilinx/SDAccel/2015.1/Vivado_HLS/common/technology/xilinx/interface/maxi.gen "
@I [HLS-100] Command 'ap_source' returned 0; elapsed 0.01Total elapsed time: 39.569 sec.
@I [HLS-100] Command 'ap_source' returned 0; elapsed 0.01Total elapsed time: 39.569 sec.
@I [HLS-100] Command "source /usr/tools/Xilinx/SDAccel/2015.1/Vivado_HLS/common/technology/xilinx/scripts/xilinxcoregen.gen "
@I [HLS-100] Command 'ap_source' returned 0; elapsed 0.01Total elapsed time: 39.581 sec.
@I [HLS-100] Command "source /usr/tools/Xilinx/SDAccel/2015.1/Vivado_HLS/common/technology/xilinx/interface/XilEDKCoreGen.gen "
@I [HLS-100] Command 'ap_source' returned 0; elapsed 0.01Total elapsed time: 39.592 sec.
@I [HLS-100] Command "source /usr/tools/Xilinx/SDAccel/2015.1/Vivado_HLS/common/technology/xilinx/ip/xfft.gen "
@I [HLS-100] Command 'ap_source' returned 0; elapsed 0.13Total elapsed time: 39.719 sec.
@I [HLS-100] Command "source /usr/tools/Xilinx/SDAccel/2015.1/Vivado_HLS/common/technology/xilinx/ip/dds_compiler.gen "
@I [HLS-100] Command 'ap_source' returned 0; elapsed 0.01Total elapsed time: 39.723 sec.
@I [HLS-100] Command "source /usr/tools/Xilinx/SDAccel/2015.1/Vivado_HLS/common/technology/xilinx/ip/xfir.gen "
@I [HLS-100] Command 'ap_source' returned 0; elapsed 0.05Total elapsed time: 39.765 sec.
@I [HLS-100] Command "source /usr/tools/Xilinx/SDAccel/2015.1/Vivado_HLS/common/technology/xilinx/ip/util.gen "
@I [HLS-100] Command 'ap_source' returned 0; elapsed 0Total elapsed time: 39.766 sec.
@I [HLS-100] Command 'ap_source' returned 0; elapsed 0.23Total elapsed time: 39.766 sec.
@I [HLS-100] Command "source /usr/tools/Xilinx/SDAccel/2015.1/Vivado_HLS/common/technology/xilinx/common/dsp48.gen "
@I [HLS-100] Command 'ap_source' returned 0; elapsed 0Total elapsed time: 39.767 sec.
@I [HLS-100] Command 'ap_source' returned 0; elapsed 0.23Total elapsed time: 39.767 sec.
@I [HLS-100] Command 'ap_source' returned 0; elapsed 0.23Total elapsed time: 39.767 sec.
@I [HLS-100] Command "source /usr/tools/Xilinx/SDAccel/2015.1/Vivado_HLS/common/technology/xilinx/zynq/zynq_fpv6.gen "
@I [HLS-100] Command "source /usr/tools/Xilinx/SDAccel/2015.1/Vivado_HLS/common/technology/xilinx/common/xilinx_fpv6.gen "
@I [HLS-100] Command 'ap_source' returned 0; elapsed 0Total elapsed time: 39.769 sec.
@I [HLS-100] Command 'ap_source' returned 0; elapsed 0Total elapsed time: 39.770 sec.
@I [HLS-100] Command "source /home/rz252/tjp79/ece5775-final/combined/voicerec.prj/solution1/.autopilot/db/global.setting.tcl "
@I [HLS-100] Command 'ap_source' returned 0; elapsed 0Total elapsed time: 39.770 sec.
@I [HLS-100] Command "source /home/rz252/tjp79/ece5775-final/combined/voicerec.prj/solution1/.autopilot/db/global.setting.tcl "
@I [HLS-100] Command 'ap_source' returned 0; elapsed 0Total elapsed time: 39.770 sec.
@I [HLS-100] Command "source /home/rz252/tjp79/ece5775-final/combined/voicerec.prj/solution1/.autopilot/db/voicerec_preprocessSound.compgen.tcl "
@I [HLS-100] Command 'ap_source' returned 0; elapsed 0.01Total elapsed time: 39.782 sec.
@I [HLS-100] Command "source /home/rz252/tjp79/ece5775-final/combined/voicerec.prj/solution1/.autopilot/db/voicerec_FFT.compgen.tcl "
@I [HLS-100] Command 'ap_source' returned 0; elapsed 0.01Total elapsed time: 39.798 sec.
@I [HLS-100] Command "source /home/rz252/tjp79/ece5775-final/combined/voicerec.prj/solution1/.autopilot/db/voicerec_processChunk.compgen.tcl "
@I [HLS-100] Command 'ap_source' returned 0; elapsed 0.04Total elapsed time: 39.845 sec.
@I [HLS-100] Command "source /home/rz252/tjp79/ece5775-final/combined/voicerec.prj/solution1/.autopilot/db/voicerec_feedForward.compgen.tcl "
@I [HLS-100] Command 'ap_source' returned 0; elapsed 0.03Total elapsed time: 39.874 sec.
@I [HLS-100] Command "source /home/rz252/tjp79/ece5775-final/combined/voicerec.prj/solution1/.autopilot/db/voicerec_classifySound.compgen.tcl "
@I [HLS-100] Command 'ap_source' returned 0; elapsed 0.01Total elapsed time: 39.881 sec.
@I [HLS-100] Command "source /home/rz252/tjp79/ece5775-final/combined/voicerec.prj/solution1/.autopilot/db/voicerec.compgen.tcl "
@I [HLS-100] Command 'ap_source' returned 0; elapsed 0Total elapsed time: 39.882 sec.
@I [HLS-100] Command "source /home/rz252/tjp79/ece5775-final/combined/voicerec.prj/solution1/.autopilot/db/global.setting.tcl "
@I [HLS-100] Command 'ap_source' returned 0; elapsed 0Total elapsed time: 39.968 sec.
@I [HLS-100] Command "source /home/rz252/tjp79/ece5775-final/combined/voicerec.prj/solution1/.autopilot/db/voicerec.constraint.tcl "
@I [HLS-100] Command 'ap_source' returned 0; elapsed 0Total elapsed time: 39.969 sec.
@I [HLS-100] Command "source /usr/tools/Xilinx/SDAccel/2015.1/Vivado_HLS/common/technology/generic/autopilot/common.gen "
@I [HLS-100] Command "source /usr/tools/Xilinx/SDAccel/2015.1/Vivado_HLS/common/technology/generic/autopilot/APCoreGen.gen "
@I [HLS-100] Command 'ap_source' returned 0; elapsed 0Total elapsed time: 39.975 sec.
@I [HLS-100] Command 'ap_source' returned 0; elapsed 0Total elapsed time: 39.975 sec.
@I [HLS-100] Command "source /usr/tools/Xilinx/SDAccel/2015.1/Vivado_HLS/common/technology/generic/autopilot/op.gen "
@I [HLS-100] Command 'ap_source' returned 0; elapsed 0Total elapsed time: 39.976 sec.
@I [HLS-100] Command "source /usr/tools/Xilinx/SDAccel/2015.1/Vivado_HLS/common/technology/generic/autopilot/op_simcore.gen "
@I [HLS-100] Command 'ap_source' returned 0; elapsed 0Total elapsed time: 39.977 sec.
@I [HLS-100] Command "source /usr/tools/Xilinx/SDAccel/2015.1/Vivado_HLS/common/technology/generic/autopilot/interface.gen "
@I [HLS-100] Command 'ap_source' returned 0; elapsed 0Total elapsed time: 39.977 sec.
@I [HLS-100] Command "source /home/rz252/tjp79/ece5775-final/combined/voicerec.prj/solution1/.autopilot/db/global.setting.tcl "
@I [HLS-100] Command 'ap_source' returned 0; elapsed 0Total elapsed time: 39.977 sec.
@I [HLS-100] Command "source /usr/tools/Xilinx/SDAccel/2015.1/Vivado_HLS/common/technology/xilinx/zynq/zynq.gen "
@I [HLS-100] Command "source /usr/tools/Xilinx/SDAccel/2015.1/Vivado_HLS/common/technology/xilinx/common/virtex.gen "
@I [HLS-100] Command "source /usr/tools/Xilinx/SDAccel/2015.1/Vivado_HLS/common/technology/xilinx/common/xilinx.gen "
@I [HLS-100] Command "source /usr/tools/Xilinx/SDAccel/2015.1/Vivado_HLS/common/technology/xilinx/interface/plb46.gen "
@I [HLS-100] Command 'ap_source' returned 0; elapsed 0Total elapsed time: 39.979 sec.
@I [HLS-100] Command "source /usr/tools/Xilinx/SDAccel/2015.1/Vivado_HLS/common/technology/xilinx/interface/fsl.gen "
@I [HLS-100] Command 'ap_source' returned 0; elapsed 0Total elapsed time: 39.980 sec.
@I [HLS-100] Command "source /usr/tools/Xilinx/SDAccel/2015.1/Vivado_HLS/common/technology/xilinx/interface/axi4.gen "
@I [HLS-100] Command 'ap_source' returned 0; elapsed 0.01Total elapsed time: 39.982 sec.
@I [HLS-100] Command "source /usr/tools/Xilinx/SDAccel/2015.1/Vivado_HLS/common/technology/xilinx/interface/nativeAXI4.gen "
@I [HLS-100] Command "source /usr/tools/Xilinx/SDAccel/2015.1/Vivado_HLS/common/technology/xilinx/interface/saxilite.gen "
@I [HLS-100] Command 'ap_source' returned 0; elapsed 0Total elapsed time: 39.986 sec.
@I [HLS-100] Command "source /usr/tools/Xilinx/SDAccel/2015.1/Vivado_HLS/common/technology/xilinx/interface/maxi.gen "
@I [HLS-100] Command 'ap_source' returned 0; elapsed 0.01Total elapsed time: 39.995 sec.
@I [HLS-100] Command 'ap_source' returned 0; elapsed 0.01Total elapsed time: 39.995 sec.
@I [HLS-100] Command "source /usr/tools/Xilinx/SDAccel/2015.1/Vivado_HLS/common/technology/xilinx/scripts/xilinxcoregen.gen "
@I [HLS-100] Command 'ap_source' returned 0; elapsed 0.01Total elapsed time: 40.8 sec.
@I [HLS-100] Command "source /usr/tools/Xilinx/SDAccel/2015.1/Vivado_HLS/common/technology/xilinx/interface/XilEDKCoreGen.gen "
@I [HLS-100] Command 'ap_source' returned 0; elapsed 0.01Total elapsed time: 40.18 sec.
@I [HLS-100] Command "source /usr/tools/Xilinx/SDAccel/2015.1/Vivado_HLS/common/technology/xilinx/ip/xfft.gen "
@I [HLS-100] Command 'ap_source' returned 0; elapsed 0.13Total elapsed time: 40.151 sec.
@I [HLS-100] Command "source /usr/tools/Xilinx/SDAccel/2015.1/Vivado_HLS/common/technology/xilinx/ip/dds_compiler.gen "
@I [HLS-100] Command 'ap_source' returned 0; elapsed 0.01Total elapsed time: 40.156 sec.
@I [HLS-100] Command "source /usr/tools/Xilinx/SDAccel/2015.1/Vivado_HLS/common/technology/xilinx/ip/xfir.gen "
@I [HLS-100] Command 'ap_source' returned 0; elapsed 0.05Total elapsed time: 40.197 sec.
@I [HLS-100] Command "source /usr/tools/Xilinx/SDAccel/2015.1/Vivado_HLS/common/technology/xilinx/ip/util.gen "
@I [HLS-100] Command 'ap_source' returned 0; elapsed 0Total elapsed time: 40.198 sec.
@I [HLS-100] Command 'ap_source' returned 0; elapsed 0.23Total elapsed time: 40.198 sec.
@I [HLS-100] Command "source /usr/tools/Xilinx/SDAccel/2015.1/Vivado_HLS/common/technology/xilinx/common/dsp48.gen "
@I [HLS-100] Command 'ap_source' returned 0; elapsed 0Total elapsed time: 40.199 sec.
@I [HLS-100] Command 'ap_source' returned 0; elapsed 0.23Total elapsed time: 40.200 sec.
@I [HLS-100] Command 'ap_source' returned 0; elapsed 0.23Total elapsed time: 40.200 sec.
@I [HLS-100] Command "source /usr/tools/Xilinx/SDAccel/2015.1/Vivado_HLS/common/technology/xilinx/zynq/zynq_fpv6.gen "
@I [HLS-100] Command "source /usr/tools/Xilinx/SDAccel/2015.1/Vivado_HLS/common/technology/xilinx/common/xilinx_fpv6.gen "
@I [HLS-100] Command 'ap_source' returned 0; elapsed 0Total elapsed time: 40.202 sec.
@I [HLS-100] Command 'ap_source' returned 0; elapsed 0Total elapsed time: 40.202 sec.
@I [HLS-100] Command "source /home/rz252/tjp79/ece5775-final/combined/voicerec.prj/solution1/.autopilot/db/global.setting.tcl "
@I [HLS-100] Command 'ap_source' returned 0; elapsed 0Total elapsed time: 40.214 sec.
@I [HLS-100] Command "source /home/rz252/tjp79/ece5775-final/combined/voicerec.prj/solution1/.autopilot/db/global.setting.tcl "
@I [HLS-100] Command 'ap_source' returned 0; elapsed 0Total elapsed time: 68.698 sec.
@I [HLS-100] Command "source /usr/tools/Xilinx/SDAccel/2015.1/Vivado_HLS/common/technology/generic/autopilot/common.gen "
@I [HLS-100] Command "source /usr/tools/Xilinx/SDAccel/2015.1/Vivado_HLS/common/technology/generic/autopilot/APCoreGen.gen "
@I [HLS-100] Command 'ap_source' returned 0; elapsed 0Total elapsed time: 68.704 sec.
@I [HLS-100] Command 'ap_source' returned 0; elapsed 0Total elapsed time: 68.704 sec.
@I [HLS-100] Command "source /usr/tools/Xilinx/SDAccel/2015.1/Vivado_HLS/common/technology/generic/autopilot/op.gen "
@I [HLS-100] Command 'ap_source' returned 0; elapsed 0Total elapsed time: 68.705 sec.
@I [HLS-100] Command "source /usr/tools/Xilinx/SDAccel/2015.1/Vivado_HLS/common/technology/generic/autopilot/op_simcore.gen "
@I [HLS-100] Command 'ap_source' returned 0; elapsed 0Total elapsed time: 68.706 sec.
@I [HLS-100] Command "source /usr/tools/Xilinx/SDAccel/2015.1/Vivado_HLS/common/technology/generic/autopilot/interface.gen "
@I [HLS-100] Command 'ap_source' returned 0; elapsed 0Total elapsed time: 68.707 sec.
@I [HLS-100] Command "source /home/rz252/tjp79/ece5775-final/combined/voicerec.prj/solution1/.autopilot/db/global.setting.tcl "
@I [HLS-100] Command 'ap_source' returned 0; elapsed 0Total elapsed time: 68.707 sec.
@I [HLS-100] Command "source /usr/tools/Xilinx/SDAccel/2015.1/Vivado_HLS/common/technology/xilinx/zynq/zynq.gen "
@I [HLS-100] Command "source /usr/tools/Xilinx/SDAccel/2015.1/Vivado_HLS/common/technology/xilinx/common/virtex.gen "
@I [HLS-100] Command "source /usr/tools/Xilinx/SDAccel/2015.1/Vivado_HLS/common/technology/xilinx/common/xilinx.gen "
@I [HLS-100] Command "source /usr/tools/Xilinx/SDAccel/2015.1/Vivado_HLS/common/technology/xilinx/interface/plb46.gen "
@I [HLS-100] Command 'ap_source' returned 0; elapsed 0Total elapsed time: 68.709 sec.
@I [HLS-100] Command "source /usr/tools/Xilinx/SDAccel/2015.1/Vivado_HLS/common/technology/xilinx/interface/fsl.gen "
@I [HLS-100] Command 'ap_source' returned 0; elapsed 0Total elapsed time: 68.710 sec.
@I [HLS-100] Command "source /usr/tools/Xilinx/SDAccel/2015.1/Vivado_HLS/common/technology/xilinx/interface/axi4.gen "
@I [HLS-100] Command 'ap_source' returned 0; elapsed 0Total elapsed time: 68.713 sec.
@I [HLS-100] Command "source /usr/tools/Xilinx/SDAccel/2015.1/Vivado_HLS/common/technology/xilinx/interface/nativeAXI4.gen "
@I [HLS-100] Command "source /usr/tools/Xilinx/SDAccel/2015.1/Vivado_HLS/common/technology/xilinx/interface/saxilite.gen "
@I [HLS-100] Command 'ap_source' returned 0; elapsed 0.01Total elapsed time: 68.717 sec.
@I [HLS-100] Command "source /usr/tools/Xilinx/SDAccel/2015.1/Vivado_HLS/common/technology/xilinx/interface/maxi.gen "
@I [HLS-100] Command 'ap_source' returned 0; elapsed 0.01Total elapsed time: 68.726 sec.
@I [HLS-100] Command 'ap_source' returned 0; elapsed 0.02Total elapsed time: 68.726 sec.
@I [HLS-100] Command "source /usr/tools/Xilinx/SDAccel/2015.1/Vivado_HLS/common/technology/xilinx/scripts/xilinxcoregen.gen "
@I [HLS-100] Command 'ap_source' returned 0; elapsed 0.02Total elapsed time: 68.740 sec.
@I [HLS-100] Command "source /usr/tools/Xilinx/SDAccel/2015.1/Vivado_HLS/common/technology/xilinx/interface/XilEDKCoreGen.gen "
@I [HLS-100] Command 'ap_source' returned 0; elapsed 0.01Total elapsed time: 68.751 sec.
@I [HLS-100] Command "source /usr/tools/Xilinx/SDAccel/2015.1/Vivado_HLS/common/technology/xilinx/ip/xfft.gen "
@I [HLS-100] Command 'ap_source' returned 0; elapsed 0.13Total elapsed time: 68.885 sec.
@I [HLS-100] Command "source /usr/tools/Xilinx/SDAccel/2015.1/Vivado_HLS/common/technology/xilinx/ip/dds_compiler.gen "
@I [HLS-100] Command 'ap_source' returned 0; elapsed 0.01Total elapsed time: 68.890 sec.
@I [HLS-100] Command "source /usr/tools/Xilinx/SDAccel/2015.1/Vivado_HLS/common/technology/xilinx/ip/xfir.gen "
@I [HLS-100] Command 'ap_source' returned 0; elapsed 0.04Total elapsed time: 68.933 sec.
@I [HLS-100] Command "source /usr/tools/Xilinx/SDAccel/2015.1/Vivado_HLS/common/technology/xilinx/ip/util.gen "
@I [HLS-100] Command 'ap_source' returned 0; elapsed 0Total elapsed time: 68.934 sec.
@I [HLS-100] Command 'ap_source' returned 0; elapsed 0.23Total elapsed time: 68.934 sec.
@I [HLS-100] Command "source /usr/tools/Xilinx/SDAccel/2015.1/Vivado_HLS/common/technology/xilinx/common/dsp48.gen "
@I [HLS-100] Command 'ap_source' returned 0; elapsed 0Total elapsed time: 68.935 sec.
@I [HLS-100] Command 'ap_source' returned 0; elapsed 0.23Total elapsed time: 68.936 sec.
@I [HLS-100] Command 'ap_source' returned 0; elapsed 0.23Total elapsed time: 68.936 sec.
@I [HLS-100] Command "source /usr/tools/Xilinx/SDAccel/2015.1/Vivado_HLS/common/technology/xilinx/zynq/zynq_fpv6.gen "
@I [HLS-100] Command "source /usr/tools/Xilinx/SDAccel/2015.1/Vivado_HLS/common/technology/xilinx/common/xilinx_fpv6.gen "
@I [HLS-100] Command 'ap_source' returned 0; elapsed 0Total elapsed time: 68.938 sec.
@I [HLS-100] Command 'ap_source' returned 0; elapsed 0Total elapsed time: 68.938 sec.
@I [HLS-100] Command "source /home/rz252/tjp79/ece5775-final/combined/voicerec.prj/solution1/.autopilot/db/global.setting.tcl "
@I [HLS-100] Command 'ap_source' returned 0; elapsed 0Total elapsed time: 68.938 sec.
@I [HLS-100] Command "source /home/rz252/tjp79/ece5775-final/combined/voicerec.prj/solution1/.autopilot/db/global.setting.tcl "
@I [HLS-100] Command 'ap_source' returned 0; elapsed 0Total elapsed time: 68.956 sec.
@I [HLS-100] Command "source /home/rz252/tjp79/ece5775-final/combined/voicerec.prj/solution1/.autopilot/db/global.setting.tcl "
@I [HLS-100] Command 'ap_source' returned 0; elapsed 0.01Total elapsed time: 68.959 sec.
@I [HLS-100] Command "source /usr/tools/Xilinx/SDAccel/2015.1/Vivado_HLS/common/technology/generic/autopilot/common.gen "
@I [HLS-100] Command "source /usr/tools/Xilinx/SDAccel/2015.1/Vivado_HLS/common/technology/generic/autopilot/APCoreGen.gen "
@I [HLS-100] Command 'ap_source' returned 0; elapsed 0Total elapsed time: 68.962 sec.
@I [HLS-100] Command 'ap_source' returned 0; elapsed 0Total elapsed time: 68.963 sec.
@I [HLS-100] Command "source /usr/tools/Xilinx/SDAccel/2015.1/Vivado_HLS/common/technology/generic/autopilot/op.gen "
@I [HLS-100] Command 'ap_source' returned 0; elapsed 0Total elapsed time: 68.963 sec.
@I [HLS-100] Command "source /usr/tools/Xilinx/SDAccel/2015.1/Vivado_HLS/common/technology/generic/autopilot/op_simcore.gen "
@I [HLS-100] Command 'ap_source' returned 0; elapsed 0Total elapsed time: 68.965 sec.
@I [HLS-100] Command "source /usr/tools/Xilinx/SDAccel/2015.1/Vivado_HLS/common/technology/generic/autopilot/interface.gen "
@I [HLS-100] Command 'ap_source' returned 0; elapsed 0Total elapsed time: 68.965 sec.
@I [HLS-100] Command "source /home/rz252/tjp79/ece5775-final/combined/voicerec.prj/solution1/.autopilot/db/global.setting.tcl "
@I [HLS-100] Command 'ap_source' returned 0; elapsed 0Total elapsed time: 68.965 sec.
@I [HLS-100] Command "source /usr/tools/Xilinx/SDAccel/2015.1/Vivado_HLS/common/technology/xilinx/zynq/zynq.gen "
@I [HLS-100] Command "source /usr/tools/Xilinx/SDAccel/2015.1/Vivado_HLS/common/technology/xilinx/common/virtex.gen "
@I [HLS-100] Command "source /usr/tools/Xilinx/SDAccel/2015.1/Vivado_HLS/common/technology/xilinx/common/xilinx.gen "
@I [HLS-100] Command "source /usr/tools/Xilinx/SDAccel/2015.1/Vivado_HLS/common/technology/xilinx/interface/plb46.gen "
@I [HLS-100] Command 'ap_source' returned 0; elapsed 0Total elapsed time: 68.967 sec.
@I [HLS-100] Command "source /usr/tools/Xilinx/SDAccel/2015.1/Vivado_HLS/common/technology/xilinx/interface/fsl.gen "
@I [HLS-100] Command 'ap_source' returned 0; elapsed 0Total elapsed time: 68.968 sec.
@I [HLS-100] Command "source /usr/tools/Xilinx/SDAccel/2015.1/Vivado_HLS/common/technology/xilinx/interface/axi4.gen "
@I [HLS-100] Command 'ap_source' returned 0; elapsed 0.01Total elapsed time: 68.970 sec.
@I [HLS-100] Command "source /usr/tools/Xilinx/SDAccel/2015.1/Vivado_HLS/common/technology/xilinx/interface/nativeAXI4.gen "
@I [HLS-100] Command "source /usr/tools/Xilinx/SDAccel/2015.1/Vivado_HLS/common/technology/xilinx/interface/saxilite.gen "
@I [HLS-100] Command 'ap_source' returned 0; elapsed 0Total elapsed time: 68.974 sec.
@I [HLS-100] Command "source /usr/tools/Xilinx/SDAccel/2015.1/Vivado_HLS/common/technology/xilinx/interface/maxi.gen "
@I [HLS-100] Command 'ap_source' returned 0; elapsed 0.01Total elapsed time: 68.983 sec.
@I [HLS-100] Command 'ap_source' returned 0; elapsed 0.01Total elapsed time: 68.983 sec.
@I [HLS-100] Command "source /usr/tools/Xilinx/SDAccel/2015.1/Vivado_HLS/common/technology/xilinx/scripts/xilinxcoregen.gen "
@I [HLS-100] Command 'ap_source' returned 0; elapsed 0.01Total elapsed time: 68.996 sec.
@I [HLS-100] Command "source /usr/tools/Xilinx/SDAccel/2015.1/Vivado_HLS/common/technology/xilinx/interface/XilEDKCoreGen.gen "
@I [HLS-100] Command 'ap_source' returned 0; elapsed 0.01Total elapsed time: 69.7 sec.
@I [HLS-100] Command "source /usr/tools/Xilinx/SDAccel/2015.1/Vivado_HLS/common/technology/xilinx/ip/xfft.gen "
@I [HLS-100] Command 'ap_source' returned 0; elapsed 0.13Total elapsed time: 69.139 sec.
@I [HLS-100] Command "source /usr/tools/Xilinx/SDAccel/2015.1/Vivado_HLS/common/technology/xilinx/ip/dds_compiler.gen "
@I [HLS-100] Command 'ap_source' returned 0; elapsed 0.01Total elapsed time: 69.144 sec.
@I [HLS-100] Command "source /usr/tools/Xilinx/SDAccel/2015.1/Vivado_HLS/common/technology/xilinx/ip/xfir.gen "
@I [HLS-100] Command 'ap_source' returned 0; elapsed 0.04Total elapsed time: 69.191 sec.
@I [HLS-100] Command "source /usr/tools/Xilinx/SDAccel/2015.1/Vivado_HLS/common/technology/xilinx/ip/util.gen "
@I [HLS-100] Command 'ap_source' returned 0; elapsed 0Total elapsed time: 69.191 sec.
@I [HLS-100] Command 'ap_source' returned 0; elapsed 0.22Total elapsed time: 69.191 sec.
@I [HLS-100] Command "source /usr/tools/Xilinx/SDAccel/2015.1/Vivado_HLS/common/technology/xilinx/common/dsp48.gen "
@I [HLS-100] Command 'ap_source' returned 0; elapsed 0Total elapsed time: 69.193 sec.
@I [HLS-100] Command 'ap_source' returned 0; elapsed 0.22Total elapsed time: 69.193 sec.
@I [HLS-100] Command 'ap_source' returned 0; elapsed 0.22Total elapsed time: 69.193 sec.
@I [HLS-100] Command "source /usr/tools/Xilinx/SDAccel/2015.1/Vivado_HLS/common/technology/xilinx/zynq/zynq_fpv6.gen "
@I [HLS-100] Command "source /usr/tools/Xilinx/SDAccel/2015.1/Vivado_HLS/common/technology/xilinx/common/xilinx_fpv6.gen "
@I [HLS-100] Command 'ap_source' returned 0; elapsed 0.01Total elapsed time: 69.196 sec.
@I [HLS-100] Command 'ap_source' returned 0; elapsed 0.01Total elapsed time: 69.196 sec.
@I [HLS-100] Command "source /home/rz252/tjp79/ece5775-final/combined/voicerec.prj/solution1/.autopilot/db/global.setting.tcl "
@I [HLS-100] Command 'ap_source' returned 0; elapsed 0Total elapsed time: 69.196 sec.
@I [HLS-100] Command "source /home/rz252/tjp79/ece5775-final/combined/voicerec.prj/solution1/.autopilot/db/global.setting.tcl "
@I [HLS-100] Command 'ap_source' returned 0; elapsed 0Total elapsed time: 69.196 sec.
@I [HLS-100] Command "source /home/rz252/tjp79/ece5775-final/combined/voicerec.prj/solution1/.autopilot/db/voicerec_preprocessSound.compgen.tcl "
@I [HLS-100] Command 'ap_source' returned 0; elapsed 0.01Total elapsed time: 69.208 sec.
@I [HLS-100] Command "source /home/rz252/tjp79/ece5775-final/combined/voicerec.prj/solution1/.autopilot/db/voicerec_FFT.compgen.tcl "
@I [HLS-100] Command 'ap_source' returned 0; elapsed 0.02Total elapsed time: 69.224 sec.
@I [HLS-100] Command "source /home/rz252/tjp79/ece5775-final/combined/voicerec.prj/solution1/.autopilot/db/voicerec_processChunk.compgen.tcl "
@I [HLS-100] Command 'ap_source' returned 0; elapsed 0.04Total elapsed time: 69.271 sec.
@I [HLS-100] Command "source /home/rz252/tjp79/ece5775-final/combined/voicerec.prj/solution1/.autopilot/db/voicerec_feedForward.compgen.tcl "
@I [HLS-100] Command 'ap_source' returned 0; elapsed 0.04Total elapsed time: 69.302 sec.
@I [HLS-100] Command "source /home/rz252/tjp79/ece5775-final/combined/voicerec.prj/solution1/.autopilot/db/voicerec_classifySound.compgen.tcl "
@I [HLS-100] Command 'ap_source' returned 0; elapsed 0.01Total elapsed time: 69.310 sec.
@I [HLS-100] Command "source /home/rz252/tjp79/ece5775-final/combined/voicerec.prj/solution1/.autopilot/db/voicerec.compgen.tcl "
@I [HLS-100] Command 'ap_source' returned 0; elapsed 0Total elapsed time: 69.311 sec.
@I [HLS-100] Command "source /home/rz252/tjp79/ece5775-final/combined/voicerec.prj/solution1/.autopilot/db/global.setting.tcl "
@I [HLS-100] Command 'ap_source' returned 0; elapsed 0Total elapsed time: 69.401 sec.
@I [HLS-100] Command "source /home/rz252/tjp79/ece5775-final/combined/voicerec.prj/solution1/.autopilot/db/voicerec.constraint.tcl "
@I [HLS-100] Command 'ap_source' returned 0; elapsed 0Total elapsed time: 69.403 sec.
@I [HLS-100] Command "source /usr/tools/Xilinx/SDAccel/2015.1/Vivado_HLS/common/technology/generic/autopilot/common.gen "
@I [HLS-100] Command "source /usr/tools/Xilinx/SDAccel/2015.1/Vivado_HLS/common/technology/generic/autopilot/APCoreGen.gen "
@I [HLS-100] Command 'ap_source' returned 0; elapsed 0.01Total elapsed time: 69.410 sec.
@I [HLS-100] Command 'ap_source' returned 0; elapsed 0.01Total elapsed time: 69.411 sec.
@I [HLS-100] Command "source /usr/tools/Xilinx/SDAccel/2015.1/Vivado_HLS/common/technology/generic/autopilot/op.gen "
@I [HLS-100] Command 'ap_source' returned 0; elapsed 0Total elapsed time: 69.411 sec.
@I [HLS-100] Command "source /usr/tools/Xilinx/SDAccel/2015.1/Vivado_HLS/common/technology/generic/autopilot/op_simcore.gen "
@I [HLS-100] Command 'ap_source' returned 0; elapsed 0Total elapsed time: 69.412 sec.
@I [HLS-100] Command "source /usr/tools/Xilinx/SDAccel/2015.1/Vivado_HLS/common/technology/generic/autopilot/interface.gen "
@I [HLS-100] Command 'ap_source' returned 0; elapsed 0Total elapsed time: 69.413 sec.
@I [HLS-100] Command "source /home/rz252/tjp79/ece5775-final/combined/voicerec.prj/solution1/.autopilot/db/global.setting.tcl "
@I [HLS-100] Command 'ap_source' returned 0; elapsed 0Total elapsed time: 69.413 sec.
@I [HLS-100] Command "source /usr/tools/Xilinx/SDAccel/2015.1/Vivado_HLS/common/technology/xilinx/zynq/zynq.gen "
@I [HLS-100] Command "source /usr/tools/Xilinx/SDAccel/2015.1/Vivado_HLS/common/technology/xilinx/common/virtex.gen "
@I [HLS-100] Command "source /usr/tools/Xilinx/SDAccel/2015.1/Vivado_HLS/common/technology/xilinx/common/xilinx.gen "
@I [HLS-100] Command "source /usr/tools/Xilinx/SDAccel/2015.1/Vivado_HLS/common/technology/xilinx/interface/plb46.gen "
@I [HLS-100] Command 'ap_source' returned 0; elapsed 0Total elapsed time: 69.415 sec.
@I [HLS-100] Command "source /usr/tools/Xilinx/SDAccel/2015.1/Vivado_HLS/common/technology/xilinx/interface/fsl.gen "
@I [HLS-100] Command 'ap_source' returned 0; elapsed 0Total elapsed time: 69.416 sec.
@I [HLS-100] Command "source /usr/tools/Xilinx/SDAccel/2015.1/Vivado_HLS/common/technology/xilinx/interface/axi4.gen "
@I [HLS-100] Command 'ap_source' returned 0; elapsed 0Total elapsed time: 69.419 sec.
@I [HLS-100] Command "source /usr/tools/Xilinx/SDAccel/2015.1/Vivado_HLS/common/technology/xilinx/interface/nativeAXI4.gen "
@I [HLS-100] Command "source /usr/tools/Xilinx/SDAccel/2015.1/Vivado_HLS/common/technology/xilinx/interface/saxilite.gen "
@I [HLS-100] Command 'ap_source' returned 0; elapsed 0.01Total elapsed time: 69.423 sec.
@I [HLS-100] Command "source /usr/tools/Xilinx/SDAccel/2015.1/Vivado_HLS/common/technology/xilinx/interface/maxi.gen "
@I [HLS-100] Command 'ap_source' returned 0; elapsed 0.01Total elapsed time: 69.433 sec.
@I [HLS-100] Command 'ap_source' returned 0; elapsed 0.02Total elapsed time: 69.433 sec.
@I [HLS-100] Command "source /usr/tools/Xilinx/SDAccel/2015.1/Vivado_HLS/common/technology/xilinx/scripts/xilinxcoregen.gen "
@I [HLS-100] Command 'ap_source' returned 0; elapsed 0.01Total elapsed time: 69.447 sec.
@I [HLS-100] Command "source /usr/tools/Xilinx/SDAccel/2015.1/Vivado_HLS/common/technology/xilinx/interface/XilEDKCoreGen.gen "
@I [HLS-100] Command 'ap_source' returned 0; elapsed 0.01Total elapsed time: 69.459 sec.
@I [HLS-100] Command "source /usr/tools/Xilinx/SDAccel/2015.1/Vivado_HLS/common/technology/xilinx/ip/xfft.gen "
@I [HLS-100] Command 'ap_source' returned 0; elapsed 0.14Total elapsed time: 69.594 sec.
@I [HLS-100] Command "source /usr/tools/Xilinx/SDAccel/2015.1/Vivado_HLS/common/technology/xilinx/ip/dds_compiler.gen "
@I [HLS-100] Command 'ap_source' returned 0; elapsed 0Total elapsed time: 69.599 sec.
@I [HLS-100] Command "source /usr/tools/Xilinx/SDAccel/2015.1/Vivado_HLS/common/technology/xilinx/ip/xfir.gen "
@I [HLS-100] Command 'ap_source' returned 0; elapsed 0.04Total elapsed time: 69.642 sec.
@I [HLS-100] Command "source /usr/tools/Xilinx/SDAccel/2015.1/Vivado_HLS/common/technology/xilinx/ip/util.gen "
@I [HLS-100] Command 'ap_source' returned 0; elapsed 0Total elapsed time: 69.642 sec.
@I [HLS-100] Command 'ap_source' returned 0; elapsed 0.22Total elapsed time: 69.642 sec.
@I [HLS-100] Command "source /usr/tools/Xilinx/SDAccel/2015.1/Vivado_HLS/common/technology/xilinx/common/dsp48.gen "
@I [HLS-100] Command 'ap_source' returned 0; elapsed 0Total elapsed time: 69.644 sec.
@I [HLS-100] Command 'ap_source' returned 0; elapsed 0.22Total elapsed time: 69.644 sec.
@I [HLS-100] Command 'ap_source' returned 0; elapsed 0.22Total elapsed time: 69.644 sec.
@I [HLS-100] Command "source /usr/tools/Xilinx/SDAccel/2015.1/Vivado_HLS/common/technology/xilinx/zynq/zynq_fpv6.gen "
@I [HLS-100] Command "source /usr/tools/Xilinx/SDAccel/2015.1/Vivado_HLS/common/technology/xilinx/common/xilinx_fpv6.gen "
@I [HLS-100] Command 'ap_source' returned 0; elapsed 0.01Total elapsed time: 69.648 sec.
@I [HLS-100] Command 'ap_source' returned 0; elapsed 0.01Total elapsed time: 69.648 sec.
@I [HLS-100] Command "source /home/rz252/tjp79/ece5775-final/combined/voicerec.prj/solution1/.autopilot/db/global.setting.tcl "
@I [HLS-100] Command 'ap_source' returned 0; elapsed 0Total elapsed time: 69.663 sec.
@I [HLS-100] Command 'export_design' returned 0; elapsed 3.64Total elapsed time: 98.311 sec.
@I [HLS-100] Command 'ap_source' returned 0; elapsed 3.97Total elapsed time: 98.311 sec.
@I [HLS-100] Command "cleanup_all "
@I [HLS-100] Command 'cleanup_all' returned 0; elapsed 0Total elapsed time: 98.312 sec.
