@I [HLS-0] Workspace /home/student/tjp79/classes/ece5775/audio_lab/audio.prj/solution1 opened at Mon Nov 23 13:19:51 EST 2015
@I [HLS-100] Command "config_clock -quiet -name default -period 10 -default=false "
@I [SYN-201] Setting up clock 'default' with a period of 10ns.
@I [HLS-100] Command 'config_clock' returned 0; elapsed 0Total elapsed time: 1.164 sec.
@I [HLS-100] Command "open_platform DefaultPlatform "
@I [HLS-100] Command 'open_platform' returned 0; elapsed 0Total elapsed time: 1.165 sec.
@I [HLS-100] Command "import_lib /opt/xilinx/Vivado_HLS/2014.2/common/technology/xilinx/zynq/zynq "
@I [HLS-100] Command "source /opt/xilinx/Vivado_HLS/2014.2/common/technology/xilinx/common/xilinx.lib "
@I [HLS-100] Command "source /opt/xilinx/Vivado_HLS/2014.2/common/technology/xilinx/interface/xilinx_interface.lib "
@I [HLS-100] Command "source /opt/xilinx/Vivado_HLS/2014.2/common/technology/xilinx/interface/plb46.lib "
@I [HLS-100] Command 'ap_source' returned 0; elapsed 0Total elapsed time: 1.174 sec.
@I [HLS-100] Command "source /opt/xilinx/Vivado_HLS/2014.2/common/technology/xilinx/interface/fsl.lib "
@I [HLS-100] Command 'ap_source' returned 0; elapsed 0Total elapsed time: 1.177 sec.
@I [HLS-100] Command "source /opt/xilinx/Vivado_HLS/2014.2/common/technology/xilinx/interface/axi4.lib "
@I [HLS-100] Command 'ap_source' returned 0; elapsed 0Total elapsed time: 1.178 sec.
@I [HLS-100] Command "source /opt/xilinx/Vivado_HLS/2014.2/common/technology/xilinx/interface/maxi.lib "
@I [HLS-100] Command 'ap_source' returned 0; elapsed 0Total elapsed time: 1.180 sec.
@I [HLS-100] Command 'ap_source' returned 0; elapsed 0Total elapsed time: 1.180 sec.
@I [HLS-100] Command "source /opt/xilinx/Vivado_HLS/2014.2/common/technology/xilinx/common/dsp48.lib "
@I [HLS-100] Command 'ap_source' returned 0; elapsed 0Total elapsed time: 1.181 sec.
@I [HLS-100] Command "source /opt/xilinx/Vivado_HLS/2014.2/common/technology/xilinx/ip/xfft.lib "
@I [HLS-100] Command 'ap_source' returned 0; elapsed 0Total elapsed time: 1.183 sec.
@I [HLS-100] Command "source /opt/xilinx/Vivado_HLS/2014.2/common/technology/xilinx/ip/xfir.lib "
@I [HLS-100] Command 'ap_source' returned 0; elapsed 0Total elapsed time: 1.184 sec.
@I [HLS-100] Command 'ap_source' returned 0; elapsed 0Total elapsed time: 1.186 sec.
@I [HLS-100] Command "source /opt/xilinx/Vivado_HLS/2014.2/common/technology/xilinx/common/xilinx_old.lib "
@I [HLS-100] Command 'ap_source' returned 0; elapsed 0Total elapsed time: 1.190 sec.
@I [HLS-100] Command "source /opt/xilinx/Vivado_HLS/2014.2/common/technology/xilinx/common/xilinx_vivado.lib "
@I [HLS-100] Command 'ap_source' returned 0; elapsed 0Total elapsed time: 1.192 sec.
@I [HLS-100] Command "source /opt/xilinx/Vivado_HLS/2014.2/common/technology/xilinx/common/xilinx.hlp "
@I [HLS-100] Command "source /opt/xilinx/Vivado_HLS/2014.2/common/technology/xilinx/common/target_info.tcl "
@I [HLS-100] Command 'ap_source' returned 0; elapsed 0Total elapsed time: 1.199 sec.
@I [HLS-100] Command "source /opt/xilinx/Vivado_HLS/2014.2/common/technology/xilinx/interface/xilinx_interface.hlp "
@I [HLS-100] Command "source /opt/xilinx/Vivado_HLS/2014.2/common/technology/xilinx/interface/maxi.hlp "
@I [HLS-100] Command 'ap_source' returned 0; elapsed 0Total elapsed time: 1.201 sec.
@I [HLS-100] Command 'ap_source' returned 0; elapsed 0Total elapsed time: 1.201 sec.
@I [HLS-100] Command "source /opt/xilinx/Vivado_HLS/2014.2/common/technology/xilinx/common/dsp48.hlp "
@I [HLS-100] Command 'ap_source' returned 0; elapsed 0.01Total elapsed time: 1.203 sec.
@I [HLS-100] Command 'ap_source' returned 0; elapsed 0.01Total elapsed time: 1.203 sec.
@I [HLS-100] Command "source /opt/xilinx/Vivado_HLS/2014.2/common/technology/xilinx/zynq/dsp48e1.hlp "
@I [HLS-100] Command 'ap_source' returned 0; elapsed 0Total elapsed time: 1.205 sec.
@I [HLS-100] Command "get_default_platform "
@I [HLS-100] Command 'get_default_platform' returned 0; elapsed 0Total elapsed time: 1.205 sec.
@I [HLS-100] Command "config_chip_info -quiet -resource  {SLICE 13300}  {LUT 53200}     {FF 106400} {DSP48E 220}   {BRAM 280}  "
@I [HLS-100] Command 'config_chip_info' returned 0; elapsed 0Total elapsed time: 1.205 sec.
@I [HLS-100] Command "config_chip_info -quiet -speed medium "
@I [HLS-100] Command 'config_chip_info' returned 0; elapsed 0Total elapsed time: 1.205 sec.
@I [HLS-100] Command 'import_lib' returned 0; elapsed 0.02Total elapsed time: 1.207 sec.
@I [HLS-100] Command "source /opt/xilinx/Vivado_HLS/2014.2/common/technology/xilinx/zynq/zynq.gen "
@I [HLS-100] Command "source /opt/xilinx/Vivado_HLS/2014.2/common/technology/xilinx/common/virtex.gen "
@I [HLS-100] Command "source /opt/xilinx/Vivado_HLS/2014.2/common/technology/xilinx/common/xilinx.gen "
@I [HLS-100] Command "source /opt/xilinx/Vivado_HLS/2014.2/common/technology/xilinx/interface/plb46.gen "
@I [HLS-100] Command 'ap_source' returned 0; elapsed 0Total elapsed time: 1.214 sec.
@I [HLS-100] Command "source /opt/xilinx/Vivado_HLS/2014.2/common/technology/xilinx/interface/fsl.gen "
@I [HLS-100] Command 'ap_source' returned 0; elapsed 0Total elapsed time: 1.216 sec.
@I [HLS-100] Command "source /opt/xilinx/Vivado_HLS/2014.2/common/technology/xilinx/interface/axi4.gen "
@I [HLS-100] Command 'ap_source' returned 0; elapsed 0Total elapsed time: 1.220 sec.
@I [HLS-100] Command "source /opt/xilinx/Vivado_HLS/2014.2/common/technology/xilinx/interface/nativeAXI4.gen "
@I [HLS-100] Command "source /opt/xilinx/Vivado_HLS/2014.2/common/technology/xilinx/interface/saxilite.gen "
@I [HLS-100] Command 'ap_source' returned 0; elapsed 0.01Total elapsed time: 1.226 sec.
@I [HLS-100] Command "source /opt/xilinx/Vivado_HLS/2014.2/common/technology/xilinx/interface/maxi.gen "
@I [HLS-100] Command 'ap_source' returned 0; elapsed 0.01Total elapsed time: 1.232 sec.
@I [HLS-100] Command 'ap_source' returned 0; elapsed 0.02Total elapsed time: 1.232 sec.
@I [HLS-100] Command "source /opt/xilinx/Vivado_HLS/2014.2/common/technology/xilinx/scripts/xilinxcoregen.gen "
@I [HLS-100] Command 'ap_source' returned 0; elapsed 0.01Total elapsed time: 1.246 sec.
@I [HLS-100] Command "source /opt/xilinx/Vivado_HLS/2014.2/common/technology/xilinx/interface/XilEDKCoreGen.gen "
@I [HLS-100] Command 'ap_source' returned 0; elapsed 0.01Total elapsed time: 1.260 sec.
@I [HLS-100] Command "source /opt/xilinx/Vivado_HLS/2014.2/common/technology/xilinx/ip/util.gen "
@I [HLS-100] Command 'ap_source' returned 0; elapsed 0Total elapsed time: 1.262 sec.
@I [HLS-100] Command "source /opt/xilinx/Vivado_HLS/2014.2/common/technology/xilinx/ip/xfft.gen "
@I [HLS-100] Command 'ap_source' returned 0; elapsed 0.17Total elapsed time: 1.433 sec.
@I [HLS-100] Command "source /opt/xilinx/Vivado_HLS/2014.2/common/technology/xilinx/ip/xfir.gen "
@I [HLS-100] Command "source /opt/xilinx/Vivado_HLS/2014.2/tps/tcl/tcllib1.11.1/struct/list.tcl "
@I [HLS-100] Command "source /opt/xilinx/Vivado_HLS/2014.2/tps/tcl/tcllib1.11.1/cmdline/cmdline.tcl "
@I [HLS-100] Command 'ap_source' returned 0; elapsed 0Total elapsed time: 1.460 sec.
@I [HLS-100] Command 'ap_source' returned 0; elapsed 0Total elapsed time: 1.461 sec.
@I [HLS-100] Command "source /opt/xilinx/Vivado_HLS/2014.2/tps/tcl/tcllib1.11.1/math/bignum.tcl "
@I [HLS-100] Command 'ap_source' returned 0; elapsed 0Total elapsed time: 1.469 sec.
@I [HLS-100] Command 'ap_source' returned 0; elapsed 0.05Total elapsed time: 1.480 sec.
@I [HLS-100] Command 'ap_source' returned 0; elapsed 0.26Total elapsed time: 1.480 sec.
@I [HLS-100] Command "source /opt/xilinx/Vivado_HLS/2014.2/common/technology/xilinx/common/dsp48.gen "
@I [HLS-100] Command 'ap_source' returned 0; elapsed 0Total elapsed time: 1.483 sec.
@I [HLS-100] Command 'ap_source' returned 0; elapsed 0.26Total elapsed time: 1.484 sec.
@I [HLS-100] Command 'ap_source' returned 0; elapsed 0.26Total elapsed time: 1.484 sec.
@I [HLS-100] Command "open_platform DefaultPlatform "
@I [HLS-100] Command 'open_platform' returned 0; elapsed 0Total elapsed time: 1.484 sec.
@I [HLS-100] Command "import_lib /opt/xilinx/Vivado_HLS/2014.2/common/technology/xilinx/zynq/zynq_fpv6 "
@I [HLS-100] Command "source /opt/xilinx/Vivado_HLS/2014.2/common/technology/xilinx/common/xilinx_fpv7.lib "
@I [HLS-100] Command "source /opt/xilinx/Vivado_HLS/2014.2/common/technology/xilinx/common/xilinx_fpv6.lib "
@I [HLS-100] Command 'ap_source' returned 0; elapsed 0Total elapsed time: 1.489 sec.
@I [HLS-100] Command 'ap_source' returned 0; elapsed 0Total elapsed time: 1.492 sec.
@I [HLS-100] Command 'import_lib' returned 0; elapsed 0.02Total elapsed time: 1.509 sec.
@I [HLS-100] Command "source /opt/xilinx/Vivado_HLS/2014.2/common/technology/xilinx/zynq/zynq_fpv6.gen "
@I [HLS-100] Command "source /opt/xilinx/Vivado_HLS/2014.2/common/technology/xilinx/common/xilinx_fpv6.gen "
@I [HLS-100] Command 'ap_source' returned 0; elapsed 0Total elapsed time: 1.513 sec.
@I [HLS-100] Command 'ap_source' returned 0; elapsed 0Total elapsed time: 1.513 sec.
@I [HLS-100] Command "set_part xc7z020clg484-1 "
@I [HLS-100] Command "add_library xilinx/zynq/zynq:xc7z020:clg484:-1 "
@I [HLS-100] Command "get_default_platform "
@I [HLS-100] Command 'get_default_platform' returned 0; elapsed 0Total elapsed time: 1.520 sec.
@I [HLS-100] Command "license_exists VIVADO_HLS "
@I [HLS-100] Command 'license_exists' returned 1; elapsed 0Total elapsed time: 1.532 sec.
@I [HLS-100] Command "license_exists AUTOESL_NI "
@I [HLS-100] Command 'license_exists' returned 1; elapsed 0Total elapsed time: 1.544 sec.
@I [HLS-100] Command "license_exists HLS "
@I [HLS-100] Command 'license_exists' returned 0; elapsed 0Total elapsed time: 1.545 sec.
@I [HLS-100] Command "get_default_platform "
@I [HLS-100] Command 'get_default_platform' returned 0; elapsed 0Total elapsed time: 1.547 sec.
@I [HLS-100] Command "config_chip_info -quiet -resource  {SLICE 13300}  {LUT 53200}     {FF 106400} {DSP48E 220}   {BRAM 280}  "
@I [HLS-100] Command 'config_chip_info' returned 0; elapsed 0Total elapsed time: 1.547 sec.
@I [HLS-100] Command "config_chip_info -quiet -speed slow "
@I [HLS-100] Command 'config_chip_info' returned 0; elapsed 0Total elapsed time: 1.547 sec.
@I [HLS-100] Command 'add_library' returned 0; elapsed 0.01Total elapsed time: 1.549 sec.
@I [HLS-100] Command "add_library xilinx/zynq/zynq_fpv6 "
@I [HLS-100] Command "get_default_platform "
@I [HLS-100] Command 'get_default_platform' returned 0; elapsed 0Total elapsed time: 1.550 sec.
@I [HLS-100] Command "license_exists VIVADO_HLS "
@I [HLS-100] Command 'license_exists' returned 1; elapsed 0Total elapsed time: 1.562 sec.
@I [HLS-100] Command "license_exists AUTOESL_NI "
@I [HLS-100] Command 'license_exists' returned 1; elapsed 0.01Total elapsed time: 1.574 sec.
@I [HLS-100] Command "license_exists HLS "
@I [HLS-100] Command 'license_exists' returned 0; elapsed 0Total elapsed time: 1.574 sec.
@I [HLS-100] Command 'add_library' returned 0; elapsed 0.02Total elapsed time: 1.576 sec.
@I [HLS-10] Setting target device to 'xc7z020clg484-1'
@I [HLS-100] Command 'set_part' returned 0; elapsed 0.03Total elapsed time: 1.576 sec.
@I [HLS-100] Command "get_default_platform "
@I [HLS-100] Command 'get_default_platform' returned 0; elapsed 0Total elapsed time: 1.576 sec.
@I [HLS-100] Command "config_chip_info -quiet -resource  {SLICE 13300}  {LUT 53200}     {FF 106400} {DSP48E 220}   {BRAM 280}  "
@I [HLS-100] Command 'config_chip_info' returned 0; elapsed 0Total elapsed time: 1.576 sec.
@I [HLS-100] Command "config_chip_info -quiet -speed slow "
@I [HLS-100] Command 'config_chip_info' returned 0; elapsed 0Total elapsed time: 1.576 sec.
@I [HLS-100] Command 'open_solution' returned 0; elapsed 0.34Total elapsed time: 1.577 sec.
@I [HLS-100] Command "export_design -format ip_catalog "
@I [HLS-100] Command "source /home/student/tjp79/classes/ece5775/audio_lab/audio.prj/solution1/.autopilot/db/global.setting.tcl "
@I [HLS-100] Command 'ap_source' returned 0; elapsed 0Total elapsed time: 1.584 sec.
@I [HLS-100] Command "source /opt/xilinx/Vivado_HLS/2014.2/common/technology/generic/autopilot/common.gen "
@I [HLS-100] Command "source /opt/xilinx/Vivado_HLS/2014.2/common/technology/generic/autopilot/APCoreGen.gen "
@I [HLS-100] Command 'ap_source' returned 0; elapsed 0Total elapsed time: 1.593 sec.
@I [HLS-100] Command 'ap_source' returned 0; elapsed 0Total elapsed time: 1.594 sec.
@I [HLS-100] Command "source /opt/xilinx/Vivado_HLS/2014.2/common/technology/generic/autopilot/op.gen "
@I [HLS-100] Command 'ap_source' returned 0; elapsed 0Total elapsed time: 1.595 sec.
@I [HLS-100] Command "source /opt/xilinx/Vivado_HLS/2014.2/common/technology/generic/autopilot/op_simcore.gen "
@I [HLS-100] Command 'ap_source' returned 0; elapsed 0Total elapsed time: 1.598 sec.
@I [HLS-100] Command "source /opt/xilinx/Vivado_HLS/2014.2/common/technology/generic/autopilot/interface.gen "
@I [HLS-100] Command 'ap_source' returned 0; elapsed 0Total elapsed time: 1.599 sec.
@I [HLS-100] Command "source /home/student/tjp79/classes/ece5775/audio_lab/audio.prj/solution1/.autopilot/db/global.setting.tcl "
@I [HLS-100] Command 'ap_source' returned 0; elapsed 0Total elapsed time: 1.599 sec.
@I [HLS-100] Command "source /opt/xilinx/Vivado_HLS/2014.2/common/technology/xilinx/zynq/zynq.gen "
@I [HLS-100] Command "source /opt/xilinx/Vivado_HLS/2014.2/common/technology/xilinx/common/virtex.gen "
@I [HLS-100] Command "source /opt/xilinx/Vivado_HLS/2014.2/common/technology/xilinx/common/xilinx.gen "
@I [HLS-100] Command "source /opt/xilinx/Vivado_HLS/2014.2/common/technology/xilinx/interface/plb46.gen "
@I [HLS-100] Command 'ap_source' returned 0; elapsed 0Total elapsed time: 1.606 sec.
@I [HLS-100] Command "source /opt/xilinx/Vivado_HLS/2014.2/common/technology/xilinx/interface/fsl.gen "
@I [HLS-100] Command 'ap_source' returned 0; elapsed 0Total elapsed time: 1.607 sec.
@I [HLS-100] Command "source /opt/xilinx/Vivado_HLS/2014.2/common/technology/xilinx/interface/axi4.gen "
@I [HLS-100] Command 'ap_source' returned 0; elapsed 0.01Total elapsed time: 1.612 sec.
@I [HLS-100] Command "source /opt/xilinx/Vivado_HLS/2014.2/common/technology/xilinx/interface/nativeAXI4.gen "
@I [HLS-100] Command "source /opt/xilinx/Vivado_HLS/2014.2/common/technology/xilinx/interface/saxilite.gen "
@I [HLS-100] Command 'ap_source' returned 0; elapsed 0Total elapsed time: 1.617 sec.
@I [HLS-100] Command "source /opt/xilinx/Vivado_HLS/2014.2/common/technology/xilinx/interface/maxi.gen "
@I [HLS-100] Command 'ap_source' returned 0; elapsed 0Total elapsed time: 1.623 sec.
@I [HLS-100] Command 'ap_source' returned 0; elapsed 0Total elapsed time: 1.623 sec.
@I [HLS-100] Command "source /opt/xilinx/Vivado_HLS/2014.2/common/technology/xilinx/scripts/xilinxcoregen.gen "
@I [HLS-100] Command 'ap_source' returned 0; elapsed 0.02Total elapsed time: 1.637 sec.
@I [HLS-100] Command "source /opt/xilinx/Vivado_HLS/2014.2/common/technology/xilinx/interface/XilEDKCoreGen.gen "
@I [HLS-100] Command 'ap_source' returned 0; elapsed 0.02Total elapsed time: 1.651 sec.
@I [HLS-100] Command "source /opt/xilinx/Vivado_HLS/2014.2/common/technology/xilinx/ip/util.gen "
@I [HLS-100] Command 'ap_source' returned 0; elapsed 0Total elapsed time: 1.654 sec.
@I [HLS-100] Command "source /opt/xilinx/Vivado_HLS/2014.2/common/technology/xilinx/ip/xfft.gen "
@I [HLS-100] Command 'ap_source' returned 0; elapsed 0.16Total elapsed time: 1.815 sec.
@I [HLS-100] Command "source /opt/xilinx/Vivado_HLS/2014.2/common/technology/xilinx/ip/xfir.gen "
@I [HLS-100] Command 'ap_source' returned 0; elapsed 0.03Total elapsed time: 1.853 sec.
@I [HLS-100] Command 'ap_source' returned 0; elapsed 0.24Total elapsed time: 1.853 sec.
@I [HLS-100] Command "source /opt/xilinx/Vivado_HLS/2014.2/common/technology/xilinx/common/dsp48.gen "
@I [HLS-100] Command 'ap_source' returned 0; elapsed 0Total elapsed time: 1.857 sec.
@I [HLS-100] Command 'ap_source' returned 0; elapsed 0.25Total elapsed time: 1.857 sec.
@I [HLS-100] Command 'ap_source' returned 0; elapsed 0.25Total elapsed time: 1.857 sec.
@I [HLS-100] Command "source /opt/xilinx/Vivado_HLS/2014.2/common/technology/xilinx/zynq/zynq_fpv6.gen "
@I [HLS-100] Command "source /opt/xilinx/Vivado_HLS/2014.2/common/technology/xilinx/common/xilinx_fpv6.gen "
@I [HLS-100] Command 'ap_source' returned 0; elapsed 0Total elapsed time: 1.862 sec.
@I [HLS-100] Command 'ap_source' returned 0; elapsed 0Total elapsed time: 1.862 sec.
@I [HLS-100] Command "source /home/student/tjp79/classes/ece5775/audio_lab/audio.prj/solution1/.autopilot/db/global.setting.tcl "
@I [HLS-100] Command 'ap_source' returned 0; elapsed 0Total elapsed time: 1.863 sec.
@I [IMPL-8] Exporting RTL as an IP in IP-XACT.
@I [HLS-100] Command "source /home/student/tjp79/classes/ece5775/audio_lab/audio.prj/solution1/.autopilot/db/global.setting.tcl "
@I [HLS-100] Command 'ap_source' returned 0; elapsed 0Total elapsed time: 1.866 sec.
@I [HLS-100] Command "source /home/student/tjp79/classes/ece5775/audio_lab/audio.prj/solution1/.autopilot/db/global.setting.tcl "
@I [HLS-100] Command 'ap_source' returned 0; elapsed 0Total elapsed time: 1.875 sec.
@I [HLS-100] Command "source /opt/xilinx/Vivado_HLS/2014.2/common/technology/generic/autopilot/common.gen "
@I [HLS-100] Command "source /opt/xilinx/Vivado_HLS/2014.2/common/technology/generic/autopilot/APCoreGen.gen "
@I [HLS-100] Command 'ap_source' returned 0; elapsed 0Total elapsed time: 1.879 sec.
@I [HLS-100] Command 'ap_source' returned 0; elapsed 0Total elapsed time: 1.880 sec.
@I [HLS-100] Command "source /opt/xilinx/Vivado_HLS/2014.2/common/technology/generic/autopilot/op.gen "
@I [HLS-100] Command 'ap_source' returned 0; elapsed 0Total elapsed time: 1.882 sec.
@I [HLS-100] Command "source /opt/xilinx/Vivado_HLS/2014.2/common/technology/generic/autopilot/op_simcore.gen "
@I [HLS-100] Command 'ap_source' returned 0; elapsed 0Total elapsed time: 1.884 sec.
@I [HLS-100] Command "source /opt/xilinx/Vivado_HLS/2014.2/common/technology/generic/autopilot/interface.gen "
@I [HLS-100] Command 'ap_source' returned 0; elapsed 0Total elapsed time: 1.885 sec.
@I [HLS-100] Command "source /home/student/tjp79/classes/ece5775/audio_lab/audio.prj/solution1/.autopilot/db/global.setting.tcl "
@I [HLS-100] Command 'ap_source' returned 0; elapsed 0Total elapsed time: 1.886 sec.
@I [HLS-100] Command "source /opt/xilinx/Vivado_HLS/2014.2/common/technology/xilinx/zynq/zynq.gen "
@I [HLS-100] Command "source /opt/xilinx/Vivado_HLS/2014.2/common/technology/xilinx/common/virtex.gen "
@I [HLS-100] Command "source /opt/xilinx/Vivado_HLS/2014.2/common/technology/xilinx/common/xilinx.gen "
@I [HLS-100] Command "source /opt/xilinx/Vivado_HLS/2014.2/common/technology/xilinx/interface/plb46.gen "
@I [HLS-100] Command 'ap_source' returned 0; elapsed 0Total elapsed time: 1.892 sec.
@I [HLS-100] Command "source /opt/xilinx/Vivado_HLS/2014.2/common/technology/xilinx/interface/fsl.gen "
@I [HLS-100] Command 'ap_source' returned 0; elapsed 0Total elapsed time: 1.894 sec.
@I [HLS-100] Command "source /opt/xilinx/Vivado_HLS/2014.2/common/technology/xilinx/interface/axi4.gen "
@I [HLS-100] Command 'ap_source' returned 0; elapsed 0.01Total elapsed time: 1.899 sec.
@I [HLS-100] Command "source /opt/xilinx/Vivado_HLS/2014.2/common/technology/xilinx/interface/nativeAXI4.gen "
@I [HLS-100] Command "source /opt/xilinx/Vivado_HLS/2014.2/common/technology/xilinx/interface/saxilite.gen "
@I [HLS-100] Command 'ap_source' returned 0; elapsed 0Total elapsed time: 1.904 sec.
@I [HLS-100] Command "source /opt/xilinx/Vivado_HLS/2014.2/common/technology/xilinx/interface/maxi.gen "
@I [HLS-100] Command 'ap_source' returned 0; elapsed 0Total elapsed time: 1.910 sec.
@I [HLS-100] Command 'ap_source' returned 0; elapsed 0Total elapsed time: 1.910 sec.
@I [HLS-100] Command "source /opt/xilinx/Vivado_HLS/2014.2/common/technology/xilinx/scripts/xilinxcoregen.gen "
@I [HLS-100] Command 'ap_source' returned 0; elapsed 0.02Total elapsed time: 1.923 sec.
@I [HLS-100] Command "source /opt/xilinx/Vivado_HLS/2014.2/common/technology/xilinx/interface/XilEDKCoreGen.gen "
@I [HLS-100] Command 'ap_source' returned 0; elapsed 0.01Total elapsed time: 1.937 sec.
@I [HLS-100] Command "source /opt/xilinx/Vivado_HLS/2014.2/common/technology/xilinx/ip/util.gen "
@I [HLS-100] Command 'ap_source' returned 0; elapsed 0Total elapsed time: 1.940 sec.
@I [HLS-100] Command "source /opt/xilinx/Vivado_HLS/2014.2/common/technology/xilinx/ip/xfft.gen "
@I [HLS-100] Command 'ap_source' returned 0; elapsed 0.17Total elapsed time: 2.101 sec.
@I [HLS-100] Command "source /opt/xilinx/Vivado_HLS/2014.2/common/technology/xilinx/ip/xfir.gen "
@I [HLS-100] Command 'ap_source' returned 0; elapsed 0.03Total elapsed time: 2.141 sec.
@I [HLS-100] Command 'ap_source' returned 0; elapsed 0.24Total elapsed time: 2.141 sec.
@I [HLS-100] Command "source /opt/xilinx/Vivado_HLS/2014.2/common/technology/xilinx/common/dsp48.gen "
@I [HLS-100] Command 'ap_source' returned 0; elapsed 0Total elapsed time: 2.144 sec.
@I [HLS-100] Command 'ap_source' returned 0; elapsed 0.25Total elapsed time: 2.144 sec.
@I [HLS-100] Command 'ap_source' returned 0; elapsed 0.25Total elapsed time: 2.144 sec.
@I [HLS-100] Command "source /opt/xilinx/Vivado_HLS/2014.2/common/technology/xilinx/zynq/zynq_fpv6.gen "
@I [HLS-100] Command "source /opt/xilinx/Vivado_HLS/2014.2/common/technology/xilinx/common/xilinx_fpv6.gen "
@I [HLS-100] Command 'ap_source' returned 0; elapsed 0Total elapsed time: 2.148 sec.
@I [HLS-100] Command 'ap_source' returned 0; elapsed 0Total elapsed time: 2.148 sec.
@I [HLS-100] Command "source /home/student/tjp79/classes/ece5775/audio_lab/audio.prj/solution1/.autopilot/db/fir.compgen.tcl "
@I [HLS-100] Command 'ap_source' returned 0; elapsed 0Total elapsed time: 2.151 sec.
@I [HLS-100] Command "source /home/student/tjp79/classes/ece5775/audio_lab/audio.prj/solution1/.autopilot/db/fir.compgen.tcl "
@I [HLS-100] Command "source /home/student/tjp79/classes/ece5775/audio_lab/audio.prj/solution1/.autopilot/db/fir.rtl_wrap.cfg.tcl "
@I [HLS-100] Command 'ap_source' returned 0; elapsed 0.01Total elapsed time: 2.208 sec.
@I [HLS-100] Command "source /home/student/tjp79/classes/ece5775/audio_lab/audio.prj/solution1/.autopilot/db/fir.rtl_wrap.cfg.tcl "
@I [HLS-100] Command 'ap_source' returned 0; elapsed 0Total elapsed time: 2.213 sec.
@I [HLS-100] Command "source /home/student/tjp79/classes/ece5775/audio_lab/audio.prj/solution1/.autopilot/db/fir.tbgen.tcl "
@I [HLS-100] Command 'ap_source' returned 0; elapsed 0Total elapsed time: 2.214 sec.
@I [HLS-100] Command "source /home/student/tjp79/classes/ece5775/audio_lab/audio.prj/solution1/.autopilot/db/fir.tbgen.tcl "
@I [HLS-100] Command 'ap_source' returned 0; elapsed 0Total elapsed time: 2.215 sec.
@I [HLS-100] Command 'ap_source' returned 0; elapsed 0.06Total elapsed time: 2.252 sec.
@I [HLS-100] Command "source /home/student/tjp79/classes/ece5775/audio_lab/audio.prj/solution1/.autopilot/db/fir.compgen.tcl "
@I [HLS-100] Command 'ap_source' returned 0; elapsed 0Total elapsed time: 2.270 sec.
@I [HLS-100] Command "source /home/student/tjp79/classes/ece5775/audio_lab/audio.prj/solution1/.autopilot/db/global.setting.tcl "
@I [HLS-100] Command 'ap_source' returned 0; elapsed 0Total elapsed time: 2.501 sec.
@I [HLS-100] Command "source /home/student/tjp79/classes/ece5775/audio_lab/audio.prj/solution1/.autopilot/db/fir.constraint.tcl "
@I [HLS-100] Command 'ap_source' returned 0; elapsed 0Total elapsed time: 2.505 sec.
@I [HLS-100] Command "source /home/student/tjp79/classes/ece5775/audio_lab/audio.prj/solution1/.autopilot/db/fir.rtl_wrap.cfg.tcl "
@I [HLS-100] Command 'ap_source' returned 0; elapsed 0.01Total elapsed time: 2.668 sec.
@I [HLS-100] Command "source /home/student/tjp79/classes/ece5775/audio_lab/audio.prj/solution1/.autopilot/db/fir.rtl_wrap.cfg.tcl "
@I [HLS-100] Command 'ap_source' returned 0; elapsed 0Total elapsed time: 2.672 sec.
@I [HLS-100] Command "source /home/student/tjp79/classes/ece5775/audio_lab/audio.prj/solution1/.autopilot/db/fir.tbgen.tcl "
@I [HLS-100] Command 'ap_source' returned 0; elapsed 0Total elapsed time: 2.673 sec.
@I [HLS-100] Command "source /home/student/tjp79/classes/ece5775/audio_lab/audio.prj/solution1/.autopilot/db/fir.tbgen.tcl "
@I [HLS-100] Command 'ap_source' returned 0; elapsed 0Total elapsed time: 2.674 sec.
@I [HLS-100] Command "source /home/student/tjp79/classes/ece5775/audio_lab/audio.prj/solution1/.autopilot/db/fir.rtl_wrap.cfg.tcl "
@I [HLS-100] Command 'ap_source' returned 0; elapsed 0Total elapsed time: 2.727 sec.
@I [HLS-100] Command "source /home/student/tjp79/classes/ece5775/audio_lab/audio.prj/solution1/.autopilot/db/fir.rtl_wrap.cfg.tcl "
@I [HLS-100] Command 'ap_source' returned 0; elapsed 0.01Total elapsed time: 2.731 sec.
@I [HLS-100] Command "source /home/student/tjp79/classes/ece5775/audio_lab/audio.prj/solution1/.autopilot/db/fir.tbgen.tcl "
@I [HLS-100] Command 'ap_source' returned 0; elapsed 0Total elapsed time: 2.732 sec.
@I [HLS-100] Command "source /home/student/tjp79/classes/ece5775/audio_lab/audio.prj/solution1/.autopilot/db/fir.tbgen.tcl "
@I [HLS-100] Command 'ap_source' returned 0; elapsed 0Total elapsed time: 2.733 sec.
@I [HLS-100] Command "source /home/student/tjp79/classes/ece5775/audio_lab/audio.prj/solution1/.autopilot/db/global.setting.tcl "
@I [HLS-100] Command 'ap_source' returned 0; elapsed 0Total elapsed time: 2.852 sec.
@I [HLS-100] Command "source /home/student/tjp79/classes/ece5775/audio_lab/audio.prj/solution1/.autopilot/db/global.setting.tcl "
@I [HLS-100] Command 'ap_source' returned 0; elapsed 0Total elapsed time: 2.879 sec.
@I [HLS-100] Command "source /home/student/tjp79/classes/ece5775/audio_lab/audio.prj/solution1/.autopilot/db/fir.constraint.tcl "
@I [HLS-100] Command 'ap_source' returned 0; elapsed 0Total elapsed time: 2.882 sec.
@I [HLS-100] Command "source /home/student/tjp79/classes/ece5775/audio_lab/audio.prj/solution1/.autopilot/db/fir.constraint.tcl "
@I [HLS-100] Command 'ap_source' returned 0; elapsed 0Total elapsed time: 2.884 sec.
@I [HLS-100] Command "source /opt/xilinx/Vivado_HLS/2014.2/common/technology/generic/autopilot/common.gen "
@I [HLS-100] Command "source /opt/xilinx/Vivado_HLS/2014.2/common/technology/generic/autopilot/APCoreGen.gen "
@I [HLS-100] Command 'ap_source' returned 0; elapsed 0Total elapsed time: 2.926 sec.
@I [HLS-100] Command 'ap_source' returned 0; elapsed 0Total elapsed time: 2.927 sec.
@I [HLS-100] Command "source /opt/xilinx/Vivado_HLS/2014.2/common/technology/generic/autopilot/op.gen "
@I [HLS-100] Command 'ap_source' returned 0; elapsed 0Total elapsed time: 2.929 sec.
@I [HLS-100] Command "source /opt/xilinx/Vivado_HLS/2014.2/common/technology/generic/autopilot/op_simcore.gen "
@I [HLS-100] Command 'ap_source' returned 0; elapsed 0Total elapsed time: 2.931 sec.
@I [HLS-100] Command "source /opt/xilinx/Vivado_HLS/2014.2/common/technology/generic/autopilot/interface.gen "
@I [HLS-100] Command 'ap_source' returned 0; elapsed 0Total elapsed time: 2.933 sec.
@I [HLS-100] Command "source /home/student/tjp79/classes/ece5775/audio_lab/audio.prj/solution1/.autopilot/db/global.setting.tcl "
@I [HLS-100] Command 'ap_source' returned 0; elapsed 0Total elapsed time: 2.933 sec.
@I [HLS-100] Command "source /opt/xilinx/Vivado_HLS/2014.2/common/technology/xilinx/zynq/zynq.gen "
@I [HLS-100] Command "source /opt/xilinx/Vivado_HLS/2014.2/common/technology/xilinx/common/virtex.gen "
@I [HLS-100] Command "source /opt/xilinx/Vivado_HLS/2014.2/common/technology/xilinx/common/xilinx.gen "
@I [HLS-100] Command "source /opt/xilinx/Vivado_HLS/2014.2/common/technology/xilinx/interface/plb46.gen "
@I [HLS-100] Command 'ap_source' returned 0; elapsed 0Total elapsed time: 2.940 sec.
@I [HLS-100] Command "source /opt/xilinx/Vivado_HLS/2014.2/common/technology/xilinx/interface/fsl.gen "
@I [HLS-100] Command 'ap_source' returned 0; elapsed 0Total elapsed time: 2.942 sec.
@I [HLS-100] Command "source /opt/xilinx/Vivado_HLS/2014.2/common/technology/xilinx/interface/axi4.gen "
@I [HLS-100] Command 'ap_source' returned 0; elapsed 0Total elapsed time: 2.946 sec.
@I [HLS-100] Command "source /opt/xilinx/Vivado_HLS/2014.2/common/technology/xilinx/interface/nativeAXI4.gen "
@I [HLS-100] Command "source /opt/xilinx/Vivado_HLS/2014.2/common/technology/xilinx/interface/saxilite.gen "
@I [HLS-100] Command 'ap_source' returned 0; elapsed 0Total elapsed time: 2.952 sec.
@I [HLS-100] Command "source /opt/xilinx/Vivado_HLS/2014.2/common/technology/xilinx/interface/maxi.gen "
@I [HLS-100] Command 'ap_source' returned 0; elapsed 0Total elapsed time: 2.959 sec.
@I [HLS-100] Command 'ap_source' returned 0; elapsed 0.01Total elapsed time: 2.959 sec.
@I [HLS-100] Command "source /opt/xilinx/Vivado_HLS/2014.2/common/technology/xilinx/scripts/xilinxcoregen.gen "
@I [HLS-100] Command 'ap_source' returned 0; elapsed 0.02Total elapsed time: 2.972 sec.
@I [HLS-100] Command "source /opt/xilinx/Vivado_HLS/2014.2/common/technology/xilinx/interface/XilEDKCoreGen.gen "
@I [HLS-100] Command 'ap_source' returned 0; elapsed 0.02Total elapsed time: 2.987 sec.
@I [HLS-100] Command "source /opt/xilinx/Vivado_HLS/2014.2/common/technology/xilinx/ip/util.gen "
@I [HLS-100] Command 'ap_source' returned 0; elapsed 0Total elapsed time: 2.990 sec.
@I [HLS-100] Command "source /opt/xilinx/Vivado_HLS/2014.2/common/technology/xilinx/ip/xfft.gen "
@I [HLS-100] Command 'ap_source' returned 0; elapsed 0.16Total elapsed time: 3.152 sec.
@I [HLS-100] Command "source /opt/xilinx/Vivado_HLS/2014.2/common/technology/xilinx/ip/xfir.gen "
@I [HLS-100] Command 'ap_source' returned 0; elapsed 0.04Total elapsed time: 3.192 sec.
@I [HLS-100] Command 'ap_source' returned 0; elapsed 0.25Total elapsed time: 3.192 sec.
@I [HLS-100] Command "source /opt/xilinx/Vivado_HLS/2014.2/common/technology/xilinx/common/dsp48.gen "
@I [HLS-100] Command 'ap_source' returned 0; elapsed 0Total elapsed time: 3.195 sec.
@I [HLS-100] Command 'ap_source' returned 0; elapsed 0.25Total elapsed time: 3.195 sec.
@I [HLS-100] Command 'ap_source' returned 0; elapsed 0.25Total elapsed time: 3.195 sec.
@I [HLS-100] Command "source /opt/xilinx/Vivado_HLS/2014.2/common/technology/xilinx/zynq/zynq_fpv6.gen "
@I [HLS-100] Command "source /opt/xilinx/Vivado_HLS/2014.2/common/technology/xilinx/common/xilinx_fpv6.gen "
@I [HLS-100] Command 'ap_source' returned 0; elapsed 0Total elapsed time: 3.199 sec.
@I [HLS-100] Command 'ap_source' returned 0; elapsed 0Total elapsed time: 3.200 sec.
@I [HLS-100] Command "source /home/student/tjp79/classes/ece5775/audio_lab/audio.prj/solution1/.autopilot/db/global.setting.tcl "
@I [HLS-100] Command 'ap_source' returned 0; elapsed 0.01Total elapsed time: 23.359 sec.
@I [HLS-100] Command "source /opt/xilinx/Vivado_HLS/2014.2/common/technology/generic/autopilot/common.gen "
@I [HLS-100] Command "source /opt/xilinx/Vivado_HLS/2014.2/common/technology/generic/autopilot/APCoreGen.gen "
@I [HLS-100] Command 'ap_source' returned 0; elapsed 0Total elapsed time: 23.374 sec.
@I [HLS-100] Command 'ap_source' returned 0; elapsed 0Total elapsed time: 23.375 sec.
@I [HLS-100] Command "source /opt/xilinx/Vivado_HLS/2014.2/common/technology/generic/autopilot/op.gen "
@I [HLS-100] Command 'ap_source' returned 0; elapsed 0Total elapsed time: 23.377 sec.
@I [HLS-100] Command "source /opt/xilinx/Vivado_HLS/2014.2/common/technology/generic/autopilot/op_simcore.gen "
@I [HLS-100] Command 'ap_source' returned 0; elapsed 0Total elapsed time: 23.380 sec.
@I [HLS-100] Command "source /opt/xilinx/Vivado_HLS/2014.2/common/technology/generic/autopilot/interface.gen "
@I [HLS-100] Command 'ap_source' returned 0; elapsed 0Total elapsed time: 23.382 sec.
@I [HLS-100] Command "source /home/student/tjp79/classes/ece5775/audio_lab/audio.prj/solution1/.autopilot/db/global.setting.tcl "
@I [HLS-100] Command 'ap_source' returned 0; elapsed 0Total elapsed time: 23.383 sec.
@I [HLS-100] Command "source /opt/xilinx/Vivado_HLS/2014.2/common/technology/xilinx/zynq/zynq.gen "
@I [HLS-100] Command "source /opt/xilinx/Vivado_HLS/2014.2/common/technology/xilinx/common/virtex.gen "
@I [HLS-100] Command "source /opt/xilinx/Vivado_HLS/2014.2/common/technology/xilinx/common/xilinx.gen "
@I [HLS-100] Command "source /opt/xilinx/Vivado_HLS/2014.2/common/technology/xilinx/interface/plb46.gen "
@I [HLS-100] Command 'ap_source' returned 0; elapsed 0Total elapsed time: 23.395 sec.
@I [HLS-100] Command "source /opt/xilinx/Vivado_HLS/2014.2/common/technology/xilinx/interface/fsl.gen "
@I [HLS-100] Command 'ap_source' returned 0; elapsed 0.01Total elapsed time: 23.398 sec.
@I [HLS-100] Command "source /opt/xilinx/Vivado_HLS/2014.2/common/technology/xilinx/interface/axi4.gen "
@I [HLS-100] Command 'ap_source' returned 0; elapsed 0Total elapsed time: 23.403 sec.
@I [HLS-100] Command "source /opt/xilinx/Vivado_HLS/2014.2/common/technology/xilinx/interface/nativeAXI4.gen "
@I [HLS-100] Command "source /opt/xilinx/Vivado_HLS/2014.2/common/technology/xilinx/interface/saxilite.gen "
@I [HLS-100] Command 'ap_source' returned 0; elapsed 0Total elapsed time: 23.411 sec.
@I [HLS-100] Command "source /opt/xilinx/Vivado_HLS/2014.2/common/technology/xilinx/interface/maxi.gen "
@I [HLS-100] Command 'ap_source' returned 0; elapsed 0.01Total elapsed time: 23.419 sec.
@I [HLS-100] Command 'ap_source' returned 0; elapsed 0.01Total elapsed time: 23.419 sec.
@I [HLS-100] Command "source /opt/xilinx/Vivado_HLS/2014.2/common/technology/xilinx/scripts/xilinxcoregen.gen "
@I [HLS-100] Command 'ap_source' returned 0; elapsed 0.01Total elapsed time: 23.434 sec.
@I [HLS-100] Command "source /opt/xilinx/Vivado_HLS/2014.2/common/technology/xilinx/interface/XilEDKCoreGen.gen "
@I [HLS-100] Command 'ap_source' returned 0; elapsed 0.02Total elapsed time: 23.450 sec.
@I [HLS-100] Command "source /opt/xilinx/Vivado_HLS/2014.2/common/technology/xilinx/ip/util.gen "
@I [HLS-100] Command 'ap_source' returned 0; elapsed 0Total elapsed time: 23.454 sec.
@I [HLS-100] Command "source /opt/xilinx/Vivado_HLS/2014.2/common/technology/xilinx/ip/xfft.gen "
@I [HLS-100] Command 'ap_source' returned 0; elapsed 0.16Total elapsed time: 23.620 sec.
@I [HLS-100] Command "source /opt/xilinx/Vivado_HLS/2014.2/common/technology/xilinx/ip/xfir.gen "
@I [HLS-100] Command 'ap_source' returned 0; elapsed 0.04Total elapsed time: 23.661 sec.
@I [HLS-100] Command 'ap_source' returned 0; elapsed 0.25Total elapsed time: 23.661 sec.
@I [HLS-100] Command "source /opt/xilinx/Vivado_HLS/2014.2/common/technology/xilinx/common/dsp48.gen "
@I [HLS-100] Command 'ap_source' returned 0; elapsed 0Total elapsed time: 23.665 sec.
@I [HLS-100] Command 'ap_source' returned 0; elapsed 0.25Total elapsed time: 23.665 sec.
@I [HLS-100] Command 'ap_source' returned 0; elapsed 0.25Total elapsed time: 23.665 sec.
@I [HLS-100] Command "source /opt/xilinx/Vivado_HLS/2014.2/common/technology/xilinx/zynq/zynq_fpv6.gen "
@I [HLS-100] Command "source /opt/xilinx/Vivado_HLS/2014.2/common/technology/xilinx/common/xilinx_fpv6.gen "
@I [HLS-100] Command 'ap_source' returned 0; elapsed 0.01Total elapsed time: 23.670 sec.
@I [HLS-100] Command 'ap_source' returned 0; elapsed 0.01Total elapsed time: 23.670 sec.
@I [HLS-100] Command "source /home/student/tjp79/classes/ece5775/audio_lab/audio.prj/solution1/.autopilot/db/global.setting.tcl "
@I [HLS-100] Command 'ap_source' returned 0; elapsed 0Total elapsed time: 23.671 sec.
@I [HLS-100] Command "source /home/student/tjp79/classes/ece5775/audio_lab/audio.prj/solution1/.autopilot/db/global.setting.tcl "
@I [HLS-100] Command 'ap_source' returned 0; elapsed 0Total elapsed time: 23.676 sec.
@I [HLS-100] Command "source /home/student/tjp79/classes/ece5775/audio_lab/audio.prj/solution1/.autopilot/db/global.setting.tcl "
@I [HLS-100] Command 'ap_source' returned 0; elapsed 0Total elapsed time: 23.682 sec.
@I [HLS-100] Command "source /opt/xilinx/Vivado_HLS/2014.2/common/technology/generic/autopilot/common.gen "
@I [HLS-100] Command "source /opt/xilinx/Vivado_HLS/2014.2/common/technology/generic/autopilot/APCoreGen.gen "
@I [HLS-100] Command 'ap_source' returned 0; elapsed 0Total elapsed time: 23.690 sec.
@I [HLS-100] Command 'ap_source' returned 0; elapsed 0Total elapsed time: 23.691 sec.
@I [HLS-100] Command "source /opt/xilinx/Vivado_HLS/2014.2/common/technology/generic/autopilot/op.gen "
@I [HLS-100] Command 'ap_source' returned 0; elapsed 0Total elapsed time: 23.693 sec.
@I [HLS-100] Command "source /opt/xilinx/Vivado_HLS/2014.2/common/technology/generic/autopilot/op_simcore.gen "
@I [HLS-100] Command 'ap_source' returned 0; elapsed 0.01Total elapsed time: 23.695 sec.
@I [HLS-100] Command "source /opt/xilinx/Vivado_HLS/2014.2/common/technology/generic/autopilot/interface.gen "
@I [HLS-100] Command 'ap_source' returned 0; elapsed 0Total elapsed time: 23.697 sec.
@I [HLS-100] Command "source /home/student/tjp79/classes/ece5775/audio_lab/audio.prj/solution1/.autopilot/db/global.setting.tcl "
@I [HLS-100] Command 'ap_source' returned 0; elapsed 0Total elapsed time: 23.697 sec.
@I [HLS-100] Command "source /opt/xilinx/Vivado_HLS/2014.2/common/technology/xilinx/zynq/zynq.gen "
@I [HLS-100] Command "source /opt/xilinx/Vivado_HLS/2014.2/common/technology/xilinx/common/virtex.gen "
@I [HLS-100] Command "source /opt/xilinx/Vivado_HLS/2014.2/common/technology/xilinx/common/xilinx.gen "
@I [HLS-100] Command "source /opt/xilinx/Vivado_HLS/2014.2/common/technology/xilinx/interface/plb46.gen "
@I [HLS-100] Command 'ap_source' returned 0; elapsed 0Total elapsed time: 23.703 sec.
@I [HLS-100] Command "source /opt/xilinx/Vivado_HLS/2014.2/common/technology/xilinx/interface/fsl.gen "
@I [HLS-100] Command 'ap_source' returned 0; elapsed 0Total elapsed time: 23.705 sec.
@I [HLS-100] Command "source /opt/xilinx/Vivado_HLS/2014.2/common/technology/xilinx/interface/axi4.gen "
@I [HLS-100] Command 'ap_source' returned 0; elapsed 0Total elapsed time: 23.709 sec.
@I [HLS-100] Command "source /opt/xilinx/Vivado_HLS/2014.2/common/technology/xilinx/interface/nativeAXI4.gen "
@I [HLS-100] Command "source /opt/xilinx/Vivado_HLS/2014.2/common/technology/xilinx/interface/saxilite.gen "
@I [HLS-100] Command 'ap_source' returned 0; elapsed 0.01Total elapsed time: 23.715 sec.
@I [HLS-100] Command "source /opt/xilinx/Vivado_HLS/2014.2/common/technology/xilinx/interface/maxi.gen "
@I [HLS-100] Command 'ap_source' returned 0; elapsed 0Total elapsed time: 23.721 sec.
@I [HLS-100] Command 'ap_source' returned 0; elapsed 0.01Total elapsed time: 23.722 sec.
@I [HLS-100] Command "source /opt/xilinx/Vivado_HLS/2014.2/common/technology/xilinx/scripts/xilinxcoregen.gen "
@I [HLS-100] Command 'ap_source' returned 0; elapsed 0.01Total elapsed time: 23.735 sec.
@I [HLS-100] Command "source /opt/xilinx/Vivado_HLS/2014.2/common/technology/xilinx/interface/XilEDKCoreGen.gen "
@I [HLS-100] Command 'ap_source' returned 0; elapsed 0.02Total elapsed time: 23.750 sec.
@I [HLS-100] Command "source /opt/xilinx/Vivado_HLS/2014.2/common/technology/xilinx/ip/util.gen "
@I [HLS-100] Command 'ap_source' returned 0; elapsed 0Total elapsed time: 23.752 sec.
@I [HLS-100] Command "source /opt/xilinx/Vivado_HLS/2014.2/common/technology/xilinx/ip/xfft.gen "
@I [HLS-100] Command 'ap_source' returned 0; elapsed 0.16Total elapsed time: 23.917 sec.
@I [HLS-100] Command "source /opt/xilinx/Vivado_HLS/2014.2/common/technology/xilinx/ip/xfir.gen "
@I [HLS-100] Command 'ap_source' returned 0; elapsed 0.04Total elapsed time: 23.958 sec.
@I [HLS-100] Command 'ap_source' returned 0; elapsed 0.24Total elapsed time: 23.958 sec.
@I [HLS-100] Command "source /opt/xilinx/Vivado_HLS/2014.2/common/technology/xilinx/common/dsp48.gen "
@I [HLS-100] Command 'ap_source' returned 0; elapsed 0Total elapsed time: 23.962 sec.
@I [HLS-100] Command 'ap_source' returned 0; elapsed 0.24Total elapsed time: 23.963 sec.
@I [HLS-100] Command 'ap_source' returned 0; elapsed 0.24Total elapsed time: 23.963 sec.
@I [HLS-100] Command "source /opt/xilinx/Vivado_HLS/2014.2/common/technology/xilinx/zynq/zynq_fpv6.gen "
@I [HLS-100] Command "source /opt/xilinx/Vivado_HLS/2014.2/common/technology/xilinx/common/xilinx_fpv6.gen "
@I [HLS-100] Command 'ap_source' returned 0; elapsed 0Total elapsed time: 23.967 sec.
@I [HLS-100] Command 'ap_source' returned 0; elapsed 0Total elapsed time: 23.967 sec.
@I [HLS-100] Command "source /home/student/tjp79/classes/ece5775/audio_lab/audio.prj/solution1/.autopilot/db/fir.compgen.tcl "
@I [HLS-100] Command 'ap_source' returned 0; elapsed 0Total elapsed time: 23.969 sec.
@I [HLS-100] Command "source /home/student/tjp79/classes/ece5775/audio_lab/audio.prj/solution1/.autopilot/db/global.setting.tcl "
@I [HLS-100] Command 'ap_source' returned 0; elapsed 0Total elapsed time: 24.54 sec.
@I [HLS-100] Command "source /home/student/tjp79/classes/ece5775/audio_lab/audio.prj/solution1/.autopilot/db/fir.constraint.tcl "
@I [HLS-100] Command 'ap_source' returned 0; elapsed 0Total elapsed time: 24.58 sec.
@I [HLS-100] Command "source /opt/xilinx/Vivado_HLS/2014.2/common/technology/generic/autopilot/common.gen "
@I [HLS-100] Command "source /opt/xilinx/Vivado_HLS/2014.2/common/technology/generic/autopilot/APCoreGen.gen "
@I [HLS-100] Command 'ap_source' returned 0; elapsed 0Total elapsed time: 24.69 sec.
@I [HLS-100] Command 'ap_source' returned 0; elapsed 0Total elapsed time: 24.69 sec.
@I [HLS-100] Command "source /opt/xilinx/Vivado_HLS/2014.2/common/technology/generic/autopilot/op.gen "
@I [HLS-100] Command 'ap_source' returned 0; elapsed 0Total elapsed time: 24.71 sec.
@I [HLS-100] Command "source /opt/xilinx/Vivado_HLS/2014.2/common/technology/generic/autopilot/op_simcore.gen "
@I [HLS-100] Command 'ap_source' returned 0; elapsed 0Total elapsed time: 24.74 sec.
@I [HLS-100] Command "source /opt/xilinx/Vivado_HLS/2014.2/common/technology/generic/autopilot/interface.gen "
@I [HLS-100] Command 'ap_source' returned 0; elapsed 0Total elapsed time: 24.75 sec.
@I [HLS-100] Command "source /home/student/tjp79/classes/ece5775/audio_lab/audio.prj/solution1/.autopilot/db/global.setting.tcl "
@I [HLS-100] Command 'ap_source' returned 0; elapsed 0Total elapsed time: 24.76 sec.
@I [HLS-100] Command "source /opt/xilinx/Vivado_HLS/2014.2/common/technology/xilinx/zynq/zynq.gen "
@I [HLS-100] Command "source /opt/xilinx/Vivado_HLS/2014.2/common/technology/xilinx/common/virtex.gen "
@I [HLS-100] Command "source /opt/xilinx/Vivado_HLS/2014.2/common/technology/xilinx/common/xilinx.gen "
@I [HLS-100] Command "source /opt/xilinx/Vivado_HLS/2014.2/common/technology/xilinx/interface/plb46.gen "
@I [HLS-100] Command 'ap_source' returned 0; elapsed 0Total elapsed time: 24.82 sec.
@I [HLS-100] Command "source /opt/xilinx/Vivado_HLS/2014.2/common/technology/xilinx/interface/fsl.gen "
@I [HLS-100] Command 'ap_source' returned 0; elapsed 0Total elapsed time: 24.84 sec.
@I [HLS-100] Command "source /opt/xilinx/Vivado_HLS/2014.2/common/technology/xilinx/interface/axi4.gen "
@I [HLS-100] Command 'ap_source' returned 0; elapsed 0Total elapsed time: 24.89 sec.
@I [HLS-100] Command "source /opt/xilinx/Vivado_HLS/2014.2/common/technology/xilinx/interface/nativeAXI4.gen "
@I [HLS-100] Command "source /opt/xilinx/Vivado_HLS/2014.2/common/technology/xilinx/interface/saxilite.gen "
@I [HLS-100] Command 'ap_source' returned 0; elapsed 0.01Total elapsed time: 24.98 sec.
@I [HLS-100] Command "source /opt/xilinx/Vivado_HLS/2014.2/common/technology/xilinx/interface/maxi.gen "
@I [HLS-100] Command 'ap_source' returned 0; elapsed 0Total elapsed time: 24.104 sec.
@I [HLS-100] Command 'ap_source' returned 0; elapsed 0.01Total elapsed time: 24.104 sec.
@I [HLS-100] Command "source /opt/xilinx/Vivado_HLS/2014.2/common/technology/xilinx/scripts/xilinxcoregen.gen "
@I [HLS-100] Command 'ap_source' returned 0; elapsed 0.01Total elapsed time: 24.118 sec.
@I [HLS-100] Command "source /opt/xilinx/Vivado_HLS/2014.2/common/technology/xilinx/interface/XilEDKCoreGen.gen "
@I [HLS-100] Command 'ap_source' returned 0; elapsed 0.02Total elapsed time: 24.133 sec.
@I [HLS-100] Command "source /opt/xilinx/Vivado_HLS/2014.2/common/technology/xilinx/ip/util.gen "
@I [HLS-100] Command 'ap_source' returned 0; elapsed 0Total elapsed time: 24.135 sec.
@I [HLS-100] Command "source /opt/xilinx/Vivado_HLS/2014.2/common/technology/xilinx/ip/xfft.gen "
@I [HLS-100] Command 'ap_source' returned 0; elapsed 0.16Total elapsed time: 24.301 sec.
@I [HLS-100] Command "source /opt/xilinx/Vivado_HLS/2014.2/common/technology/xilinx/ip/xfir.gen "
@I [HLS-100] Command 'ap_source' returned 0; elapsed 0.05Total elapsed time: 24.341 sec.
@I [HLS-100] Command 'ap_source' returned 0; elapsed 0.25Total elapsed time: 24.341 sec.
@I [HLS-100] Command "source /opt/xilinx/Vivado_HLS/2014.2/common/technology/xilinx/common/dsp48.gen "
@I [HLS-100] Command 'ap_source' returned 0; elapsed 0Total elapsed time: 24.344 sec.
@I [HLS-100] Command 'ap_source' returned 0; elapsed 0.25Total elapsed time: 24.344 sec.
@I [HLS-100] Command 'ap_source' returned 0; elapsed 0.25Total elapsed time: 24.344 sec.
@I [HLS-100] Command "source /opt/xilinx/Vivado_HLS/2014.2/common/technology/xilinx/zynq/zynq_fpv6.gen "
@I [HLS-100] Command "source /opt/xilinx/Vivado_HLS/2014.2/common/technology/xilinx/common/xilinx_fpv6.gen "
@I [HLS-100] Command 'ap_source' returned 0; elapsed 0Total elapsed time: 24.348 sec.
@I [HLS-100] Command 'ap_source' returned 0; elapsed 0Total elapsed time: 24.348 sec.
@I [HLS-100] Command "source /home/student/tjp79/classes/ece5775/audio_lab/audio.prj/solution1/.autopilot/db/global.setting.tcl "
@I [HLS-100] Command 'ap_source' returned 0; elapsed 0Total elapsed time: 37.753 sec.
@I [HLS-100] Command "source /opt/xilinx/Vivado_HLS/2014.2/common/technology/generic/autopilot/common.gen "
@I [HLS-100] Command "source /opt/xilinx/Vivado_HLS/2014.2/common/technology/generic/autopilot/APCoreGen.gen "
@I [HLS-100] Command 'ap_source' returned 0; elapsed 0Total elapsed time: 37.763 sec.
@I [HLS-100] Command 'ap_source' returned 0; elapsed 0Total elapsed time: 37.764 sec.
@I [HLS-100] Command "source /opt/xilinx/Vivado_HLS/2014.2/common/technology/generic/autopilot/op.gen "
@I [HLS-100] Command 'ap_source' returned 0; elapsed 0Total elapsed time: 37.766 sec.
@I [HLS-100] Command "source /opt/xilinx/Vivado_HLS/2014.2/common/technology/generic/autopilot/op_simcore.gen "
@I [HLS-100] Command 'ap_source' returned 0; elapsed 0Total elapsed time: 37.768 sec.
@I [HLS-100] Command "source /opt/xilinx/Vivado_HLS/2014.2/common/technology/generic/autopilot/interface.gen "
@I [HLS-100] Command 'ap_source' returned 0; elapsed 0Total elapsed time: 37.770 sec.
@I [HLS-100] Command "source /home/student/tjp79/classes/ece5775/audio_lab/audio.prj/solution1/.autopilot/db/global.setting.tcl "
@I [HLS-100] Command 'ap_source' returned 0; elapsed 0Total elapsed time: 37.770 sec.
@I [HLS-100] Command "source /opt/xilinx/Vivado_HLS/2014.2/common/technology/xilinx/zynq/zynq.gen "
@I [HLS-100] Command "source /opt/xilinx/Vivado_HLS/2014.2/common/technology/xilinx/common/virtex.gen "
@I [HLS-100] Command "source /opt/xilinx/Vivado_HLS/2014.2/common/technology/xilinx/common/xilinx.gen "
@I [HLS-100] Command "source /opt/xilinx/Vivado_HLS/2014.2/common/technology/xilinx/interface/plb46.gen "
@I [HLS-100] Command 'ap_source' returned 0; elapsed 0.01Total elapsed time: 37.777 sec.
@I [HLS-100] Command "source /opt/xilinx/Vivado_HLS/2014.2/common/technology/xilinx/interface/fsl.gen "
@I [HLS-100] Command 'ap_source' returned 0; elapsed 0Total elapsed time: 37.779 sec.
@I [HLS-100] Command "source /opt/xilinx/Vivado_HLS/2014.2/common/technology/xilinx/interface/axi4.gen "
@I [HLS-100] Command 'ap_source' returned 0; elapsed 0.01Total elapsed time: 37.783 sec.
@I [HLS-100] Command "source /opt/xilinx/Vivado_HLS/2014.2/common/technology/xilinx/interface/nativeAXI4.gen "
@I [HLS-100] Command "source /opt/xilinx/Vivado_HLS/2014.2/common/technology/xilinx/interface/saxilite.gen "
@I [HLS-100] Command 'ap_source' returned 0; elapsed 0Total elapsed time: 37.789 sec.
@I [HLS-100] Command "source /opt/xilinx/Vivado_HLS/2014.2/common/technology/xilinx/interface/maxi.gen "
@I [HLS-100] Command 'ap_source' returned 0; elapsed 0Total elapsed time: 37.795 sec.
@I [HLS-100] Command 'ap_source' returned 0; elapsed 0Total elapsed time: 37.795 sec.
@I [HLS-100] Command "source /opt/xilinx/Vivado_HLS/2014.2/common/technology/xilinx/scripts/xilinxcoregen.gen "
@I [HLS-100] Command 'ap_source' returned 0; elapsed 0.02Total elapsed time: 37.809 sec.
@I [HLS-100] Command "source /opt/xilinx/Vivado_HLS/2014.2/common/technology/xilinx/interface/XilEDKCoreGen.gen "
@I [HLS-100] Command 'ap_source' returned 0; elapsed 0.01Total elapsed time: 37.824 sec.
@I [HLS-100] Command "source /opt/xilinx/Vivado_HLS/2014.2/common/technology/xilinx/ip/util.gen "
@I [HLS-100] Command 'ap_source' returned 0; elapsed 0Total elapsed time: 37.829 sec.
@I [HLS-100] Command "source /opt/xilinx/Vivado_HLS/2014.2/common/technology/xilinx/ip/xfft.gen "
@I [HLS-100] Command 'ap_source' returned 0; elapsed 0.16Total elapsed time: 37.997 sec.
@I [HLS-100] Command "source /opt/xilinx/Vivado_HLS/2014.2/common/technology/xilinx/ip/xfir.gen "
@I [HLS-100] Command 'ap_source' returned 0; elapsed 0.05Total elapsed time: 38.39 sec.
@I [HLS-100] Command 'ap_source' returned 0; elapsed 0.26Total elapsed time: 38.39 sec.
@I [HLS-100] Command "source /opt/xilinx/Vivado_HLS/2014.2/common/technology/xilinx/common/dsp48.gen "
@I [HLS-100] Command 'ap_source' returned 0; elapsed 0Total elapsed time: 38.42 sec.
@I [HLS-100] Command 'ap_source' returned 0; elapsed 0.26Total elapsed time: 38.42 sec.
@I [HLS-100] Command 'ap_source' returned 0; elapsed 0.26Total elapsed time: 38.42 sec.
@I [HLS-100] Command "source /opt/xilinx/Vivado_HLS/2014.2/common/technology/xilinx/zynq/zynq_fpv6.gen "
@I [HLS-100] Command "source /opt/xilinx/Vivado_HLS/2014.2/common/technology/xilinx/common/xilinx_fpv6.gen "
@I [HLS-100] Command 'ap_source' returned 0; elapsed 0.01Total elapsed time: 38.47 sec.
@I [HLS-100] Command 'ap_source' returned 0; elapsed 0.01Total elapsed time: 38.47 sec.
@I [HLS-100] Command "source /home/student/tjp79/classes/ece5775/audio_lab/audio.prj/solution1/.autopilot/db/global.setting.tcl "
@I [HLS-100] Command 'ap_source' returned 0; elapsed 0Total elapsed time: 38.48 sec.
@I [HLS-100] Command "source /home/student/tjp79/classes/ece5775/audio_lab/audio.prj/solution1/.autopilot/db/global.setting.tcl "
@I [HLS-100] Command 'ap_source' returned 0; elapsed 0Total elapsed time: 38.52 sec.
@I [HLS-100] Command "source /home/student/tjp79/classes/ece5775/audio_lab/audio.prj/solution1/.autopilot/db/global.setting.tcl "
@I [HLS-100] Command 'ap_source' returned 0; elapsed 0Total elapsed time: 38.59 sec.
@I [HLS-100] Command "source /opt/xilinx/Vivado_HLS/2014.2/common/technology/generic/autopilot/common.gen "
@I [HLS-100] Command "source /opt/xilinx/Vivado_HLS/2014.2/common/technology/generic/autopilot/APCoreGen.gen "
@I [HLS-100] Command 'ap_source' returned 0; elapsed 0Total elapsed time: 38.66 sec.
@I [HLS-100] Command 'ap_source' returned 0; elapsed 0Total elapsed time: 38.67 sec.
@I [HLS-100] Command "source /opt/xilinx/Vivado_HLS/2014.2/common/technology/generic/autopilot/op.gen "
@I [HLS-100] Command 'ap_source' returned 0; elapsed 0Total elapsed time: 38.68 sec.
@I [HLS-100] Command "source /opt/xilinx/Vivado_HLS/2014.2/common/technology/generic/autopilot/op_simcore.gen "
@I [HLS-100] Command 'ap_source' returned 0; elapsed 0Total elapsed time: 38.71 sec.
@I [HLS-100] Command "source /opt/xilinx/Vivado_HLS/2014.2/common/technology/generic/autopilot/interface.gen "
@I [HLS-100] Command 'ap_source' returned 0; elapsed 0Total elapsed time: 38.72 sec.
@I [HLS-100] Command "source /home/student/tjp79/classes/ece5775/audio_lab/audio.prj/solution1/.autopilot/db/global.setting.tcl "
@I [HLS-100] Command 'ap_source' returned 0; elapsed 0Total elapsed time: 38.73 sec.
@I [HLS-100] Command "source /opt/xilinx/Vivado_HLS/2014.2/common/technology/xilinx/zynq/zynq.gen "
@I [HLS-100] Command "source /opt/xilinx/Vivado_HLS/2014.2/common/technology/xilinx/common/virtex.gen "
@I [HLS-100] Command "source /opt/xilinx/Vivado_HLS/2014.2/common/technology/xilinx/common/xilinx.gen "
@I [HLS-100] Command "source /opt/xilinx/Vivado_HLS/2014.2/common/technology/xilinx/interface/plb46.gen "
@I [HLS-100] Command 'ap_source' returned 0; elapsed 0Total elapsed time: 38.79 sec.
@I [HLS-100] Command "source /opt/xilinx/Vivado_HLS/2014.2/common/technology/xilinx/interface/fsl.gen "
@I [HLS-100] Command 'ap_source' returned 0; elapsed 0Total elapsed time: 38.81 sec.
@I [HLS-100] Command "source /opt/xilinx/Vivado_HLS/2014.2/common/technology/xilinx/interface/axi4.gen "
@I [HLS-100] Command 'ap_source' returned 0; elapsed 0.01Total elapsed time: 38.86 sec.
@I [HLS-100] Command "source /opt/xilinx/Vivado_HLS/2014.2/common/technology/xilinx/interface/nativeAXI4.gen "
@I [HLS-100] Command "source /opt/xilinx/Vivado_HLS/2014.2/common/technology/xilinx/interface/saxilite.gen "
@I [HLS-100] Command 'ap_source' returned 0; elapsed 0Total elapsed time: 38.94 sec.
@I [HLS-100] Command "source /opt/xilinx/Vivado_HLS/2014.2/common/technology/xilinx/interface/maxi.gen "
@I [HLS-100] Command 'ap_source' returned 0; elapsed 0.01Total elapsed time: 38.100 sec.
@I [HLS-100] Command 'ap_source' returned 0; elapsed 0.01Total elapsed time: 38.100 sec.
@I [HLS-100] Command "source /opt/xilinx/Vivado_HLS/2014.2/common/technology/xilinx/scripts/xilinxcoregen.gen "
@I [HLS-100] Command 'ap_source' returned 0; elapsed 0.01Total elapsed time: 38.113 sec.
@I [HLS-100] Command "source /opt/xilinx/Vivado_HLS/2014.2/common/technology/xilinx/interface/XilEDKCoreGen.gen "
@I [HLS-100] Command 'ap_source' returned 0; elapsed 0.01Total elapsed time: 38.128 sec.
@I [HLS-100] Command "source /opt/xilinx/Vivado_HLS/2014.2/common/technology/xilinx/ip/util.gen "
@I [HLS-100] Command 'ap_source' returned 0; elapsed 0Total elapsed time: 38.130 sec.
@I [HLS-100] Command "source /opt/xilinx/Vivado_HLS/2014.2/common/technology/xilinx/ip/xfft.gen "
@I [HLS-100] Command 'ap_source' returned 0; elapsed 0.16Total elapsed time: 38.295 sec.
@I [HLS-100] Command "source /opt/xilinx/Vivado_HLS/2014.2/common/technology/xilinx/ip/xfir.gen "
@I [HLS-100] Command 'ap_source' returned 0; elapsed 0.05Total elapsed time: 38.339 sec.
@I [HLS-100] Command 'ap_source' returned 0; elapsed 0.25Total elapsed time: 38.339 sec.
@I [HLS-100] Command "source /opt/xilinx/Vivado_HLS/2014.2/common/technology/xilinx/common/dsp48.gen "
@I [HLS-100] Command 'ap_source' returned 0; elapsed 0Total elapsed time: 38.342 sec.
@I [HLS-100] Command 'ap_source' returned 0; elapsed 0.26Total elapsed time: 38.343 sec.
@I [HLS-100] Command 'ap_source' returned 0; elapsed 0.26Total elapsed time: 38.343 sec.
@I [HLS-100] Command "source /opt/xilinx/Vivado_HLS/2014.2/common/technology/xilinx/zynq/zynq_fpv6.gen "
@I [HLS-100] Command "source /opt/xilinx/Vivado_HLS/2014.2/common/technology/xilinx/common/xilinx_fpv6.gen "
@I [HLS-100] Command 'ap_source' returned 0; elapsed 0Total elapsed time: 38.347 sec.
@I [HLS-100] Command 'ap_source' returned 0; elapsed 0Total elapsed time: 38.347 sec.
@I [HLS-100] Command "source /home/student/tjp79/classes/ece5775/audio_lab/audio.prj/solution1/.autopilot/db/fir.compgen.tcl "
@I [HLS-100] Command 'ap_source' returned 0; elapsed 0Total elapsed time: 38.349 sec.
@I [HLS-100] Command "source /home/student/tjp79/classes/ece5775/audio_lab/audio.prj/solution1/.autopilot/db/global.setting.tcl "
@I [HLS-100] Command 'ap_source' returned 0; elapsed 0Total elapsed time: 38.403 sec.
@I [HLS-100] Command "source /home/student/tjp79/classes/ece5775/audio_lab/audio.prj/solution1/.autopilot/db/fir.constraint.tcl "
@I [HLS-100] Command 'ap_source' returned 0; elapsed 0Total elapsed time: 38.406 sec.
@I [HLS-100] Command "source /opt/xilinx/Vivado_HLS/2014.2/common/technology/generic/autopilot/common.gen "
@I [HLS-100] Command "source /opt/xilinx/Vivado_HLS/2014.2/common/technology/generic/autopilot/APCoreGen.gen "
@I [HLS-100] Command 'ap_source' returned 0; elapsed 0Total elapsed time: 38.417 sec.
@I [HLS-100] Command 'ap_source' returned 0; elapsed 0Total elapsed time: 38.418 sec.
@I [HLS-100] Command "source /opt/xilinx/Vivado_HLS/2014.2/common/technology/generic/autopilot/op.gen "
@I [HLS-100] Command 'ap_source' returned 0; elapsed 0Total elapsed time: 38.420 sec.
@I [HLS-100] Command "source /opt/xilinx/Vivado_HLS/2014.2/common/technology/generic/autopilot/op_simcore.gen "
@I [HLS-100] Command 'ap_source' returned 0; elapsed 0Total elapsed time: 38.423 sec.
@I [HLS-100] Command "source /opt/xilinx/Vivado_HLS/2014.2/common/technology/generic/autopilot/interface.gen "
@I [HLS-100] Command 'ap_source' returned 0; elapsed 0Total elapsed time: 38.424 sec.
@I [HLS-100] Command "source /home/student/tjp79/classes/ece5775/audio_lab/audio.prj/solution1/.autopilot/db/global.setting.tcl "
@I [HLS-100] Command 'ap_source' returned 0; elapsed 0Total elapsed time: 38.424 sec.
@I [HLS-100] Command "source /opt/xilinx/Vivado_HLS/2014.2/common/technology/xilinx/zynq/zynq.gen "
@I [HLS-100] Command "source /opt/xilinx/Vivado_HLS/2014.2/common/technology/xilinx/common/virtex.gen "
@I [HLS-100] Command "source /opt/xilinx/Vivado_HLS/2014.2/common/technology/xilinx/common/xilinx.gen "
@I [HLS-100] Command "source /opt/xilinx/Vivado_HLS/2014.2/common/technology/xilinx/interface/plb46.gen "
@I [HLS-100] Command 'ap_source' returned 0; elapsed 0.01Total elapsed time: 38.431 sec.
@I [HLS-100] Command "source /opt/xilinx/Vivado_HLS/2014.2/common/technology/xilinx/interface/fsl.gen "
@I [HLS-100] Command 'ap_source' returned 0; elapsed 0Total elapsed time: 38.433 sec.
@I [HLS-100] Command "source /opt/xilinx/Vivado_HLS/2014.2/common/technology/xilinx/interface/axi4.gen "
@I [HLS-100] Command 'ap_source' returned 0; elapsed 0Total elapsed time: 38.438 sec.
@I [HLS-100] Command "source /opt/xilinx/Vivado_HLS/2014.2/common/technology/xilinx/interface/nativeAXI4.gen "
@I [HLS-100] Command "source /opt/xilinx/Vivado_HLS/2014.2/common/technology/xilinx/interface/saxilite.gen "
@I [HLS-100] Command 'ap_source' returned 0; elapsed 0Total elapsed time: 38.444 sec.
@I [HLS-100] Command "source /opt/xilinx/Vivado_HLS/2014.2/common/technology/xilinx/interface/maxi.gen "
@I [HLS-100] Command 'ap_source' returned 0; elapsed 0.01Total elapsed time: 38.450 sec.
@I [HLS-100] Command 'ap_source' returned 0; elapsed 0.01Total elapsed time: 38.450 sec.
@I [HLS-100] Command "source /opt/xilinx/Vivado_HLS/2014.2/common/technology/xilinx/scripts/xilinxcoregen.gen "
@I [HLS-100] Command 'ap_source' returned 0; elapsed 0.01Total elapsed time: 38.463 sec.
@I [HLS-100] Command "source /opt/xilinx/Vivado_HLS/2014.2/common/technology/xilinx/interface/XilEDKCoreGen.gen "
@I [HLS-100] Command 'ap_source' returned 0; elapsed 0.01Total elapsed time: 38.478 sec.
@I [HLS-100] Command "source /opt/xilinx/Vivado_HLS/2014.2/common/technology/xilinx/ip/util.gen "
@I [HLS-100] Command 'ap_source' returned 0; elapsed 0Total elapsed time: 38.480 sec.
@I [HLS-100] Command "source /opt/xilinx/Vivado_HLS/2014.2/common/technology/xilinx/ip/xfft.gen "
@I [HLS-100] Command 'ap_source' returned 0; elapsed 0.16Total elapsed time: 38.645 sec.
@I [HLS-100] Command "source /opt/xilinx/Vivado_HLS/2014.2/common/technology/xilinx/ip/xfir.gen "
@I [HLS-100] Command 'ap_source' returned 0; elapsed 0.04Total elapsed time: 38.688 sec.
@I [HLS-100] Command 'ap_source' returned 0; elapsed 0.24Total elapsed time: 38.688 sec.
@I [HLS-100] Command "source /opt/xilinx/Vivado_HLS/2014.2/common/technology/xilinx/common/dsp48.gen "
@I [HLS-100] Command 'ap_source' returned 0; elapsed 0Total elapsed time: 38.691 sec.
@I [HLS-100] Command 'ap_source' returned 0; elapsed 0.24Total elapsed time: 38.691 sec.
@I [HLS-100] Command 'ap_source' returned 0; elapsed 0.24Total elapsed time: 38.691 sec.
@I [HLS-100] Command "source /opt/xilinx/Vivado_HLS/2014.2/common/technology/xilinx/zynq/zynq_fpv6.gen "
@I [HLS-100] Command "source /opt/xilinx/Vivado_HLS/2014.2/common/technology/xilinx/common/xilinx_fpv6.gen "
@I [HLS-100] Command 'ap_source' returned 0; elapsed 0.01Total elapsed time: 38.696 sec.
@I [HLS-100] Command 'ap_source' returned 0; elapsed 0.01Total elapsed time: 38.696 sec.
@I [HLS-100] Command 'export_design' returned 0; elapsed 2.76Total elapsed time: 51.876 sec.
@I [HLS-100] Command "cleanup_all "
@I [HLS-100] Command 'cleanup_all' returned 0; elapsed 0Total elapsed time: 51.877 sec.
