#-----------------------------------------------------------
# Vivado v2015.1_sda (64-bit)
# SW Build 1244246 on Sat May 30 07:18:05 MDT 2015
# IP Build 1236664 on Wed May 20 22:57:03 MDT 2015
# Start of session at: Wed Dec  9 18:57:37 2015
# Process ID: 11099
# Log file: /home/rz252/tjp79/ece5775-final/audio_lab/vivado.log
# Journal file: /home/rz252/tjp79/ece5775-final/audio_lab/vivado.jou
#-----------------------------------------------------------
start_gui
open_project /home/rz252/tjp79/ece5775-final/audio_lab/audio2/audio.xpr
Scanning sources...
Finished scanning sources
INFO: [IP_Flow 19-234] Refreshing IP repositories
INFO: [IP_Flow 19-1700] Loaded user IP repository '/home/rz252/tjp79/ece5775-final/audio_lab/ip_repo'.
INFO: [IP_Flow 19-1700] Loaded user IP repository '/home/rz252/tjp79/ece5775-final/audio_lab/fir.prj/solution1/impl/ip'.
INFO: [IP_Flow 19-2313] Loaded Vivado IP repository '/usr/tools/Xilinx/SDAccel/2015.1/Vivado/data/ip'.
WARNING: [BD 41-1661] One or more IPs have been locked in the design 'system.bd'. Please run report_ip_status for more details and recommendations on how to fix this issue.
List of locked IPs:
system_xbar_0
system_processing_system7_0_0
system_auto_pc_0
system_rst_processing_system7_0_100M_0
system_axi_gpio_0_0

open_project: Time (s): cpu = 00:00:22 ; elapsed = 00:00:09 . Memory (MB): peak = 5887.148 ; gain = 114.273 ; free physical = 625 ; free virtual = 7787
WARNING: [IP_Flow 19-3899] Cannot get the environment domain name variable for the component vendor name. Setting the vendor name to 'user.org'.
set_property  ip_repo_paths  {/home/rz252/tjp79/ece5775-final/audio_lab/ip_repo /home/rz252/tjp79/ece5775-final/combined/voicerec.prj/solution1/impl/ip /home/rz252/tjp79/ece5775-final/audio_lab/fir.prj/solution1/impl/ip} [current_project]
update_ip_catalog
INFO: [IP_Flow 19-234] Refreshing IP repositories
INFO: [IP_Flow 19-1700] Loaded user IP repository '/home/rz252/tjp79/ece5775-final/audio_lab/ip_repo'.
INFO: [IP_Flow 19-1700] Loaded user IP repository '/home/rz252/tjp79/ece5775-final/combined/voicerec.prj/solution1/impl/ip'.
INFO: [IP_Flow 19-1700] Loaded user IP repository '/home/rz252/tjp79/ece5775-final/audio_lab/fir.prj/solution1/impl/ip'.
WARNING: [IP_Flow 19-3899] Cannot get the environment domain name variable for the component vendor name. Setting the vendor name to 'user.org'.
WARNING: [IP_Flow 19-3899] Cannot get the environment domain name variable for the component vendor name. Setting the vendor name to 'user.org'.
WARNING: [IP_Flow 19-3899] Cannot get the environment domain name variable for the component vendor name. Setting the vendor name to 'user.org'.
open_bd_design {/home/rz252/tjp79/ece5775-final/audio_lab/audio2/audio.srcs/sources_1/bd/system/system.bd}
Adding component instance block -- xilinx.com:ip:processing_system7:5.4 - processing_system7_0
Adding component instance block -- xilinx.com:ip:axi_gpio:2.0 - axi_gpio_0
Adding component instance block -- xilinx.com:user:zed_audio_ctrl:1.0 - zed_audio_ctrl_0
Adding component instance block -- xilinx.com:ip:proc_sys_reset:5.0 - rst_processing_system7_0_100M
Adding component instance block -- xilinx.com:ip:axi_crossbar:2.1 - xbar
Adding component instance block -- xilinx.com:ip:axi_protocol_converter:2.1 - auto_pc
Successfully read diagram <system> from BD file </home/rz252/tjp79/ece5775-final/audio_lab/audio2/audio.srcs/sources_1/bd/system/system.bd>
startgroup
create_bd_cell -type ip -vlnv xilinx.com:hls:voicerec:1.0 voicerec_0
endgroup
set_property location {1.5 525 218} [get_bd_cells voicerec_0]
set_property location {2 581 205} [get_bd_cells voicerec_0]
set_property location {3 1015 212} [get_bd_cells voicerec_0]
set_property location {1.5 716 627} [get_bd_cells rst_processing_system7_0_100M]
save_bd_design
Wrote  : </home/rz252/tjp79/ece5775-final/audio_lab/audio2/audio.srcs/sources_1/bd/system/system.bd> 
exit
INFO: [Common 17-206] Exiting Vivado at Wed Dec  9 19:01:01 2015...
