================================================================
  Vivado(TM) HLS - High-Level Synthesis from C, C++ and SystemC
  Version 2014.2
  Build 932637 on Wed Jun 11 12:38:34 PM 2014
  Copyright (C) 2014 Xilinx Inc. All rights reserved.
================================================================
@I [LIC-101] Checked out feature [HLS]
@I [HLS-10] Running '/opt/xilinx/Vivado_HLS/2014.2/bin/unwrapped/lnx64.o/vivado_hls'
            for user 'tjp79' on host 'amdpool-04' (Linux_x86_64 version 2.6.18-406.el5) on Mon Nov 23 13:53:09 EST 2015
            in directory '/home/student/tjp79/classes/ece5775/audio_lab'
invalid command name "create_project"
    while executing
"create_project audio ./audio -part xc7z020clg484-1"
    (file "zed_audio_project_create.tcl" line 1)
    invoked from within
"source [lindex $::argv 1] "
    ("uplevel" body line 1)
    invoked from within
"uplevel \#0 { source [lindex $::argv 1] } "

@E [HLS-102] Encountered an invalid command 'create_project'
@I [LIC-101] Checked in feature [HLS]
