#-----------------------------------------------------------
# Vivado v2015.1_sda (64-bit)
# SW Build 1244246 on Sat May 30 07:18:05 MDT 2015
# IP Build 1236664 on Wed May 20 22:57:03 MDT 2015
# Start of session at: Wed Dec  9 18:30:30 2015
# Process ID: 10452
# Log file: /home/rz252/tjp79/ece5775-final/audio_lab/vivado.log
# Journal file: /home/rz252/tjp79/ece5775-final/audio_lab/vivado.jou
#-----------------------------------------------------------
start_gui
open_project /home/rz252/tjp79/ece5775-final/audio_lab/audio2/audio.xpr
INFO: [Project 1-313] Project file moved from '/home/student/svr24/ece5775/final_proj/audio_lab/audio' since last save.
Scanning sources...
Finished scanning sources
INFO: [Project 1-230] Project 'audio.xpr' upgraded for this version of Vivado.
INFO: [IP_Flow 19-234] Refreshing IP repositories
INFO: [IP_Flow 19-1700] Loaded user IP repository '/home/rz252/tjp79/ece5775-final/audio_lab/ip_repo'.
INFO: [IP_Flow 19-1700] Loaded user IP repository '/home/rz252/tjp79/ece5775-final/audio_lab/fir.prj/solution1/impl/ip'.
INFO: [IP_Flow 19-2313] Loaded Vivado IP repository '/usr/tools/Xilinx/SDAccel/2015.1/Vivado/data/ip'.
WARNING: [BD 41-1661] One or more IPs have been locked in the design 'system.bd'. Please run report_ip_status for more details and recommendations on how to fix this issue.
List of locked IPs:
system_xbar_0
system_processing_system7_0_0
system_auto_pc_0
system_xlconcat_0_0
system_rst_processing_system7_0_100M_0
system_axi_gpio_0_0

open_project: Time (s): cpu = 00:00:22 ; elapsed = 00:00:09 . Memory (MB): peak = 5885.328 ; gain = 112.574 ; free physical = 702 ; free virtual = 7793
report_ip_status -name ip_status 
open_bd_design {/home/rz252/tjp79/ece5775-final/audio_lab/audio2/audio.srcs/sources_1/bd/system/system.bd}
Adding component instance block -- xilinx.com:ip:processing_system7:5.4 - processing_system7_0
Adding component instance block -- xilinx.com:ip:axi_gpio:2.0 - axi_gpio_0
Adding component instance block -- xilinx.com:user:zed_audio_ctrl:1.0 - zed_audio_ctrl_0
Adding component instance block -- xilinx.com:ip:proc_sys_reset:5.0 - rst_processing_system7_0_100M
Adding component instance block -- xilinx.com:hls:fir:1.0 - fir_left
Adding component instance block -- xilinx.com:hls:fir:1.0 - fir_right
Adding component instance block -- xilinx.com:ip:xlconcat:2.1 - xlconcat_0
Adding component instance block -- xilinx.com:ip:axi_crossbar:2.1 - xbar
Adding component instance block -- xilinx.com:ip:axi_protocol_converter:2.1 - auto_pc
Successfully read diagram <system> from BD file </home/rz252/tjp79/ece5775-final/audio_lab/audio2/audio.srcs/sources_1/bd/system/system.bd>
delete_bd_objs [get_bd_intf_nets processing_system7_0_axi_periph_M03_AXI] [get_bd_nets fir_right_interrupt] [get_bd_cells fir_right]
delete_bd_objs [get_bd_intf_nets processing_system7_0_axi_periph_M02_AXI] [get_bd_nets fir_left_interrupt] [get_bd_cells fir_left]
delete_bd_objs [get_bd_nets xlconcat_0_dout] [get_bd_cells xlconcat_0]
set_property location {5 1505 -1} [get_bd_cells zed_audio_ctrl_0]
set_property location {3 1047 -50} [get_bd_cells zed_audio_ctrl_0]
set_property location {3 956 733} [get_bd_cells processing_system7_0_axi_periph]
set_property location {2 488 762} [get_bd_cells rst_processing_system7_0_100M]
set_property location {3 1090 508} [get_bd_cells axi_gpio_0]
set_property location {2 778 540} [get_bd_cells axi_gpio_0]
set_property location {2 770 349} [get_bd_cells zed_audio_ctrl_0]
set_property location {2.5 1153 631} [get_bd_cells zed_audio_ctrl_0]
set_property location {3 1090 728} [get_bd_cells zed_audio_ctrl_0]
set_property location {3 1187 555} [get_bd_cells axi_gpio_0]
set_property location {3 1163 600} [get_bd_cells axi_gpio_0]
set_property location {0.5 -125 591} [get_bd_cells processing_system7_0]
set_property location {1 331 525} [get_bd_cells processing_system7_0]
set_property location {1 330 528} [get_bd_cells processing_system7_0]
set_property location {1 330 538} [get_bd_cells processing_system7_0]
set_property location {2 750 551} [get_bd_cells rst_processing_system7_0_100M]
set_property location {2 748 567} [get_bd_cells rst_processing_system7_0_100M]
set_property location {2 618 561} [get_bd_cells rst_processing_system7_0_100M]
set_property location {2 721 295} [get_bd_cells processing_system7_0_axi_periph]
set_property location {2.5 1119 576} [get_bd_cells processing_system7_0_axi_periph]
set_property location {3 1133 530} [get_bd_cells processing_system7_0_axi_periph]
set_property location {4 1561 308} [get_bd_cells processing_system7_0]
set_property location {3 1137 272} [get_bd_cells processing_system7_0]
WARNING: [IP_Flow 19-3899] Cannot get the environment domain name variable for the component vendor name. Setting the vendor name to 'user.org'.
save_bd_design
Wrote  : </home/rz252/tjp79/ece5775-final/audio_lab/audio2/audio.srcs/sources_1/bd/system/system.bd> 
exit
INFO: [Common 17-206] Exiting Vivado at Wed Dec  9 18:43:44 2015...
