================================================================
  Vivado(TM) HLS - High-Level Synthesis from C, C++ and SystemC
  Version 2015.2
  Build 1266856 on Fri Jun 26 16:57:37 PM 2015
  Copyright (C) 2015 Xilinx Inc. All rights reserved.
================================================================
@I [LIC-101] Checked out feature [HLS]
@I [HLS-10] Running '/research/brg/install/bare-pkgs/x86_64-centos6/pkgs/xilinx-vivado-2015.2/Vivado_HLS/2015.2/bin/unwrapped/lnx64.o/vivado_hls'
            for user 'svr24' on host 'amdpool-04' (Linux_x86_64 version 2.6.18-406.el5) on Mon Dec 07 20:45:35 EST 2015
            in directory '/home/student/svr24/ece5775/final_proj/combined/fixed'
@I [HLS-10] Opening and resetting project '/home/student/svr24/ece5775/final_proj/combined/fixed/voicerec.prj'.
@I [HLS-10] Adding design file 'voicerec.cpp' to the project
@I [HLS-10] Adding design file 'neuralNetworkSynth.cpp' to the project
@I [HLS-10] Adding test bench file 'voicerec_test.cpp' to the project
@W [HLS-40] Cannot find test bench file 'data'
@I [HLS-10] Opening and resetting solution '/home/student/svr24/ece5775/final_proj/combined/fixed/voicerec.prj/solution1'.
@I [HLS-10] Cleaning up the solution database.
@I [HLS-10] Setting target device to 'xc7z020clg484-1'
@I [SYN-201] Setting up clock 'default' with a period of 10ns.
@I [HLS-10] Analyzing design file 'neuralNetworkSynth.cpp' ... 
@I [HLS-10] Analyzing design file 'voicerec.cpp' ... 
@I [HLS-10] Validating synthesis directives ...
@I [HLS-10] Starting code transformations ...
@I [XFORM-603] Inlining function 'ap_fixed_base<9, 1, true, (ap_q_mode)5, (ap_o_mode)3, 0>::to_float' into 'preprocessSound' (voicerec.cpp:294).
@I [XFORM-603] Inlining function 'ap_fixed_base<9, 1, true, (ap_q_mode)5, (ap_o_mode)3, 0>::to_float' into 'preprocessSound' (voicerec.cpp:258).
@I [XFORM-603] Inlining function 'ap_fixed_base<9, 1, true, (ap_q_mode)5, (ap_o_mode)3, 0>::to_float' into 'preprocessSound' (voicerec.cpp:258).
@I [XFORM-603] Inlining function 'ap_fixed_base<9, 1, true, (ap_q_mode)5, (ap_o_mode)3, 0>::to_float' into 'preprocessSound' (voicerec.cpp:253).
@I [XFORM-603] Inlining function 'ap_fixed_base<9, 1, true, (ap_q_mode)5, (ap_o_mode)3, 0>::to_float' into 'preprocessSound' (voicerec.cpp:253).
@I [XFORM-603] Inlining function 'ap_fixed_base<9, 1, true, (ap_q_mode)5, (ap_o_mode)3, 0>::to_float' into 'preprocessSound' (voicerec.cpp:236).
@I [XFORM-603] Inlining function 'ap_fixed_base<9, 1, true, (ap_q_mode)5, (ap_o_mode)3, 0>::to_float' into 'preprocessSound' (voicerec.cpp:229).
@I [XFORM-603] Inlining function 'ap_fixed_base<18, 10, true, (ap_q_mode)5, (ap_o_mode)3, 0>::to_float' into 'processChunk' (voicerec.cpp:204).
@I [XFORM-603] Inlining function 'ap_fixed_base<18, 10, true, (ap_q_mode)5, (ap_o_mode)3, 0>::operator<<' into 'mylog' (voicerec.cpp:22).
@I [XFORM-603] Inlining function 'ap_fixed_base<18, 10, true, (ap_q_mode)5, (ap_o_mode)3, 0>::operator>>' into 'mylog' (voicerec.cpp:36).
@I [XFORM-603] Inlining function 'ap_fixed_base<18, 10, true, (ap_q_mode)5, (ap_o_mode)3, 0>::operator>>' into 'mylog' (voicerec.cpp:33).
@I [XFORM-603] Inlining function 'ap_fixed_base<18, 10, true, (ap_q_mode)5, (ap_o_mode)3, 0>::operator>>' into 'mylog' (voicerec.cpp:26).
@I [XFORM-603] Inlining function 'ap_fixed_base<50, 42, true, (ap_q_mode)5, (ap_o_mode)3, 0>::to_float' into 'feedForward' (neuralNetworkSynth.cpp:28).
@I [XFORM-603] Inlining function 'ap_fixed_base<50, 42, true, (ap_q_mode)5, (ap_o_mode)3, 0>::to_float' into 'feedForward' (neuralNetworkSynth.cpp:38).
@I [HLS-10] Checking synthesizability ...
@I [XFORM-602] Inlining function 'fp_struct<float>::data' into 'fp_struct<float>::to_float' (/wrk/buildscratch/2015.2/continuous/20150626163259/src/products/hls/hls_lib/src/hls/utils/x_hls_utils.h:504) automatically.
@I [XFORM-602] Inlining function 'fp_struct<float>::to_float' into 'fp_struct<float>::to_ieee' (/wrk/buildscratch/2015.2/continuous/20150626163259/src/products/hls/hls_lib/src/hls/utils/x_hls_utils.h:518) automatically.
@I [XFORM-602] Inlining function 'fp_struct<float>::to_ieee' into 'hls::copysign' (/wrk/buildscratch/2015.2/continuous/20150626163259/src/products/hls/hls_lib/src/hls_math.h:254) automatically.
@I [XFORM-602] Inlining function 'hls::copysign' into 'hls::fabs' (/wrk/buildscratch/2015.2/continuous/20150626163259/src/products/hls/hls_lib/src/hls_math.h:276) automatically.
@I [XFORM-602] Inlining function 'hls::fabs' into 'fabs' (/wrk/buildscratch/2015.2/continuous/20150626163259/src/products/hls/hls_lib/src/lib_hlsm.cpp:134) automatically.
@I [XFORM-602] Inlining function 'fabs' into 'preprocessSound' (voicerec.cpp:253) automatically.
@I [XFORM-602] Inlining function 'guessClassification' into 'classifySound' (neuralNetworkSynth.cpp:66) automatically.
@I [XFORM-502] Unrolling all loops for pipelining in function 'mylog' (voicerec.cpp:20:5).
@I [XFORM-502] Unrolling all loops for pipelining in function 'FFT' (voicerec.cpp:90).
@I [XFORM-502] Unrolling all loops for pipelining in function 'processChunk' (voicerec.cpp:165).
@I [XFORM-502] Unrolling all loops for pipelining in function 'dct_ii' (voicerec.cpp:58).
@I [XFORM-501] Unrolling loop 'Loop-1' (voicerec.cpp:20) in function 'mylog' completely.
@I [XFORM-501] Unrolling loop 'Loop-2' (voicerec.cpp:30) in function 'mylog' completely.
@I [XFORM-501] Unrolling loop 'Loop-1' (voicerec.cpp:99) in function 'FFT' completely.
@I [XFORM-501] Unrolling loop 'Loop-1.1' (voicerec.cpp:113) in function 'FFT' completely.
@I [XFORM-501] Unrolling loop 'Loop-2' (voicerec.cpp:122) in function 'FFT' completely.
@W [XFORM-504] Stop unrolling loop 'Loop-2' (voicerec.cpp:122) in function 'FFT' because it may cause large runtime and excessive memory usage due to increase in code size. Please avoid unrolling the loop or form sub-functions for code in the loop body.
@I [XFORM-501] Unrolling loop 'Loop-2.1' (voicerec.cpp:130) in function 'FFT' completely.
@W [XFORM-504] Stop unrolling loop 'Loop-2.1' (voicerec.cpp:130) in function 'FFT' because it may cause large runtime and excessive memory usage due to increase in code size. Please avoid unrolling the loop or form sub-functions for code in the loop body.
@I [XFORM-501] Unrolling loop 'Loop-2.1.1' (voicerec.cpp:135) in function 'FFT' completely.
@I [XFORM-501] Unrolling loop 'Loop-1' (voicerec.cpp:170) in function 'processChunk' completely.
@I [XFORM-501] Unrolling loop 'Loop-2' (voicerec.cpp:178) in function 'processChunk' completely.
@I [XFORM-501] Unrolling loop 'Loop-3' (voicerec.cpp:184) in function 'processChunk' completely.
@I [XFORM-501] Unrolling loop 'Loop-4' (voicerec.cpp:189) in function 'processChunk' completely.
@I [XFORM-501] Unrolling loop 'Loop-5' (voicerec.cpp:203) in function 'processChunk' completely.
@I [XFORM-501] Unrolling loop 'Loop-1' (voicerec.cpp:59) in function 'dct_ii' completely.
@I [XFORM-501] Unrolling loop 'Loop-1.1' (voicerec.cpp:62) in function 'dct_ii' completely.
@I [XFORM-602] Inlining function 'fp_struct<float>::data' into 'fp_struct<float>::to_float' (/wrk/buildscratch/2015.2/continuous/20150626163259/src/products/hls/hls_lib/src/hls/utils/x_hls_utils.h:504) automatically.
@I [XFORM-602] Inlining function 'fp_struct<float>::to_float' into 'fp_struct<float>::to_ieee' (/wrk/buildscratch/2015.2/continuous/20150626163259/src/products/hls/hls_lib/src/hls/utils/x_hls_utils.h:518) automatically.
@I [XFORM-602] Inlining function 'fp_struct<float>::to_ieee' into 'hls::copysign' (/wrk/buildscratch/2015.2/continuous/20150626163259/src/products/hls/hls_lib/src/hls_math.h:254) automatically.
@I [XFORM-602] Inlining function 'hls::copysign' into 'hls::fabs' (/wrk/buildscratch/2015.2/continuous/20150626163259/src/products/hls/hls_lib/src/hls_math.h:276) automatically.
@I [XFORM-602] Inlining function 'hls::fabs' into 'fabs' (/wrk/buildscratch/2015.2/continuous/20150626163259/src/products/hls/hls_lib/src/lib_hlsm.cpp:134) automatically.
@I [XFORM-602] Inlining function 'fabs' into 'preprocessSound' (voicerec.cpp:253) automatically.
@I [XFORM-602] Inlining function 'guessClassification' into 'classifySound' (neuralNetworkSynth.cpp:66) automatically.
@I [XFORM-401] Performing if-conversion on hyperblock from (voicerec.cpp:17:21) to (voicerec.cpp:38:3) in function 'mylog'... converting 47 basic blocks.
@I [XFORM-401] Performing if-conversion on hyperblock from (neuralNetworkSynth.cpp:28:26) to (neuralNetworkSynth.cpp:22:27) in function 'feedForward'... converting 12 basic blocks.
@I [XFORM-401] Performing if-conversion on hyperblock from (neuralNetworkSynth.cpp:38:26) to (neuralNetworkSynth.cpp:32:26) in function 'feedForward'... converting 12 basic blocks.
@I [XFORM-401] Performing if-conversion on hyperblock from (voicerec.cpp:90:22) to (voicerec.cpp:101:5) in function 'FFT'... converting 11 basic blocks.
@I [XFORM-401] Performing if-conversion on hyperblock from (voicerec.cpp:114:7) to (voicerec.cpp:101:5) in function 'FFT'... converting 13 basic blocks.
@I [XFORM-401] Performing if-conversion on hyperblock from (voicerec.cpp:114:7) to (voicerec.cpp:101:5) in function 'FFT'... converting 13 basic blocks.
@I [XFORM-401] Performing if-conversion on hyperblock from (voicerec.cpp:114:7) to (voicerec.cpp:101:5) in function 'FFT'... converting 13 basic blocks.
@I [XFORM-401] Performing if-conversion on hyperblock from (voicerec.cpp:114:7) to (voicerec.cpp:101:5) in function 'FFT'... converting 13 basic blocks.
@I [XFORM-401] Performing if-conversion on hyperblock from (voicerec.cpp:114:7) to (voicerec.cpp:101:5) in function 'FFT'... converting 13 basic blocks.
@I [XFORM-401] Performing if-conversion on hyperblock from (voicerec.cpp:114:7) to (voicerec.cpp:101:5) in function 'FFT'... converting 13 basic blocks.
@I [XFORM-401] Performing if-conversion on hyperblock from (voicerec.cpp:114:7) to (voicerec.cpp:101:5) in function 'FFT'... converting 13 basic blocks.
@I [XFORM-401] Performing if-conversion on hyperblock from (voicerec.cpp:114:7) to (voicerec.cpp:101:5) in function 'FFT'... converting 13 basic blocks.
@I [XFORM-401] Performing if-conversion on hyperblock from (voicerec.cpp:114:7) to (voicerec.cpp:101:5) in function 'FFT'... converting 13 basic blocks.
@I [XFORM-401] Performing if-conversion on hyperblock from (voicerec.cpp:114:7) to (voicerec.cpp:101:5) in function 'FFT'... converting 13 basic blocks.
@I [XFORM-401] Performing if-conversion on hyperblock from (voicerec.cpp:114:7) to (voicerec.cpp:101:5) in function 'FFT'... converting 13 basic blocks.
@I [XFORM-401] Performing if-conversion on hyperblock from (voicerec.cpp:114:7) to (voicerec.cpp:101:5) in function 'FFT'... converting 13 basic blocks.
@I [XFORM-401] Performing if-conversion on hyperblock from (voicerec.cpp:114:7) to (voicerec.cpp:101:5) in function 'FFT'... converting 13 basic blocks.
@I [XFORM-401] Performing if-conversion on hyperblock from (voicerec.cpp:114:7) to (voicerec.cpp:101:5) in function 'FFT'... converting 13 basic blocks.
@I [XFORM-401] Performing if-conversion on hyperblock from (voicerec.cpp:114:7) to (voicerec.cpp:101:5) in function 'FFT'... converting 13 basic blocks.
@I [XFORM-401] Performing if-conversion on hyperblock from (voicerec.cpp:114:7) to (voicerec.cpp:101:5) in function 'FFT'... converting 13 basic blocks.
@I [XFORM-401] Performing if-conversion on hyperblock from (voicerec.cpp:114:7) to (voicerec.cpp:101:5) in function 'FFT'... converting 13 basic blocks.
@I [XFORM-401] Performing if-conversion on hyperblock from (voicerec.cpp:114:7) to (voicerec.cpp:101:5) in function 'FFT'... converting 13 basic blocks.
@I [XFORM-401] Performing if-conversion on hyperblock from (voicerec.cpp:114:7) to (voicerec.cpp:101:5) in function 'FFT'... converting 13 basic blocks.
@I [XFORM-401] Performing if-conversion on hyperblock from (voicerec.cpp:114:7) to (voicerec.cpp:101:5) in function 'FFT'... converting 13 basic blocks.
@I [XFORM-401] Performing if-conversion on hyperblock from (voicerec.cpp:114:7) to (voicerec.cpp:101:5) in function 'FFT'... converting 13 basic blocks.
@I [XFORM-401] Performing if-conversion on hyperblock from (voicerec.cpp:114:7) to (voicerec.cpp:101:5) in function 'FFT'... converting 13 basic blocks.
@I [XFORM-401] Performing if-conversion on hyperblock from (voicerec.cpp:114:7) to (voicerec.cpp:101:5) in function 'FFT'... converting 13 basic blocks.
@I [XFORM-401] Performing if-conversion on hyperblock from (voicerec.cpp:114:7) to (voicerec.cpp:101:5) in function 'FFT'... converting 13 basic blocks.
@I [XFORM-401] Performing if-conversion on hyperblock from (voicerec.cpp:114:7) to (voicerec.cpp:101:5) in function 'FFT'... converting 13 basic blocks.
@I [XFORM-401] Performing if-conversion on hyperblock from (voicerec.cpp:114:7) to (voicerec.cpp:101:5) in function 'FFT'... converting 13 basic blocks.
@I [XFORM-401] Performing if-conversion on hyperblock from (voicerec.cpp:114:7) to (voicerec.cpp:101:5) in function 'FFT'... converting 13 basic blocks.
@I [XFORM-401] Performing if-conversion on hyperblock from (voicerec.cpp:114:7) to (voicerec.cpp:101:5) in function 'FFT'... converting 13 basic blocks.
@I [XFORM-401] Performing if-conversion on hyperblock from (voicerec.cpp:114:7) to (voicerec.cpp:101:5) in function 'FFT'... converting 13 basic blocks.
@I [XFORM-401] Performing if-conversion on hyperblock from (voicerec.cpp:114:7) to (voicerec.cpp:101:5) in function 'FFT'... converting 13 basic blocks.
@I [XFORM-401] Performing if-conversion on hyperblock from (voicerec.cpp:114:7) to (voicerec.cpp:101:5) in function 'FFT'... converting 13 basic blocks.
@I [XFORM-401] Performing if-conversion on hyperblock from (voicerec.cpp:114:7) to (voicerec.cpp:101:5) in function 'FFT'... converting 13 basic blocks.
@I [XFORM-401] Performing if-conversion on hyperblock from (voicerec.cpp:114:7) to (voicerec.cpp:101:5) in function 'FFT'... converting 13 basic blocks.
@I [XFORM-401] Performing if-conversion on hyperblock from (voicerec.cpp:114:7) to (voicerec.cpp:101:5) in function 'FFT'... converting 13 basic blocks.
@I [XFORM-401] Performing if-conversion on hyperblock from (voicerec.cpp:114:7) to (voicerec.cpp:101:5) in function 'FFT'... converting 13 basic blocks.
@I [XFORM-401] Performing if-conversion on hyperblock from (voicerec.cpp:114:7) to (voicerec.cpp:101:5) in function 'FFT'... converting 13 basic blocks.
@I [XFORM-401] Performing if-conversion on hyperblock from (voicerec.cpp:114:7) to (voicerec.cpp:101:5) in function 'FFT'... converting 13 basic blocks.
@I [XFORM-401] Performing if-conversion on hyperblock from (voicerec.cpp:114:7) to (voicerec.cpp:101:5) in function 'FFT'... converting 13 basic blocks.
@I [XFORM-401] Performing if-conversion on hyperblock from (voicerec.cpp:114:7) to (voicerec.cpp:101:5) in function 'FFT'... converting 13 basic blocks.
@I [XFORM-401] Performing if-conversion on hyperblock from (voicerec.cpp:114:7) to (voicerec.cpp:101:5) in function 'FFT'... converting 13 basic blocks.
@I [XFORM-401] Performing if-conversion on hyperblock from (voicerec.cpp:114:7) to (voicerec.cpp:101:5) in function 'FFT'... converting 13 basic blocks.
@I [XFORM-401] Performing if-conversion on hyperblock from (voicerec.cpp:114:7) to (voicerec.cpp:101:5) in function 'FFT'... converting 13 basic blocks.
@I [XFORM-401] Performing if-conversion on hyperblock from (voicerec.cpp:114:7) to (voicerec.cpp:101:5) in function 'FFT'... converting 13 basic blocks.
@I [XFORM-401] Performing if-conversion on hyperblock from (voicerec.cpp:114:7) to (voicerec.cpp:101:5) in function 'FFT'... converting 13 basic blocks.
@I [XFORM-401] Performing if-conversion on hyperblock from (voicerec.cpp:114:7) to (voicerec.cpp:101:5) in function 'FFT'... converting 13 basic blocks.
@I [XFORM-401] Performing if-conversion on hyperblock from (voicerec.cpp:114:7) to (voicerec.cpp:101:5) in function 'FFT'... converting 13 basic blocks.
@I [XFORM-401] Performing if-conversion on hyperblock from (voicerec.cpp:114:7) to (voicerec.cpp:101:5) in function 'FFT'... converting 13 basic blocks.
@I [XFORM-401] Performing if-conversion on hyperblock from (voicerec.cpp:114:7) to (voicerec.cpp:101:5) in function 'FFT'... converting 13 basic blocks.
@I [XFORM-401] Performing if-conversion on hyperblock from (voicerec.cpp:114:7) to (voicerec.cpp:101:5) in function 'FFT'... converting 13 basic blocks.
@I [XFORM-401] Performing if-conversion on hyperblock from (voicerec.cpp:114:7) to (voicerec.cpp:101:5) in function 'FFT'... converting 13 basic blocks.
@I [XFORM-401] Performing if-conversion on hyperblock from (voicerec.cpp:114:7) to (voicerec.cpp:101:5) in function 'FFT'... converting 13 basic blocks.
@I [XFORM-401] Performing if-conversion on hyperblock from (voicerec.cpp:114:7) to (voicerec.cpp:101:5) in function 'FFT'... converting 13 basic blocks.
@I [XFORM-401] Performing if-conversion on hyperblock from (voicerec.cpp:114:7) to (voicerec.cpp:101:5) in function 'FFT'... converting 13 basic blocks.
@I [XFORM-401] Performing if-conversion on hyperblock from (voicerec.cpp:114:7) to (voicerec.cpp:101:5) in function 'FFT'... converting 13 basic blocks.
@I [XFORM-401] Performing if-conversion on hyperblock from (voicerec.cpp:114:7) to (voicerec.cpp:101:5) in function 'FFT'... converting 13 basic blocks.
@I [XFORM-401] Performing if-conversion on hyperblock from (voicerec.cpp:114:7) to (voicerec.cpp:101:5) in function 'FFT'... converting 13 basic blocks.
@I [XFORM-401] Performing if-conversion on hyperblock from (voicerec.cpp:114:7) to (voicerec.cpp:101:5) in function 'FFT'... converting 13 basic blocks.
@I [XFORM-401] Performing if-conversion on hyperblock from (voicerec.cpp:114:7) to (voicerec.cpp:101:5) in function 'FFT'... converting 13 basic blocks.
@I [XFORM-401] Performing if-conversion on hyperblock from (voicerec.cpp:114:7) to (voicerec.cpp:101:5) in function 'FFT'... converting 13 basic blocks.
@I [XFORM-401] Performing if-conversion on hyperblock from (voicerec.cpp:114:7) to (voicerec.cpp:101:5) in function 'FFT'... converting 13 basic blocks.
@I [XFORM-401] Performing if-conversion on hyperblock from (voicerec.cpp:114:7) to (voicerec.cpp:101:5) in function 'FFT'... converting 13 basic blocks.
@I [XFORM-401] Performing if-conversion on hyperblock from (voicerec.cpp:114:7) to (voicerec.cpp:101:5) in function 'FFT'... converting 13 basic blocks.
@I [XFORM-401] Performing if-conversion on hyperblock from (voicerec.cpp:114:7) to (voicerec.cpp:101:5) in function 'FFT'... converting 13 basic blocks.
@I [XFORM-401] Performing if-conversion on hyperblock from (voicerec.cpp:114:7) to (voicerec.cpp:101:5) in function 'FFT'... converting 13 basic blocks.
@I [XFORM-401] Performing if-conversion on hyperblock from (voicerec.cpp:114:7) to (voicerec.cpp:101:5) in function 'FFT'... converting 13 basic blocks.
@I [XFORM-401] Performing if-conversion on hyperblock from (voicerec.cpp:114:7) to (voicerec.cpp:101:5) in function 'FFT'... converting 13 basic blocks.
@I [XFORM-401] Performing if-conversion on hyperblock from (voicerec.cpp:114:7) to (voicerec.cpp:101:5) in function 'FFT'... converting 13 basic blocks.
@I [XFORM-401] Performing if-conversion on hyperblock from (voicerec.cpp:114:7) to (voicerec.cpp:101:5) in function 'FFT'... converting 13 basic blocks.
@I [XFORM-401] Performing if-conversion on hyperblock from (voicerec.cpp:114:7) to (voicerec.cpp:101:5) in function 'FFT'... converting 13 basic blocks.
@I [XFORM-401] Performing if-conversion on hyperblock from (voicerec.cpp:114:7) to (voicerec.cpp:101:5) in function 'FFT'... converting 13 basic blocks.
@I [XFORM-401] Performing if-conversion on hyperblock from (voicerec.cpp:114:7) to (voicerec.cpp:101:5) in function 'FFT'... converting 13 basic blocks.
@I [XFORM-401] Performing if-conversion on hyperblock from (voicerec.cpp:114:7) to (voicerec.cpp:101:5) in function 'FFT'... converting 13 basic blocks.
@I [XFORM-401] Performing if-conversion on hyperblock from (voicerec.cpp:114:7) to (voicerec.cpp:101:5) in function 'FFT'... converting 13 basic blocks.
@I [XFORM-401] Performing if-conversion on hyperblock from (voicerec.cpp:114:7) to (voicerec.cpp:101:5) in function 'FFT'... converting 13 basic blocks.
@I [XFORM-401] Performing if-conversion on hyperblock from (voicerec.cpp:114:7) to (voicerec.cpp:101:5) in function 'FFT'... converting 13 basic blocks.
@I [XFORM-401] Performing if-conversion on hyperblock from (voicerec.cpp:114:7) to (voicerec.cpp:101:5) in function 'FFT'... converting 13 basic blocks.
@I [XFORM-401] Performing if-conversion on hyperblock from (voicerec.cpp:114:7) to (voicerec.cpp:101:5) in function 'FFT'... converting 13 basic blocks.
@I [XFORM-401] Performing if-conversion on hyperblock from (voicerec.cpp:114:7) to (voicerec.cpp:101:5) in function 'FFT'... converting 13 basic blocks.
@I [XFORM-401] Performing if-conversion on hyperblock from (voicerec.cpp:114:7) to (voicerec.cpp:101:5) in function 'FFT'... converting 13 basic blocks.
@I [XFORM-401] Performing if-conversion on hyperblock from (voicerec.cpp:114:7) to (voicerec.cpp:101:5) in function 'FFT'... converting 13 basic blocks.
@I [XFORM-401] Performing if-conversion on hyperblock from (voicerec.cpp:114:7) to (voicerec.cpp:101:5) in function 'FFT'... converting 13 basic blocks.
@I [XFORM-401] Performing if-conversion on hyperblock from (voicerec.cpp:114:7) to (voicerec.cpp:101:5) in function 'FFT'... converting 13 basic blocks.
@I [XFORM-401] Performing if-conversion on hyperblock from (voicerec.cpp:114:7) to (voicerec.cpp:101:5) in function 'FFT'... converting 13 basic blocks.
@I [XFORM-401] Performing if-conversion on hyperblock from (voicerec.cpp:114:7) to (voicerec.cpp:101:5) in function 'FFT'... converting 13 basic blocks.
@I [XFORM-401] Performing if-conversion on hyperblock from (voicerec.cpp:114:7) to (voicerec.cpp:101:5) in function 'FFT'... converting 13 basic blocks.
@I [XFORM-401] Performing if-conversion on hyperblock from (voicerec.cpp:114:7) to (voicerec.cpp:101:5) in function 'FFT'... converting 13 basic blocks.
@I [XFORM-401] Performing if-conversion on hyperblock from (voicerec.cpp:114:7) to (voicerec.cpp:101:5) in function 'FFT'... converting 13 basic blocks.
@I [XFORM-401] Performing if-conversion on hyperblock from (voicerec.cpp:114:7) to (voicerec.cpp:101:5) in function 'FFT'... converting 13 basic blocks.
@I [XFORM-401] Performing if-conversion on hyperblock from (voicerec.cpp:114:7) to (voicerec.cpp:101:5) in function 'FFT'... converting 13 basic blocks.
@I [XFORM-401] Performing if-conversion on hyperblock from (voicerec.cpp:114:7) to (voicerec.cpp:101:5) in function 'FFT'... converting 13 basic blocks.
@I [XFORM-401] Performing if-conversion on hyperblock from (voicerec.cpp:114:7) to (voicerec.cpp:101:5) in function 'FFT'... converting 13 basic blocks.
@I [XFORM-401] Performing if-conversion on hyperblock from (voicerec.cpp:114:7) to (voicerec.cpp:101:5) in function 'FFT'... converting 13 basic blocks.
@I [XFORM-401] Performing if-conversion on hyperblock from (voicerec.cpp:114:7) to (voicerec.cpp:101:5) in function 'FFT'... converting 13 basic blocks.
@I [XFORM-401] Performing if-conversion on hyperblock from (voicerec.cpp:114:7) to (voicerec.cpp:101:5) in function 'FFT'... converting 13 basic blocks.
@I [XFORM-401] Performing if-conversion on hyperblock from (voicerec.cpp:114:7) to (voicerec.cpp:101:5) in function 'FFT'... converting 13 basic blocks.
@I [XFORM-401] Performing if-conversion on hyperblock from (voicerec.cpp:114:7) to (voicerec.cpp:101:5) in function 'FFT'... converting 13 basic blocks.
@I [XFORM-401] Performing if-conversion on hyperblock from (voicerec.cpp:114:7) to (voicerec.cpp:101:5) in function 'FFT'... converting 13 basic blocks.
@I [XFORM-401] Performing if-conversion on hyperblock from (voicerec.cpp:114:7) to (voicerec.cpp:101:5) in function 'FFT'... converting 13 basic blocks.
@I [XFORM-401] Performing if-conversion on hyperblock from (voicerec.cpp:114:7) to (voicerec.cpp:101:5) in function 'FFT'... converting 13 basic blocks.
@I [XFORM-401] Performing if-conversion on hyperblock from (voicerec.cpp:114:7) to (voicerec.cpp:101:5) in function 'FFT'... converting 13 basic blocks.
@I [XFORM-401] Performing if-conversion on hyperblock from (voicerec.cpp:114:7) to (voicerec.cpp:101:5) in function 'FFT'... converting 13 basic blocks.
@I [XFORM-401] Performing if-conversion on hyperblock from (voicerec.cpp:114:7) to (voicerec.cpp:101:5) in function 'FFT'... converting 13 basic blocks.
@I [XFORM-401] Performing if-conversion on hyperblock from (voicerec.cpp:114:7) to (voicerec.cpp:101:5) in function 'FFT'... converting 13 basic blocks.
@I [XFORM-401] Performing if-conversion on hyperblock from (voicerec.cpp:114:7) to (voicerec.cpp:101:5) in function 'FFT'... converting 13 basic blocks.
@I [XFORM-401] Performing if-conversion on hyperblock from (voicerec.cpp:114:7) to (voicerec.cpp:101:5) in function 'FFT'... converting 13 basic blocks.
@I [XFORM-401] Performing if-conversion on hyperblock from (voicerec.cpp:114:7) to (voicerec.cpp:101:5) in function 'FFT'... converting 13 basic blocks.
@I [XFORM-401] Performing if-conversion on hyperblock from (voicerec.cpp:114:7) to (voicerec.cpp:101:5) in function 'FFT'... converting 13 basic blocks.
@I [XFORM-401] Performing if-conversion on hyperblock from (voicerec.cpp:114:7) to (voicerec.cpp:101:5) in function 'FFT'... converting 13 basic blocks.
@I [XFORM-401] Performing if-conversion on hyperblock from (voicerec.cpp:114:7) to (voicerec.cpp:101:5) in function 'FFT'... converting 13 basic blocks.
@I [XFORM-401] Performing if-conversion on hyperblock from (voicerec.cpp:114:7) to (voicerec.cpp:101:5) in function 'FFT'... converting 13 basic blocks.
@I [XFORM-401] Performing if-conversion on hyperblock from (voicerec.cpp:114:7) to (voicerec.cpp:101:5) in function 'FFT'... converting 13 basic blocks.
@I [XFORM-401] Performing if-conversion on hyperblock from (voicerec.cpp:114:7) to (voicerec.cpp:101:5) in function 'FFT'... converting 13 basic blocks.
@I [XFORM-401] Performing if-conversion on hyperblock from (voicerec.cpp:114:7) to (voicerec.cpp:101:5) in function 'FFT'... converting 13 basic blocks.
@I [XFORM-401] Performing if-conversion on hyperblock from (voicerec.cpp:114:7) to (voicerec.cpp:101:5) in function 'FFT'... converting 13 basic blocks.
@I [XFORM-401] Performing if-conversion on hyperblock from (voicerec.cpp:114:7) to (voicerec.cpp:101:5) in function 'FFT'... converting 13 basic blocks.
@I [XFORM-401] Performing if-conversion on hyperblock from (voicerec.cpp:114:7) to (voicerec.cpp:101:5) in function 'FFT'... converting 13 basic blocks.
@I [XFORM-401] Performing if-conversion on hyperblock from (voicerec.cpp:114:7) to (voicerec.cpp:101:5) in function 'FFT'... converting 13 basic blocks.
@I [XFORM-401] Performing if-conversion on hyperblock from (voicerec.cpp:114:7) to (voicerec.cpp:101:5) in function 'FFT'... converting 13 basic blocks.
@I [XFORM-401] Performing if-conversion on hyperblock from (voicerec.cpp:114:7) to (voicerec.cpp:101:5) in function 'FFT'... converting 13 basic blocks.
@I [XFORM-401] Performing if-conversion on hyperblock from (voicerec.cpp:114:7) to (voicerec.cpp:101:5) in function 'FFT'... converting 13 basic blocks.
@I [XFORM-401] Performing if-conversion on hyperblock from (voicerec.cpp:114:7) to (voicerec.cpp:101:5) in function 'FFT'... converting 13 basic blocks.
@I [XFORM-401] Performing if-conversion on hyperblock from (voicerec.cpp:114:7) to (voicerec.cpp:101:5) in function 'FFT'... converting 13 basic blocks.
@I [XFORM-401] Performing if-conversion on hyperblock from (voicerec.cpp:114:7) to (voicerec.cpp:101:5) in function 'FFT'... converting 13 basic blocks.
@I [XFORM-401] Performing if-conversion on hyperblock from (voicerec.cpp:115:9) to (voicerec.cpp:101:5) in function 'FFT'... converting 13 basic blocks.
@I [XFORM-401] Performing if-conversion on hyperblock from (voicerec.cpp:114:7) to (voicerec.cpp:101:5) in function 'FFT'... converting 13 basic blocks.
@I [XFORM-401] Performing if-conversion on hyperblock from (voicerec.cpp:114:7) to (voicerec.cpp:101:5) in function 'FFT'... converting 13 basic blocks.
@I [XFORM-401] Performing if-conversion on hyperblock from (voicerec.cpp:114:7) to (voicerec.cpp:101:5) in function 'FFT'... converting 13 basic blocks.
@I [XFORM-401] Performing if-conversion on hyperblock from (voicerec.cpp:114:7) to (voicerec.cpp:101:5) in function 'FFT'... converting 13 basic blocks.
@I [XFORM-401] Performing if-conversion on hyperblock from (voicerec.cpp:114:7) to (voicerec.cpp:101:5) in function 'FFT'... converting 13 basic blocks.
@I [XFORM-401] Performing if-conversion on hyperblock from (voicerec.cpp:114:7) to (voicerec.cpp:101:5) in function 'FFT'... converting 13 basic blocks.
@I [XFORM-401] Performing if-conversion on hyperblock from (voicerec.cpp:114:7) to (voicerec.cpp:101:5) in function 'FFT'... converting 13 basic blocks.
@I [XFORM-401] Performing if-conversion on hyperblock from (voicerec.cpp:114:7) to (voicerec.cpp:101:5) in function 'FFT'... converting 13 basic blocks.
@I [XFORM-401] Performing if-conversion on hyperblock from (voicerec.cpp:114:7) to (voicerec.cpp:101:5) in function 'FFT'... converting 13 basic blocks.
@I [XFORM-401] Performing if-conversion on hyperblock from (voicerec.cpp:114:7) to (voicerec.cpp:101:5) in function 'FFT'... converting 13 basic blocks.
@I [XFORM-401] Performing if-conversion on hyperblock from (voicerec.cpp:114:7) to (voicerec.cpp:101:5) in function 'FFT'... converting 13 basic blocks.
@I [XFORM-401] Performing if-conversion on hyperblock from (voicerec.cpp:114:7) to (voicerec.cpp:101:5) in function 'FFT'... converting 13 basic blocks.
@I [XFORM-401] Performing if-conversion on hyperblock from (voicerec.cpp:114:7) to (voicerec.cpp:101:5) in function 'FFT'... converting 13 basic blocks.
@I [XFORM-401] Performing if-conversion on hyperblock from (voicerec.cpp:114:7) to (voicerec.cpp:101:5) in function 'FFT'... converting 13 basic blocks.
@I [XFORM-401] Performing if-conversion on hyperblock from (voicerec.cpp:114:7) to (voicerec.cpp:101:5) in function 'FFT'... converting 13 basic blocks.
@I [XFORM-401] Performing if-conversion on hyperblock from (voicerec.cpp:114:7) to (voicerec.cpp:101:5) in function 'FFT'... converting 13 basic blocks.
@I [XFORM-401] Performing if-conversion on hyperblock from (voicerec.cpp:114:7) to (voicerec.cpp:101:5) in function 'FFT'... converting 13 basic blocks.
@I [XFORM-401] Performing if-conversion on hyperblock from (voicerec.cpp:114:7) to (voicerec.cpp:101:5) in function 'FFT'... converting 13 basic blocks.
@I [XFORM-401] Performing if-conversion on hyperblock from (voicerec.cpp:114:7) to (voicerec.cpp:101:5) in function 'FFT'... converting 13 basic blocks.
@I [XFORM-401] Performing if-conversion on hyperblock from (voicerec.cpp:114:7) to (voicerec.cpp:101:5) in function 'FFT'... converting 13 basic blocks.
@I [XFORM-401] Performing if-conversion on hyperblock from (voicerec.cpp:114:7) to (voicerec.cpp:101:5) in function 'FFT'... converting 13 basic blocks.
@I [XFORM-401] Performing if-conversion on hyperblock from (voicerec.cpp:114:7) to (voicerec.cpp:101:5) in function 'FFT'... converting 13 basic blocks.
@I [XFORM-401] Performing if-conversion on hyperblock from (voicerec.cpp:114:7) to (voicerec.cpp:101:5) in function 'FFT'... converting 13 basic blocks.
@I [XFORM-401] Performing if-conversion on hyperblock from (voicerec.cpp:114:7) to (voicerec.cpp:101:5) in function 'FFT'... converting 13 basic blocks.
@I [XFORM-401] Performing if-conversion on hyperblock from (voicerec.cpp:114:7) to (voicerec.cpp:101:5) in function 'FFT'... converting 13 basic blocks.
@I [XFORM-401] Performing if-conversion on hyperblock from (voicerec.cpp:114:7) to (voicerec.cpp:101:5) in function 'FFT'... converting 13 basic blocks.
@I [XFORM-401] Performing if-conversion on hyperblock from (voicerec.cpp:114:7) to (voicerec.cpp:101:5) in function 'FFT'... converting 13 basic blocks.
@I [XFORM-401] Performing if-conversion on hyperblock from (voicerec.cpp:114:7) to (voicerec.cpp:101:5) in function 'FFT'... converting 13 basic blocks.
@I [XFORM-401] Performing if-conversion on hyperblock from (voicerec.cpp:114:7) to (voicerec.cpp:101:5) in function 'FFT'... converting 13 basic blocks.
@I [XFORM-401] Performing if-conversion on hyperblock from (voicerec.cpp:114:7) to (voicerec.cpp:101:5) in function 'FFT'... converting 13 basic blocks.
@I [XFORM-401] Performing if-conversion on hyperblock from (voicerec.cpp:114:7) to (voicerec.cpp:101:5) in function 'FFT'... converting 13 basic blocks.
@I [XFORM-401] Performing if-conversion on hyperblock from (voicerec.cpp:114:7) to (voicerec.cpp:101:5) in function 'FFT'... converting 13 basic blocks.
@I [XFORM-401] Performing if-conversion on hyperblock from (voicerec.cpp:114:7) to (voicerec.cpp:101:5) in function 'FFT'... converting 13 basic blocks.
@I [XFORM-401] Performing if-conversion on hyperblock from (voicerec.cpp:114:7) to (voicerec.cpp:101:5) in function 'FFT'... converting 13 basic blocks.
@I [XFORM-401] Performing if-conversion on hyperblock from (voicerec.cpp:114:7) to (voicerec.cpp:101:5) in function 'FFT'... converting 13 basic blocks.
@I [XFORM-401] Performing if-conversion on hyperblock from (voicerec.cpp:114:7) to (voicerec.cpp:101:5) in function 'FFT'... converting 13 basic blocks.
@I [XFORM-401] Performing if-conversion on hyperblock from (voicerec.cpp:114:7) to (voicerec.cpp:101:5) in function 'FFT'... converting 13 basic blocks.
@I [XFORM-401] Performing if-conversion on hyperblock from (voicerec.cpp:114:7) to (voicerec.cpp:101:5) in function 'FFT'... converting 13 basic blocks.
@I [XFORM-401] Performing if-conversion on hyperblock from (voicerec.cpp:114:7) to (voicerec.cpp:101:5) in function 'FFT'... converting 13 basic blocks.
@I [XFORM-401] Performing if-conversion on hyperblock from (voicerec.cpp:114:7) to (voicerec.cpp:101:5) in function 'FFT'... converting 13 basic blocks.
@I [XFORM-401] Performing if-conversion on hyperblock from (voicerec.cpp:114:7) to (voicerec.cpp:101:5) in function 'FFT'... converting 13 basic blocks.
@I [XFORM-401] Performing if-conversion on hyperblock from (voicerec.cpp:114:7) to (voicerec.cpp:101:5) in function 'FFT'... converting 13 basic blocks.
@I [XFORM-401] Performing if-conversion on hyperblock from (voicerec.cpp:114:7) to (voicerec.cpp:101:5) in function 'FFT'... converting 13 basic blocks.
@I [XFORM-401] Performing if-conversion on hyperblock from (voicerec.cpp:114:7) to (voicerec.cpp:101:5) in function 'FFT'... converting 13 basic blocks.
@I [XFORM-401] Performing if-conversion on hyperblock from (voicerec.cpp:114:7) to (voicerec.cpp:101:5) in function 'FFT'... converting 13 basic blocks.
@I [XFORM-401] Performing if-conversion on hyperblock from (voicerec.cpp:114:7) to (voicerec.cpp:101:5) in function 'FFT'... converting 13 basic blocks.
@I [XFORM-401] Performing if-conversion on hyperblock from (voicerec.cpp:114:7) to (voicerec.cpp:101:5) in function 'FFT'... converting 13 basic blocks.
@I [XFORM-401] Performing if-conversion on hyperblock from (voicerec.cpp:114:7) to (voicerec.cpp:101:5) in function 'FFT'... converting 13 basic blocks.
@I [XFORM-401] Performing if-conversion on hyperblock from (voicerec.cpp:114:7) to (voicerec.cpp:101:5) in function 'FFT'... converting 13 basic blocks.
@I [XFORM-401] Performing if-conversion on hyperblock from (voicerec.cpp:114:7) to (voicerec.cpp:101:5) in function 'FFT'... converting 13 basic blocks.
@I [XFORM-401] Performing if-conversion on hyperblock from (voicerec.cpp:114:7) to (voicerec.cpp:101:5) in function 'FFT'... converting 13 basic blocks.
@I [XFORM-401] Performing if-conversion on hyperblock from (voicerec.cpp:114:7) to (voicerec.cpp:101:5) in function 'FFT'... converting 13 basic blocks.
@I [XFORM-401] Performing if-conversion on hyperblock from (voicerec.cpp:114:7) to (voicerec.cpp:101:5) in function 'FFT'... converting 13 basic blocks.
@I [XFORM-401] Performing if-conversion on hyperblock from (voicerec.cpp:114:7) to (voicerec.cpp:101:5) in function 'FFT'... converting 13 basic blocks.
@I [XFORM-401] Performing if-conversion on hyperblock from (voicerec.cpp:114:7) to (voicerec.cpp:101:5) in function 'FFT'... converting 13 basic blocks.
@I [XFORM-401] Performing if-conversion on hyperblock from (voicerec.cpp:114:7) to (voicerec.cpp:101:5) in function 'FFT'... converting 13 basic blocks.
@I [XFORM-401] Performing if-conversion on hyperblock from (voicerec.cpp:114:7) to (voicerec.cpp:101:5) in function 'FFT'... converting 13 basic blocks.
@I [XFORM-401] Performing if-conversion on hyperblock from (voicerec.cpp:114:7) to (voicerec.cpp:101:5) in function 'FFT'... converting 13 basic blocks.
@I [XFORM-401] Performing if-conversion on hyperblock from (voicerec.cpp:114:7) to (voicerec.cpp:101:5) in function 'FFT'... converting 13 basic blocks.
@I [XFORM-401] Performing if-conversion on hyperblock from (voicerec.cpp:114:7) to (voicerec.cpp:101:5) in function 'FFT'... converting 13 basic blocks.
@I [XFORM-401] Performing if-conversion on hyperblock from (voicerec.cpp:114:7) to (voicerec.cpp:101:5) in function 'FFT'... converting 13 basic blocks.
@I [XFORM-401] Performing if-conversion on hyperblock from (voicerec.cpp:114:7) to (voicerec.cpp:101:5) in function 'FFT'... converting 13 basic blocks.
@I [XFORM-401] Performing if-conversion on hyperblock from (voicerec.cpp:114:7) to (voicerec.cpp:101:5) in function 'FFT'... converting 13 basic blocks.
@I [XFORM-401] Performing if-conversion on hyperblock from (voicerec.cpp:114:7) to (voicerec.cpp:101:5) in function 'FFT'... converting 13 basic blocks.
@I [XFORM-401] Performing if-conversion on hyperblock from (voicerec.cpp:114:7) to (voicerec.cpp:101:5) in function 'FFT'... converting 13 basic blocks.
@I [XFORM-401] Performing if-conversion on hyperblock from (voicerec.cpp:114:7) to (voicerec.cpp:101:5) in function 'FFT'... converting 13 basic blocks.
@I [XFORM-401] Performing if-conversion on hyperblock from (voicerec.cpp:114:7) to (voicerec.cpp:101:5) in function 'FFT'... converting 13 basic blocks.
@I [XFORM-401] Performing if-conversion on hyperblock from (voicerec.cpp:114:7) to (voicerec.cpp:101:5) in function 'FFT'... converting 13 basic blocks.
@I [XFORM-401] Performing if-conversion on hyperblock from (voicerec.cpp:114:7) to (voicerec.cpp:101:5) in function 'FFT'... converting 13 basic blocks.
@I [XFORM-401] Performing if-conversion on hyperblock from (voicerec.cpp:114:7) to (voicerec.cpp:101:5) in function 'FFT'... converting 13 basic blocks.
@I [XFORM-401] Performing if-conversion on hyperblock from (voicerec.cpp:114:7) to (voicerec.cpp:101:5) in function 'FFT'... converting 13 basic blocks.
@I [XFORM-401] Performing if-conversion on hyperblock from (voicerec.cpp:114:7) to (voicerec.cpp:101:5) in function 'FFT'... converting 13 basic blocks.
@I [XFORM-401] Performing if-conversion on hyperblock from (voicerec.cpp:114:7) to (voicerec.cpp:101:5) in function 'FFT'... converting 13 basic blocks.
@I [XFORM-401] Performing if-conversion on hyperblock from (voicerec.cpp:114:7) to (voicerec.cpp:101:5) in function 'FFT'... converting 13 basic blocks.
@I [XFORM-401] Performing if-conversion on hyperblock from (voicerec.cpp:114:7) to (voicerec.cpp:101:5) in function 'FFT'... converting 13 basic blocks.
@I [XFORM-401] Performing if-conversion on hyperblock from (voicerec.cpp:114:7) to (voicerec.cpp:101:5) in function 'FFT'... converting 13 basic blocks.
@I [XFORM-401] Performing if-conversion on hyperblock from (voicerec.cpp:114:7) to (voicerec.cpp:101:5) in function 'FFT'... converting 13 basic blocks.
@I [XFORM-401] Performing if-conversion on hyperblock from (voicerec.cpp:114:7) to (voicerec.cpp:101:5) in function 'FFT'... converting 13 basic blocks.
@I [XFORM-401] Performing if-conversion on hyperblock from (voicerec.cpp:114:7) to (voicerec.cpp:101:5) in function 'FFT'... converting 13 basic blocks.
@I [XFORM-401] Performing if-conversion on hyperblock from (voicerec.cpp:114:7) to (voicerec.cpp:101:5) in function 'FFT'... converting 13 basic blocks.
@I [XFORM-401] Performing if-conversion on hyperblock from (voicerec.cpp:114:7) to (voicerec.cpp:101:5) in function 'FFT'... converting 13 basic blocks.
@I [XFORM-401] Performing if-conversion on hyperblock from (voicerec.cpp:114:7) to (voicerec.cpp:101:5) in function 'FFT'... converting 13 basic blocks.
@I [XFORM-401] Performing if-conversion on hyperblock from (voicerec.cpp:114:7) to (voicerec.cpp:101:5) in function 'FFT'... converting 13 basic blocks.
@I [XFORM-401] Performing if-conversion on hyperblock from (voicerec.cpp:114:7) to (voicerec.cpp:101:5) in function 'FFT'... converting 13 basic blocks.
@I [XFORM-401] Performing if-conversion on hyperblock from (voicerec.cpp:114:7) to (voicerec.cpp:101:5) in function 'FFT'... converting 13 basic blocks.
@I [XFORM-401] Performing if-conversion on hyperblock from (voicerec.cpp:114:7) to (voicerec.cpp:101:5) in function 'FFT'... converting 13 basic blocks.
@I [XFORM-401] Performing if-conversion on hyperblock from (voicerec.cpp:114:7) to (voicerec.cpp:101:5) in function 'FFT'... converting 13 basic blocks.
@I [XFORM-401] Performing if-conversion on hyperblock from (voicerec.cpp:114:7) to (voicerec.cpp:101:5) in function 'FFT'... converting 13 basic blocks.
@I [XFORM-401] Performing if-conversion on hyperblock from (voicerec.cpp:114:7) to (voicerec.cpp:101:5) in function 'FFT'... converting 13 basic blocks.
@I [XFORM-401] Performing if-conversion on hyperblock from (voicerec.cpp:114:7) to (voicerec.cpp:101:5) in function 'FFT'... converting 13 basic blocks.
@I [XFORM-401] Performing if-conversion on hyperblock from (voicerec.cpp:114:7) to (voicerec.cpp:101:5) in function 'FFT'... converting 13 basic blocks.
@I [XFORM-401] Performing if-conversion on hyperblock from (voicerec.cpp:114:7) to (voicerec.cpp:101:5) in function 'FFT'... converting 13 basic blocks.
@I [XFORM-401] Performing if-conversion on hyperblock from (voicerec.cpp:114:7) to (voicerec.cpp:101:5) in function 'FFT'... converting 13 basic blocks.
@I [XFORM-401] Performing if-conversion on hyperblock from (voicerec.cpp:114:7) to (voicerec.cpp:101:5) in function 'FFT'... converting 13 basic blocks.
@I [XFORM-401] Performing if-conversion on hyperblock from (voicerec.cpp:114:7) to (voicerec.cpp:101:5) in function 'FFT'... converting 13 basic blocks.
@I [XFORM-401] Performing if-conversion on hyperblock from (voicerec.cpp:114:7) to (voicerec.cpp:101:5) in function 'FFT'... converting 13 basic blocks.
@I [XFORM-401] Performing if-conversion on hyperblock from (voicerec.cpp:114:7) to (voicerec.cpp:101:5) in function 'FFT'... converting 13 basic blocks.
@I [XFORM-401] Performing if-conversion on hyperblock from (voicerec.cpp:114:7) to (voicerec.cpp:101:5) in function 'FFT'... converting 13 basic blocks.
@I [XFORM-401] Performing if-conversion on hyperblock from (voicerec.cpp:114:7) to (voicerec.cpp:101:5) in function 'FFT'... converting 13 basic blocks.
@I [XFORM-401] Performing if-conversion on hyperblock from (voicerec.cpp:114:7) to (voicerec.cpp:101:5) in function 'FFT'... converting 13 basic blocks.
@I [XFORM-401] Performing if-conversion on hyperblock from (voicerec.cpp:114:7) to (voicerec.cpp:101:5) in function 'FFT'... converting 13 basic blocks.
@I [XFORM-401] Performing if-conversion on hyperblock from (voicerec.cpp:114:7) to (voicerec.cpp:101:5) in function 'FFT'... converting 13 basic blocks.
@I [XFORM-401] Performing if-conversion on hyperblock from (voicerec.cpp:114:7) to (voicerec.cpp:101:5) in function 'FFT'... converting 13 basic blocks.
@I [XFORM-401] Performing if-conversion on hyperblock from (voicerec.cpp:114:7) to (voicerec.cpp:101:5) in function 'FFT'... converting 13 basic blocks.
@I [XFORM-401] Performing if-conversion on hyperblock from (voicerec.cpp:114:7) to (voicerec.cpp:101:5) in function 'FFT'... converting 13 basic blocks.
@I [XFORM-401] Performing if-conversion on hyperblock from (voicerec.cpp:114:7) to (voicerec.cpp:101:5) in function 'FFT'... converting 13 basic blocks.
@I [XFORM-401] Performing if-conversion on hyperblock from (voicerec.cpp:114:7) to (voicerec.cpp:101:5) in function 'FFT'... converting 13 basic blocks.
@I [XFORM-401] Performing if-conversion on hyperblock from (voicerec.cpp:114:7) to (voicerec.cpp:101:5) in function 'FFT'... converting 13 basic blocks.
@I [XFORM-401] Performing if-conversion on hyperblock from (voicerec.cpp:114:7) to (voicerec.cpp:101:5) in function 'FFT'... converting 13 basic blocks.
@I [XFORM-401] Performing if-conversion on hyperblock from (voicerec.cpp:114:7) to (voicerec.cpp:101:5) in function 'FFT'... converting 13 basic blocks.
@I [XFORM-401] Performing if-conversion on hyperblock from (voicerec.cpp:114:7) to (voicerec.cpp:101:5) in function 'FFT'... converting 13 basic blocks.
@I [XFORM-401] Performing if-conversion on hyperblock from (voicerec.cpp:114:7) to (voicerec.cpp:101:5) in function 'FFT'... converting 13 basic blocks.
@I [XFORM-401] Performing if-conversion on hyperblock from (voicerec.cpp:114:7) to (voicerec.cpp:101:5) in function 'FFT'... converting 13 basic blocks.
@I [XFORM-401] Performing if-conversion on hyperblock from (voicerec.cpp:114:7) to (voicerec.cpp:101:5) in function 'FFT'... converting 13 basic blocks.
@I [XFORM-401] Performing if-conversion on hyperblock from (voicerec.cpp:114:7) to (voicerec.cpp:101:5) in function 'FFT'... converting 13 basic blocks.
@I [XFORM-401] Performing if-conversion on hyperblock from (voicerec.cpp:114:7) to (voicerec.cpp:101:5) in function 'FFT'... converting 13 basic blocks.
@I [XFORM-401] Performing if-conversion on hyperblock from (voicerec.cpp:114:7) to (voicerec.cpp:101:5) in function 'FFT'... converting 13 basic blocks.
@I [XFORM-401] Performing if-conversion on hyperblock from (voicerec.cpp:114:7) to (voicerec.cpp:101:5) in function 'FFT'... converting 13 basic blocks.
@I [XFORM-401] Performing if-conversion on hyperblock from (voicerec.cpp:114:7) to (voicerec.cpp:101:5) in function 'FFT'... converting 13 basic blocks.
@I [XFORM-401] Performing if-conversion on hyperblock from (voicerec.cpp:114:7) to (voicerec.cpp:101:5) in function 'FFT'... converting 13 basic blocks.
@I [XFORM-401] Performing if-conversion on hyperblock from (voicerec.cpp:114:7) to (voicerec.cpp:101:5) in function 'FFT'... converting 13 basic blocks.
@I [XFORM-401] Performing if-conversion on hyperblock from (voicerec.cpp:114:7) to (voicerec.cpp:101:5) in function 'FFT'... converting 13 basic blocks.
@I [XFORM-401] Performing if-conversion on hyperblock from (voicerec.cpp:114:7) to (voicerec.cpp:101:5) in function 'FFT'... converting 13 basic blocks.
@I [XFORM-401] Performing if-conversion on hyperblock from (voicerec.cpp:114:7) to (voicerec.cpp:101:5) in function 'FFT'... converting 13 basic blocks.
@I [XFORM-401] Performing if-conversion on hyperblock from (voicerec.cpp:114:7) to (voicerec.cpp:101:5) in function 'FFT'... converting 13 basic blocks.
@I [XFORM-401] Performing if-conversion on hyperblock from (voicerec.cpp:114:7) to (voicerec.cpp:101:5) in function 'FFT'... converting 13 basic blocks.
@I [XFORM-401] Performing if-conversion on hyperblock from (voicerec.cpp:253:19) to (voicerec.cpp:256:7) in function 'preprocessSound'... converting 3 basic blocks.
@I [XFORM-401] Performing if-conversion on hyperblock from (voicerec.cpp:258:19) to (voicerec.cpp:258:19) in function 'preprocessSound'... converting 3 basic blocks.
@I [XFORM-401] Performing if-conversion on hyperblock from (voicerec.cpp:294:16) to (voicerec.cpp:294:16) in function 'preprocessSound'... converting 3 basic blocks.
@I [XFORM-11] Balancing expressions in function 'processChunk' (voicerec.cpp:165)...394 expression(s) balanced.
@I [HLS-111] Elapsed time: 1246.77 seconds; current memory usage: 3.7 GB.
@I [HLS-10] Starting hardware synthesis ...
@I [HLS-10] Synthesizing 'voicerec' ...
@I [HLS-10] ----------------------------------------------------------------
@I [HLS-10] -- Scheduling module 'voicerec_preprocessSound' 
@I [HLS-10] ----------------------------------------------------------------
@I [SCHED-11] Starting scheduling ...
@I [SCHED-11] Finished scheduling.
@I [HLS-111] Elapsed time: 87.67 seconds; current memory usage: 3.71 GB.
@I [HLS-10] ----------------------------------------------------------------
@I [HLS-10] -- Exploring micro-architecture for module 'voicerec_preprocessSound' 
@I [HLS-10] ----------------------------------------------------------------
@I [BIND-100] Starting micro-architecture generation ...
@I [BIND-101] Performing variable lifetime analysis.
@I [BIND-101] Exploring resource sharing.
@I [BIND-101] Binding ...
@I [BIND-100] Finished micro-architecture generation.
@I [HLS-111] Elapsed time: 3.88 seconds; current memory usage: 3.71 GB.
@I [HLS-10] ----------------------------------------------------------------
@I [HLS-10] -- Scheduling module 'voicerec_FFT' 
@I [HLS-10] ----------------------------------------------------------------
@I [SCHED-11] Starting scheduling ...
@I [SCHED-61] Pipelining function 'voicerec_FFT'.
@W [SCHED-69] Unable to schedule 'load' operation ('c_V_load_278', voicerec.cpp:105) on array 'c_V' due to limited memory ports.
/research/brg/install/bare-pkgs/x86_64-centos6/pkgs/xilinx-vivado-2015.2/Vivado_HLS/2015.2/bin/loader: line 157:  6063 Killed                  "$RDI_PROG" "$@"
