@I [SIM-14] Instrumenting C test bench ...
   Build using "/opt/xilinx/Vivado_HLS/2014.2/lnx64/tools/gcc/bin/g++"
   Compiling apatb_fir.cpp
   Compiling(apcc) fir.c_pre.c.tb.c
@I [HLS-10] Running '/opt/xilinx/Vivado_HLS/2014.2/bin/unwrapped/lnx64.o/apcc'
            for user 'tjp79' on host 'amdpool-04' (Linux_x86_64 version 2.6.18-406.el5) on Mon Nov 23 13:11:23 EST 2015
            in directory '/home/student/tjp79/classes/ece5775/audio_lab/audio.prj/solution1/sim/wrapc'
clang: warning: argument unused during compilation: '-fno-builtin-isinf'
clang: warning: argument unused during compilation: '-fno-builtin-isnan'
@I [APCC-1] APCC is done.
   Compiling(apcc) fir_test.c_pre.c.tb.c
@I [HLS-10] Running '/opt/xilinx/Vivado_HLS/2014.2/bin/unwrapped/lnx64.o/apcc'
            for user 'tjp79' on host 'amdpool-04' (Linux_x86_64 version 2.6.18-406.el5) on Mon Nov 23 13:11:25 EST 2015
            in directory '/home/student/tjp79/classes/ece5775/audio_lab/audio.prj/solution1/sim/wrapc'
clang: warning: argument unused during compilation: '-fno-builtin-isinf'
clang: warning: argument unused during compilation: '-fno-builtin-isnan'
@I [APCC-1] APCC is done.
   Generating cosim.tv.exe
@I [SIM-302] Generating test vectors ... 
@I [SIM-333] Generating C post check test bench ...
@I [SIM-12] Generating RTL test bench ...
   Build using "/opt/xilinx/Vivado_HLS/2014.2/lnx64/tools/gcc/bin/g++"
   Compiling fir.autotb.cpp
   Compiling fir.cpp
   Generating cosim.sc.exe
@I [SIM-11] Starting SystemC simulation ...
@I [SIM-316] Starting C post checking ...
0 -32768 378
1 0 73
2 0 -27
3 0 -170
4 0 -298
5 0 -352
6 0 -302
7 0 -168
8 0 -14
9 0 80
10 0 64
11 0 -53
12 0 -186
13 0 -216
14 0 -40
15 0 356
16 0 867
17 0 1283
18 0 1366
19 0 954
20 0 51
21 0 -1132
22 0 -2227
23 0 -2829
24 0 -2647
25 0 -1633
26 0 -25
27 0 1712
28 0 3042
29 0 -29229
30 0 3042
31 0 1712
32 0 -25
33 0 -1633
34 0 -2647
35 0 -2829
36 0 -2227
37 0 -1132
38 0 51
39 0 954
40 0 1366
41 0 1283
42 0 867
43 0 356
44 0 -40
45 0 -216
46 0 -186
47 0 -53
48 0 64
49 0 80
50 0 -14
51 0 -168
52 0 -302
53 0 -352
54 0 -298
55 0 -170
56 0 -27
57 0 73
58 0 378
59 0 0
60 0 0
61 0 0
62 0 0
63 0 0
64 0 0
65 0 0
66 0 0
67 0 0

             SystemC 2.3.0-ASI --- May 15 2013 06:32:03
        Copyright (c) 1996-2012 by all Contributors,
        ALL RIGHTS RESERVED

Note: VCD trace timescale unit is set by user to 1.000000e-12 sec.

Info: /OSCI/SystemC: Simulation stopped by user.
0 -32768 378
1 0 73
2 0 -27
3 0 -170
4 0 -298
5 0 -352
6 0 -302
7 0 -168
8 0 -14
9 0 80
10 0 64
11 0 -53
12 0 -186
13 0 -216
14 0 -40
15 0 356
16 0 867
17 0 1283
18 0 1366
19 0 954
20 0 51
21 0 -1132
22 0 -2227
23 0 -2829
24 0 -2647
25 0 -1633
26 0 -25
27 0 1712
28 0 3042
29 0 -29229
30 0 3042
31 0 1712
32 0 -25
33 0 -1633
34 0 -2647
35 0 -2829
36 0 -2227
37 0 -1132
38 0 51
39 0 954
40 0 1366
41 0 1283
42 0 867
43 0 356
44 0 -40
45 0 -216
46 0 -186
47 0 -53
48 0 64
49 0 80
50 0 -14
51 0 -168
52 0 -302
53 0 -352
54 0 -298
55 0 -170
56 0 -27
57 0 73
58 0 378
59 0 0
60 0 0
61 0 0
62 0 0
63 0 0
64 0 0
65 0 0
66 0 0
67 0 0
@I [SIM-1000] *** C/RTL co-simulation finished: PASS ***
