#-----------------------------------------------------------
# Webtalk v2014.4 (64-bit)
# SW Build 1071353 on Tue Nov 18 17:18:21 MST 2014
# 
# Start of session at: Fri Dec 11 06:19:16 2015
# Process ID: 5304
# Log file: C:/Users/rz252/Desktop/tjp79/ece5775-final-master/audio_lab/audio3/audio.sdk/webtalk/webtalk.log
# Journal file: C:/Users/rz252/Desktop/tjp79/ece5775-final-master/audio_lab/audio3/audio.sdk/webtalk\webtalk.jou
#-----------------------------------------------------------
WARNING: [Common 17-204] Your XILINX environment variable is undefined. You will not be able to run Synthesis and Implementation using ISE based strategies, or import ngc netlists. Please set up your XILINX environment to get full functionality.
source sdk_webtalk.tcl
# webtalk_init -webtalk_dir C:\\Users\\rz252\\Desktop\\tjp79\\ece5775-final-master\\audio_lab\\audio3\\audio.sdk\\webtalk
# webtalk_register_client -client project
# webtalk_add_data -client project -key date_generated -value "Fri Dec 11 06:18:59 2015" -context "software_version_and_target_device"
# webtalk_add_data -client project -key product_version -value "SDK v2014.4" -context "software_version_and_target_device"
# webtalk_add_data -client project -key build_version -value "2014.4" -context "software_version_and_target_device"
# webtalk_add_data -client project -key os_platform -value "amd64" -context "software_version_and_target_device"
# webtalk_add_data -client project -key registration_id -value "210679823_1777488264_210608356_669" -context "software_version_and_target_device"
# webtalk_add_data -client project -key tool_flow -value "SDK" -context "software_version_and_target_device"
# webtalk_add_data -client project -key beta -value "false" -context "software_version_and_target_device"
# webtalk_add_data -client project -key route_design -value "NA" -context "software_version_and_target_device"
# webtalk_add_data -client project -key target_family -value "NA" -context "software_version_and_target_device"
# webtalk_add_data -client project -key target_device -value "NA" -context "software_version_and_target_device"
# webtalk_add_data -client project -key target_package -value "NA" -context "software_version_and_target_device"
# webtalk_add_data -client project -key target_speed -value "NA" -context "software_version_and_target_device"
# webtalk_add_data -client project -key random_id -value "arj6r2mc2jb52qan9ovgu1cfa2" -context "software_version_and_target_device"
# webtalk_add_data -client project -key project_id -value "2014.4_8" -context "software_version_and_target_device"
# webtalk_add_data -client project -key project_iteration -value "8" -context "software_version_and_target_device"
# webtalk_add_data -client project -key os_name -value "Microsoft Windows 7 , 64-bit" -context "user_environment"
# webtalk_add_data -client project -key os_release -value "Service Pack 1  (build 7601)" -context "user_environment"
# webtalk_add_data -client project -key cpu_name -value "Intel(R) Core(TM)2 Quad CPU    Q6600  @ 2.40GHz" -context "user_environment"
# webtalk_add_data -client project -key cpu_speed -value "2394 MHz" -context "user_environment"
# webtalk_add_data -client project -key total_processors -value "1" -context "user_environment"
# webtalk_add_data -client project -key system_ram -value "4.000 GB" -context "user_environment"
# webtalk_register_client -client sdk
# webtalk_add_data -client sdk -key uid -value "1449832033997" -context "sdk\\\\application/1449832033997"
# webtalk_add_data -client sdk -key hwid -value "1449813237417" -context "sdk\\\\application/1449832033997"
# webtalk_add_data -client sdk -key bspid -value "1449813267868" -context "sdk\\\\application/1449832033997"
# webtalk_add_data -client sdk -key newbsp -value "false" -context "sdk\\\\application/1449832033997"
# webtalk_add_data -client sdk -key os -value "standalone" -context "sdk\\\\application/1449832033997"
# webtalk_add_data -client sdk -key apptemplate -value "hello_world" -context "sdk\\\\application/1449832033997"
# webtalk_transmit -clientid 4085318718 -regid "210679823_1777488264_210608356_669" -xml C:\\Users\\rz252\\Desktop\\tjp79\\ece5775-final-master\\audio_lab\\audio3\\audio.sdk\\webtalk\\usage_statistics_ext_sdk.xml -html C:\\Users\\rz252\\Desktop\\tjp79\\ece5775-final-master\\audio_lab\\audio3\\audio.sdk\\webtalk\\usage_statistics_ext_sdk.html -wdm C:\\Users\\rz252\\Desktop\\tjp79\\ece5775-final-master\\audio_lab\\audio3\\audio.sdk\\webtalk\\sdk_webtalk.wdm -intro "<H3>SDK Usage Report</H3><BR>"

    while executing
"webtalk_transmit -clientid 4085318718 -regid "210679823_1777488264_210608356_669" -xml C:\\Users\\rz252\\Desktop\\tjp79\\ece5775-final-master\\audio_l..."
    (file "sdk_webtalk.tcl" line 31)
INFO: [Common 17-206] Exiting Webtalk at Fri Dec 11 06:19:16 2015...
